2025-11-21 06:48:19,127 [INFO] [main] setup_logging:167 - Phase: 3.5, GPU: CPU
2025-11-21 06:48:19,127 [INFO] [main] main:1716 - Detected device: cuda
2025-11-21 06:48:21,584 [INFO] [common_simplified.model_loader] setup_logging:167 - Phase: 3.5, GPU: CPU
2025-11-21 06:48:21,585 [INFO] [common_simplified.activation_hooks] setup_logging:167 - Phase: 3.5, GPU: CPU
2025-11-21 06:48:21,585 [INFO] [common_simplified.helpers] setup_logging:167 - Phase: 3.5, GPU: CPU
2025-11-21 06:48:21,586 [INFO] [common.retry_utils] setup_logging:167 - Phase: 3.5, GPU: CPU
2025-11-21 06:48:21,586 [INFO] [temperature_runner] setup_logging:167 - Phase: 3.5, GPU: CPU
2025-11-21 06:48:21,587 [INFO] [main] run_phase3_5:574 - Starting Phase 3.5: Temperature Robustness Testing
2025-11-21 06:48:21,587 [INFO] [main] run_phase3_5:575 - Will auto-discover best layers from Phase 2.5 output
2025-11-21 06:48:21,587 [INFO] [main] run_phase3_5:578 - 
============================================================
CONFIGURATION
============================================================

ACTIVATION Settings:
  activation_cleanup_after_batch: True
  activation_clear_cache_between_layers: True
  activation_hook_type: resid_post
  activation_layers: [1, 2, 3, 4, 5, 6, 7, 8, 9, 10, 11, 12, 13, 14, 15, 16, 17, 18, 19, 20, 21, 22, 23, 24, 25]
  activation_max_cache_gb: 10.0
  activation_max_length: 2048
  activation_position: -1

AUTOSAVE Settings:
  autosave_frequency: 100
  autosave_keep_last: 3

CHECKPOINT Settings:
  checkpoint_dir: checkpoints
  checkpoint_frequency: 50

CONTINUE Settings:
  continue_on_error: True

DATASET Settings:
  dataset_dir: data/phase1_0
  dataset_end_idx: None
  dataset_name: humaneval
  dataset_split: test
  dataset_start_idx: 0

ENABLE Settings:
  enable_timing_stats: True

EVALUATION Settings:
  evaluation_random_seed: 42

GC Settings:
  gc_collect_frequency: 50

LOG Settings:
  log_dir: data/logs

MAX Settings:
  max_gpu_memory_usage_gb: 30.0
  max_memory_usage_gb: 100.0
  max_retries: 3

MEMORY Settings:
  memory_cleanup_frequency: 100

MODEL Settings:
  model_device: None
  model_dtype: None
  model_max_new_tokens: 800
  model_name: google/gemma-2-2b
  model_temperature: 0.0
  model_trust_remote_code: True

ORTHOGONALIZATION Settings:
  orthogonalization_target_weights: [embed, attn_o, mlp_down]

PHASE0 Settings:
  phase0_1_output_dir: data/phase0_1
  phase0_2_output_dir: data/phase0_2_humaneval
  phase0_output_dir: data/phase0

PHASE1 Settings:
  phase1_output_dir: data/phase1_0

PHASE2 Settings:
  phase2_10_output_dir: data/phase2_10
  phase2_15_output_dir: data/phase2_15
  phase2_2_output_dir: data/phase2_2
  phase2_5_output_dir: data/phase2_5
  phase2_output_dir: data/phase2

PHASE3 Settings:
  **phase3_5_output_dir**: data/phase3_5
  phase3_10_output_dir: data/phase3_10
  phase3_10_temperatures: [0.0, 0.2, 0.4, 0.6, 0.8, 1.0, 1.2, 1.4]
  phase3_11_output_dir: data/phase3_11
  phase3_12_output_dir: data/phase3_12
  phase3_6_output_dir: data/phase3_6
  phase3_8_output_dir: data/phase3_8
  phase3_output_dir: data/phase3

PHASE4 Settings:
  phase4_10_min_activation_freq: 0.001
  phase4_10_n_features: 10
  phase4_10_output_dir: data/phase4_10
  phase4_10_separation_threshold: 0.01
  phase4_12_output_dir: data/phase4_12
  phase4_14_output_dir: data/phase4_14
  phase4_14_significance_level: 0.05
  phase4_5_correct_coefficients: [10.0, 20.0, 30.0, 40.0, 50.0, 60.0, 70.0, 80.0, 90.0, 100.0]
  phase4_5_experiment_mode: all
  phase4_5_incorrect_coefficients: [100.0, 200.0, 300.0, 400.0, 500.0, 600.0, 700.0, 800.0, 900.0, 1000.0]
  phase4_5_meaningful_effect_threshold: 5.0
  phase4_5_output_dir: data/phase4_5
  phase4_5_plateau_threshold: 2.0
  phase4_5_search_tolerance: 2.0
  phase4_6_experiment_mode: all
  phase4_6_output_dir: data/phase4_6
  phase4_6_tolerance: 1.0
  phase4_8_correct_coefficient: 29
  phase4_8_experiment_mode: all
  phase4_8_incorrect_coefficient: 287
  phase4_8_output_dir: data/phase4_8

PHASE5 Settings:
  phase5_3_output_dir: data/phase5_3
  phase5_6_output_dir: data/phase5_6
  phase5_9_output_dir: data/phase5_9
  phase5_9_significance_level: 0.05

PHASE6 Settings:
  phase6_3_output_dir: data/phase6_3

PHASE7 Settings:
  phase7_12_output_dir: data/phase7_12
  phase7_3_model_name: google/gemma-2-2b-it
  phase7_3_output_dir: data/phase7_3
  phase7_6_model_name: google/gemma-2-2b-it
  phase7_6_output_dir: data/phase7_6

PHASE8 Settings:
  phase8_1_output_dir: data/phase8_1
  phase8_2_output_dir: data/phase8_2
  phase8_3_output_dir: data/phase8_3
  phase8_3_percentile: 70.0
  phase8_3_use_percentile_threshold: True

PILE Settings:
  pile_filter_enabled: True
  pile_samples: 10000
  pile_threshold: 0.02

PROGRESS Settings:
  progress_log_frequency: 10

RETRY Settings:
  retry_backoff: 1.0

SAE Settings:
  sae_checkpoint_dir: data/phase2/sae_checkpoints
  sae_cleanup_after_layer: True
  sae_hook_component: resid_post
  sae_latent_threshold: 0.02
  sae_repo_id: google/gemma-scope-2b-pt-res
  sae_save_after_each_layer: True
  sae_sparsity: 71
  sae_use_memory_mapping: False
  sae_width: 16k

SHOW Settings:
  show_progress_bar: True

SPLIT Settings:
  split_n_strata: 10
  split_random_seed: 42
  split_ratio_tolerance: 0.02

T Settings:
  t_statistic_min_samples: 10

TEMPERATURE Settings:
  temperature_samples_per_temp: 3
  temperature_variation_temps: [0.0]

TIMEOUT Settings:
  timeout_per_record: 300.0

VERBOSE Settings:
  verbose: False

============================================================
2025-11-21 06:48:21,588 [INFO] [temperature_runner] __init__:105 - Loading model google/gemma-2-2b on device: cuda
2025-11-21 06:48:21,782 [INFO] [common_simplified.model_loader] load_model_and_tokenizer:47 - Loading model google/gemma-2-2b on cuda with dtype torch.bfloat16
2025-11-21 06:48:23,202 [INFO] [common_simplified.model_loader] load_model_and_tokenizer:56 - Loading model to cuda...
2025-11-21 06:48:27,318 [INFO] [common_simplified.model_loader] load_model_and_tokenizer:83 - Model successfully loaded on cuda:0
2025-11-21 06:48:27,318 [INFO] [common_simplified.model_loader] load_model_and_tokenizer:85 - Model loaded successfully: Gemma2ForCausalLM
2025-11-21 06:48:27,319 [INFO] [common_simplified.model_loader] load_model_and_tokenizer:86 - Model size: 2.61B parameters
2025-11-21 06:48:27,319 [WARNING] [temperature_runner] __init__:114 - Model is on cuda:0 but expected cuda
2025-11-21 06:48:27,319 [INFO] [temperature_runner] _discover_best_features:65 - Using features from Phase 2.10: data/phase2_10/top_20_features.json
2025-11-21 06:48:27,320 [INFO] [temperature_runner] _discover_best_features:90 - Discovered best features from Phase 2.10 - Correct: layer 16 (feature 14439), Incorrect: layer 19 (feature 5441)
2025-11-21 06:48:27,320 [INFO] [temperature_runner] __init__:130 - Using different layers - Correct: 16, Incorrect: 19
2025-11-21 06:48:27,320 [INFO] [common_simplified.activation_hooks] __init__:185 - Initialized AttentionExtractor for layers [16, 19] at position -1
2025-11-21 06:48:27,320 [INFO] [temperature_runner] run:255 - Starting Phase 3.5: Temperature Robustness Testing
2025-11-21 06:48:27,320 [INFO] [temperature_runner] run:257 - Extracting activations from layers: [16, 19]
2025-11-21 06:48:27,320 [INFO] [temperature_runner] _load_validation_data:342 - Loading HumanEval data from data/phase0_2_humaneval/humaneval.parquet
2025-11-21 06:48:27,341 [INFO] [temperature_runner] run:263 - Loaded 164 validation problems
2025-11-21 06:48:27,341 [INFO] [temperature_runner] _setup_output_directories:364 - Using output directory: data/phase3_5_humaneval (dataset: humaneval)
2025-11-21 06:48:27,343 [INFO] [common_simplified.activation_hooks] setup_hooks:53 - Set up hooks for 2 layers to capture residual stream
2025-11-21 06:48:27,343 [INFO] [common_simplified.activation_hooks] setup_hooks:204 - Set up attention hooks for 2 layers
2025-11-21 06:48:27,913 [WARNING] [common_simplified.activation_hooks] hook:230 - Layer 16: Attention weights were None
2025-11-21 06:48:27,939 [WARNING] [common_simplified.activation_hooks] hook:230 - Layer 19: Attention weights were None
2025-11-21 06:48:28,063 [WARNING] [common_simplified.activation_hooks] hook:230 - Layer 16: Attention weights were None
2025-11-21 06:48:28,069 [WARNING] [common_simplified.activation_hooks] hook:230 - Layer 19: Attention weights were None
2025-11-21 06:48:28,110 [WARNING] [common_simplified.activation_hooks] hook:230 - Layer 16: Attention weights were None
2025-11-21 06:48:28,115 [WARNING] [common_simplified.activation_hooks] hook:230 - Layer 19: Attention weights were None
2025-11-21 06:48:28,156 [WARNING] [common_simplified.activation_hooks] hook:230 - Layer 16: Attention weights were None
2025-11-21 06:48:28,161 [WARNING] [common_simplified.activation_hooks] hook:230 - Layer 19: Attention weights were None
2025-11-21 06:48:28,202 [WARNING] [common_simplified.activation_hooks] hook:230 - Layer 16: Attention weights were None
2025-11-21 06:48:28,207 [WARNING] [common_simplified.activation_hooks] hook:230 - Layer 19: Attention weights were None
2025-11-21 06:48:28,247 [WARNING] [common_simplified.activation_hooks] hook:230 - Layer 16: Attention weights were None
2025-11-21 06:48:28,252 [WARNING] [common_simplified.activation_hooks] hook:230 - Layer 19: Attention weights were None
2025-11-21 06:48:28,293 [WARNING] [common_simplified.activation_hooks] hook:230 - Layer 16: Attention weights were None
2025-11-21 06:48:28,298 [WARNING] [common_simplified.activation_hooks] hook:230 - Layer 19: Attention weights were None
2025-11-21 06:48:28,339 [WARNING] [common_simplified.activation_hooks] hook:230 - Layer 16: Attention weights were None
2025-11-21 06:48:28,344 [WARNING] [common_simplified.activation_hooks] hook:230 - Layer 19: Attention weights were None
2025-11-21 06:48:28,386 [WARNING] [common_simplified.activation_hooks] hook:230 - Layer 16: Attention weights were None
2025-11-21 06:48:28,391 [WARNING] [common_simplified.activation_hooks] hook:230 - Layer 19: Attention weights were None
2025-11-21 06:48:28,431 [WARNING] [common_simplified.activation_hooks] hook:230 - Layer 16: Attention weights were None
2025-11-21 06:48:28,436 [WARNING] [common_simplified.activation_hooks] hook:230 - Layer 19: Attention weights were None
2025-11-21 06:48:28,477 [WARNING] [common_simplified.activation_hooks] hook:230 - Layer 16: Attention weights were None
2025-11-21 06:48:28,482 [WARNING] [common_simplified.activation_hooks] hook:230 - Layer 19: Attention weights were None
2025-11-21 06:48:28,522 [WARNING] [common_simplified.activation_hooks] hook:230 - Layer 16: Attention weights were None
2025-11-21 06:48:28,528 [WARNING] [common_simplified.activation_hooks] hook:230 - Layer 19: Attention weights were None
2025-11-21 06:48:28,569 [WARNING] [common_simplified.activation_hooks] hook:230 - Layer 16: Attention weights were None
2025-11-21 06:48:28,574 [WARNING] [common_simplified.activation_hooks] hook:230 - Layer 19: Attention weights were None
2025-11-21 06:48:28,614 [WARNING] [common_simplified.activation_hooks] hook:230 - Layer 16: Attention weights were None
2025-11-21 06:48:28,619 [WARNING] [common_simplified.activation_hooks] hook:230 - Layer 19: Attention weights were None
2025-11-21 06:48:28,660 [WARNING] [common_simplified.activation_hooks] hook:230 - Layer 16: Attention weights were None
2025-11-21 06:48:28,665 [WARNING] [common_simplified.activation_hooks] hook:230 - Layer 19: Attention weights were None
2025-11-21 06:48:28,705 [WARNING] [common_simplified.activation_hooks] hook:230 - Layer 16: Attention weights were None
2025-11-21 06:48:28,710 [WARNING] [common_simplified.activation_hooks] hook:230 - Layer 19: Attention weights were None
2025-11-21 06:48:28,750 [WARNING] [common_simplified.activation_hooks] hook:230 - Layer 16: Attention weights were None
2025-11-21 06:48:28,755 [WARNING] [common_simplified.activation_hooks] hook:230 - Layer 19: Attention weights were None
2025-11-21 06:48:28,795 [WARNING] [common_simplified.activation_hooks] hook:230 - Layer 16: Attention weights were None
2025-11-21 06:48:28,800 [WARNING] [common_simplified.activation_hooks] hook:230 - Layer 19: Attention weights were None
2025-11-21 06:48:28,841 [WARNING] [common_simplified.activation_hooks] hook:230 - Layer 16: Attention weights were None
2025-11-21 06:48:28,846 [WARNING] [common_simplified.activation_hooks] hook:230 - Layer 19: Attention weights were None
2025-11-21 06:48:28,886 [WARNING] [common_simplified.activation_hooks] hook:230 - Layer 16: Attention weights were None
2025-11-21 06:48:28,891 [WARNING] [common_simplified.activation_hooks] hook:230 - Layer 19: Attention weights were None
2025-11-21 06:48:28,931 [WARNING] [common_simplified.activation_hooks] hook:230 - Layer 16: Attention weights were None
2025-11-21 06:48:28,937 [WARNING] [common_simplified.activation_hooks] hook:230 - Layer 19: Attention weights were None
2025-11-21 06:48:28,976 [WARNING] [common_simplified.activation_hooks] hook:230 - Layer 16: Attention weights were None
2025-11-21 06:48:28,981 [WARNING] [common_simplified.activation_hooks] hook:230 - Layer 19: Attention weights were None
2025-11-21 06:48:29,021 [WARNING] [common_simplified.activation_hooks] hook:230 - Layer 16: Attention weights were None
2025-11-21 06:48:29,026 [WARNING] [common_simplified.activation_hooks] hook:230 - Layer 19: Attention weights were None
2025-11-21 06:48:29,066 [WARNING] [common_simplified.activation_hooks] hook:230 - Layer 16: Attention weights were None
2025-11-21 06:48:29,071 [WARNING] [common_simplified.activation_hooks] hook:230 - Layer 19: Attention weights were None
2025-11-21 06:48:29,110 [WARNING] [common_simplified.activation_hooks] hook:230 - Layer 16: Attention weights were None
2025-11-21 06:48:29,115 [WARNING] [common_simplified.activation_hooks] hook:230 - Layer 19: Attention weights were None
2025-11-21 06:48:29,155 [WARNING] [common_simplified.activation_hooks] hook:230 - Layer 16: Attention weights were None
2025-11-21 06:48:29,160 [WARNING] [common_simplified.activation_hooks] hook:230 - Layer 19: Attention weights were None
2025-11-21 06:48:29,200 [WARNING] [common_simplified.activation_hooks] hook:230 - Layer 16: Attention weights were None
2025-11-21 06:48:29,205 [WARNING] [common_simplified.activation_hooks] hook:230 - Layer 19: Attention weights were None
2025-11-21 06:48:29,246 [WARNING] [common_simplified.activation_hooks] hook:230 - Layer 16: Attention weights were None
2025-11-21 06:48:29,252 [WARNING] [common_simplified.activation_hooks] hook:230 - Layer 19: Attention weights were None
2025-11-21 06:48:29,294 [WARNING] [common_simplified.activation_hooks] hook:230 - Layer 16: Attention weights were None
2025-11-21 06:48:29,299 [WARNING] [common_simplified.activation_hooks] hook:230 - Layer 19: Attention weights were None
2025-11-21 06:48:29,340 [WARNING] [common_simplified.activation_hooks] hook:230 - Layer 16: Attention weights were None
2025-11-21 06:48:29,345 [WARNING] [common_simplified.activation_hooks] hook:230 - Layer 19: Attention weights were None
2025-11-21 06:48:29,386 [WARNING] [common_simplified.activation_hooks] hook:230 - Layer 16: Attention weights were None
2025-11-21 06:48:29,391 [WARNING] [common_simplified.activation_hooks] hook:230 - Layer 19: Attention weights were None
2025-11-21 06:48:29,432 [WARNING] [common_simplified.activation_hooks] hook:230 - Layer 16: Attention weights were None
2025-11-21 06:48:29,437 [WARNING] [common_simplified.activation_hooks] hook:230 - Layer 19: Attention weights were None
2025-11-21 06:48:29,477 [WARNING] [common_simplified.activation_hooks] hook:230 - Layer 16: Attention weights were None
2025-11-21 06:48:29,482 [WARNING] [common_simplified.activation_hooks] hook:230 - Layer 19: Attention weights were None
2025-11-21 06:48:29,521 [WARNING] [common_simplified.activation_hooks] hook:230 - Layer 16: Attention weights were None
2025-11-21 06:48:29,526 [WARNING] [common_simplified.activation_hooks] hook:230 - Layer 19: Attention weights were None
2025-11-21 06:48:29,567 [WARNING] [common_simplified.activation_hooks] hook:230 - Layer 16: Attention weights were None
2025-11-21 06:48:29,572 [WARNING] [common_simplified.activation_hooks] hook:230 - Layer 19: Attention weights were None
2025-11-21 06:48:29,612 [WARNING] [common_simplified.activation_hooks] hook:230 - Layer 16: Attention weights were None
2025-11-21 06:48:29,617 [WARNING] [common_simplified.activation_hooks] hook:230 - Layer 19: Attention weights were None
2025-11-21 06:48:29,657 [WARNING] [common_simplified.activation_hooks] hook:230 - Layer 16: Attention weights were None
2025-11-21 06:48:29,662 [WARNING] [common_simplified.activation_hooks] hook:230 - Layer 19: Attention weights were None
2025-11-21 06:48:29,702 [WARNING] [common_simplified.activation_hooks] hook:230 - Layer 16: Attention weights were None
2025-11-21 06:48:29,708 [WARNING] [common_simplified.activation_hooks] hook:230 - Layer 19: Attention weights were None
2025-11-21 06:48:29,747 [WARNING] [common_simplified.activation_hooks] hook:230 - Layer 16: Attention weights were None
2025-11-21 06:48:29,753 [WARNING] [common_simplified.activation_hooks] hook:230 - Layer 19: Attention weights were None
2025-11-21 06:48:29,795 [WARNING] [common_simplified.activation_hooks] hook:230 - Layer 16: Attention weights were None
2025-11-21 06:48:29,800 [WARNING] [common_simplified.activation_hooks] hook:230 - Layer 19: Attention weights were None
2025-11-21 06:48:29,841 [WARNING] [common_simplified.activation_hooks] hook:230 - Layer 16: Attention weights were None
2025-11-21 06:48:29,846 [WARNING] [common_simplified.activation_hooks] hook:230 - Layer 19: Attention weights were None
2025-11-21 06:48:29,887 [WARNING] [common_simplified.activation_hooks] hook:230 - Layer 16: Attention weights were None
2025-11-21 06:48:29,892 [WARNING] [common_simplified.activation_hooks] hook:230 - Layer 19: Attention weights were None
2025-11-21 06:48:29,934 [WARNING] [common_simplified.activation_hooks] hook:230 - Layer 16: Attention weights were None
2025-11-21 06:48:29,939 [WARNING] [common_simplified.activation_hooks] hook:230 - Layer 19: Attention weights were None
2025-11-21 06:48:29,980 [WARNING] [common_simplified.activation_hooks] hook:230 - Layer 16: Attention weights were None
2025-11-21 06:48:29,985 [WARNING] [common_simplified.activation_hooks] hook:230 - Layer 19: Attention weights were None
2025-11-21 06:48:30,026 [WARNING] [common_simplified.activation_hooks] hook:230 - Layer 16: Attention weights were None
2025-11-21 06:48:30,031 [WARNING] [common_simplified.activation_hooks] hook:230 - Layer 19: Attention weights were None
2025-11-21 06:48:30,071 [WARNING] [common_simplified.activation_hooks] hook:230 - Layer 16: Attention weights were None
2025-11-21 06:48:30,076 [WARNING] [common_simplified.activation_hooks] hook:230 - Layer 19: Attention weights were None
2025-11-21 06:48:30,117 [WARNING] [common_simplified.activation_hooks] hook:230 - Layer 16: Attention weights were None
2025-11-21 06:48:30,122 [WARNING] [common_simplified.activation_hooks] hook:230 - Layer 19: Attention weights were None
2025-11-21 06:48:30,163 [WARNING] [common_simplified.activation_hooks] hook:230 - Layer 16: Attention weights were None
2025-11-21 06:48:30,168 [WARNING] [common_simplified.activation_hooks] hook:230 - Layer 19: Attention weights were None
2025-11-21 06:48:30,209 [WARNING] [common_simplified.activation_hooks] hook:230 - Layer 16: Attention weights were None
2025-11-21 06:48:30,214 [WARNING] [common_simplified.activation_hooks] hook:230 - Layer 19: Attention weights were None
2025-11-21 06:48:30,254 [WARNING] [common_simplified.activation_hooks] hook:230 - Layer 16: Attention weights were None
2025-11-21 06:48:30,260 [WARNING] [common_simplified.activation_hooks] hook:230 - Layer 19: Attention weights were None
2025-11-21 06:48:30,300 [WARNING] [common_simplified.activation_hooks] hook:230 - Layer 16: Attention weights were None
2025-11-21 06:48:30,305 [WARNING] [common_simplified.activation_hooks] hook:230 - Layer 19: Attention weights were None
2025-11-21 06:48:30,345 [WARNING] [common_simplified.activation_hooks] hook:230 - Layer 16: Attention weights were None
2025-11-21 06:48:30,350 [WARNING] [common_simplified.activation_hooks] hook:230 - Layer 19: Attention weights were None
2025-11-21 06:48:30,391 [WARNING] [common_simplified.activation_hooks] hook:230 - Layer 16: Attention weights were None
2025-11-21 06:48:30,396 [WARNING] [common_simplified.activation_hooks] hook:230 - Layer 19: Attention weights were None
2025-11-21 06:48:30,437 [WARNING] [common_simplified.activation_hooks] hook:230 - Layer 16: Attention weights were None
2025-11-21 06:48:30,442 [WARNING] [common_simplified.activation_hooks] hook:230 - Layer 19: Attention weights were None
2025-11-21 06:48:30,482 [WARNING] [common_simplified.activation_hooks] hook:230 - Layer 16: Attention weights were None
2025-11-21 06:48:30,487 [WARNING] [common_simplified.activation_hooks] hook:230 - Layer 19: Attention weights were None
2025-11-21 06:48:30,527 [WARNING] [common_simplified.activation_hooks] hook:230 - Layer 16: Attention weights were None
2025-11-21 06:48:30,532 [WARNING] [common_simplified.activation_hooks] hook:230 - Layer 19: Attention weights were None
2025-11-21 06:48:30,573 [WARNING] [common_simplified.activation_hooks] hook:230 - Layer 16: Attention weights were None
2025-11-21 06:48:30,578 [WARNING] [common_simplified.activation_hooks] hook:230 - Layer 19: Attention weights were None
2025-11-21 06:48:30,618 [WARNING] [common_simplified.activation_hooks] hook:230 - Layer 16: Attention weights were None
2025-11-21 06:48:30,623 [WARNING] [common_simplified.activation_hooks] hook:230 - Layer 19: Attention weights were None
2025-11-21 06:48:30,664 [WARNING] [common_simplified.activation_hooks] hook:230 - Layer 16: Attention weights were None
2025-11-21 06:48:30,669 [WARNING] [common_simplified.activation_hooks] hook:230 - Layer 19: Attention weights were None
2025-11-21 06:48:30,710 [WARNING] [common_simplified.activation_hooks] hook:230 - Layer 16: Attention weights were None
2025-11-21 06:48:30,715 [WARNING] [common_simplified.activation_hooks] hook:230 - Layer 19: Attention weights were None
2025-11-21 06:48:30,755 [WARNING] [common_simplified.activation_hooks] hook:230 - Layer 16: Attention weights were None
2025-11-21 06:48:30,761 [WARNING] [common_simplified.activation_hooks] hook:230 - Layer 19: Attention weights were None
2025-11-21 06:48:30,803 [WARNING] [common_simplified.activation_hooks] hook:230 - Layer 16: Attention weights were None
2025-11-21 06:48:30,809 [WARNING] [common_simplified.activation_hooks] hook:230 - Layer 19: Attention weights were None
2025-11-21 06:48:30,850 [WARNING] [common_simplified.activation_hooks] hook:230 - Layer 16: Attention weights were None
2025-11-21 06:48:30,855 [WARNING] [common_simplified.activation_hooks] hook:230 - Layer 19: Attention weights were None
2025-11-21 06:48:30,897 [WARNING] [common_simplified.activation_hooks] hook:230 - Layer 16: Attention weights were None
2025-11-21 06:48:30,902 [WARNING] [common_simplified.activation_hooks] hook:230 - Layer 19: Attention weights were None
2025-11-21 06:48:30,945 [WARNING] [common_simplified.activation_hooks] hook:230 - Layer 16: Attention weights were None
2025-11-21 06:48:30,950 [WARNING] [common_simplified.activation_hooks] hook:230 - Layer 19: Attention weights were None
2025-11-21 06:48:30,991 [WARNING] [common_simplified.activation_hooks] hook:230 - Layer 16: Attention weights were None
2025-11-21 06:48:30,996 [WARNING] [common_simplified.activation_hooks] hook:230 - Layer 19: Attention weights were None
2025-11-21 06:48:31,036 [WARNING] [common_simplified.activation_hooks] hook:230 - Layer 16: Attention weights were None
2025-11-21 06:48:31,041 [WARNING] [common_simplified.activation_hooks] hook:230 - Layer 19: Attention weights were None
2025-11-21 06:48:31,082 [WARNING] [common_simplified.activation_hooks] hook:230 - Layer 16: Attention weights were None
2025-11-21 06:48:31,087 [WARNING] [common_simplified.activation_hooks] hook:230 - Layer 19: Attention weights were None
2025-11-21 06:48:31,128 [WARNING] [common_simplified.activation_hooks] hook:230 - Layer 16: Attention weights were None
2025-11-21 06:48:31,134 [WARNING] [common_simplified.activation_hooks] hook:230 - Layer 19: Attention weights were None
2025-11-21 06:48:31,174 [WARNING] [common_simplified.activation_hooks] hook:230 - Layer 16: Attention weights were None
2025-11-21 06:48:31,180 [WARNING] [common_simplified.activation_hooks] hook:230 - Layer 19: Attention weights were None
2025-11-21 06:48:31,220 [WARNING] [common_simplified.activation_hooks] hook:230 - Layer 16: Attention weights were None
2025-11-21 06:48:31,225 [WARNING] [common_simplified.activation_hooks] hook:230 - Layer 19: Attention weights were None
2025-11-21 06:48:31,266 [WARNING] [common_simplified.activation_hooks] hook:230 - Layer 16: Attention weights were None
2025-11-21 06:48:31,271 [WARNING] [common_simplified.activation_hooks] hook:230 - Layer 19: Attention weights were None
2025-11-21 06:48:31,312 [WARNING] [common_simplified.activation_hooks] hook:230 - Layer 16: Attention weights were None
2025-11-21 06:48:31,317 [WARNING] [common_simplified.activation_hooks] hook:230 - Layer 19: Attention weights were None
2025-11-21 06:48:31,357 [WARNING] [common_simplified.activation_hooks] hook:230 - Layer 16: Attention weights were None
2025-11-21 06:48:31,362 [WARNING] [common_simplified.activation_hooks] hook:230 - Layer 19: Attention weights were None
2025-11-21 06:48:31,403 [WARNING] [common_simplified.activation_hooks] hook:230 - Layer 16: Attention weights were None
2025-11-21 06:48:31,408 [WARNING] [common_simplified.activation_hooks] hook:230 - Layer 19: Attention weights were None
2025-11-21 06:48:31,450 [WARNING] [common_simplified.activation_hooks] hook:230 - Layer 16: Attention weights were None
2025-11-21 06:48:31,455 [WARNING] [common_simplified.activation_hooks] hook:230 - Layer 19: Attention weights were None
2025-11-21 06:48:31,495 [WARNING] [common_simplified.activation_hooks] hook:230 - Layer 16: Attention weights were None
2025-11-21 06:48:31,501 [WARNING] [common_simplified.activation_hooks] hook:230 - Layer 19: Attention weights were None
2025-11-21 06:48:31,541 [WARNING] [common_simplified.activation_hooks] hook:230 - Layer 16: Attention weights were None
2025-11-21 06:48:31,547 [WARNING] [common_simplified.activation_hooks] hook:230 - Layer 19: Attention weights were None
2025-11-21 06:48:31,587 [WARNING] [common_simplified.activation_hooks] hook:230 - Layer 16: Attention weights were None
2025-11-21 06:48:31,592 [WARNING] [common_simplified.activation_hooks] hook:230 - Layer 19: Attention weights were None
2025-11-21 06:48:31,633 [WARNING] [common_simplified.activation_hooks] hook:230 - Layer 16: Attention weights were None
2025-11-21 06:48:31,638 [WARNING] [common_simplified.activation_hooks] hook:230 - Layer 19: Attention weights were None
2025-11-21 06:48:31,679 [WARNING] [common_simplified.activation_hooks] hook:230 - Layer 16: Attention weights were None
2025-11-21 06:48:31,684 [WARNING] [common_simplified.activation_hooks] hook:230 - Layer 19: Attention weights were None
2025-11-21 06:48:31,724 [WARNING] [common_simplified.activation_hooks] hook:230 - Layer 16: Attention weights were None
2025-11-21 06:48:31,729 [WARNING] [common_simplified.activation_hooks] hook:230 - Layer 19: Attention weights were None
2025-11-21 06:48:31,770 [WARNING] [common_simplified.activation_hooks] hook:230 - Layer 16: Attention weights were None
2025-11-21 06:48:31,775 [WARNING] [common_simplified.activation_hooks] hook:230 - Layer 19: Attention weights were None
2025-11-21 06:48:31,815 [WARNING] [common_simplified.activation_hooks] hook:230 - Layer 16: Attention weights were None
2025-11-21 06:48:31,821 [WARNING] [common_simplified.activation_hooks] hook:230 - Layer 19: Attention weights were None
2025-11-21 06:48:31,861 [WARNING] [common_simplified.activation_hooks] hook:230 - Layer 16: Attention weights were None
2025-11-21 06:48:31,866 [WARNING] [common_simplified.activation_hooks] hook:230 - Layer 19: Attention weights were None
2025-11-21 06:48:31,906 [WARNING] [common_simplified.activation_hooks] hook:230 - Layer 16: Attention weights were None
2025-11-21 06:48:31,911 [WARNING] [common_simplified.activation_hooks] hook:230 - Layer 19: Attention weights were None
2025-11-21 06:48:31,952 [WARNING] [common_simplified.activation_hooks] hook:230 - Layer 16: Attention weights were None
2025-11-21 06:48:31,958 [WARNING] [common_simplified.activation_hooks] hook:230 - Layer 19: Attention weights were None
2025-11-21 06:48:31,998 [WARNING] [common_simplified.activation_hooks] hook:230 - Layer 16: Attention weights were None
2025-11-21 06:48:32,003 [WARNING] [common_simplified.activation_hooks] hook:230 - Layer 19: Attention weights were None
2025-11-21 06:48:32,044 [WARNING] [common_simplified.activation_hooks] hook:230 - Layer 16: Attention weights were None
2025-11-21 06:48:32,049 [WARNING] [common_simplified.activation_hooks] hook:230 - Layer 19: Attention weights were None
2025-11-21 06:48:32,089 [WARNING] [common_simplified.activation_hooks] hook:230 - Layer 16: Attention weights were None
2025-11-21 06:48:32,094 [WARNING] [common_simplified.activation_hooks] hook:230 - Layer 19: Attention weights were None
2025-11-21 06:48:32,135 [WARNING] [common_simplified.activation_hooks] hook:230 - Layer 16: Attention weights were None
2025-11-21 06:48:32,140 [WARNING] [common_simplified.activation_hooks] hook:230 - Layer 19: Attention weights were None
2025-11-21 06:48:32,180 [WARNING] [common_simplified.activation_hooks] hook:230 - Layer 16: Attention weights were None
2025-11-21 06:48:32,185 [WARNING] [common_simplified.activation_hooks] hook:230 - Layer 19: Attention weights were None
2025-11-21 06:48:32,226 [WARNING] [common_simplified.activation_hooks] hook:230 - Layer 16: Attention weights were None
2025-11-21 06:48:32,231 [WARNING] [common_simplified.activation_hooks] hook:230 - Layer 19: Attention weights were None
2025-11-21 06:48:32,271 [WARNING] [common_simplified.activation_hooks] hook:230 - Layer 16: Attention weights were None
2025-11-21 06:48:32,277 [WARNING] [common_simplified.activation_hooks] hook:230 - Layer 19: Attention weights were None
2025-11-21 06:48:32,317 [WARNING] [common_simplified.activation_hooks] hook:230 - Layer 16: Attention weights were None
2025-11-21 06:48:32,322 [WARNING] [common_simplified.activation_hooks] hook:230 - Layer 19: Attention weights were None
2025-11-21 06:48:32,362 [WARNING] [common_simplified.activation_hooks] hook:230 - Layer 16: Attention weights were None
2025-11-21 06:48:32,367 [WARNING] [common_simplified.activation_hooks] hook:230 - Layer 19: Attention weights were None
2025-11-21 06:48:32,408 [WARNING] [common_simplified.activation_hooks] hook:230 - Layer 16: Attention weights were None
2025-11-21 06:48:32,413 [WARNING] [common_simplified.activation_hooks] hook:230 - Layer 19: Attention weights were None
2025-11-21 06:48:32,453 [WARNING] [common_simplified.activation_hooks] hook:230 - Layer 16: Attention weights were None
2025-11-21 06:48:32,459 [WARNING] [common_simplified.activation_hooks] hook:230 - Layer 19: Attention weights were None
2025-11-21 06:48:32,499 [WARNING] [common_simplified.activation_hooks] hook:230 - Layer 16: Attention weights were None
2025-11-21 06:48:32,504 [WARNING] [common_simplified.activation_hooks] hook:230 - Layer 19: Attention weights were None
2025-11-21 06:48:32,544 [WARNING] [common_simplified.activation_hooks] hook:230 - Layer 16: Attention weights were None
2025-11-21 06:48:32,550 [WARNING] [common_simplified.activation_hooks] hook:230 - Layer 19: Attention weights were None
2025-11-21 06:48:32,591 [WARNING] [common_simplified.activation_hooks] hook:230 - Layer 16: Attention weights were None
2025-11-21 06:48:32,596 [WARNING] [common_simplified.activation_hooks] hook:230 - Layer 19: Attention weights were None
2025-11-21 06:48:32,637 [WARNING] [common_simplified.activation_hooks] hook:230 - Layer 16: Attention weights were None
2025-11-21 06:48:32,642 [WARNING] [common_simplified.activation_hooks] hook:230 - Layer 19: Attention weights were None
2025-11-21 06:48:32,683 [WARNING] [common_simplified.activation_hooks] hook:230 - Layer 16: Attention weights were None
2025-11-21 06:48:32,688 [WARNING] [common_simplified.activation_hooks] hook:230 - Layer 19: Attention weights were None
2025-11-21 06:48:32,729 [WARNING] [common_simplified.activation_hooks] hook:230 - Layer 16: Attention weights were None
2025-11-21 06:48:32,734 [WARNING] [common_simplified.activation_hooks] hook:230 - Layer 19: Attention weights were None
2025-11-21 06:48:32,774 [WARNING] [common_simplified.activation_hooks] hook:230 - Layer 16: Attention weights were None
2025-11-21 06:48:32,779 [WARNING] [common_simplified.activation_hooks] hook:230 - Layer 19: Attention weights were None
2025-11-21 06:48:32,820 [WARNING] [common_simplified.activation_hooks] hook:230 - Layer 16: Attention weights were None
2025-11-21 06:48:32,825 [WARNING] [common_simplified.activation_hooks] hook:230 - Layer 19: Attention weights were None
2025-11-21 06:48:32,866 [WARNING] [common_simplified.activation_hooks] hook:230 - Layer 16: Attention weights were None
2025-11-21 06:48:32,871 [WARNING] [common_simplified.activation_hooks] hook:230 - Layer 19: Attention weights were None
2025-11-21 06:48:32,911 [WARNING] [common_simplified.activation_hooks] hook:230 - Layer 16: Attention weights were None
2025-11-21 06:48:32,916 [WARNING] [common_simplified.activation_hooks] hook:230 - Layer 19: Attention weights were None
2025-11-21 06:48:32,960 [WARNING] [common_simplified.activation_hooks] hook:230 - Layer 16: Attention weights were None
2025-11-21 06:48:32,965 [WARNING] [common_simplified.activation_hooks] hook:230 - Layer 19: Attention weights were None
2025-11-21 06:48:33,004 [WARNING] [common_simplified.activation_hooks] hook:230 - Layer 16: Attention weights were None
2025-11-21 06:48:33,010 [WARNING] [common_simplified.activation_hooks] hook:230 - Layer 19: Attention weights were None
2025-11-21 06:48:33,049 [WARNING] [common_simplified.activation_hooks] hook:230 - Layer 16: Attention weights were None
2025-11-21 06:48:33,054 [WARNING] [common_simplified.activation_hooks] hook:230 - Layer 19: Attention weights were None
2025-11-21 06:48:33,094 [WARNING] [common_simplified.activation_hooks] hook:230 - Layer 16: Attention weights were None
2025-11-21 06:48:33,099 [WARNING] [common_simplified.activation_hooks] hook:230 - Layer 19: Attention weights were None
2025-11-21 06:48:33,138 [WARNING] [common_simplified.activation_hooks] hook:230 - Layer 16: Attention weights were None
2025-11-21 06:48:33,143 [WARNING] [common_simplified.activation_hooks] hook:230 - Layer 19: Attention weights were None
2025-11-21 06:48:33,183 [WARNING] [common_simplified.activation_hooks] hook:230 - Layer 16: Attention weights were None
2025-11-21 06:48:33,189 [WARNING] [common_simplified.activation_hooks] hook:230 - Layer 19: Attention weights were None
2025-11-21 06:48:33,229 [WARNING] [common_simplified.activation_hooks] hook:230 - Layer 16: Attention weights were None
2025-11-21 06:48:33,234 [WARNING] [common_simplified.activation_hooks] hook:230 - Layer 19: Attention weights were None
2025-11-21 06:48:33,273 [WARNING] [common_simplified.activation_hooks] hook:230 - Layer 16: Attention weights were None
2025-11-21 06:48:33,278 [WARNING] [common_simplified.activation_hooks] hook:230 - Layer 19: Attention weights were None
2025-11-21 06:48:33,318 [WARNING] [common_simplified.activation_hooks] hook:230 - Layer 16: Attention weights were None
2025-11-21 06:48:33,323 [WARNING] [common_simplified.activation_hooks] hook:230 - Layer 19: Attention weights were None
2025-11-21 06:48:33,364 [WARNING] [common_simplified.activation_hooks] hook:230 - Layer 16: Attention weights were None
2025-11-21 06:48:33,369 [WARNING] [common_simplified.activation_hooks] hook:230 - Layer 19: Attention weights were None
2025-11-21 06:48:33,410 [WARNING] [common_simplified.activation_hooks] hook:230 - Layer 16: Attention weights were None
2025-11-21 06:48:33,415 [WARNING] [common_simplified.activation_hooks] hook:230 - Layer 19: Attention weights were None
2025-11-21 06:48:33,456 [WARNING] [common_simplified.activation_hooks] hook:230 - Layer 16: Attention weights were None
2025-11-21 06:48:33,461 [WARNING] [common_simplified.activation_hooks] hook:230 - Layer 19: Attention weights were None
2025-11-21 06:48:33,502 [WARNING] [common_simplified.activation_hooks] hook:230 - Layer 16: Attention weights were None
2025-11-21 06:48:33,507 [WARNING] [common_simplified.activation_hooks] hook:230 - Layer 19: Attention weights were None
2025-11-21 06:48:33,549 [WARNING] [common_simplified.activation_hooks] hook:230 - Layer 16: Attention weights were None
2025-11-21 06:48:33,554 [WARNING] [common_simplified.activation_hooks] hook:230 - Layer 19: Attention weights were None
2025-11-21 06:48:33,595 [WARNING] [common_simplified.activation_hooks] hook:230 - Layer 16: Attention weights were None
2025-11-21 06:48:33,600 [WARNING] [common_simplified.activation_hooks] hook:230 - Layer 19: Attention weights were None
2025-11-21 06:48:33,642 [WARNING] [common_simplified.activation_hooks] hook:230 - Layer 16: Attention weights were None
2025-11-21 06:48:33,647 [WARNING] [common_simplified.activation_hooks] hook:230 - Layer 19: Attention weights were None
2025-11-21 06:48:33,689 [WARNING] [common_simplified.activation_hooks] hook:230 - Layer 16: Attention weights were None
2025-11-21 06:48:33,695 [WARNING] [common_simplified.activation_hooks] hook:230 - Layer 19: Attention weights were None
2025-11-21 06:48:33,737 [WARNING] [common_simplified.activation_hooks] hook:230 - Layer 16: Attention weights were None
2025-11-21 06:48:33,743 [WARNING] [common_simplified.activation_hooks] hook:230 - Layer 19: Attention weights were None
2025-11-21 06:48:33,785 [WARNING] [common_simplified.activation_hooks] hook:230 - Layer 16: Attention weights were None
2025-11-21 06:48:33,790 [WARNING] [common_simplified.activation_hooks] hook:230 - Layer 19: Attention weights were None
2025-11-21 06:48:33,831 [WARNING] [common_simplified.activation_hooks] hook:230 - Layer 16: Attention weights were None
2025-11-21 06:48:33,837 [WARNING] [common_simplified.activation_hooks] hook:230 - Layer 19: Attention weights were None
2025-11-21 06:48:33,877 [WARNING] [common_simplified.activation_hooks] hook:230 - Layer 16: Attention weights were None
2025-11-21 06:48:33,883 [WARNING] [common_simplified.activation_hooks] hook:230 - Layer 19: Attention weights were None
2025-11-21 06:48:33,925 [WARNING] [common_simplified.activation_hooks] hook:230 - Layer 16: Attention weights were None
2025-11-21 06:48:33,930 [WARNING] [common_simplified.activation_hooks] hook:230 - Layer 19: Attention weights were None
2025-11-21 06:48:33,972 [WARNING] [common_simplified.activation_hooks] hook:230 - Layer 16: Attention weights were None
2025-11-21 06:48:33,977 [WARNING] [common_simplified.activation_hooks] hook:230 - Layer 19: Attention weights were None
2025-11-21 06:48:34,017 [WARNING] [common_simplified.activation_hooks] hook:230 - Layer 16: Attention weights were None
2025-11-21 06:48:34,022 [WARNING] [common_simplified.activation_hooks] hook:230 - Layer 19: Attention weights were None
2025-11-21 06:48:34,063 [WARNING] [common_simplified.activation_hooks] hook:230 - Layer 16: Attention weights were None
2025-11-21 06:48:34,068 [WARNING] [common_simplified.activation_hooks] hook:230 - Layer 19: Attention weights were None
2025-11-21 06:48:34,108 [WARNING] [common_simplified.activation_hooks] hook:230 - Layer 16: Attention weights were None
2025-11-21 06:48:34,113 [WARNING] [common_simplified.activation_hooks] hook:230 - Layer 19: Attention weights were None
2025-11-21 06:48:34,154 [WARNING] [common_simplified.activation_hooks] hook:230 - Layer 16: Attention weights were None
2025-11-21 06:48:34,159 [WARNING] [common_simplified.activation_hooks] hook:230 - Layer 19: Attention weights were None
2025-11-21 06:48:34,200 [WARNING] [common_simplified.activation_hooks] hook:230 - Layer 16: Attention weights were None
2025-11-21 06:48:34,205 [WARNING] [common_simplified.activation_hooks] hook:230 - Layer 19: Attention weights were None
2025-11-21 06:48:34,246 [WARNING] [common_simplified.activation_hooks] hook:230 - Layer 16: Attention weights were None
2025-11-21 06:48:34,251 [WARNING] [common_simplified.activation_hooks] hook:230 - Layer 19: Attention weights were None
2025-11-21 06:48:34,291 [WARNING] [common_simplified.activation_hooks] hook:230 - Layer 16: Attention weights were None
2025-11-21 06:48:34,296 [WARNING] [common_simplified.activation_hooks] hook:230 - Layer 19: Attention weights were None
2025-11-21 06:48:34,336 [WARNING] [common_simplified.activation_hooks] hook:230 - Layer 16: Attention weights were None
2025-11-21 06:48:34,341 [WARNING] [common_simplified.activation_hooks] hook:230 - Layer 19: Attention weights were None
2025-11-21 06:48:34,380 [WARNING] [common_simplified.activation_hooks] hook:230 - Layer 16: Attention weights were None
2025-11-21 06:48:34,385 [WARNING] [common_simplified.activation_hooks] hook:230 - Layer 19: Attention weights were None
2025-11-21 06:48:34,425 [WARNING] [common_simplified.activation_hooks] hook:230 - Layer 16: Attention weights were None
2025-11-21 06:48:34,430 [WARNING] [common_simplified.activation_hooks] hook:230 - Layer 19: Attention weights were None
2025-11-21 06:48:34,471 [WARNING] [common_simplified.activation_hooks] hook:230 - Layer 16: Attention weights were None
2025-11-21 06:48:34,476 [WARNING] [common_simplified.activation_hooks] hook:230 - Layer 19: Attention weights were None
2025-11-21 06:48:34,516 [WARNING] [common_simplified.activation_hooks] hook:230 - Layer 16: Attention weights were None
2025-11-21 06:48:34,521 [WARNING] [common_simplified.activation_hooks] hook:230 - Layer 19: Attention weights were None
2025-11-21 06:48:34,562 [WARNING] [common_simplified.activation_hooks] hook:230 - Layer 16: Attention weights were None
2025-11-21 06:48:34,567 [WARNING] [common_simplified.activation_hooks] hook:230 - Layer 19: Attention weights were None
2025-11-21 06:48:34,608 [WARNING] [common_simplified.activation_hooks] hook:230 - Layer 16: Attention weights were None
2025-11-21 06:48:34,613 [WARNING] [common_simplified.activation_hooks] hook:230 - Layer 19: Attention weights were None
2025-11-21 06:48:34,653 [WARNING] [common_simplified.activation_hooks] hook:230 - Layer 16: Attention weights were None
2025-11-21 06:48:34,658 [WARNING] [common_simplified.activation_hooks] hook:230 - Layer 19: Attention weights were None
2025-11-21 06:48:34,700 [WARNING] [common_simplified.activation_hooks] hook:230 - Layer 16: Attention weights were None
2025-11-21 06:48:34,705 [WARNING] [common_simplified.activation_hooks] hook:230 - Layer 19: Attention weights were None
2025-11-21 06:48:34,746 [WARNING] [common_simplified.activation_hooks] hook:230 - Layer 16: Attention weights were None
2025-11-21 06:48:34,751 [WARNING] [common_simplified.activation_hooks] hook:230 - Layer 19: Attention weights were None
2025-11-21 06:48:34,792 [WARNING] [common_simplified.activation_hooks] hook:230 - Layer 16: Attention weights were None
2025-11-21 06:48:34,797 [WARNING] [common_simplified.activation_hooks] hook:230 - Layer 19: Attention weights were None
2025-11-21 06:48:34,837 [WARNING] [common_simplified.activation_hooks] hook:230 - Layer 16: Attention weights were None
2025-11-21 06:48:34,842 [WARNING] [common_simplified.activation_hooks] hook:230 - Layer 19: Attention weights were None
2025-11-21 06:48:34,881 [WARNING] [common_simplified.activation_hooks] hook:230 - Layer 16: Attention weights were None
2025-11-21 06:48:34,887 [WARNING] [common_simplified.activation_hooks] hook:230 - Layer 19: Attention weights were None
2025-11-21 06:48:34,926 [WARNING] [common_simplified.activation_hooks] hook:230 - Layer 16: Attention weights were None
2025-11-21 06:48:34,931 [WARNING] [common_simplified.activation_hooks] hook:230 - Layer 19: Attention weights were None
2025-11-21 06:48:34,972 [WARNING] [common_simplified.activation_hooks] hook:230 - Layer 16: Attention weights were None
2025-11-21 06:48:34,977 [WARNING] [common_simplified.activation_hooks] hook:230 - Layer 19: Attention weights were None
2025-11-21 06:48:35,017 [WARNING] [common_simplified.activation_hooks] hook:230 - Layer 16: Attention weights were None
2025-11-21 06:48:35,022 [WARNING] [common_simplified.activation_hooks] hook:230 - Layer 19: Attention weights were None
2025-11-21 06:48:35,061 [WARNING] [common_simplified.activation_hooks] hook:230 - Layer 16: Attention weights were None
2025-11-21 06:48:35,066 [WARNING] [common_simplified.activation_hooks] hook:230 - Layer 19: Attention weights were None
2025-11-21 06:48:35,106 [WARNING] [common_simplified.activation_hooks] hook:230 - Layer 16: Attention weights were None
2025-11-21 06:48:35,111 [WARNING] [common_simplified.activation_hooks] hook:230 - Layer 19: Attention weights were None
2025-11-21 06:48:35,151 [WARNING] [common_simplified.activation_hooks] hook:230 - Layer 16: Attention weights were None
2025-11-21 06:48:35,156 [WARNING] [common_simplified.activation_hooks] hook:230 - Layer 19: Attention weights were None
2025-11-21 06:48:35,197 [WARNING] [common_simplified.activation_hooks] hook:230 - Layer 16: Attention weights were None
2025-11-21 06:48:35,202 [WARNING] [common_simplified.activation_hooks] hook:230 - Layer 19: Attention weights were None
2025-11-21 06:48:35,241 [WARNING] [common_simplified.activation_hooks] hook:230 - Layer 16: Attention weights were None
2025-11-21 06:48:35,247 [WARNING] [common_simplified.activation_hooks] hook:230 - Layer 19: Attention weights were None
2025-11-21 06:48:35,286 [WARNING] [common_simplified.activation_hooks] hook:230 - Layer 16: Attention weights were None
2025-11-21 06:48:35,291 [WARNING] [common_simplified.activation_hooks] hook:230 - Layer 19: Attention weights were None
2025-11-21 06:48:35,331 [WARNING] [common_simplified.activation_hooks] hook:230 - Layer 16: Attention weights were None
2025-11-21 06:48:35,336 [WARNING] [common_simplified.activation_hooks] hook:230 - Layer 19: Attention weights were None
2025-11-21 06:48:35,377 [WARNING] [common_simplified.activation_hooks] hook:230 - Layer 16: Attention weights were None
2025-11-21 06:48:35,382 [WARNING] [common_simplified.activation_hooks] hook:230 - Layer 19: Attention weights were None
2025-11-21 06:48:35,423 [WARNING] [common_simplified.activation_hooks] hook:230 - Layer 16: Attention weights were None
2025-11-21 06:48:35,428 [WARNING] [common_simplified.activation_hooks] hook:230 - Layer 19: Attention weights were None
2025-11-21 06:48:35,468 [WARNING] [common_simplified.activation_hooks] hook:230 - Layer 16: Attention weights were None
2025-11-21 06:48:35,473 [WARNING] [common_simplified.activation_hooks] hook:230 - Layer 19: Attention weights were None
2025-11-21 06:48:35,514 [WARNING] [common_simplified.activation_hooks] hook:230 - Layer 16: Attention weights were None
2025-11-21 06:48:35,519 [WARNING] [common_simplified.activation_hooks] hook:230 - Layer 19: Attention weights were None
2025-11-21 06:48:35,560 [WARNING] [common_simplified.activation_hooks] hook:230 - Layer 16: Attention weights were None
2025-11-21 06:48:35,565 [WARNING] [common_simplified.activation_hooks] hook:230 - Layer 19: Attention weights were None
2025-11-21 06:48:35,606 [WARNING] [common_simplified.activation_hooks] hook:230 - Layer 16: Attention weights were None
2025-11-21 06:48:35,612 [WARNING] [common_simplified.activation_hooks] hook:230 - Layer 19: Attention weights were None
2025-11-21 06:48:35,653 [WARNING] [common_simplified.activation_hooks] hook:230 - Layer 16: Attention weights were None
2025-11-21 06:48:35,658 [WARNING] [common_simplified.activation_hooks] hook:230 - Layer 19: Attention weights were None
2025-11-21 06:48:35,699 [WARNING] [common_simplified.activation_hooks] hook:230 - Layer 16: Attention weights were None
2025-11-21 06:48:35,704 [WARNING] [common_simplified.activation_hooks] hook:230 - Layer 19: Attention weights were None
2025-11-21 06:48:35,745 [WARNING] [common_simplified.activation_hooks] hook:230 - Layer 16: Attention weights were None
2025-11-21 06:48:35,750 [WARNING] [common_simplified.activation_hooks] hook:230 - Layer 19: Attention weights were None
2025-11-21 06:48:35,790 [WARNING] [common_simplified.activation_hooks] hook:230 - Layer 16: Attention weights were None
2025-11-21 06:48:35,795 [WARNING] [common_simplified.activation_hooks] hook:230 - Layer 19: Attention weights were None
2025-11-21 06:48:35,835 [WARNING] [common_simplified.activation_hooks] hook:230 - Layer 16: Attention weights were None
2025-11-21 06:48:35,840 [WARNING] [common_simplified.activation_hooks] hook:230 - Layer 19: Attention weights were None
2025-11-21 06:48:35,880 [WARNING] [common_simplified.activation_hooks] hook:230 - Layer 16: Attention weights were None
2025-11-21 06:48:35,885 [WARNING] [common_simplified.activation_hooks] hook:230 - Layer 19: Attention weights were None
2025-11-21 06:48:35,924 [WARNING] [common_simplified.activation_hooks] hook:230 - Layer 16: Attention weights were None
2025-11-21 06:48:35,929 [WARNING] [common_simplified.activation_hooks] hook:230 - Layer 19: Attention weights were None
2025-11-21 06:48:35,970 [WARNING] [common_simplified.activation_hooks] hook:230 - Layer 16: Attention weights were None
2025-11-21 06:48:35,975 [WARNING] [common_simplified.activation_hooks] hook:230 - Layer 19: Attention weights were None
2025-11-21 06:48:36,016 [WARNING] [common_simplified.activation_hooks] hook:230 - Layer 16: Attention weights were None
2025-11-21 06:48:36,021 [WARNING] [common_simplified.activation_hooks] hook:230 - Layer 19: Attention weights were None
2025-11-21 06:48:36,061 [WARNING] [common_simplified.activation_hooks] hook:230 - Layer 16: Attention weights were None
2025-11-21 06:48:36,066 [WARNING] [common_simplified.activation_hooks] hook:230 - Layer 19: Attention weights were None
2025-11-21 06:48:36,106 [WARNING] [common_simplified.activation_hooks] hook:230 - Layer 16: Attention weights were None
2025-11-21 06:48:36,112 [WARNING] [common_simplified.activation_hooks] hook:230 - Layer 19: Attention weights were None
2025-11-21 06:48:36,152 [WARNING] [common_simplified.activation_hooks] hook:230 - Layer 16: Attention weights were None
2025-11-21 06:48:36,157 [WARNING] [common_simplified.activation_hooks] hook:230 - Layer 19: Attention weights were None
2025-11-21 06:48:36,174 [INFO] [common_simplified.activation_hooks] setup_hooks:53 - Set up hooks for 2 layers to capture residual stream
2025-11-21 06:48:36,174 [INFO] [common_simplified.activation_hooks] setup_hooks:204 - Set up attention hooks for 2 layers
2025-11-21 06:48:36,281 [WARNING] [common_simplified.activation_hooks] hook:230 - Layer 16: Attention weights were None
2025-11-21 06:48:36,300 [WARNING] [common_simplified.activation_hooks] hook:230 - Layer 19: Attention weights were None
2025-11-21 06:48:36,374 [WARNING] [common_simplified.activation_hooks] hook:230 - Layer 16: Attention weights were None
2025-11-21 06:48:36,379 [WARNING] [common_simplified.activation_hooks] hook:230 - Layer 19: Attention weights were None
2025-11-21 06:48:36,420 [WARNING] [common_simplified.activation_hooks] hook:230 - Layer 16: Attention weights were None
2025-11-21 06:48:36,425 [WARNING] [common_simplified.activation_hooks] hook:230 - Layer 19: Attention weights were None
2025-11-21 06:48:36,465 [WARNING] [common_simplified.activation_hooks] hook:230 - Layer 16: Attention weights were None
2025-11-21 06:48:36,470 [WARNING] [common_simplified.activation_hooks] hook:230 - Layer 19: Attention weights were None
2025-11-21 06:48:36,511 [WARNING] [common_simplified.activation_hooks] hook:230 - Layer 16: Attention weights were None
2025-11-21 06:48:36,516 [WARNING] [common_simplified.activation_hooks] hook:230 - Layer 19: Attention weights were None
2025-11-21 06:48:36,559 [WARNING] [common_simplified.activation_hooks] hook:230 - Layer 16: Attention weights were None
2025-11-21 06:48:36,564 [WARNING] [common_simplified.activation_hooks] hook:230 - Layer 19: Attention weights were None
2025-11-21 06:48:36,605 [WARNING] [common_simplified.activation_hooks] hook:230 - Layer 16: Attention weights were None
2025-11-21 06:48:36,610 [WARNING] [common_simplified.activation_hooks] hook:230 - Layer 19: Attention weights were None
2025-11-21 06:48:36,651 [WARNING] [common_simplified.activation_hooks] hook:230 - Layer 16: Attention weights were None
2025-11-21 06:48:36,656 [WARNING] [common_simplified.activation_hooks] hook:230 - Layer 19: Attention weights were None
2025-11-21 06:48:36,696 [WARNING] [common_simplified.activation_hooks] hook:230 - Layer 16: Attention weights were None
2025-11-21 06:48:36,701 [WARNING] [common_simplified.activation_hooks] hook:230 - Layer 19: Attention weights were None
2025-11-21 06:48:36,742 [WARNING] [common_simplified.activation_hooks] hook:230 - Layer 16: Attention weights were None
2025-11-21 06:48:36,747 [WARNING] [common_simplified.activation_hooks] hook:230 - Layer 19: Attention weights were None
2025-11-21 06:48:36,788 [WARNING] [common_simplified.activation_hooks] hook:230 - Layer 16: Attention weights were None
2025-11-21 06:48:36,793 [WARNING] [common_simplified.activation_hooks] hook:230 - Layer 19: Attention weights were None
2025-11-21 06:48:36,833 [WARNING] [common_simplified.activation_hooks] hook:230 - Layer 16: Attention weights were None
2025-11-21 06:48:36,838 [WARNING] [common_simplified.activation_hooks] hook:230 - Layer 19: Attention weights were None
2025-11-21 06:48:36,879 [WARNING] [common_simplified.activation_hooks] hook:230 - Layer 16: Attention weights were None
2025-11-21 06:48:36,884 [WARNING] [common_simplified.activation_hooks] hook:230 - Layer 19: Attention weights were None
2025-11-21 06:48:36,925 [WARNING] [common_simplified.activation_hooks] hook:230 - Layer 16: Attention weights were None
2025-11-21 06:48:36,930 [WARNING] [common_simplified.activation_hooks] hook:230 - Layer 19: Attention weights were None
2025-11-21 06:48:36,970 [WARNING] [common_simplified.activation_hooks] hook:230 - Layer 16: Attention weights were None
2025-11-21 06:48:36,975 [WARNING] [common_simplified.activation_hooks] hook:230 - Layer 19: Attention weights were None
2025-11-21 06:48:37,016 [WARNING] [common_simplified.activation_hooks] hook:230 - Layer 16: Attention weights were None
2025-11-21 06:48:37,021 [WARNING] [common_simplified.activation_hooks] hook:230 - Layer 19: Attention weights were None
2025-11-21 06:48:37,061 [WARNING] [common_simplified.activation_hooks] hook:230 - Layer 16: Attention weights were None
2025-11-21 06:48:37,066 [WARNING] [common_simplified.activation_hooks] hook:230 - Layer 19: Attention weights were None
2025-11-21 06:48:37,106 [WARNING] [common_simplified.activation_hooks] hook:230 - Layer 16: Attention weights were None
2025-11-21 06:48:37,112 [WARNING] [common_simplified.activation_hooks] hook:230 - Layer 19: Attention weights were None
2025-11-21 06:48:37,152 [WARNING] [common_simplified.activation_hooks] hook:230 - Layer 16: Attention weights were None
2025-11-21 06:48:37,157 [WARNING] [common_simplified.activation_hooks] hook:230 - Layer 19: Attention weights were None
2025-11-21 06:48:37,198 [WARNING] [common_simplified.activation_hooks] hook:230 - Layer 16: Attention weights were None
2025-11-21 06:48:37,203 [WARNING] [common_simplified.activation_hooks] hook:230 - Layer 19: Attention weights were None
2025-11-21 06:48:37,243 [WARNING] [common_simplified.activation_hooks] hook:230 - Layer 16: Attention weights were None
2025-11-21 06:48:37,249 [WARNING] [common_simplified.activation_hooks] hook:230 - Layer 19: Attention weights were None
2025-11-21 06:48:37,289 [WARNING] [common_simplified.activation_hooks] hook:230 - Layer 16: Attention weights were None
2025-11-21 06:48:37,294 [WARNING] [common_simplified.activation_hooks] hook:230 - Layer 19: Attention weights were None
2025-11-21 06:48:37,335 [WARNING] [common_simplified.activation_hooks] hook:230 - Layer 16: Attention weights were None
2025-11-21 06:48:37,340 [WARNING] [common_simplified.activation_hooks] hook:230 - Layer 19: Attention weights were None
2025-11-21 06:48:37,381 [WARNING] [common_simplified.activation_hooks] hook:230 - Layer 16: Attention weights were None
2025-11-21 06:48:37,386 [WARNING] [common_simplified.activation_hooks] hook:230 - Layer 19: Attention weights were None
2025-11-21 06:48:37,427 [WARNING] [common_simplified.activation_hooks] hook:230 - Layer 16: Attention weights were None
2025-11-21 06:48:37,432 [WARNING] [common_simplified.activation_hooks] hook:230 - Layer 19: Attention weights were None
2025-11-21 06:48:37,474 [WARNING] [common_simplified.activation_hooks] hook:230 - Layer 16: Attention weights were None
2025-11-21 06:48:37,479 [WARNING] [common_simplified.activation_hooks] hook:230 - Layer 19: Attention weights were None
2025-11-21 06:48:37,521 [WARNING] [common_simplified.activation_hooks] hook:230 - Layer 16: Attention weights were None
2025-11-21 06:48:37,526 [WARNING] [common_simplified.activation_hooks] hook:230 - Layer 19: Attention weights were None
2025-11-21 06:48:37,567 [WARNING] [common_simplified.activation_hooks] hook:230 - Layer 16: Attention weights were None
2025-11-21 06:48:37,572 [WARNING] [common_simplified.activation_hooks] hook:230 - Layer 19: Attention weights were None
2025-11-21 06:48:37,613 [WARNING] [common_simplified.activation_hooks] hook:230 - Layer 16: Attention weights were None
2025-11-21 06:48:37,618 [WARNING] [common_simplified.activation_hooks] hook:230 - Layer 19: Attention weights were None
2025-11-21 06:48:37,659 [WARNING] [common_simplified.activation_hooks] hook:230 - Layer 16: Attention weights were None
2025-11-21 06:48:37,664 [WARNING] [common_simplified.activation_hooks] hook:230 - Layer 19: Attention weights were None
2025-11-21 06:48:37,704 [WARNING] [common_simplified.activation_hooks] hook:230 - Layer 16: Attention weights were None
2025-11-21 06:48:37,709 [WARNING] [common_simplified.activation_hooks] hook:230 - Layer 19: Attention weights were None
2025-11-21 06:48:37,750 [WARNING] [common_simplified.activation_hooks] hook:230 - Layer 16: Attention weights were None
2025-11-21 06:48:37,755 [WARNING] [common_simplified.activation_hooks] hook:230 - Layer 19: Attention weights were None
2025-11-21 06:48:37,796 [WARNING] [common_simplified.activation_hooks] hook:230 - Layer 16: Attention weights were None
2025-11-21 06:48:37,801 [WARNING] [common_simplified.activation_hooks] hook:230 - Layer 19: Attention weights were None
2025-11-21 06:48:37,843 [WARNING] [common_simplified.activation_hooks] hook:230 - Layer 16: Attention weights were None
2025-11-21 06:48:37,849 [WARNING] [common_simplified.activation_hooks] hook:230 - Layer 19: Attention weights were None
2025-11-21 06:48:37,889 [WARNING] [common_simplified.activation_hooks] hook:230 - Layer 16: Attention weights were None
2025-11-21 06:48:37,894 [WARNING] [common_simplified.activation_hooks] hook:230 - Layer 19: Attention weights were None
2025-11-21 06:48:37,934 [WARNING] [common_simplified.activation_hooks] hook:230 - Layer 16: Attention weights were None
2025-11-21 06:48:37,939 [WARNING] [common_simplified.activation_hooks] hook:230 - Layer 19: Attention weights were None
2025-11-21 06:48:37,980 [WARNING] [common_simplified.activation_hooks] hook:230 - Layer 16: Attention weights were None
2025-11-21 06:48:37,985 [WARNING] [common_simplified.activation_hooks] hook:230 - Layer 19: Attention weights were None
2025-11-21 06:48:38,025 [WARNING] [common_simplified.activation_hooks] hook:230 - Layer 16: Attention weights were None
2025-11-21 06:48:38,031 [WARNING] [common_simplified.activation_hooks] hook:230 - Layer 19: Attention weights were None
2025-11-21 06:48:38,071 [WARNING] [common_simplified.activation_hooks] hook:230 - Layer 16: Attention weights were None
2025-11-21 06:48:38,076 [WARNING] [common_simplified.activation_hooks] hook:230 - Layer 19: Attention weights were None
2025-11-21 06:48:38,117 [WARNING] [common_simplified.activation_hooks] hook:230 - Layer 16: Attention weights were None
2025-11-21 06:48:38,122 [WARNING] [common_simplified.activation_hooks] hook:230 - Layer 19: Attention weights were None
2025-11-21 06:48:38,162 [WARNING] [common_simplified.activation_hooks] hook:230 - Layer 16: Attention weights were None
2025-11-21 06:48:38,167 [WARNING] [common_simplified.activation_hooks] hook:230 - Layer 19: Attention weights were None
2025-11-21 06:48:38,208 [WARNING] [common_simplified.activation_hooks] hook:230 - Layer 16: Attention weights were None
2025-11-21 06:48:38,213 [WARNING] [common_simplified.activation_hooks] hook:230 - Layer 19: Attention weights were None
2025-11-21 06:48:38,253 [WARNING] [common_simplified.activation_hooks] hook:230 - Layer 16: Attention weights were None
2025-11-21 06:48:38,258 [WARNING] [common_simplified.activation_hooks] hook:230 - Layer 19: Attention weights were None
2025-11-21 06:48:38,299 [WARNING] [common_simplified.activation_hooks] hook:230 - Layer 16: Attention weights were None
2025-11-21 06:48:38,304 [WARNING] [common_simplified.activation_hooks] hook:230 - Layer 19: Attention weights were None
2025-11-21 06:48:38,346 [WARNING] [common_simplified.activation_hooks] hook:230 - Layer 16: Attention weights were None
2025-11-21 06:48:38,352 [WARNING] [common_simplified.activation_hooks] hook:230 - Layer 19: Attention weights were None
2025-11-21 06:48:38,393 [WARNING] [common_simplified.activation_hooks] hook:230 - Layer 16: Attention weights were None
2025-11-21 06:48:38,399 [WARNING] [common_simplified.activation_hooks] hook:230 - Layer 19: Attention weights were None
2025-11-21 06:48:38,440 [WARNING] [common_simplified.activation_hooks] hook:230 - Layer 16: Attention weights were None
2025-11-21 06:48:38,445 [WARNING] [common_simplified.activation_hooks] hook:230 - Layer 19: Attention weights were None
2025-11-21 06:48:38,485 [WARNING] [common_simplified.activation_hooks] hook:230 - Layer 16: Attention weights were None
2025-11-21 06:48:38,491 [WARNING] [common_simplified.activation_hooks] hook:230 - Layer 19: Attention weights were None
2025-11-21 06:48:38,531 [WARNING] [common_simplified.activation_hooks] hook:230 - Layer 16: Attention weights were None
2025-11-21 06:48:38,536 [WARNING] [common_simplified.activation_hooks] hook:230 - Layer 19: Attention weights were None
2025-11-21 06:48:38,577 [WARNING] [common_simplified.activation_hooks] hook:230 - Layer 16: Attention weights were None
2025-11-21 06:48:38,582 [WARNING] [common_simplified.activation_hooks] hook:230 - Layer 19: Attention weights were None
2025-11-21 06:48:38,623 [WARNING] [common_simplified.activation_hooks] hook:230 - Layer 16: Attention weights were None
2025-11-21 06:48:38,628 [WARNING] [common_simplified.activation_hooks] hook:230 - Layer 19: Attention weights were None
2025-11-21 06:48:38,668 [WARNING] [common_simplified.activation_hooks] hook:230 - Layer 16: Attention weights were None
2025-11-21 06:48:38,673 [WARNING] [common_simplified.activation_hooks] hook:230 - Layer 19: Attention weights were None
2025-11-21 06:48:38,713 [WARNING] [common_simplified.activation_hooks] hook:230 - Layer 16: Attention weights were None
2025-11-21 06:48:38,718 [WARNING] [common_simplified.activation_hooks] hook:230 - Layer 19: Attention weights were None
2025-11-21 06:48:38,759 [WARNING] [common_simplified.activation_hooks] hook:230 - Layer 16: Attention weights were None
2025-11-21 06:48:38,764 [WARNING] [common_simplified.activation_hooks] hook:230 - Layer 19: Attention weights were None
2025-11-21 06:48:38,805 [WARNING] [common_simplified.activation_hooks] hook:230 - Layer 16: Attention weights were None
2025-11-21 06:48:38,810 [WARNING] [common_simplified.activation_hooks] hook:230 - Layer 19: Attention weights were None
2025-11-21 06:48:38,850 [WARNING] [common_simplified.activation_hooks] hook:230 - Layer 16: Attention weights were None
2025-11-21 06:48:38,855 [WARNING] [common_simplified.activation_hooks] hook:230 - Layer 19: Attention weights were None
2025-11-21 06:48:38,895 [WARNING] [common_simplified.activation_hooks] hook:230 - Layer 16: Attention weights were None
2025-11-21 06:48:38,900 [WARNING] [common_simplified.activation_hooks] hook:230 - Layer 19: Attention weights were None
2025-11-21 06:48:38,940 [WARNING] [common_simplified.activation_hooks] hook:230 - Layer 16: Attention weights were None
2025-11-21 06:48:38,945 [WARNING] [common_simplified.activation_hooks] hook:230 - Layer 19: Attention weights were None
2025-11-21 06:48:38,985 [WARNING] [common_simplified.activation_hooks] hook:230 - Layer 16: Attention weights were None
2025-11-21 06:48:38,990 [WARNING] [common_simplified.activation_hooks] hook:230 - Layer 19: Attention weights were None
2025-11-21 06:48:39,031 [WARNING] [common_simplified.activation_hooks] hook:230 - Layer 16: Attention weights were None
2025-11-21 06:48:39,036 [WARNING] [common_simplified.activation_hooks] hook:230 - Layer 19: Attention weights were None
2025-11-21 06:48:39,076 [WARNING] [common_simplified.activation_hooks] hook:230 - Layer 16: Attention weights were None
2025-11-21 06:48:39,081 [WARNING] [common_simplified.activation_hooks] hook:230 - Layer 19: Attention weights were None
2025-11-21 06:48:39,121 [WARNING] [common_simplified.activation_hooks] hook:230 - Layer 16: Attention weights were None
2025-11-21 06:48:39,126 [WARNING] [common_simplified.activation_hooks] hook:230 - Layer 19: Attention weights were None
2025-11-21 06:48:39,166 [WARNING] [common_simplified.activation_hooks] hook:230 - Layer 16: Attention weights were None
2025-11-21 06:48:39,171 [WARNING] [common_simplified.activation_hooks] hook:230 - Layer 19: Attention weights were None
2025-11-21 06:48:39,212 [WARNING] [common_simplified.activation_hooks] hook:230 - Layer 16: Attention weights were None
2025-11-21 06:48:39,217 [WARNING] [common_simplified.activation_hooks] hook:230 - Layer 19: Attention weights were None
