2025-11-21 06:12:10,106 [INFO] [main] setup_logging:167 - Phase: 3.5, GPU: CPU
2025-11-21 06:12:10,107 [INFO] [main] main:1716 - Detected device: cuda
2025-11-21 06:12:12,500 [INFO] [common_simplified.model_loader] setup_logging:167 - Phase: 3.5, GPU: CPU
2025-11-21 06:12:12,503 [INFO] [common_simplified.activation_hooks] setup_logging:167 - Phase: 3.5, GPU: CPU
2025-11-21 06:12:12,505 [INFO] [common_simplified.helpers] setup_logging:167 - Phase: 3.5, GPU: CPU
2025-11-21 06:12:12,506 [INFO] [common.retry_utils] setup_logging:167 - Phase: 3.5, GPU: CPU
2025-11-21 06:12:12,506 [INFO] [temperature_runner] setup_logging:167 - Phase: 3.5, GPU: CPU
2025-11-21 06:12:12,507 [INFO] [main] run_phase3_5:574 - Starting Phase 3.5: Temperature Robustness Testing
2025-11-21 06:12:12,507 [INFO] [main] run_phase3_5:575 - Will auto-discover best layers from Phase 2.5 output
2025-11-21 06:12:12,507 [INFO] [main] run_phase3_5:578 - 
============================================================
CONFIGURATION
============================================================

ACTIVATION Settings:
  activation_cleanup_after_batch: True
  activation_clear_cache_between_layers: True
  activation_hook_type: resid_post
  activation_layers: [1, 2, 3, 4, 5, 6, 7, 8, 9, 10, 11, 12, 13, 14, 15, 16, 17, 18, 19, 20, 21, 22, 23, 24, 25]
  activation_max_cache_gb: 10.0
  activation_max_length: 2048
  activation_position: -1

AUTOSAVE Settings:
  autosave_frequency: 100
  autosave_keep_last: 3

CHECKPOINT Settings:
  checkpoint_dir: checkpoints
  checkpoint_frequency: 50

CONTINUE Settings:
  continue_on_error: True

DATASET Settings:
  dataset_dir: data/phase1_0
  dataset_end_idx: 10
  dataset_name: humaneval
  dataset_split: test
  dataset_start_idx: 0

ENABLE Settings:
  enable_timing_stats: True

EVALUATION Settings:
  evaluation_random_seed: 42

GC Settings:
  gc_collect_frequency: 50

LOG Settings:
  log_dir: data/logs

MAX Settings:
  max_gpu_memory_usage_gb: 30.0
  max_memory_usage_gb: 100.0
  max_retries: 3

MEMORY Settings:
  memory_cleanup_frequency: 100

MODEL Settings:
  model_device: None
  model_dtype: None
  model_max_new_tokens: 800
  model_name: google/gemma-2-2b
  model_temperature: 0.0
  model_trust_remote_code: True

ORTHOGONALIZATION Settings:
  orthogonalization_target_weights: [embed, attn_o, mlp_down]

PHASE0 Settings:
  phase0_1_output_dir: data/phase0_1
  phase0_2_output_dir: data/phase0_2_humaneval
  phase0_output_dir: data/phase0

PHASE1 Settings:
  phase1_output_dir: data/phase1_0

PHASE2 Settings:
  phase2_10_output_dir: data/phase2_10
  phase2_15_output_dir: data/phase2_15
  phase2_2_output_dir: data/phase2_2
  phase2_5_output_dir: data/phase2_5
  phase2_output_dir: data/phase2

PHASE3 Settings:
  **phase3_5_output_dir**: data/phase3_5
  phase3_10_output_dir: data/phase3_10
  phase3_10_temperatures: [0.0, 0.2, 0.4, 0.6, 0.8, 1.0, 1.2, 1.4]
  phase3_11_output_dir: data/phase3_11
  phase3_12_output_dir: data/phase3_12
  phase3_6_output_dir: data/phase3_6
  phase3_8_output_dir: data/phase3_8
  phase3_output_dir: data/phase3

PHASE4 Settings:
  phase4_10_min_activation_freq: 0.001
  phase4_10_n_features: 10
  phase4_10_output_dir: data/phase4_10
  phase4_10_separation_threshold: 0.01
  phase4_12_output_dir: data/phase4_12
  phase4_14_output_dir: data/phase4_14
  phase4_14_significance_level: 0.05
  phase4_5_correct_coefficients: [10.0, 20.0, 30.0, 40.0, 50.0, 60.0, 70.0, 80.0, 90.0, 100.0]
  phase4_5_experiment_mode: all
  phase4_5_incorrect_coefficients: [100.0, 200.0, 300.0, 400.0, 500.0, 600.0, 700.0, 800.0, 900.0, 1000.0]
  phase4_5_meaningful_effect_threshold: 5.0
  phase4_5_output_dir: data/phase4_5
  phase4_5_plateau_threshold: 2.0
  phase4_5_search_tolerance: 2.0
  phase4_6_experiment_mode: all
  phase4_6_output_dir: data/phase4_6
  phase4_6_tolerance: 1.0
  phase4_8_correct_coefficient: 29
  phase4_8_experiment_mode: all
  phase4_8_incorrect_coefficient: 287
  phase4_8_output_dir: data/phase4_8

PHASE5 Settings:
  phase5_3_output_dir: data/phase5_3
  phase5_6_output_dir: data/phase5_6
  phase5_9_output_dir: data/phase5_9
  phase5_9_significance_level: 0.05

PHASE6 Settings:
  phase6_3_output_dir: data/phase6_3

PHASE7 Settings:
  phase7_12_output_dir: data/phase7_12
  phase7_3_model_name: google/gemma-2-2b-it
  phase7_3_output_dir: data/phase7_3
  phase7_6_model_name: google/gemma-2-2b-it
  phase7_6_output_dir: data/phase7_6

PHASE8 Settings:
  phase8_1_output_dir: data/phase8_1
  phase8_2_output_dir: data/phase8_2
  phase8_3_output_dir: data/phase8_3
  phase8_3_percentile: 70.0
  phase8_3_use_percentile_threshold: True

PILE Settings:
  pile_filter_enabled: True
  pile_samples: 10000
  pile_threshold: 0.02

PROGRESS Settings:
  progress_log_frequency: 10

RETRY Settings:
  retry_backoff: 1.0

SAE Settings:
  sae_checkpoint_dir: data/phase2/sae_checkpoints
  sae_cleanup_after_layer: True
  sae_hook_component: resid_post
  sae_latent_threshold: 0.02
  sae_repo_id: google/gemma-scope-2b-pt-res
  sae_save_after_each_layer: True
  sae_sparsity: 71
  sae_use_memory_mapping: False
  sae_width: 16k

SHOW Settings:
  show_progress_bar: True

SPLIT Settings:
  split_n_strata: 10
  split_random_seed: 42
  split_ratio_tolerance: 0.02

T Settings:
  t_statistic_min_samples: 10

TEMPERATURE Settings:
  temperature_samples_per_temp: 3
  temperature_variation_temps: [0.0]

TIMEOUT Settings:
  timeout_per_record: 300.0

VERBOSE Settings:
  verbose: False

============================================================
2025-11-21 06:12:12,507 [INFO] [temperature_runner] __init__:105 - Loading model google/gemma-2-2b on device: cuda
2025-11-21 06:12:12,701 [INFO] [common_simplified.model_loader] load_model_and_tokenizer:47 - Loading model google/gemma-2-2b on cuda with dtype torch.bfloat16
2025-11-21 06:12:14,208 [INFO] [common_simplified.model_loader] load_model_and_tokenizer:56 - Loading model to cuda...
2025-11-21 06:12:18,333 [INFO] [common_simplified.model_loader] load_model_and_tokenizer:83 - Model successfully loaded on cuda:0
2025-11-21 06:12:18,333 [INFO] [common_simplified.model_loader] load_model_and_tokenizer:85 - Model loaded successfully: Gemma2ForCausalLM
2025-11-21 06:12:18,334 [INFO] [common_simplified.model_loader] load_model_and_tokenizer:86 - Model size: 2.61B parameters
2025-11-21 06:12:18,334 [WARNING] [temperature_runner] __init__:114 - Model is on cuda:0 but expected cuda
2025-11-21 06:12:18,334 [INFO] [temperature_runner] _discover_best_features:65 - Using features from Phase 2.10: data/phase2_10/top_20_features.json
2025-11-21 06:12:18,334 [INFO] [temperature_runner] _discover_best_features:90 - Discovered best features from Phase 2.10 - Correct: layer 16 (feature 14439), Incorrect: layer 19 (feature 5441)
2025-11-21 06:12:18,334 [INFO] [temperature_runner] __init__:130 - Using different layers - Correct: 16, Incorrect: 19
2025-11-21 06:12:18,335 [INFO] [common_simplified.activation_hooks] __init__:185 - Initialized AttentionExtractor for layers [16, 19] at position -1
2025-11-21 06:12:18,335 [INFO] [temperature_runner] run:255 - Starting Phase 3.5: Temperature Robustness Testing
2025-11-21 06:12:18,335 [INFO] [temperature_runner] run:257 - Extracting activations from layers: [16, 19]
2025-11-21 06:12:18,335 [INFO] [temperature_runner] _load_validation_data:342 - Loading HumanEval data from data/phase0_2_humaneval/humaneval.parquet
2025-11-21 06:12:18,360 [INFO] [temperature_runner] run:263 - Loaded 164 validation problems
2025-11-21 06:12:18,360 [INFO] [temperature_runner] run:281 - Processing validation dataset rows 0-10 (inclusive)
2025-11-21 06:12:18,360 [INFO] [temperature_runner] _setup_output_directories:364 - Using output directory: data/phase3_5_humaneval (dataset: humaneval)
2025-11-21 06:12:18,362 [INFO] [common_simplified.activation_hooks] setup_hooks:53 - Set up hooks for 2 layers to capture residual stream
2025-11-21 06:12:18,362 [INFO] [common_simplified.activation_hooks] setup_hooks:204 - Set up attention hooks for 2 layers
2025-11-21 06:12:18,740 [WARNING] [common_simplified.activation_hooks] hook:230 - Layer 16: Attention weights were None
2025-11-21 06:12:18,767 [WARNING] [common_simplified.activation_hooks] hook:230 - Layer 19: Attention weights were None
2025-11-21 06:12:18,902 [WARNING] [common_simplified.activation_hooks] hook:230 - Layer 16: Attention weights were None
2025-11-21 06:12:18,908 [WARNING] [common_simplified.activation_hooks] hook:230 - Layer 19: Attention weights were None
2025-11-21 06:12:18,952 [WARNING] [common_simplified.activation_hooks] hook:230 - Layer 16: Attention weights were None
2025-11-21 06:12:18,958 [WARNING] [common_simplified.activation_hooks] hook:230 - Layer 19: Attention weights were None
2025-11-21 06:12:19,001 [WARNING] [common_simplified.activation_hooks] hook:230 - Layer 16: Attention weights were None
2025-11-21 06:12:19,007 [WARNING] [common_simplified.activation_hooks] hook:230 - Layer 19: Attention weights were None
2025-11-21 06:12:19,050 [WARNING] [common_simplified.activation_hooks] hook:230 - Layer 16: Attention weights were None
2025-11-21 06:12:19,055 [WARNING] [common_simplified.activation_hooks] hook:230 - Layer 19: Attention weights were None
2025-11-21 06:12:19,098 [WARNING] [common_simplified.activation_hooks] hook:230 - Layer 16: Attention weights were None
2025-11-21 06:12:19,104 [WARNING] [common_simplified.activation_hooks] hook:230 - Layer 19: Attention weights were None
2025-11-21 06:12:19,146 [WARNING] [common_simplified.activation_hooks] hook:230 - Layer 16: Attention weights were None
2025-11-21 06:12:19,152 [WARNING] [common_simplified.activation_hooks] hook:230 - Layer 19: Attention weights were None
2025-11-21 06:12:19,194 [WARNING] [common_simplified.activation_hooks] hook:230 - Layer 16: Attention weights were None
2025-11-21 06:12:19,200 [WARNING] [common_simplified.activation_hooks] hook:230 - Layer 19: Attention weights were None
2025-11-21 06:12:19,241 [WARNING] [common_simplified.activation_hooks] hook:230 - Layer 16: Attention weights were None
2025-11-21 06:12:19,247 [WARNING] [common_simplified.activation_hooks] hook:230 - Layer 19: Attention weights were None
2025-11-21 06:12:19,289 [WARNING] [common_simplified.activation_hooks] hook:230 - Layer 16: Attention weights were None
2025-11-21 06:12:19,294 [WARNING] [common_simplified.activation_hooks] hook:230 - Layer 19: Attention weights were None
2025-11-21 06:12:19,336 [WARNING] [common_simplified.activation_hooks] hook:230 - Layer 16: Attention weights were None
2025-11-21 06:12:19,341 [WARNING] [common_simplified.activation_hooks] hook:230 - Layer 19: Attention weights were None
2025-11-21 06:12:19,384 [WARNING] [common_simplified.activation_hooks] hook:230 - Layer 16: Attention weights were None
2025-11-21 06:12:19,389 [WARNING] [common_simplified.activation_hooks] hook:230 - Layer 19: Attention weights were None
2025-11-21 06:12:19,432 [WARNING] [common_simplified.activation_hooks] hook:230 - Layer 16: Attention weights were None
2025-11-21 06:12:19,437 [WARNING] [common_simplified.activation_hooks] hook:230 - Layer 19: Attention weights were None
2025-11-21 06:12:19,479 [WARNING] [common_simplified.activation_hooks] hook:230 - Layer 16: Attention weights were None
2025-11-21 06:12:19,484 [WARNING] [common_simplified.activation_hooks] hook:230 - Layer 19: Attention weights were None
2025-11-21 06:12:19,526 [WARNING] [common_simplified.activation_hooks] hook:230 - Layer 16: Attention weights were None
2025-11-21 06:12:19,531 [WARNING] [common_simplified.activation_hooks] hook:230 - Layer 19: Attention weights were None
2025-11-21 06:12:19,575 [WARNING] [common_simplified.activation_hooks] hook:230 - Layer 16: Attention weights were None
2025-11-21 06:12:19,581 [WARNING] [common_simplified.activation_hooks] hook:230 - Layer 19: Attention weights were None
2025-11-21 06:12:19,622 [WARNING] [common_simplified.activation_hooks] hook:230 - Layer 16: Attention weights were None
2025-11-21 06:12:19,628 [WARNING] [common_simplified.activation_hooks] hook:230 - Layer 19: Attention weights were None
2025-11-21 06:12:19,671 [WARNING] [common_simplified.activation_hooks] hook:230 - Layer 16: Attention weights were None
2025-11-21 06:12:19,676 [WARNING] [common_simplified.activation_hooks] hook:230 - Layer 19: Attention weights were None
2025-11-21 06:12:19,718 [WARNING] [common_simplified.activation_hooks] hook:230 - Layer 16: Attention weights were None
2025-11-21 06:12:19,724 [WARNING] [common_simplified.activation_hooks] hook:230 - Layer 19: Attention weights were None
2025-11-21 06:12:19,766 [WARNING] [common_simplified.activation_hooks] hook:230 - Layer 16: Attention weights were None
2025-11-21 06:12:19,772 [WARNING] [common_simplified.activation_hooks] hook:230 - Layer 19: Attention weights were None
2025-11-21 06:12:19,814 [WARNING] [common_simplified.activation_hooks] hook:230 - Layer 16: Attention weights were None
2025-11-21 06:12:19,820 [WARNING] [common_simplified.activation_hooks] hook:230 - Layer 19: Attention weights were None
2025-11-21 06:12:19,862 [WARNING] [common_simplified.activation_hooks] hook:230 - Layer 16: Attention weights were None
2025-11-21 06:12:19,867 [WARNING] [common_simplified.activation_hooks] hook:230 - Layer 19: Attention weights were None
2025-11-21 06:12:19,911 [WARNING] [common_simplified.activation_hooks] hook:230 - Layer 16: Attention weights were None
2025-11-21 06:12:19,917 [WARNING] [common_simplified.activation_hooks] hook:230 - Layer 19: Attention weights were None
2025-11-21 06:12:19,960 [WARNING] [common_simplified.activation_hooks] hook:230 - Layer 16: Attention weights were None
2025-11-21 06:12:19,966 [WARNING] [common_simplified.activation_hooks] hook:230 - Layer 19: Attention weights were None
2025-11-21 06:12:20,008 [WARNING] [common_simplified.activation_hooks] hook:230 - Layer 16: Attention weights were None
2025-11-21 06:12:20,013 [WARNING] [common_simplified.activation_hooks] hook:230 - Layer 19: Attention weights were None
2025-11-21 06:12:20,055 [WARNING] [common_simplified.activation_hooks] hook:230 - Layer 16: Attention weights were None
2025-11-21 06:12:20,060 [WARNING] [common_simplified.activation_hooks] hook:230 - Layer 19: Attention weights were None
2025-11-21 06:12:20,102 [WARNING] [common_simplified.activation_hooks] hook:230 - Layer 16: Attention weights were None
2025-11-21 06:12:20,108 [WARNING] [common_simplified.activation_hooks] hook:230 - Layer 19: Attention weights were None
2025-11-21 06:12:20,150 [WARNING] [common_simplified.activation_hooks] hook:230 - Layer 16: Attention weights were None
2025-11-21 06:12:20,155 [WARNING] [common_simplified.activation_hooks] hook:230 - Layer 19: Attention weights were None
2025-11-21 06:12:20,198 [WARNING] [common_simplified.activation_hooks] hook:230 - Layer 16: Attention weights were None
2025-11-21 06:12:20,203 [WARNING] [common_simplified.activation_hooks] hook:230 - Layer 19: Attention weights were None
2025-11-21 06:12:20,244 [WARNING] [common_simplified.activation_hooks] hook:230 - Layer 16: Attention weights were None
2025-11-21 06:12:20,249 [WARNING] [common_simplified.activation_hooks] hook:230 - Layer 19: Attention weights were None
2025-11-21 06:12:20,291 [WARNING] [common_simplified.activation_hooks] hook:230 - Layer 16: Attention weights were None
2025-11-21 06:12:20,297 [WARNING] [common_simplified.activation_hooks] hook:230 - Layer 19: Attention weights were None
2025-11-21 06:12:20,341 [WARNING] [common_simplified.activation_hooks] hook:230 - Layer 16: Attention weights were None
2025-11-21 06:12:20,347 [WARNING] [common_simplified.activation_hooks] hook:230 - Layer 19: Attention weights were None
2025-11-21 06:12:20,389 [WARNING] [common_simplified.activation_hooks] hook:230 - Layer 16: Attention weights were None
2025-11-21 06:12:20,394 [WARNING] [common_simplified.activation_hooks] hook:230 - Layer 19: Attention weights were None
2025-11-21 06:12:20,436 [WARNING] [common_simplified.activation_hooks] hook:230 - Layer 16: Attention weights were None
2025-11-21 06:12:20,442 [WARNING] [common_simplified.activation_hooks] hook:230 - Layer 19: Attention weights were None
2025-11-21 06:12:20,484 [WARNING] [common_simplified.activation_hooks] hook:230 - Layer 16: Attention weights were None
2025-11-21 06:12:20,489 [WARNING] [common_simplified.activation_hooks] hook:230 - Layer 19: Attention weights were None
2025-11-21 06:12:20,531 [WARNING] [common_simplified.activation_hooks] hook:230 - Layer 16: Attention weights were None
2025-11-21 06:12:20,537 [WARNING] [common_simplified.activation_hooks] hook:230 - Layer 19: Attention weights were None
2025-11-21 06:12:20,581 [WARNING] [common_simplified.activation_hooks] hook:230 - Layer 16: Attention weights were None
2025-11-21 06:12:20,586 [WARNING] [common_simplified.activation_hooks] hook:230 - Layer 19: Attention weights were None
2025-11-21 06:12:20,628 [WARNING] [common_simplified.activation_hooks] hook:230 - Layer 16: Attention weights were None
2025-11-21 06:12:20,634 [WARNING] [common_simplified.activation_hooks] hook:230 - Layer 19: Attention weights were None
2025-11-21 06:12:20,679 [WARNING] [common_simplified.activation_hooks] hook:230 - Layer 16: Attention weights were None
2025-11-21 06:12:20,684 [WARNING] [common_simplified.activation_hooks] hook:230 - Layer 19: Attention weights were None
2025-11-21 06:12:20,729 [WARNING] [common_simplified.activation_hooks] hook:230 - Layer 16: Attention weights were None
2025-11-21 06:12:20,734 [WARNING] [common_simplified.activation_hooks] hook:230 - Layer 19: Attention weights were None
2025-11-21 06:12:20,777 [WARNING] [common_simplified.activation_hooks] hook:230 - Layer 16: Attention weights were None
2025-11-21 06:12:20,783 [WARNING] [common_simplified.activation_hooks] hook:230 - Layer 19: Attention weights were None
2025-11-21 06:12:20,825 [WARNING] [common_simplified.activation_hooks] hook:230 - Layer 16: Attention weights were None
2025-11-21 06:12:20,831 [WARNING] [common_simplified.activation_hooks] hook:230 - Layer 19: Attention weights were None
2025-11-21 06:12:20,872 [WARNING] [common_simplified.activation_hooks] hook:230 - Layer 16: Attention weights were None
2025-11-21 06:12:20,878 [WARNING] [common_simplified.activation_hooks] hook:230 - Layer 19: Attention weights were None
2025-11-21 06:12:20,920 [WARNING] [common_simplified.activation_hooks] hook:230 - Layer 16: Attention weights were None
2025-11-21 06:12:20,925 [WARNING] [common_simplified.activation_hooks] hook:230 - Layer 19: Attention weights were None
2025-11-21 06:12:20,966 [WARNING] [common_simplified.activation_hooks] hook:230 - Layer 16: Attention weights were None
2025-11-21 06:12:20,972 [WARNING] [common_simplified.activation_hooks] hook:230 - Layer 19: Attention weights were None
2025-11-21 06:12:21,013 [WARNING] [common_simplified.activation_hooks] hook:230 - Layer 16: Attention weights were None
2025-11-21 06:12:21,018 [WARNING] [common_simplified.activation_hooks] hook:230 - Layer 19: Attention weights were None
2025-11-21 06:12:21,063 [WARNING] [common_simplified.activation_hooks] hook:230 - Layer 16: Attention weights were None
2025-11-21 06:12:21,069 [WARNING] [common_simplified.activation_hooks] hook:230 - Layer 19: Attention weights were None
2025-11-21 06:12:21,110 [WARNING] [common_simplified.activation_hooks] hook:230 - Layer 16: Attention weights were None
2025-11-21 06:12:21,115 [WARNING] [common_simplified.activation_hooks] hook:230 - Layer 19: Attention weights were None
2025-11-21 06:12:21,157 [WARNING] [common_simplified.activation_hooks] hook:230 - Layer 16: Attention weights were None
2025-11-21 06:12:21,162 [WARNING] [common_simplified.activation_hooks] hook:230 - Layer 19: Attention weights were None
2025-11-21 06:12:21,203 [WARNING] [common_simplified.activation_hooks] hook:230 - Layer 16: Attention weights were None
2025-11-21 06:12:21,208 [WARNING] [common_simplified.activation_hooks] hook:230 - Layer 19: Attention weights were None
2025-11-21 06:12:21,250 [WARNING] [common_simplified.activation_hooks] hook:230 - Layer 16: Attention weights were None
2025-11-21 06:12:21,255 [WARNING] [common_simplified.activation_hooks] hook:230 - Layer 19: Attention weights were None
2025-11-21 06:12:21,296 [WARNING] [common_simplified.activation_hooks] hook:230 - Layer 16: Attention weights were None
2025-11-21 06:12:21,301 [WARNING] [common_simplified.activation_hooks] hook:230 - Layer 19: Attention weights were None
2025-11-21 06:12:21,343 [WARNING] [common_simplified.activation_hooks] hook:230 - Layer 16: Attention weights were None
2025-11-21 06:12:21,348 [WARNING] [common_simplified.activation_hooks] hook:230 - Layer 19: Attention weights were None
2025-11-21 06:12:21,389 [WARNING] [common_simplified.activation_hooks] hook:230 - Layer 16: Attention weights were None
2025-11-21 06:12:21,394 [WARNING] [common_simplified.activation_hooks] hook:230 - Layer 19: Attention weights were None
2025-11-21 06:12:21,435 [WARNING] [common_simplified.activation_hooks] hook:230 - Layer 16: Attention weights were None
2025-11-21 06:12:21,440 [WARNING] [common_simplified.activation_hooks] hook:230 - Layer 19: Attention weights were None
2025-11-21 06:12:21,481 [WARNING] [common_simplified.activation_hooks] hook:230 - Layer 16: Attention weights were None
2025-11-21 06:12:21,486 [WARNING] [common_simplified.activation_hooks] hook:230 - Layer 19: Attention weights were None
2025-11-21 06:12:21,528 [WARNING] [common_simplified.activation_hooks] hook:230 - Layer 16: Attention weights were None
2025-11-21 06:12:21,534 [WARNING] [common_simplified.activation_hooks] hook:230 - Layer 19: Attention weights were None
2025-11-21 06:12:21,580 [WARNING] [common_simplified.activation_hooks] hook:230 - Layer 16: Attention weights were None
2025-11-21 06:12:21,586 [WARNING] [common_simplified.activation_hooks] hook:230 - Layer 19: Attention weights were None
2025-11-21 06:12:21,632 [WARNING] [common_simplified.activation_hooks] hook:230 - Layer 16: Attention weights were None
2025-11-21 06:12:21,637 [WARNING] [common_simplified.activation_hooks] hook:230 - Layer 19: Attention weights were None
2025-11-21 06:12:21,681 [WARNING] [common_simplified.activation_hooks] hook:230 - Layer 16: Attention weights were None
2025-11-21 06:12:21,687 [WARNING] [common_simplified.activation_hooks] hook:230 - Layer 19: Attention weights were None
2025-11-21 06:12:21,730 [WARNING] [common_simplified.activation_hooks] hook:230 - Layer 16: Attention weights were None
2025-11-21 06:12:21,736 [WARNING] [common_simplified.activation_hooks] hook:230 - Layer 19: Attention weights were None
2025-11-21 06:12:21,779 [WARNING] [common_simplified.activation_hooks] hook:230 - Layer 16: Attention weights were None
2025-11-21 06:12:21,785 [WARNING] [common_simplified.activation_hooks] hook:230 - Layer 19: Attention weights were None
2025-11-21 06:12:21,828 [WARNING] [common_simplified.activation_hooks] hook:230 - Layer 16: Attention weights were None
2025-11-21 06:12:21,833 [WARNING] [common_simplified.activation_hooks] hook:230 - Layer 19: Attention weights were None
2025-11-21 06:12:21,875 [WARNING] [common_simplified.activation_hooks] hook:230 - Layer 16: Attention weights were None
2025-11-21 06:12:21,881 [WARNING] [common_simplified.activation_hooks] hook:230 - Layer 19: Attention weights were None
2025-11-21 06:12:21,923 [WARNING] [common_simplified.activation_hooks] hook:230 - Layer 16: Attention weights were None
2025-11-21 06:12:21,928 [WARNING] [common_simplified.activation_hooks] hook:230 - Layer 19: Attention weights were None
2025-11-21 06:12:21,970 [WARNING] [common_simplified.activation_hooks] hook:230 - Layer 16: Attention weights were None
2025-11-21 06:12:21,975 [WARNING] [common_simplified.activation_hooks] hook:230 - Layer 19: Attention weights were None
2025-11-21 06:12:22,017 [WARNING] [common_simplified.activation_hooks] hook:230 - Layer 16: Attention weights were None
2025-11-21 06:12:22,022 [WARNING] [common_simplified.activation_hooks] hook:230 - Layer 19: Attention weights were None
2025-11-21 06:12:22,065 [WARNING] [common_simplified.activation_hooks] hook:230 - Layer 16: Attention weights were None
2025-11-21 06:12:22,070 [WARNING] [common_simplified.activation_hooks] hook:230 - Layer 19: Attention weights were None
2025-11-21 06:12:22,114 [WARNING] [common_simplified.activation_hooks] hook:230 - Layer 16: Attention weights were None
2025-11-21 06:12:22,119 [WARNING] [common_simplified.activation_hooks] hook:230 - Layer 19: Attention weights were None
2025-11-21 06:12:22,160 [WARNING] [common_simplified.activation_hooks] hook:230 - Layer 16: Attention weights were None
2025-11-21 06:12:22,166 [WARNING] [common_simplified.activation_hooks] hook:230 - Layer 19: Attention weights were None
2025-11-21 06:12:22,207 [WARNING] [common_simplified.activation_hooks] hook:230 - Layer 16: Attention weights were None
2025-11-21 06:12:22,212 [WARNING] [common_simplified.activation_hooks] hook:230 - Layer 19: Attention weights were None
2025-11-21 06:12:22,254 [WARNING] [common_simplified.activation_hooks] hook:230 - Layer 16: Attention weights were None
2025-11-21 06:12:22,259 [WARNING] [common_simplified.activation_hooks] hook:230 - Layer 19: Attention weights were None
2025-11-21 06:12:22,302 [WARNING] [common_simplified.activation_hooks] hook:230 - Layer 16: Attention weights were None
2025-11-21 06:12:22,307 [WARNING] [common_simplified.activation_hooks] hook:230 - Layer 19: Attention weights were None
2025-11-21 06:12:22,349 [WARNING] [common_simplified.activation_hooks] hook:230 - Layer 16: Attention weights were None
2025-11-21 06:12:22,354 [WARNING] [common_simplified.activation_hooks] hook:230 - Layer 19: Attention weights were None
2025-11-21 06:12:22,396 [WARNING] [common_simplified.activation_hooks] hook:230 - Layer 16: Attention weights were None
2025-11-21 06:12:22,401 [WARNING] [common_simplified.activation_hooks] hook:230 - Layer 19: Attention weights were None
2025-11-21 06:12:22,443 [WARNING] [common_simplified.activation_hooks] hook:230 - Layer 16: Attention weights were None
2025-11-21 06:12:22,448 [WARNING] [common_simplified.activation_hooks] hook:230 - Layer 19: Attention weights were None
2025-11-21 06:12:22,490 [WARNING] [common_simplified.activation_hooks] hook:230 - Layer 16: Attention weights were None
2025-11-21 06:12:22,495 [WARNING] [common_simplified.activation_hooks] hook:230 - Layer 19: Attention weights were None
2025-11-21 06:12:22,537 [WARNING] [common_simplified.activation_hooks] hook:230 - Layer 16: Attention weights were None
2025-11-21 06:12:22,542 [WARNING] [common_simplified.activation_hooks] hook:230 - Layer 19: Attention weights were None
2025-11-21 06:12:22,585 [WARNING] [common_simplified.activation_hooks] hook:230 - Layer 16: Attention weights were None
2025-11-21 06:12:22,590 [WARNING] [common_simplified.activation_hooks] hook:230 - Layer 19: Attention weights were None
2025-11-21 06:12:22,632 [WARNING] [common_simplified.activation_hooks] hook:230 - Layer 16: Attention weights were None
2025-11-21 06:12:22,638 [WARNING] [common_simplified.activation_hooks] hook:230 - Layer 19: Attention weights were None
2025-11-21 06:12:22,680 [WARNING] [common_simplified.activation_hooks] hook:230 - Layer 16: Attention weights were None
2025-11-21 06:12:22,685 [WARNING] [common_simplified.activation_hooks] hook:230 - Layer 19: Attention weights were None
2025-11-21 06:12:22,728 [WARNING] [common_simplified.activation_hooks] hook:230 - Layer 16: Attention weights were None
2025-11-21 06:12:22,734 [WARNING] [common_simplified.activation_hooks] hook:230 - Layer 19: Attention weights were None
2025-11-21 06:12:22,774 [WARNING] [common_simplified.activation_hooks] hook:230 - Layer 16: Attention weights were None
2025-11-21 06:12:22,780 [WARNING] [common_simplified.activation_hooks] hook:230 - Layer 19: Attention weights were None
2025-11-21 06:12:22,821 [WARNING] [common_simplified.activation_hooks] hook:230 - Layer 16: Attention weights were None
2025-11-21 06:12:22,827 [WARNING] [common_simplified.activation_hooks] hook:230 - Layer 19: Attention weights were None
2025-11-21 06:12:22,868 [WARNING] [common_simplified.activation_hooks] hook:230 - Layer 16: Attention weights were None
2025-11-21 06:12:22,873 [WARNING] [common_simplified.activation_hooks] hook:230 - Layer 19: Attention weights were None
2025-11-21 06:12:22,916 [WARNING] [common_simplified.activation_hooks] hook:230 - Layer 16: Attention weights were None
2025-11-21 06:12:22,921 [WARNING] [common_simplified.activation_hooks] hook:230 - Layer 19: Attention weights were None
2025-11-21 06:12:22,964 [WARNING] [common_simplified.activation_hooks] hook:230 - Layer 16: Attention weights were None
2025-11-21 06:12:22,970 [WARNING] [common_simplified.activation_hooks] hook:230 - Layer 19: Attention weights were None
2025-11-21 06:12:23,011 [WARNING] [common_simplified.activation_hooks] hook:230 - Layer 16: Attention weights were None
2025-11-21 06:12:23,017 [WARNING] [common_simplified.activation_hooks] hook:230 - Layer 19: Attention weights were None
2025-11-21 06:12:23,059 [WARNING] [common_simplified.activation_hooks] hook:230 - Layer 16: Attention weights were None
2025-11-21 06:12:23,065 [WARNING] [common_simplified.activation_hooks] hook:230 - Layer 19: Attention weights were None
2025-11-21 06:12:23,107 [WARNING] [common_simplified.activation_hooks] hook:230 - Layer 16: Attention weights were None
2025-11-21 06:12:23,112 [WARNING] [common_simplified.activation_hooks] hook:230 - Layer 19: Attention weights were None
2025-11-21 06:12:23,155 [WARNING] [common_simplified.activation_hooks] hook:230 - Layer 16: Attention weights were None
2025-11-21 06:12:23,161 [WARNING] [common_simplified.activation_hooks] hook:230 - Layer 19: Attention weights were None
2025-11-21 06:12:23,202 [WARNING] [common_simplified.activation_hooks] hook:230 - Layer 16: Attention weights were None
2025-11-21 06:12:23,208 [WARNING] [common_simplified.activation_hooks] hook:230 - Layer 19: Attention weights were None
2025-11-21 06:12:23,249 [WARNING] [common_simplified.activation_hooks] hook:230 - Layer 16: Attention weights were None
2025-11-21 06:12:23,255 [WARNING] [common_simplified.activation_hooks] hook:230 - Layer 19: Attention weights were None
2025-11-21 06:12:23,296 [WARNING] [common_simplified.activation_hooks] hook:230 - Layer 16: Attention weights were None
2025-11-21 06:12:23,301 [WARNING] [common_simplified.activation_hooks] hook:230 - Layer 19: Attention weights were None
2025-11-21 06:12:23,343 [WARNING] [common_simplified.activation_hooks] hook:230 - Layer 16: Attention weights were None
2025-11-21 06:12:23,349 [WARNING] [common_simplified.activation_hooks] hook:230 - Layer 19: Attention weights were None
2025-11-21 06:12:23,391 [WARNING] [common_simplified.activation_hooks] hook:230 - Layer 16: Attention weights were None
2025-11-21 06:12:23,397 [WARNING] [common_simplified.activation_hooks] hook:230 - Layer 19: Attention weights were None
2025-11-21 06:12:23,439 [WARNING] [common_simplified.activation_hooks] hook:230 - Layer 16: Attention weights were None
2025-11-21 06:12:23,444 [WARNING] [common_simplified.activation_hooks] hook:230 - Layer 19: Attention weights were None
2025-11-21 06:12:23,486 [WARNING] [common_simplified.activation_hooks] hook:230 - Layer 16: Attention weights were None
2025-11-21 06:12:23,491 [WARNING] [common_simplified.activation_hooks] hook:230 - Layer 19: Attention weights were None
2025-11-21 06:12:23,532 [WARNING] [common_simplified.activation_hooks] hook:230 - Layer 16: Attention weights were None
2025-11-21 06:12:23,538 [WARNING] [common_simplified.activation_hooks] hook:230 - Layer 19: Attention weights were None
2025-11-21 06:12:23,580 [WARNING] [common_simplified.activation_hooks] hook:230 - Layer 16: Attention weights were None
2025-11-21 06:12:23,585 [WARNING] [common_simplified.activation_hooks] hook:230 - Layer 19: Attention weights were None
2025-11-21 06:12:23,626 [WARNING] [common_simplified.activation_hooks] hook:230 - Layer 16: Attention weights were None
2025-11-21 06:12:23,632 [WARNING] [common_simplified.activation_hooks] hook:230 - Layer 19: Attention weights were None
2025-11-21 06:12:23,674 [WARNING] [common_simplified.activation_hooks] hook:230 - Layer 16: Attention weights were None
2025-11-21 06:12:23,679 [WARNING] [common_simplified.activation_hooks] hook:230 - Layer 19: Attention weights were None
2025-11-21 06:12:23,721 [WARNING] [common_simplified.activation_hooks] hook:230 - Layer 16: Attention weights were None
2025-11-21 06:12:23,727 [WARNING] [common_simplified.activation_hooks] hook:230 - Layer 19: Attention weights were None
2025-11-21 06:12:23,769 [WARNING] [common_simplified.activation_hooks] hook:230 - Layer 16: Attention weights were None
2025-11-21 06:12:23,775 [WARNING] [common_simplified.activation_hooks] hook:230 - Layer 19: Attention weights were None
2025-11-21 06:12:23,816 [WARNING] [common_simplified.activation_hooks] hook:230 - Layer 16: Attention weights were None
2025-11-21 06:12:23,822 [WARNING] [common_simplified.activation_hooks] hook:230 - Layer 19: Attention weights were None
2025-11-21 06:12:23,864 [WARNING] [common_simplified.activation_hooks] hook:230 - Layer 16: Attention weights were None
2025-11-21 06:12:23,869 [WARNING] [common_simplified.activation_hooks] hook:230 - Layer 19: Attention weights were None
2025-11-21 06:12:23,911 [WARNING] [common_simplified.activation_hooks] hook:230 - Layer 16: Attention weights were None
2025-11-21 06:12:23,916 [WARNING] [common_simplified.activation_hooks] hook:230 - Layer 19: Attention weights were None
2025-11-21 06:12:23,958 [WARNING] [common_simplified.activation_hooks] hook:230 - Layer 16: Attention weights were None
2025-11-21 06:12:23,963 [WARNING] [common_simplified.activation_hooks] hook:230 - Layer 19: Attention weights were None
2025-11-21 06:12:24,004 [WARNING] [common_simplified.activation_hooks] hook:230 - Layer 16: Attention weights were None
2025-11-21 06:12:24,010 [WARNING] [common_simplified.activation_hooks] hook:230 - Layer 19: Attention weights were None
2025-11-21 06:12:24,051 [WARNING] [common_simplified.activation_hooks] hook:230 - Layer 16: Attention weights were None
2025-11-21 06:12:24,057 [WARNING] [common_simplified.activation_hooks] hook:230 - Layer 19: Attention weights were None
2025-11-21 06:12:24,098 [WARNING] [common_simplified.activation_hooks] hook:230 - Layer 16: Attention weights were None
2025-11-21 06:12:24,103 [WARNING] [common_simplified.activation_hooks] hook:230 - Layer 19: Attention weights were None
2025-11-21 06:12:24,145 [WARNING] [common_simplified.activation_hooks] hook:230 - Layer 16: Attention weights were None
2025-11-21 06:12:24,151 [WARNING] [common_simplified.activation_hooks] hook:230 - Layer 19: Attention weights were None
2025-11-21 06:12:24,193 [WARNING] [common_simplified.activation_hooks] hook:230 - Layer 16: Attention weights were None
2025-11-21 06:12:24,198 [WARNING] [common_simplified.activation_hooks] hook:230 - Layer 19: Attention weights were None
2025-11-21 06:12:24,239 [WARNING] [common_simplified.activation_hooks] hook:230 - Layer 16: Attention weights were None
2025-11-21 06:12:24,245 [WARNING] [common_simplified.activation_hooks] hook:230 - Layer 19: Attention weights were None
2025-11-21 06:12:24,287 [WARNING] [common_simplified.activation_hooks] hook:230 - Layer 16: Attention weights were None
2025-11-21 06:12:24,292 [WARNING] [common_simplified.activation_hooks] hook:230 - Layer 19: Attention weights were None
2025-11-21 06:12:24,334 [WARNING] [common_simplified.activation_hooks] hook:230 - Layer 16: Attention weights were None
2025-11-21 06:12:24,340 [WARNING] [common_simplified.activation_hooks] hook:230 - Layer 19: Attention weights were None
2025-11-21 06:12:24,381 [WARNING] [common_simplified.activation_hooks] hook:230 - Layer 16: Attention weights were None
2025-11-21 06:12:24,386 [WARNING] [common_simplified.activation_hooks] hook:230 - Layer 19: Attention weights were None
2025-11-21 06:12:24,429 [WARNING] [common_simplified.activation_hooks] hook:230 - Layer 16: Attention weights were None
2025-11-21 06:12:24,434 [WARNING] [common_simplified.activation_hooks] hook:230 - Layer 19: Attention weights were None
2025-11-21 06:12:24,475 [WARNING] [common_simplified.activation_hooks] hook:230 - Layer 16: Attention weights were None
2025-11-21 06:12:24,480 [WARNING] [common_simplified.activation_hooks] hook:230 - Layer 19: Attention weights were None
2025-11-21 06:12:24,522 [WARNING] [common_simplified.activation_hooks] hook:230 - Layer 16: Attention weights were None
2025-11-21 06:12:24,527 [WARNING] [common_simplified.activation_hooks] hook:230 - Layer 19: Attention weights were None
2025-11-21 06:12:24,569 [WARNING] [common_simplified.activation_hooks] hook:230 - Layer 16: Attention weights were None
2025-11-21 06:12:24,574 [WARNING] [common_simplified.activation_hooks] hook:230 - Layer 19: Attention weights were None
2025-11-21 06:12:24,616 [WARNING] [common_simplified.activation_hooks] hook:230 - Layer 16: Attention weights were None
2025-11-21 06:12:24,621 [WARNING] [common_simplified.activation_hooks] hook:230 - Layer 19: Attention weights were None
2025-11-21 06:12:24,664 [WARNING] [common_simplified.activation_hooks] hook:230 - Layer 16: Attention weights were None
2025-11-21 06:12:24,669 [WARNING] [common_simplified.activation_hooks] hook:230 - Layer 19: Attention weights were None
2025-11-21 06:12:24,710 [WARNING] [common_simplified.activation_hooks] hook:230 - Layer 16: Attention weights were None
2025-11-21 06:12:24,716 [WARNING] [common_simplified.activation_hooks] hook:230 - Layer 19: Attention weights were None
2025-11-21 06:12:24,758 [WARNING] [common_simplified.activation_hooks] hook:230 - Layer 16: Attention weights were None
2025-11-21 06:12:24,764 [WARNING] [common_simplified.activation_hooks] hook:230 - Layer 19: Attention weights were None
2025-11-21 06:12:24,805 [WARNING] [common_simplified.activation_hooks] hook:230 - Layer 16: Attention weights were None
2025-11-21 06:12:24,810 [WARNING] [common_simplified.activation_hooks] hook:230 - Layer 19: Attention weights were None
2025-11-21 06:12:24,852 [WARNING] [common_simplified.activation_hooks] hook:230 - Layer 16: Attention weights were None
2025-11-21 06:12:24,857 [WARNING] [common_simplified.activation_hooks] hook:230 - Layer 19: Attention weights were None
2025-11-21 06:12:24,899 [WARNING] [common_simplified.activation_hooks] hook:230 - Layer 16: Attention weights were None
2025-11-21 06:12:24,904 [WARNING] [common_simplified.activation_hooks] hook:230 - Layer 19: Attention weights were None
2025-11-21 06:12:24,945 [WARNING] [common_simplified.activation_hooks] hook:230 - Layer 16: Attention weights were None
2025-11-21 06:12:24,951 [WARNING] [common_simplified.activation_hooks] hook:230 - Layer 19: Attention weights were None
2025-11-21 06:12:24,992 [WARNING] [common_simplified.activation_hooks] hook:230 - Layer 16: Attention weights were None
2025-11-21 06:12:24,997 [WARNING] [common_simplified.activation_hooks] hook:230 - Layer 19: Attention weights were None
2025-11-21 06:12:25,040 [WARNING] [common_simplified.activation_hooks] hook:230 - Layer 16: Attention weights were None
2025-11-21 06:12:25,045 [WARNING] [common_simplified.activation_hooks] hook:230 - Layer 19: Attention weights were None
2025-11-21 06:12:25,087 [WARNING] [common_simplified.activation_hooks] hook:230 - Layer 16: Attention weights were None
2025-11-21 06:12:25,093 [WARNING] [common_simplified.activation_hooks] hook:230 - Layer 19: Attention weights were None
2025-11-21 06:12:25,135 [WARNING] [common_simplified.activation_hooks] hook:230 - Layer 16: Attention weights were None
2025-11-21 06:12:25,140 [WARNING] [common_simplified.activation_hooks] hook:230 - Layer 19: Attention weights were None
2025-11-21 06:12:25,183 [WARNING] [common_simplified.activation_hooks] hook:230 - Layer 16: Attention weights were None
2025-11-21 06:12:25,188 [WARNING] [common_simplified.activation_hooks] hook:230 - Layer 19: Attention weights were None
2025-11-21 06:12:25,231 [WARNING] [common_simplified.activation_hooks] hook:230 - Layer 16: Attention weights were None
2025-11-21 06:12:25,238 [WARNING] [common_simplified.activation_hooks] hook:230 - Layer 19: Attention weights were None
2025-11-21 06:12:25,279 [WARNING] [common_simplified.activation_hooks] hook:230 - Layer 16: Attention weights were None
2025-11-21 06:12:25,285 [WARNING] [common_simplified.activation_hooks] hook:230 - Layer 19: Attention weights were None
2025-11-21 06:12:25,327 [WARNING] [common_simplified.activation_hooks] hook:230 - Layer 16: Attention weights were None
2025-11-21 06:12:25,332 [WARNING] [common_simplified.activation_hooks] hook:230 - Layer 19: Attention weights were None
2025-11-21 06:12:25,373 [WARNING] [common_simplified.activation_hooks] hook:230 - Layer 16: Attention weights were None
2025-11-21 06:12:25,378 [WARNING] [common_simplified.activation_hooks] hook:230 - Layer 19: Attention weights were None
2025-11-21 06:12:25,419 [WARNING] [common_simplified.activation_hooks] hook:230 - Layer 16: Attention weights were None
2025-11-21 06:12:25,424 [WARNING] [common_simplified.activation_hooks] hook:230 - Layer 19: Attention weights were None
2025-11-21 06:12:25,466 [WARNING] [common_simplified.activation_hooks] hook:230 - Layer 16: Attention weights were None
2025-11-21 06:12:25,471 [WARNING] [common_simplified.activation_hooks] hook:230 - Layer 19: Attention weights were None
2025-11-21 06:12:25,512 [WARNING] [common_simplified.activation_hooks] hook:230 - Layer 16: Attention weights were None
2025-11-21 06:12:25,519 [WARNING] [common_simplified.activation_hooks] hook:230 - Layer 19: Attention weights were None
2025-11-21 06:12:25,561 [WARNING] [common_simplified.activation_hooks] hook:230 - Layer 16: Attention weights were None
2025-11-21 06:12:25,568 [WARNING] [common_simplified.activation_hooks] hook:230 - Layer 19: Attention weights were None
2025-11-21 06:12:25,616 [WARNING] [common_simplified.activation_hooks] hook:230 - Layer 16: Attention weights were None
2025-11-21 06:12:25,621 [WARNING] [common_simplified.activation_hooks] hook:230 - Layer 19: Attention weights were None
2025-11-21 06:12:25,667 [WARNING] [common_simplified.activation_hooks] hook:230 - Layer 16: Attention weights were None
2025-11-21 06:12:25,672 [WARNING] [common_simplified.activation_hooks] hook:230 - Layer 19: Attention weights were None
2025-11-21 06:12:25,713 [WARNING] [common_simplified.activation_hooks] hook:230 - Layer 16: Attention weights were None
2025-11-21 06:12:25,719 [WARNING] [common_simplified.activation_hooks] hook:230 - Layer 19: Attention weights were None
2025-11-21 06:12:25,760 [WARNING] [common_simplified.activation_hooks] hook:230 - Layer 16: Attention weights were None
2025-11-21 06:12:25,766 [WARNING] [common_simplified.activation_hooks] hook:230 - Layer 19: Attention weights were None
2025-11-21 06:12:25,807 [WARNING] [common_simplified.activation_hooks] hook:230 - Layer 16: Attention weights were None
2025-11-21 06:12:25,812 [WARNING] [common_simplified.activation_hooks] hook:230 - Layer 19: Attention weights were None
2025-11-21 06:12:25,854 [WARNING] [common_simplified.activation_hooks] hook:230 - Layer 16: Attention weights were None
2025-11-21 06:12:25,859 [WARNING] [common_simplified.activation_hooks] hook:230 - Layer 19: Attention weights were None
2025-11-21 06:12:25,900 [WARNING] [common_simplified.activation_hooks] hook:230 - Layer 16: Attention weights were None
2025-11-21 06:12:25,905 [WARNING] [common_simplified.activation_hooks] hook:230 - Layer 19: Attention weights were None
2025-11-21 06:12:25,947 [WARNING] [common_simplified.activation_hooks] hook:230 - Layer 16: Attention weights were None
2025-11-21 06:12:25,951 [WARNING] [common_simplified.activation_hooks] hook:230 - Layer 19: Attention weights were None
2025-11-21 06:12:25,992 [WARNING] [common_simplified.activation_hooks] hook:230 - Layer 16: Attention weights were None
2025-11-21 06:12:25,997 [WARNING] [common_simplified.activation_hooks] hook:230 - Layer 19: Attention weights were None
2025-11-21 06:12:26,038 [WARNING] [common_simplified.activation_hooks] hook:230 - Layer 16: Attention weights were None
2025-11-21 06:12:26,043 [WARNING] [common_simplified.activation_hooks] hook:230 - Layer 19: Attention weights were None
2025-11-21 06:12:26,086 [WARNING] [common_simplified.activation_hooks] hook:230 - Layer 16: Attention weights were None
2025-11-21 06:12:26,091 [WARNING] [common_simplified.activation_hooks] hook:230 - Layer 19: Attention weights were None
2025-11-21 06:12:26,132 [WARNING] [common_simplified.activation_hooks] hook:230 - Layer 16: Attention weights were None
2025-11-21 06:12:26,137 [WARNING] [common_simplified.activation_hooks] hook:230 - Layer 19: Attention weights were None
2025-11-21 06:12:26,178 [WARNING] [common_simplified.activation_hooks] hook:230 - Layer 16: Attention weights were None
2025-11-21 06:12:26,184 [WARNING] [common_simplified.activation_hooks] hook:230 - Layer 19: Attention weights were None
2025-11-21 06:12:26,225 [WARNING] [common_simplified.activation_hooks] hook:230 - Layer 16: Attention weights were None
2025-11-21 06:12:26,230 [WARNING] [common_simplified.activation_hooks] hook:230 - Layer 19: Attention weights were None
2025-11-21 06:12:26,271 [WARNING] [common_simplified.activation_hooks] hook:230 - Layer 16: Attention weights were None
2025-11-21 06:12:26,276 [WARNING] [common_simplified.activation_hooks] hook:230 - Layer 19: Attention weights were None
2025-11-21 06:12:26,320 [WARNING] [common_simplified.activation_hooks] hook:230 - Layer 16: Attention weights were None
2025-11-21 06:12:26,325 [WARNING] [common_simplified.activation_hooks] hook:230 - Layer 19: Attention weights were None
2025-11-21 06:12:26,368 [WARNING] [common_simplified.activation_hooks] hook:230 - Layer 16: Attention weights were None
2025-11-21 06:12:26,372 [WARNING] [common_simplified.activation_hooks] hook:230 - Layer 19: Attention weights were None
2025-11-21 06:12:26,413 [WARNING] [common_simplified.activation_hooks] hook:230 - Layer 16: Attention weights were None
2025-11-21 06:12:26,419 [WARNING] [common_simplified.activation_hooks] hook:230 - Layer 19: Attention weights were None
2025-11-21 06:12:26,459 [WARNING] [common_simplified.activation_hooks] hook:230 - Layer 16: Attention weights were None
2025-11-21 06:12:26,464 [WARNING] [common_simplified.activation_hooks] hook:230 - Layer 19: Attention weights were None
2025-11-21 06:12:26,505 [WARNING] [common_simplified.activation_hooks] hook:230 - Layer 16: Attention weights were None
2025-11-21 06:12:26,510 [WARNING] [common_simplified.activation_hooks] hook:230 - Layer 19: Attention weights were None
2025-11-21 06:12:26,552 [WARNING] [common_simplified.activation_hooks] hook:230 - Layer 16: Attention weights were None
2025-11-21 06:12:26,557 [WARNING] [common_simplified.activation_hooks] hook:230 - Layer 19: Attention weights were None
2025-11-21 06:12:26,598 [WARNING] [common_simplified.activation_hooks] hook:230 - Layer 16: Attention weights were None
2025-11-21 06:12:26,604 [WARNING] [common_simplified.activation_hooks] hook:230 - Layer 19: Attention weights were None
2025-11-21 06:12:26,646 [WARNING] [common_simplified.activation_hooks] hook:230 - Layer 16: Attention weights were None
2025-11-21 06:12:26,652 [WARNING] [common_simplified.activation_hooks] hook:230 - Layer 19: Attention weights were None
2025-11-21 06:12:26,695 [WARNING] [common_simplified.activation_hooks] hook:230 - Layer 16: Attention weights were None
2025-11-21 06:12:26,700 [WARNING] [common_simplified.activation_hooks] hook:230 - Layer 19: Attention weights were None
2025-11-21 06:12:26,743 [WARNING] [common_simplified.activation_hooks] hook:230 - Layer 16: Attention weights were None
2025-11-21 06:12:26,749 [WARNING] [common_simplified.activation_hooks] hook:230 - Layer 19: Attention weights were None
2025-11-21 06:12:26,792 [WARNING] [common_simplified.activation_hooks] hook:230 - Layer 16: Attention weights were None
2025-11-21 06:12:26,798 [WARNING] [common_simplified.activation_hooks] hook:230 - Layer 19: Attention weights were None
2025-11-21 06:12:26,840 [WARNING] [common_simplified.activation_hooks] hook:230 - Layer 16: Attention weights were None
2025-11-21 06:12:26,846 [WARNING] [common_simplified.activation_hooks] hook:230 - Layer 19: Attention weights were None
2025-11-21 06:12:26,888 [WARNING] [common_simplified.activation_hooks] hook:230 - Layer 16: Attention weights were None
2025-11-21 06:12:26,893 [WARNING] [common_simplified.activation_hooks] hook:230 - Layer 19: Attention weights were None
2025-11-21 06:12:26,936 [WARNING] [common_simplified.activation_hooks] hook:230 - Layer 16: Attention weights were None
2025-11-21 06:12:26,942 [WARNING] [common_simplified.activation_hooks] hook:230 - Layer 19: Attention weights were None
2025-11-21 06:12:26,983 [WARNING] [common_simplified.activation_hooks] hook:230 - Layer 16: Attention weights were None
2025-11-21 06:12:26,988 [WARNING] [common_simplified.activation_hooks] hook:230 - Layer 19: Attention weights were None
2025-11-21 06:12:27,030 [WARNING] [common_simplified.activation_hooks] hook:230 - Layer 16: Attention weights were None
2025-11-21 06:12:27,036 [WARNING] [common_simplified.activation_hooks] hook:230 - Layer 19: Attention weights were None
2025-11-21 06:12:27,077 [WARNING] [common_simplified.activation_hooks] hook:230 - Layer 16: Attention weights were None
2025-11-21 06:12:27,083 [WARNING] [common_simplified.activation_hooks] hook:230 - Layer 19: Attention weights were None
2025-11-21 06:12:27,124 [WARNING] [common_simplified.activation_hooks] hook:230 - Layer 16: Attention weights were None
2025-11-21 06:12:27,130 [WARNING] [common_simplified.activation_hooks] hook:230 - Layer 19: Attention weights were None
2025-11-21 06:12:27,172 [WARNING] [common_simplified.activation_hooks] hook:230 - Layer 16: Attention weights were None
2025-11-21 06:12:27,177 [WARNING] [common_simplified.activation_hooks] hook:230 - Layer 19: Attention weights were None
2025-11-21 06:12:27,219 [WARNING] [common_simplified.activation_hooks] hook:230 - Layer 16: Attention weights were None
2025-11-21 06:12:27,224 [WARNING] [common_simplified.activation_hooks] hook:230 - Layer 19: Attention weights were None
2025-11-21 06:12:27,266 [WARNING] [common_simplified.activation_hooks] hook:230 - Layer 16: Attention weights were None
2025-11-21 06:12:27,271 [WARNING] [common_simplified.activation_hooks] hook:230 - Layer 19: Attention weights were None
2025-11-21 06:12:27,314 [WARNING] [common_simplified.activation_hooks] hook:230 - Layer 16: Attention weights were None
2025-11-21 06:12:27,320 [WARNING] [common_simplified.activation_hooks] hook:230 - Layer 19: Attention weights were None
2025-11-21 06:12:27,334 [ERROR] [main] main:1913 - Phase 3.5 failed: Got unsupported ScalarType BFloat16
