2025-11-24 10:32:09,123 [INFO] [main] setup_logging:167 - Phase: 7.3, GPU: CPU
2025-11-24 10:32:09,123 [INFO] [main] main:1733 - Detected device: cuda
2025-11-24 10:32:12,185 [INFO] [common_simplified.model_loader] setup_logging:167 - Phase: 7.3, GPU: CPU
2025-11-24 10:32:12,186 [INFO] [common_simplified.activation_hooks] setup_logging:167 - Phase: 7.3, GPU: CPU
2025-11-24 10:32:12,186 [INFO] [common_simplified.helpers] setup_logging:167 - Phase: 7.3, GPU: CPU
2025-11-24 10:32:12,187 [INFO] [common.retry_utils] setup_logging:167 - Phase: 7.3, GPU: CPU
2025-11-24 10:32:12,187 [INFO] [instruct_baseline_runner] setup_logging:167 - Phase: 7.3, GPU: CPU
2025-11-24 10:32:12,187 [INFO] [main] run_phase7_3:625 - Starting Phase 7.3: Instruction-Tuned Model Baseline Generation
2025-11-24 10:32:12,187 [INFO] [main] run_phase7_3:626 - Will auto-discover best layers from Phase 2.5/2.10 output
2025-11-24 10:32:12,187 [INFO] [main] run_phase7_3:627 - Using validation split from Phase 0.1 (388 problems)
2025-11-24 10:32:12,188 [INFO] [main] run_phase7_3:630 - 
============================================================
CONFIGURATION
============================================================

ACTIVATION Settings:
  activation_cleanup_after_batch: True
  activation_clear_cache_between_layers: True
  activation_hook_type: resid_post
  activation_layers: [1, 2, 3, 4, 5, 6, 7, 8, 9, 10, 11, 12, 13, 14, 15, 16, 17, 18, 19, 20, 21, 22, 23, 24, 25]
  activation_max_cache_gb: 10.0
  activation_max_length: 2048
  activation_position: -1

AUTOSAVE Settings:
  autosave_frequency: 100
  autosave_keep_last: 3

CHECKPOINT Settings:
  checkpoint_dir: checkpoints
  checkpoint_frequency: 50

CONTINUE Settings:
  continue_on_error: True

DATASET Settings:
  dataset_dir: data/phase1_0
  dataset_end_idx: None
  dataset_name: humaneval
  dataset_split: test
  dataset_start_idx: 0

ENABLE Settings:
  enable_timing_stats: True

EVALUATION Settings:
  evaluation_random_seed: 42

GC Settings:
  gc_collect_frequency: 50

LOG Settings:
  log_dir: data/logs

MAX Settings:
  max_gpu_memory_usage_gb: 30.0
  max_memory_usage_gb: 100.0
  max_retries: 3

MEMORY Settings:
  memory_cleanup_frequency: 100

MODEL Settings:
  model_device: None
  model_dtype: None
  model_max_new_tokens: 800
  model_name: google/gemma-2-2b
  model_temperature: 0.0
  model_trust_remote_code: True

ORTHOGONALIZATION Settings:
  orthogonalization_target_weights: [embed, attn_o, mlp_down]

PHASE0 Settings:
  phase0_1_output_dir: data/phase0_1
  phase0_2_output_dir: data/phase0_2_humaneval
  phase0_3_output_dir: data/phase0_3_humaneval
  phase0_output_dir: data/phase0

PHASE1 Settings:
  phase1_output_dir: data/phase1_0

PHASE2 Settings:
  phase2_10_output_dir: data/phase2_10
  phase2_15_output_dir: data/phase2_15
  phase2_2_output_dir: data/phase2_2
  phase2_5_output_dir: data/phase2_5
  phase2_output_dir: data/phase2

PHASE3 Settings:
  phase3_10_output_dir: data/phase3_10
  phase3_10_temperatures: [0.0, 0.2, 0.4, 0.6, 0.8, 1.0, 1.2, 1.4]
  phase3_11_output_dir: data/phase3_11
  phase3_12_output_dir: data/phase3_12
  phase3_5_output_dir: data/phase3_5
  phase3_6_output_dir: data/phase3_6
  phase3_8_output_dir: data/phase3_8
  phase3_output_dir: data/phase3

PHASE4 Settings:
  phase4_10_min_activation_freq: 0.001
  phase4_10_n_features: 10
  phase4_10_output_dir: data/phase4_10
  phase4_10_separation_threshold: 0.01
  phase4_12_output_dir: data/phase4_12
  phase4_14_output_dir: data/phase4_14
  phase4_14_significance_level: 0.05
  phase4_5_correct_coefficients: [10.0, 20.0, 30.0, 40.0, 50.0, 60.0, 70.0, 80.0, 90.0, 100.0]
  phase4_5_experiment_mode: all
  phase4_5_incorrect_coefficients: [100.0, 200.0, 300.0, 400.0, 500.0, 600.0, 700.0, 800.0, 900.0, 1000.0]
  phase4_5_meaningful_effect_threshold: 5.0
  phase4_5_output_dir: data/phase4_5
  phase4_5_plateau_threshold: 2.0
  phase4_5_search_tolerance: 2.0
  phase4_6_experiment_mode: all
  phase4_6_output_dir: data/phase4_6
  phase4_6_tolerance: 1.0
  phase4_8_correct_coefficient: 29
  phase4_8_experiment_mode: all
  phase4_8_incorrect_coefficient: 287
  phase4_8_output_dir: data/phase4_8

PHASE5 Settings:
  phase5_3_output_dir: data/phase5_3
  phase5_6_output_dir: data/phase5_6
  phase5_9_output_dir: data/phase5_9
  phase5_9_significance_level: 0.05

PHASE6 Settings:
  phase6_3_output_dir: data/phase6_3

PHASE7 Settings:
  **phase7_3_model_name**: google/gemma-2-2b-it
  **phase7_3_output_dir**: data/phase7_3
  phase7_12_output_dir: data/phase7_12
  phase7_6_model_name: google/gemma-2-2b-it
  phase7_6_output_dir: data/phase7_6

PHASE8 Settings:
  phase8_1_output_dir: data/phase8_1
  phase8_2_output_dir: data/phase8_2
  phase8_3_output_dir: data/phase8_3
  phase8_3_percentile: 70.0
  phase8_3_use_percentile_threshold: True

PILE Settings:
  pile_filter_enabled: True
  pile_samples: 10000
  pile_threshold: 0.02

PROGRESS Settings:
  progress_log_frequency: 10

RETRY Settings:
  retry_backoff: 1.0

SAE Settings:
  sae_checkpoint_dir: data/phase2/sae_checkpoints
  sae_cleanup_after_layer: True
  sae_hook_component: resid_post
  sae_latent_threshold: 0.02
  sae_repo_id: google/gemma-scope-2b-pt-res
  sae_save_after_each_layer: True
  sae_sparsity: 71
  sae_use_memory_mapping: False
  sae_width: 16k

SHOW Settings:
  show_progress_bar: True

SPLIT Settings:
  split_n_strata: 10
  split_random_seed: 42
  split_ratio_tolerance: 0.02

T Settings:
  t_statistic_min_samples: 10

TEMPERATURE Settings:
  temperature_samples_per_temp: 3
  temperature_variation_temps: [0.0]

TIMEOUT Settings:
  timeout_per_record: 300.0

VERBOSE Settings:
  verbose: False

============================================================
2025-11-24 10:32:12,188 [INFO] [instruct_baseline_runner] __init__:116 - Loading INSTRUCTION-TUNED model google/gemma-2-2b-it on device: cuda
2025-11-24 10:32:12,232 [INFO] [common_simplified.model_loader] load_model_and_tokenizer:47 - Loading model google/gemma-2-2b-it on cuda with dtype torch.bfloat16
2025-11-24 10:32:13,732 [INFO] [common_simplified.model_loader] load_model_and_tokenizer:56 - Loading model to cuda...
2025-11-24 10:32:16,280 [INFO] [common_simplified.model_loader] load_model_and_tokenizer:86 - Model successfully loaded on cuda:0
2025-11-24 10:32:16,281 [INFO] [common_simplified.model_loader] load_model_and_tokenizer:88 - Model loaded successfully: Gemma2ForCausalLM
2025-11-24 10:32:16,282 [INFO] [common_simplified.model_loader] load_model_and_tokenizer:89 - Model size: 2.61B parameters
2025-11-24 10:32:16,282 [WARNING] [instruct_baseline_runner] __init__:126 - Model is on cuda:0 but expected cuda
2025-11-24 10:32:16,282 [INFO] [instruct_baseline_runner] _discover_best_layers:80 - Using features from Phase 2.10: data/phase2_10/top_20_features.json
2025-11-24 10:32:16,282 [INFO] [instruct_baseline_runner] _discover_best_layers:101 - Discovered best layers - Correct: layer 16, Incorrect: layer 19
2025-11-24 10:32:16,282 [INFO] [instruct_baseline_runner] _setup_activation_extraction:147 - Using different layers - Correct: 16, Incorrect: 19
2025-11-24 10:32:16,282 [INFO] [instruct_baseline_runner] run:373 - Starting Phase 7.3: Instruction-Tuned Model Baseline Generation
2025-11-24 10:32:16,283 [INFO] [instruct_baseline_runner] run:374 - Using instruction-tuned model: google/gemma-2-2b-it
2025-11-24 10:32:16,283 [INFO] [instruct_baseline_runner] run:375 - Extracting activations from layers: [16, 19]
2025-11-24 10:32:16,304 [INFO] [instruct_baseline_runner] _load_validation_data:171 - Loaded 164 validation problems for instruction-tuned baseline
2025-11-24 10:32:16,304 [INFO] [instruct_baseline_runner] run:379 - Loaded 164 validation problems
2025-11-24 10:32:16,304 [INFO] [instruct_baseline_runner] _setup_output_directories:252 - Using output directory: data/phase7_3_humaneval
2025-11-24 10:32:16,306 [INFO] [instruct_baseline_runner] run:428 - Starting task 1/164: 0
2025-11-24 10:32:16,306 [INFO] [common_simplified.activation_hooks] setup_hooks:53 - Set up hooks for 2 layers to capture residual stream
2025-11-24 10:32:45,306 [INFO] [instruct_baseline_runner] run:428 - Starting task 2/164: 1
2025-11-24 10:32:45,307 [INFO] [common_simplified.activation_hooks] setup_hooks:53 - Set up hooks for 2 layers to capture residual stream
2025-11-24 10:33:20,227 [INFO] [instruct_baseline_runner] run:428 - Starting task 3/164: 2
2025-11-24 10:33:20,227 [INFO] [common_simplified.activation_hooks] setup_hooks:53 - Set up hooks for 2 layers to capture residual stream
2025-11-24 10:33:42,159 [INFO] [instruct_baseline_runner] run:428 - Starting task 4/164: 3
2025-11-24 10:33:42,159 [INFO] [common_simplified.activation_hooks] setup_hooks:53 - Set up hooks for 2 layers to capture residual stream
2025-11-24 10:34:03,012 [INFO] [instruct_baseline_runner] run:428 - Starting task 5/164: 4
2025-11-24 10:34:03,013 [INFO] [common_simplified.activation_hooks] setup_hooks:53 - Set up hooks for 2 layers to capture residual stream
2025-11-24 10:34:25,261 [INFO] [instruct_baseline_runner] run:428 - Starting task 6/164: 5
2025-11-24 10:34:25,261 [INFO] [common_simplified.activation_hooks] setup_hooks:53 - Set up hooks for 2 layers to capture residual stream
2025-11-24 10:34:50,351 [INFO] [instruct_baseline_runner] run:428 - Starting task 7/164: 6
2025-11-24 10:34:50,352 [INFO] [common_simplified.activation_hooks] setup_hooks:53 - Set up hooks for 2 layers to capture residual stream
2025-11-24 10:35:22,569 [INFO] [instruct_baseline_runner] run:428 - Starting task 8/164: 7
2025-11-24 10:35:22,570 [INFO] [common_simplified.activation_hooks] setup_hooks:53 - Set up hooks for 2 layers to capture residual stream
2025-11-24 10:35:47,268 [INFO] [instruct_baseline_runner] run:428 - Starting task 9/164: 8
2025-11-24 10:35:47,269 [INFO] [common_simplified.activation_hooks] setup_hooks:53 - Set up hooks for 2 layers to capture residual stream
2025-11-24 10:36:10,811 [INFO] [instruct_baseline_runner] run:428 - Starting task 10/164: 9
2025-11-24 10:36:10,811 [INFO] [common_simplified.activation_hooks] setup_hooks:53 - Set up hooks for 2 layers to capture residual stream
2025-11-24 10:36:38,924 [INFO] [instruct_baseline_runner] run:428 - Starting task 11/164: 10
2025-11-24 10:36:38,925 [INFO] [common_simplified.activation_hooks] setup_hooks:53 - Set up hooks for 2 layers to capture residual stream
2025-11-24 10:37:15,294 [INFO] [instruct_baseline_runner] run:428 - Starting task 12/164: 11
2025-11-24 10:37:15,295 [INFO] [common_simplified.activation_hooks] setup_hooks:53 - Set up hooks for 2 layers to capture residual stream
2025-11-24 10:37:39,417 [INFO] [instruct_baseline_runner] run:428 - Starting task 13/164: 12
2025-11-24 10:37:39,417 [INFO] [common_simplified.activation_hooks] setup_hooks:53 - Set up hooks for 2 layers to capture residual stream
2025-11-24 10:38:00,315 [INFO] [instruct_baseline_runner] run:428 - Starting task 14/164: 13
2025-11-24 10:38:00,315 [INFO] [common_simplified.activation_hooks] setup_hooks:53 - Set up hooks for 2 layers to capture residual stream
2025-11-24 10:38:23,388 [INFO] [instruct_baseline_runner] run:428 - Starting task 15/164: 14
2025-11-24 10:38:23,388 [INFO] [common_simplified.activation_hooks] setup_hooks:53 - Set up hooks for 2 layers to capture residual stream
2025-11-24 10:38:46,782 [INFO] [instruct_baseline_runner] run:428 - Starting task 16/164: 15
2025-11-24 10:38:46,782 [INFO] [common_simplified.activation_hooks] setup_hooks:53 - Set up hooks for 2 layers to capture residual stream
2025-11-24 10:39:06,150 [INFO] [instruct_baseline_runner] run:428 - Starting task 17/164: 16
2025-11-24 10:39:06,151 [INFO] [common_simplified.activation_hooks] setup_hooks:53 - Set up hooks for 2 layers to capture residual stream
2025-11-24 10:39:29,330 [INFO] [instruct_baseline_runner] run:428 - Starting task 18/164: 17
2025-11-24 10:39:29,330 [INFO] [common_simplified.activation_hooks] setup_hooks:53 - Set up hooks for 2 layers to capture residual stream
2025-11-24 10:39:57,698 [INFO] [instruct_baseline_runner] run:428 - Starting task 19/164: 18
2025-11-24 10:39:57,698 [INFO] [common_simplified.activation_hooks] setup_hooks:53 - Set up hooks for 2 layers to capture residual stream
2025-11-24 10:40:29,999 [INFO] [instruct_baseline_runner] run:428 - Starting task 20/164: 19
2025-11-24 10:40:29,999 [INFO] [common_simplified.activation_hooks] setup_hooks:53 - Set up hooks for 2 layers to capture residual stream
2025-11-24 10:40:49,148 [INFO] [instruct_baseline_runner] run:428 - Starting task 21/164: 20
2025-11-24 10:40:49,148 [INFO] [common_simplified.activation_hooks] setup_hooks:53 - Set up hooks for 2 layers to capture residual stream
2025-11-24 10:41:24,950 [INFO] [instruct_baseline_runner] run:428 - Starting task 22/164: 21
2025-11-24 10:41:24,950 [INFO] [common_simplified.activation_hooks] setup_hooks:53 - Set up hooks for 2 layers to capture residual stream
2025-11-24 10:41:46,733 [INFO] [instruct_baseline_runner] run:428 - Starting task 23/164: 22
2025-11-24 10:41:46,733 [INFO] [common_simplified.activation_hooks] setup_hooks:53 - Set up hooks for 2 layers to capture residual stream
2025-11-24 10:42:06,974 [INFO] [instruct_baseline_runner] run:428 - Starting task 24/164: 23
2025-11-24 10:42:06,974 [INFO] [common_simplified.activation_hooks] setup_hooks:53 - Set up hooks for 2 layers to capture residual stream
2025-11-24 10:42:24,453 [INFO] [instruct_baseline_runner] run:428 - Starting task 25/164: 24
2025-11-24 10:42:24,453 [INFO] [common_simplified.activation_hooks] setup_hooks:53 - Set up hooks for 2 layers to capture residual stream
2025-11-24 10:42:45,650 [INFO] [instruct_baseline_runner] run:428 - Starting task 26/164: 25
2025-11-24 10:42:45,651 [INFO] [common_simplified.activation_hooks] setup_hooks:53 - Set up hooks for 2 layers to capture residual stream
2025-11-24 10:43:17,350 [INFO] [instruct_baseline_runner] run:428 - Starting task 27/164: 26
2025-11-24 10:43:17,350 [INFO] [common_simplified.activation_hooks] setup_hooks:53 - Set up hooks for 2 layers to capture residual stream
2025-11-24 10:43:43,237 [INFO] [instruct_baseline_runner] run:428 - Starting task 28/164: 27
2025-11-24 10:43:43,238 [INFO] [common_simplified.activation_hooks] setup_hooks:53 - Set up hooks for 2 layers to capture residual stream
2025-11-24 10:44:05,049 [INFO] [instruct_baseline_runner] run:428 - Starting task 29/164: 28
2025-11-24 10:44:05,049 [INFO] [common_simplified.activation_hooks] setup_hooks:53 - Set up hooks for 2 layers to capture residual stream
2025-11-24 10:44:25,081 [INFO] [instruct_baseline_runner] run:428 - Starting task 30/164: 29
2025-11-24 10:44:25,082 [INFO] [common_simplified.activation_hooks] setup_hooks:53 - Set up hooks for 2 layers to capture residual stream
2025-11-24 10:44:49,253 [INFO] [instruct_baseline_runner] run:428 - Starting task 31/164: 30
2025-11-24 10:44:49,253 [INFO] [common_simplified.activation_hooks] setup_hooks:53 - Set up hooks for 2 layers to capture residual stream
2025-11-24 10:45:08,732 [INFO] [instruct_baseline_runner] run:428 - Starting task 32/164: 31
2025-11-24 10:45:08,732 [INFO] [common_simplified.activation_hooks] setup_hooks:53 - Set up hooks for 2 layers to capture residual stream
2025-11-24 10:45:34,947 [INFO] [instruct_baseline_runner] run:428 - Starting task 33/164: 32
2025-11-24 10:45:34,948 [INFO] [common_simplified.activation_hooks] setup_hooks:53 - Set up hooks for 2 layers to capture residual stream
2025-11-24 10:46:03,606 [INFO] [instruct_baseline_runner] run:428 - Starting task 34/164: 33
2025-11-24 10:46:03,606 [INFO] [common_simplified.activation_hooks] setup_hooks:53 - Set up hooks for 2 layers to capture residual stream
2025-11-24 10:46:34,517 [INFO] [instruct_baseline_runner] run:428 - Starting task 35/164: 34
2025-11-24 10:46:34,517 [INFO] [common_simplified.activation_hooks] setup_hooks:53 - Set up hooks for 2 layers to capture residual stream
2025-11-24 10:46:50,310 [INFO] [instruct_baseline_runner] run:428 - Starting task 36/164: 35
2025-11-24 10:46:50,311 [INFO] [common_simplified.activation_hooks] setup_hooks:53 - Set up hooks for 2 layers to capture residual stream
2025-11-24 10:47:16,145 [INFO] [instruct_baseline_runner] run:428 - Starting task 37/164: 36
2025-11-24 10:47:16,146 [INFO] [common_simplified.activation_hooks] setup_hooks:53 - Set up hooks for 2 layers to capture residual stream
2025-11-24 10:47:47,230 [INFO] [instruct_baseline_runner] run:428 - Starting task 38/164: 37
2025-11-24 10:47:47,230 [INFO] [common_simplified.activation_hooks] setup_hooks:53 - Set up hooks for 2 layers to capture residual stream
2025-11-24 10:48:15,849 [INFO] [instruct_baseline_runner] run:428 - Starting task 39/164: 38
2025-11-24 10:48:15,850 [INFO] [common_simplified.activation_hooks] setup_hooks:53 - Set up hooks for 2 layers to capture residual stream
2025-11-24 10:48:35,256 [INFO] [instruct_baseline_runner] run:428 - Starting task 40/164: 39
2025-11-24 10:48:35,257 [INFO] [common_simplified.activation_hooks] setup_hooks:53 - Set up hooks for 2 layers to capture residual stream
2025-11-24 10:49:13,174 [INFO] [instruct_baseline_runner] run:428 - Starting task 41/164: 40
2025-11-24 10:49:13,175 [INFO] [common_simplified.activation_hooks] setup_hooks:53 - Set up hooks for 2 layers to capture residual stream
2025-11-24 10:49:54,062 [INFO] [instruct_baseline_runner] run:428 - Starting task 42/164: 41
2025-11-24 10:49:54,063 [INFO] [common_simplified.activation_hooks] setup_hooks:53 - Set up hooks for 2 layers to capture residual stream
2025-11-24 10:50:23,436 [INFO] [instruct_baseline_runner] run:428 - Starting task 43/164: 42
2025-11-24 10:50:23,437 [INFO] [common_simplified.activation_hooks] setup_hooks:53 - Set up hooks for 2 layers to capture residual stream
2025-11-24 10:50:44,410 [INFO] [instruct_baseline_runner] run:428 - Starting task 44/164: 43
2025-11-24 10:50:44,411 [INFO] [common_simplified.activation_hooks] setup_hooks:53 - Set up hooks for 2 layers to capture residual stream
2025-11-24 10:51:15,013 [INFO] [instruct_baseline_runner] run:428 - Starting task 45/164: 44
2025-11-24 10:51:15,014 [INFO] [common_simplified.activation_hooks] setup_hooks:53 - Set up hooks for 2 layers to capture residual stream
2025-11-24 10:51:44,487 [INFO] [instruct_baseline_runner] run:428 - Starting task 46/164: 45
2025-11-24 10:51:44,487 [INFO] [common_simplified.activation_hooks] setup_hooks:53 - Set up hooks for 2 layers to capture residual stream
2025-11-24 10:52:06,894 [INFO] [instruct_baseline_runner] run:428 - Starting task 47/164: 46
2025-11-24 10:52:06,894 [INFO] [common_simplified.activation_hooks] setup_hooks:53 - Set up hooks for 2 layers to capture residual stream
2025-11-24 10:52:38,524 [INFO] [instruct_baseline_runner] run:428 - Starting task 48/164: 47
2025-11-24 10:52:38,524 [INFO] [common_simplified.activation_hooks] setup_hooks:53 - Set up hooks for 2 layers to capture residual stream
2025-11-24 10:53:06,853 [INFO] [instruct_baseline_runner] run:428 - Starting task 49/164: 48
2025-11-24 10:53:06,853 [INFO] [common_simplified.activation_hooks] setup_hooks:53 - Set up hooks for 2 layers to capture residual stream
2025-11-24 10:53:28,629 [INFO] [instruct_baseline_runner] run:428 - Starting task 50/164: 49
2025-11-24 10:53:28,629 [INFO] [common_simplified.activation_hooks] setup_hooks:53 - Set up hooks for 2 layers to capture residual stream
2025-11-24 10:54:00,817 [INFO] [instruct_baseline_runner] save_checkpoint:327 - Saved checkpoint 1 with 50 tasks to data/phase7_3_humaneval/checkpoint_0001.parquet
2025-11-24 10:54:00,959 [INFO] [instruct_baseline_runner] run:473 - Memory after checkpoint: 5.6%
2025-11-24 10:54:00,960 [INFO] [instruct_baseline_runner] run:428 - Starting task 51/164: 50
2025-11-24 10:54:00,960 [INFO] [common_simplified.activation_hooks] setup_hooks:53 - Set up hooks for 2 layers to capture residual stream
2025-11-24 10:54:24,025 [INFO] [instruct_baseline_runner] run:428 - Starting task 52/164: 51
2025-11-24 10:54:24,026 [INFO] [common_simplified.activation_hooks] setup_hooks:53 - Set up hooks for 2 layers to capture residual stream
2025-11-24 10:54:51,656 [INFO] [instruct_baseline_runner] run:428 - Starting task 53/164: 52
2025-11-24 10:54:51,657 [INFO] [common_simplified.activation_hooks] setup_hooks:53 - Set up hooks for 2 layers to capture residual stream
2025-11-24 10:55:12,653 [INFO] [instruct_baseline_runner] run:428 - Starting task 54/164: 53
2025-11-24 10:55:12,654 [INFO] [common_simplified.activation_hooks] setup_hooks:53 - Set up hooks for 2 layers to capture residual stream
2025-11-24 10:55:43,009 [INFO] [instruct_baseline_runner] run:428 - Starting task 55/164: 54
2025-11-24 10:55:43,010 [INFO] [common_simplified.activation_hooks] setup_hooks:53 - Set up hooks for 2 layers to capture residual stream
2025-11-24 10:56:07,606 [INFO] [instruct_baseline_runner] run:428 - Starting task 56/164: 55
2025-11-24 10:56:07,606 [INFO] [common_simplified.activation_hooks] setup_hooks:53 - Set up hooks for 2 layers to capture residual stream
2025-11-24 10:56:31,869 [INFO] [instruct_baseline_runner] run:428 - Starting task 57/164: 56
2025-11-24 10:56:31,869 [INFO] [common_simplified.activation_hooks] setup_hooks:53 - Set up hooks for 2 layers to capture residual stream
2025-11-24 10:57:01,762 [INFO] [instruct_baseline_runner] run:428 - Starting task 58/164: 57
2025-11-24 10:57:01,763 [INFO] [common_simplified.activation_hooks] setup_hooks:53 - Set up hooks for 2 layers to capture residual stream
2025-11-24 10:57:31,551 [INFO] [instruct_baseline_runner] run:428 - Starting task 59/164: 58
2025-11-24 10:57:31,552 [INFO] [common_simplified.activation_hooks] setup_hooks:53 - Set up hooks for 2 layers to capture residual stream
2025-11-24 10:57:53,165 [INFO] [instruct_baseline_runner] run:428 - Starting task 60/164: 59
2025-11-24 10:57:53,166 [INFO] [common_simplified.activation_hooks] setup_hooks:53 - Set up hooks for 2 layers to capture residual stream
2025-11-24 10:58:24,011 [INFO] [instruct_baseline_runner] run:428 - Starting task 61/164: 60
2025-11-24 10:58:24,011 [INFO] [common_simplified.activation_hooks] setup_hooks:53 - Set up hooks for 2 layers to capture residual stream
2025-11-24 10:58:48,872 [INFO] [instruct_baseline_runner] run:428 - Starting task 62/164: 61
2025-11-24 10:58:48,873 [INFO] [common_simplified.activation_hooks] setup_hooks:53 - Set up hooks for 2 layers to capture residual stream
2025-11-24 10:59:18,118 [INFO] [instruct_baseline_runner] run:428 - Starting task 63/164: 62
2025-11-24 10:59:18,119 [INFO] [common_simplified.activation_hooks] setup_hooks:53 - Set up hooks for 2 layers to capture residual stream
2025-11-24 10:59:46,386 [INFO] [instruct_baseline_runner] run:428 - Starting task 64/164: 63
2025-11-24 10:59:46,386 [INFO] [common_simplified.activation_hooks] setup_hooks:53 - Set up hooks for 2 layers to capture residual stream
2025-11-24 11:00:06,265 [INFO] [instruct_baseline_runner] run:428 - Starting task 65/164: 64
2025-11-24 11:00:06,266 [INFO] [common_simplified.activation_hooks] setup_hooks:53 - Set up hooks for 2 layers to capture residual stream
2025-11-24 11:00:35,829 [INFO] [instruct_baseline_runner] run:428 - Starting task 66/164: 65
2025-11-24 11:00:35,830 [INFO] [common_simplified.activation_hooks] setup_hooks:53 - Set up hooks for 2 layers to capture residual stream
2025-11-24 11:01:01,935 [INFO] [instruct_baseline_runner] run:428 - Starting task 67/164: 66
2025-11-24 11:01:01,935 [INFO] [common_simplified.activation_hooks] setup_hooks:53 - Set up hooks for 2 layers to capture residual stream
2025-11-24 11:01:37,120 [INFO] [instruct_baseline_runner] run:428 - Starting task 68/164: 67
2025-11-24 11:01:37,120 [INFO] [common_simplified.activation_hooks] setup_hooks:53 - Set up hooks for 2 layers to capture residual stream
2025-11-24 11:01:53,241 [INFO] [instruct_baseline_runner] run:428 - Starting task 69/164: 68
2025-11-24 11:01:53,242 [INFO] [common_simplified.activation_hooks] setup_hooks:53 - Set up hooks for 2 layers to capture residual stream
2025-11-24 11:02:16,778 [INFO] [instruct_baseline_runner] run:428 - Starting task 70/164: 69
2025-11-24 11:02:16,778 [INFO] [common_simplified.activation_hooks] setup_hooks:53 - Set up hooks for 2 layers to capture residual stream
2025-11-24 11:02:32,615 [INFO] [instruct_baseline_runner] run:428 - Starting task 71/164: 70
2025-11-24 11:02:32,615 [INFO] [common_simplified.activation_hooks] setup_hooks:53 - Set up hooks for 2 layers to capture residual stream
2025-11-24 11:02:57,186 [INFO] [instruct_baseline_runner] run:428 - Starting task 72/164: 71
2025-11-24 11:02:57,186 [INFO] [common_simplified.activation_hooks] setup_hooks:53 - Set up hooks for 2 layers to capture residual stream
2025-11-24 11:03:24,155 [INFO] [instruct_baseline_runner] run:428 - Starting task 73/164: 72
2025-11-24 11:03:24,156 [INFO] [common_simplified.activation_hooks] setup_hooks:53 - Set up hooks for 2 layers to capture residual stream
2025-11-24 11:03:50,137 [INFO] [instruct_baseline_runner] run:428 - Starting task 74/164: 73
2025-11-24 11:03:50,137 [INFO] [common_simplified.activation_hooks] setup_hooks:53 - Set up hooks for 2 layers to capture residual stream
2025-11-24 11:04:23,072 [INFO] [instruct_baseline_runner] run:428 - Starting task 75/164: 74
2025-11-24 11:04:23,073 [INFO] [common_simplified.activation_hooks] setup_hooks:53 - Set up hooks for 2 layers to capture residual stream
2025-11-24 11:04:48,278 [INFO] [instruct_baseline_runner] run:428 - Starting task 76/164: 75
2025-11-24 11:04:48,278 [INFO] [common_simplified.activation_hooks] setup_hooks:53 - Set up hooks for 2 layers to capture residual stream
2025-11-24 11:05:18,312 [INFO] [instruct_baseline_runner] run:428 - Starting task 77/164: 76
2025-11-24 11:05:18,313 [INFO] [common_simplified.activation_hooks] setup_hooks:53 - Set up hooks for 2 layers to capture residual stream
2025-11-24 11:05:44,001 [INFO] [instruct_baseline_runner] run:428 - Starting task 78/164: 77
2025-11-24 11:05:44,001 [INFO] [common_simplified.activation_hooks] setup_hooks:53 - Set up hooks for 2 layers to capture residual stream
2025-11-24 11:06:11,239 [INFO] [instruct_baseline_runner] run:428 - Starting task 79/164: 78
2025-11-24 11:06:11,240 [INFO] [common_simplified.activation_hooks] setup_hooks:53 - Set up hooks for 2 layers to capture residual stream
2025-11-24 11:06:38,971 [INFO] [instruct_baseline_runner] run:428 - Starting task 80/164: 79
2025-11-24 11:06:38,972 [INFO] [common_simplified.activation_hooks] setup_hooks:53 - Set up hooks for 2 layers to capture residual stream
2025-11-24 11:07:12,724 [INFO] [instruct_baseline_runner] run:428 - Starting task 81/164: 80
2025-11-24 11:07:12,725 [INFO] [common_simplified.activation_hooks] setup_hooks:53 - Set up hooks for 2 layers to capture residual stream
2025-11-24 11:07:46,842 [INFO] [instruct_baseline_runner] run:428 - Starting task 82/164: 81
2025-11-24 11:07:46,842 [INFO] [common_simplified.activation_hooks] setup_hooks:53 - Set up hooks for 2 layers to capture residual stream
2025-11-24 11:08:31,989 [INFO] [instruct_baseline_runner] run:428 - Starting task 83/164: 82
2025-11-24 11:08:31,990 [INFO] [common_simplified.activation_hooks] setup_hooks:53 - Set up hooks for 2 layers to capture residual stream
2025-11-24 11:09:01,332 [INFO] [instruct_baseline_runner] run:428 - Starting task 84/164: 83
2025-11-24 11:09:01,332 [INFO] [common_simplified.activation_hooks] setup_hooks:53 - Set up hooks for 2 layers to capture residual stream
2025-11-24 11:09:27,686 [INFO] [instruct_baseline_runner] run:428 - Starting task 85/164: 84
2025-11-24 11:09:27,686 [INFO] [common_simplified.activation_hooks] setup_hooks:53 - Set up hooks for 2 layers to capture residual stream
2025-11-24 11:10:00,019 [INFO] [instruct_baseline_runner] run:428 - Starting task 86/164: 85
2025-11-24 11:10:00,019 [INFO] [common_simplified.activation_hooks] setup_hooks:53 - Set up hooks for 2 layers to capture residual stream
2025-11-24 11:10:23,171 [INFO] [instruct_baseline_runner] run:428 - Starting task 87/164: 86
2025-11-24 11:10:23,172 [INFO] [common_simplified.activation_hooks] setup_hooks:53 - Set up hooks for 2 layers to capture residual stream
2025-11-24 11:10:43,777 [INFO] [instruct_baseline_runner] run:428 - Starting task 88/164: 87
2025-11-24 11:10:43,778 [INFO] [common_simplified.activation_hooks] setup_hooks:53 - Set up hooks for 2 layers to capture residual stream
2025-11-24 11:11:08,347 [INFO] [instruct_baseline_runner] run:428 - Starting task 89/164: 88
2025-11-24 11:11:08,347 [INFO] [common_simplified.activation_hooks] setup_hooks:53 - Set up hooks for 2 layers to capture residual stream
2025-11-24 11:11:25,489 [INFO] [instruct_baseline_runner] run:428 - Starting task 90/164: 89
2025-11-24 11:11:25,489 [INFO] [common_simplified.activation_hooks] setup_hooks:53 - Set up hooks for 2 layers to capture residual stream
2025-11-24 11:11:56,949 [INFO] [instruct_baseline_runner] run:428 - Starting task 91/164: 90
2025-11-24 11:11:56,949 [INFO] [common_simplified.activation_hooks] setup_hooks:53 - Set up hooks for 2 layers to capture residual stream
2025-11-24 11:12:19,314 [INFO] [instruct_baseline_runner] run:428 - Starting task 92/164: 91
2025-11-24 11:12:19,314 [INFO] [common_simplified.activation_hooks] setup_hooks:53 - Set up hooks for 2 layers to capture residual stream
2025-11-24 11:12:49,073 [INFO] [instruct_baseline_runner] run:428 - Starting task 93/164: 92
2025-11-24 11:12:49,074 [INFO] [common_simplified.activation_hooks] setup_hooks:53 - Set up hooks for 2 layers to capture residual stream
2025-11-24 11:13:22,935 [INFO] [instruct_baseline_runner] run:428 - Starting task 94/164: 93
2025-11-24 11:13:22,936 [INFO] [common_simplified.activation_hooks] setup_hooks:53 - Set up hooks for 2 layers to capture residual stream
2025-11-24 11:14:06,744 [INFO] [instruct_baseline_runner] run:428 - Starting task 95/164: 94
2025-11-24 11:14:06,744 [INFO] [common_simplified.activation_hooks] setup_hooks:53 - Set up hooks for 2 layers to capture residual stream
2025-11-24 11:14:40,457 [INFO] [instruct_baseline_runner] run:428 - Starting task 96/164: 95
2025-11-24 11:14:40,458 [INFO] [common_simplified.activation_hooks] setup_hooks:53 - Set up hooks for 2 layers to capture residual stream
2025-11-24 11:15:20,493 [INFO] [instruct_baseline_runner] run:428 - Starting task 97/164: 96
2025-11-24 11:15:20,493 [INFO] [common_simplified.activation_hooks] setup_hooks:53 - Set up hooks for 2 layers to capture residual stream
2025-11-24 11:15:58,675 [INFO] [instruct_baseline_runner] run:428 - Starting task 98/164: 97
2025-11-24 11:15:58,675 [INFO] [common_simplified.activation_hooks] setup_hooks:53 - Set up hooks for 2 layers to capture residual stream
2025-11-24 11:16:17,230 [INFO] [instruct_baseline_runner] run:428 - Starting task 99/164: 98
2025-11-24 11:16:17,230 [INFO] [common_simplified.activation_hooks] setup_hooks:53 - Set up hooks for 2 layers to capture residual stream
2025-11-24 11:16:45,622 [INFO] [instruct_baseline_runner] run:428 - Starting task 100/164: 99
2025-11-24 11:16:45,622 [INFO] [common_simplified.activation_hooks] setup_hooks:53 - Set up hooks for 2 layers to capture residual stream
2025-11-24 11:17:24,324 [INFO] [instruct_baseline_runner] save_checkpoint:327 - Saved checkpoint 2 with 50 tasks to data/phase7_3_humaneval/checkpoint_0002.parquet
2025-11-24 11:17:24,466 [INFO] [instruct_baseline_runner] run:473 - Memory after checkpoint: 4.8%
2025-11-24 11:17:24,466 [INFO] [instruct_baseline_runner] run:428 - Starting task 101/164: 100
2025-11-24 11:17:24,467 [INFO] [common_simplified.activation_hooks] setup_hooks:53 - Set up hooks for 2 layers to capture residual stream
2025-11-24 11:17:55,899 [INFO] [instruct_baseline_runner] run:428 - Starting task 102/164: 101
2025-11-24 11:17:55,899 [INFO] [common_simplified.activation_hooks] setup_hooks:53 - Set up hooks for 2 layers to capture residual stream
2025-11-24 11:18:21,312 [INFO] [instruct_baseline_runner] run:428 - Starting task 103/164: 102
2025-11-24 11:18:21,312 [INFO] [common_simplified.activation_hooks] setup_hooks:53 - Set up hooks for 2 layers to capture residual stream
2025-11-24 11:18:46,262 [INFO] [instruct_baseline_runner] run:428 - Starting task 104/164: 103
2025-11-24 11:18:46,263 [INFO] [common_simplified.activation_hooks] setup_hooks:53 - Set up hooks for 2 layers to capture residual stream
2025-11-24 11:19:08,929 [INFO] [instruct_baseline_runner] run:428 - Starting task 105/164: 104
2025-11-24 11:19:08,929 [INFO] [common_simplified.activation_hooks] setup_hooks:53 - Set up hooks for 2 layers to capture residual stream
2025-11-24 11:19:34,858 [INFO] [instruct_baseline_runner] run:428 - Starting task 106/164: 105
2025-11-24 11:19:34,858 [INFO] [common_simplified.activation_hooks] setup_hooks:53 - Set up hooks for 2 layers to capture residual stream
2025-11-24 11:20:10,990 [INFO] [instruct_baseline_runner] run:428 - Starting task 107/164: 106
2025-11-24 11:20:10,991 [INFO] [common_simplified.activation_hooks] setup_hooks:53 - Set up hooks for 2 layers to capture residual stream
2025-11-24 11:20:52,993 [INFO] [instruct_baseline_runner] run:428 - Starting task 108/164: 107
2025-11-24 11:20:52,994 [INFO] [common_simplified.activation_hooks] setup_hooks:53 - Set up hooks for 2 layers to capture residual stream
2025-11-24 11:21:28,468 [INFO] [instruct_baseline_runner] run:428 - Starting task 109/164: 108
2025-11-24 11:21:28,468 [INFO] [common_simplified.activation_hooks] setup_hooks:53 - Set up hooks for 2 layers to capture residual stream
2025-11-24 11:21:55,892 [INFO] [instruct_baseline_runner] run:428 - Starting task 110/164: 109
2025-11-24 11:21:55,893 [INFO] [common_simplified.activation_hooks] setup_hooks:53 - Set up hooks for 2 layers to capture residual stream
2025-11-24 11:22:16,305 [INFO] [instruct_baseline_runner] run:428 - Starting task 111/164: 110
2025-11-24 11:22:16,306 [INFO] [common_simplified.activation_hooks] setup_hooks:53 - Set up hooks for 2 layers to capture residual stream
2025-11-24 11:22:44,403 [INFO] [instruct_baseline_runner] run:428 - Starting task 112/164: 111
2025-11-24 11:22:44,403 [INFO] [common_simplified.activation_hooks] setup_hooks:53 - Set up hooks for 2 layers to capture residual stream
2025-11-24 11:23:22,157 [INFO] [instruct_baseline_runner] run:428 - Starting task 113/164: 112
2025-11-24 11:23:22,158 [INFO] [common_simplified.activation_hooks] setup_hooks:53 - Set up hooks for 2 layers to capture residual stream
2025-11-24 11:23:51,095 [INFO] [instruct_baseline_runner] run:428 - Starting task 114/164: 113
2025-11-24 11:23:51,096 [INFO] [common_simplified.activation_hooks] setup_hooks:53 - Set up hooks for 2 layers to capture residual stream
2025-11-24 11:24:33,718 [INFO] [instruct_baseline_runner] run:428 - Starting task 115/164: 114
2025-11-24 11:24:33,718 [INFO] [common_simplified.activation_hooks] setup_hooks:53 - Set up hooks for 2 layers to capture residual stream
2025-11-24 11:25:02,174 [INFO] [instruct_baseline_runner] run:428 - Starting task 116/164: 115
2025-11-24 11:25:02,174 [INFO] [common_simplified.activation_hooks] setup_hooks:53 - Set up hooks for 2 layers to capture residual stream
2025-11-24 11:25:25,830 [INFO] [instruct_baseline_runner] run:428 - Starting task 117/164: 116
2025-11-24 11:25:25,831 [INFO] [common_simplified.activation_hooks] setup_hooks:53 - Set up hooks for 2 layers to capture residual stream
2025-11-24 11:26:04,046 [INFO] [instruct_baseline_runner] run:428 - Starting task 118/164: 117
2025-11-24 11:26:04,047 [INFO] [common_simplified.activation_hooks] setup_hooks:53 - Set up hooks for 2 layers to capture residual stream
2025-11-24 11:26:25,101 [INFO] [instruct_baseline_runner] run:428 - Starting task 119/164: 118
2025-11-24 11:26:25,102 [INFO] [common_simplified.activation_hooks] setup_hooks:53 - Set up hooks for 2 layers to capture residual stream
2025-11-24 11:26:44,693 [INFO] [instruct_baseline_runner] run:428 - Starting task 120/164: 119
2025-11-24 11:26:44,694 [INFO] [common_simplified.activation_hooks] setup_hooks:53 - Set up hooks for 2 layers to capture residual stream
2025-11-24 11:27:27,897 [INFO] [instruct_baseline_runner] run:428 - Starting task 121/164: 120
2025-11-24 11:27:27,898 [INFO] [common_simplified.activation_hooks] setup_hooks:53 - Set up hooks for 2 layers to capture residual stream
2025-11-24 11:27:48,198 [INFO] [instruct_baseline_runner] run:428 - Starting task 122/164: 121
2025-11-24 11:27:48,199 [INFO] [common_simplified.activation_hooks] setup_hooks:53 - Set up hooks for 2 layers to capture residual stream
2025-11-24 11:28:13,381 [INFO] [instruct_baseline_runner] run:428 - Starting task 123/164: 122
2025-11-24 11:28:13,381 [INFO] [common_simplified.activation_hooks] setup_hooks:53 - Set up hooks for 2 layers to capture residual stream
2025-11-24 11:28:37,656 [INFO] [instruct_baseline_runner] run:428 - Starting task 124/164: 123
2025-11-24 11:28:37,657 [INFO] [common_simplified.activation_hooks] setup_hooks:53 - Set up hooks for 2 layers to capture residual stream
2025-11-24 11:29:15,605 [INFO] [instruct_baseline_runner] run:428 - Starting task 125/164: 124
2025-11-24 11:29:15,605 [INFO] [common_simplified.activation_hooks] setup_hooks:53 - Set up hooks for 2 layers to capture residual stream
2025-11-24 11:29:55,972 [INFO] [instruct_baseline_runner] run:428 - Starting task 126/164: 125
2025-11-24 11:29:55,973 [INFO] [common_simplified.activation_hooks] setup_hooks:53 - Set up hooks for 2 layers to capture residual stream
2025-11-24 11:30:25,498 [INFO] [instruct_baseline_runner] run:428 - Starting task 127/164: 126
2025-11-24 11:30:25,499 [INFO] [common_simplified.activation_hooks] setup_hooks:53 - Set up hooks for 2 layers to capture residual stream
2025-11-24 11:30:43,705 [INFO] [instruct_baseline_runner] run:428 - Starting task 128/164: 127
2025-11-24 11:30:43,706 [INFO] [common_simplified.activation_hooks] setup_hooks:53 - Set up hooks for 2 layers to capture residual stream
2025-11-24 11:31:14,790 [INFO] [instruct_baseline_runner] run:428 - Starting task 129/164: 128
2025-11-24 11:31:14,791 [INFO] [common_simplified.activation_hooks] setup_hooks:53 - Set up hooks for 2 layers to capture residual stream
2025-11-24 11:31:36,975 [INFO] [instruct_baseline_runner] run:428 - Starting task 130/164: 129
2025-11-24 11:31:36,976 [INFO] [common_simplified.activation_hooks] setup_hooks:53 - Set up hooks for 2 layers to capture residual stream
2025-11-24 11:32:11,527 [INFO] [instruct_baseline_runner] run:428 - Starting task 131/164: 130
2025-11-24 11:32:11,527 [INFO] [common_simplified.activation_hooks] setup_hooks:53 - Set up hooks for 2 layers to capture residual stream
2025-11-24 11:32:46,006 [INFO] [instruct_baseline_runner] run:428 - Starting task 132/164: 131
2025-11-24 11:32:46,006 [INFO] [common_simplified.activation_hooks] setup_hooks:53 - Set up hooks for 2 layers to capture residual stream
2025-11-24 11:33:12,703 [INFO] [instruct_baseline_runner] run:428 - Starting task 133/164: 132
2025-11-24 11:33:12,704 [INFO] [common_simplified.activation_hooks] setup_hooks:53 - Set up hooks for 2 layers to capture residual stream
2025-11-24 11:33:42,157 [INFO] [instruct_baseline_runner] run:428 - Starting task 134/164: 133
2025-11-24 11:33:42,157 [INFO] [common_simplified.activation_hooks] setup_hooks:53 - Set up hooks for 2 layers to capture residual stream
2025-11-24 11:34:01,046 [INFO] [instruct_baseline_runner] run:428 - Starting task 135/164: 134
2025-11-24 11:34:01,047 [INFO] [common_simplified.activation_hooks] setup_hooks:53 - Set up hooks for 2 layers to capture residual stream
2025-11-24 11:34:26,760 [INFO] [instruct_baseline_runner] run:428 - Starting task 136/164: 135
2025-11-24 11:34:26,761 [INFO] [common_simplified.activation_hooks] setup_hooks:53 - Set up hooks for 2 layers to capture residual stream
2025-11-24 11:34:53,225 [INFO] [instruct_baseline_runner] run:428 - Starting task 137/164: 136
2025-11-24 11:34:53,226 [INFO] [common_simplified.activation_hooks] setup_hooks:53 - Set up hooks for 2 layers to capture residual stream
2025-11-24 11:35:16,544 [INFO] [instruct_baseline_runner] run:428 - Starting task 138/164: 137
2025-11-24 11:35:16,545 [INFO] [common_simplified.activation_hooks] setup_hooks:53 - Set up hooks for 2 layers to capture residual stream
2025-11-24 11:35:41,799 [INFO] [instruct_baseline_runner] run:428 - Starting task 139/164: 138
2025-11-24 11:35:41,800 [INFO] [common_simplified.activation_hooks] setup_hooks:53 - Set up hooks for 2 layers to capture residual stream
2025-11-24 11:36:09,112 [INFO] [instruct_baseline_runner] run:428 - Starting task 140/164: 139
2025-11-24 11:36:09,113 [INFO] [common_simplified.activation_hooks] setup_hooks:53 - Set up hooks for 2 layers to capture residual stream
2025-11-24 11:36:31,150 [INFO] [instruct_baseline_runner] run:428 - Starting task 141/164: 140
2025-11-24 11:36:31,151 [INFO] [common_simplified.activation_hooks] setup_hooks:53 - Set up hooks for 2 layers to capture residual stream
2025-11-24 11:37:00,548 [INFO] [instruct_baseline_runner] run:428 - Starting task 142/164: 141
2025-11-24 11:37:00,549 [INFO] [common_simplified.activation_hooks] setup_hooks:53 - Set up hooks for 2 layers to capture residual stream
2025-11-24 11:37:37,209 [INFO] [instruct_baseline_runner] run:428 - Starting task 143/164: 142
2025-11-24 11:37:37,209 [INFO] [common_simplified.activation_hooks] setup_hooks:53 - Set up hooks for 2 layers to capture residual stream
2025-11-24 11:38:04,010 [INFO] [instruct_baseline_runner] run:428 - Starting task 144/164: 143
2025-11-24 11:38:04,010 [INFO] [common_simplified.activation_hooks] setup_hooks:53 - Set up hooks for 2 layers to capture residual stream
2025-11-24 11:38:43,874 [INFO] [instruct_baseline_runner] run:428 - Starting task 145/164: 144
2025-11-24 11:38:43,875 [INFO] [common_simplified.activation_hooks] setup_hooks:53 - Set up hooks for 2 layers to capture residual stream
2025-11-24 11:39:07,957 [INFO] [instruct_baseline_runner] run:428 - Starting task 146/164: 145
2025-11-24 11:39:07,958 [INFO] [common_simplified.activation_hooks] setup_hooks:53 - Set up hooks for 2 layers to capture residual stream
2025-11-24 11:39:45,213 [INFO] [instruct_baseline_runner] run:428 - Starting task 147/164: 146
2025-11-24 11:39:45,213 [INFO] [common_simplified.activation_hooks] setup_hooks:53 - Set up hooks for 2 layers to capture residual stream
2025-11-24 11:40:16,022 [INFO] [instruct_baseline_runner] run:428 - Starting task 148/164: 147
2025-11-24 11:40:16,022 [INFO] [common_simplified.activation_hooks] setup_hooks:53 - Set up hooks for 2 layers to capture residual stream
2025-11-24 11:40:53,092 [INFO] [instruct_baseline_runner] run:428 - Starting task 149/164: 148
2025-11-24 11:40:53,092 [INFO] [common_simplified.activation_hooks] setup_hooks:53 - Set up hooks for 2 layers to capture residual stream
2025-11-24 11:41:22,788 [INFO] [instruct_baseline_runner] run:428 - Starting task 150/164: 149
2025-11-24 11:41:22,789 [INFO] [common_simplified.activation_hooks] setup_hooks:53 - Set up hooks for 2 layers to capture residual stream
2025-11-24 11:41:37,037 [INFO] [instruct_baseline_runner] save_checkpoint:327 - Saved checkpoint 3 with 50 tasks to data/phase7_3_humaneval/checkpoint_0003.parquet
2025-11-24 11:41:37,188 [INFO] [instruct_baseline_runner] run:473 - Memory after checkpoint: 5.6%
2025-11-24 11:41:37,188 [INFO] [instruct_baseline_runner] run:428 - Starting task 151/164: 150
2025-11-24 11:41:37,189 [INFO] [common_simplified.activation_hooks] setup_hooks:53 - Set up hooks for 2 layers to capture residual stream
2025-11-24 11:42:13,084 [INFO] [instruct_baseline_runner] run:428 - Starting task 152/164: 151
2025-11-24 11:42:13,085 [INFO] [common_simplified.activation_hooks] setup_hooks:53 - Set up hooks for 2 layers to capture residual stream
2025-11-24 11:42:42,559 [INFO] [instruct_baseline_runner] run:428 - Starting task 153/164: 152
2025-11-24 11:42:42,559 [INFO] [common_simplified.activation_hooks] setup_hooks:53 - Set up hooks for 2 layers to capture residual stream
2025-11-24 11:43:18,404 [INFO] [instruct_baseline_runner] run:428 - Starting task 154/164: 153
2025-11-24 11:43:18,405 [INFO] [common_simplified.activation_hooks] setup_hooks:53 - Set up hooks for 2 layers to capture residual stream
2025-11-24 11:43:48,854 [INFO] [instruct_baseline_runner] run:428 - Starting task 155/164: 154
2025-11-24 11:43:48,854 [INFO] [common_simplified.activation_hooks] setup_hooks:53 - Set up hooks for 2 layers to capture residual stream
2025-11-24 11:44:11,030 [INFO] [instruct_baseline_runner] run:428 - Starting task 156/164: 155
2025-11-24 11:44:11,031 [INFO] [common_simplified.activation_hooks] setup_hooks:53 - Set up hooks for 2 layers to capture residual stream
2025-11-24 11:44:41,105 [INFO] [instruct_baseline_runner] run:428 - Starting task 157/164: 156
2025-11-24 11:44:41,106 [INFO] [common_simplified.activation_hooks] setup_hooks:53 - Set up hooks for 2 layers to capture residual stream
2025-11-24 11:45:09,604 [INFO] [instruct_baseline_runner] run:428 - Starting task 158/164: 157
2025-11-24 11:45:09,604 [INFO] [common_simplified.activation_hooks] setup_hooks:53 - Set up hooks for 2 layers to capture residual stream
2025-11-24 11:45:32,823 [INFO] [instruct_baseline_runner] run:428 - Starting task 159/164: 158
2025-11-24 11:45:32,824 [INFO] [common_simplified.activation_hooks] setup_hooks:53 - Set up hooks for 2 layers to capture residual stream
2025-11-24 11:45:56,855 [INFO] [instruct_baseline_runner] run:428 - Starting task 160/164: 159
2025-11-24 11:45:56,856 [INFO] [common_simplified.activation_hooks] setup_hooks:53 - Set up hooks for 2 layers to capture residual stream
2025-11-24 11:46:22,300 [INFO] [instruct_baseline_runner] run:428 - Starting task 161/164: 160
2025-11-24 11:46:22,300 [INFO] [common_simplified.activation_hooks] setup_hooks:53 - Set up hooks for 2 layers to capture residual stream
2025-11-24 11:46:54,561 [INFO] [instruct_baseline_runner] run:428 - Starting task 162/164: 161
2025-11-24 11:46:54,562 [INFO] [common_simplified.activation_hooks] setup_hooks:53 - Set up hooks for 2 layers to capture residual stream
2025-11-24 11:47:23,062 [INFO] [instruct_baseline_runner] run:428 - Starting task 163/164: 162
2025-11-24 11:47:23,062 [INFO] [common_simplified.activation_hooks] setup_hooks:53 - Set up hooks for 2 layers to capture residual stream
2025-11-24 11:47:52,588 [INFO] [instruct_baseline_runner] run:428 - Starting task 164/164: 163
2025-11-24 11:47:52,589 [INFO] [common_simplified.activation_hooks] setup_hooks:53 - Set up hooks for 2 layers to capture residual stream
2025-11-24 11:48:21,795 [INFO] [instruct_baseline_runner] save_checkpoint:327 - Saved checkpoint 4 with 14 tasks to data/phase7_3_humaneval/checkpoint_0004.parquet
2025-11-24 11:48:21,801 [INFO] [instruct_baseline_runner] _save_results:563 - Saved 164 results to data/phase7_3_humaneval/dataset_instruct_temp_0_0.parquet
2025-11-24 11:48:21,804 [INFO] [instruct_baseline_runner] _load_validation_data:171 - Loaded 164 validation problems for instruction-tuned baseline
2025-11-24 11:48:21,805 [INFO] [instruct_baseline_runner] _save_metadata:610 - Saved metadata to data/phase7_3_humaneval/metadata.json
2025-11-24 11:48:21,805 [INFO] [instruct_baseline_runner] run:526 - 
============================================================
2025-11-24 11:48:21,805 [INFO] [instruct_baseline_runner] run:527 - PHASE 7.3 SUMMARY
2025-11-24 11:48:21,805 [INFO] [instruct_baseline_runner] run:528 - ============================================================
2025-11-24 11:48:21,805 [INFO] [instruct_baseline_runner] run:529 - Model: google/gemma-2-2b-it (instruction-tuned)
2025-11-24 11:48:21,805 [INFO] [instruct_baseline_runner] run:530 - Tasks attempted: 164
2025-11-24 11:48:21,806 [INFO] [instruct_baseline_runner] run:531 - Tasks included in dataset: 164
2025-11-24 11:48:21,806 [INFO] [instruct_baseline_runner] run:532 - Tasks excluded: 0 (0.0%)
2025-11-24 11:48:21,806 [INFO] [instruct_baseline_runner] run:533 - Temperature 0.0: 59/164 passed (36.0%)
2025-11-24 11:48:21,806 [INFO] [instruct_baseline_runner] run:534 - 
Dataset saved to: data/phase7_3_humaneval/dataset_instruct_temp_0_0.parquet
2025-11-24 11:48:21,806 [INFO] [instruct_baseline_runner] run:535 - Activations saved to: data/phase7_3_humaneval/activations/
2025-11-24 11:48:21,806 [INFO] [instruct_baseline_runner] run:540 - Cleaning up 4 checkpoint files...
2025-11-24 11:48:21,806 [INFO] [instruct_baseline_runner] run:550 - ============================================================

2025-11-24 11:48:21,806 [INFO] [instruct_baseline_runner] run:552 - Phase 7.3 completed successfully
2025-11-24 11:48:21,807 [INFO] [main] run_phase7_3:636 - 
✅ Phase 7.3 completed successfully
