2025-11-24 10:22:08,350 [INFO] [sae_analyzer] setup_logging:167 - Phase: 2.5, GPU: CPU
2025-11-24 10:22:08,351 [INFO] [phase5_6.zero_disc_weight_orthogonalizer] setup_logging:167 - Phase: 5.6, GPU: CPU
2025-11-24 10:22:08,351 [INFO] [main] run_phase5_6:1044 - Starting Phase 5.6: Zero-Discrimination Weight Orthogonalization
2025-11-24 10:22:08,351 [INFO] [main] run_phase5_6:1045 - Control experiment using zero-disc features from Phase 4.10
2025-11-24 10:22:08,352 [INFO] [main] run_phase5_6:1046 - Expected: minimal effects compared to Phase 5.3 PVA orthogonalization
2025-11-24 10:22:08,352 [INFO] [main] run_phase5_6:1049 - 
============================================================
CONFIGURATION
============================================================

ACTIVATION Settings:
  activation_cleanup_after_batch: True
  activation_clear_cache_between_layers: True
  activation_hook_type: resid_post
  activation_layers: [1, 2, 3, 4, 5, 6, 7, 8, 9, 10, 11, 12, 13, 14, 15, 16, 17, 18, 19, 20, 21, 22, 23, 24, 25]
  activation_max_cache_gb: 10.0
  activation_max_length: 2048
  activation_position: -1

AUTOSAVE Settings:
  autosave_frequency: 100
  autosave_keep_last: 3

CHECKPOINT Settings:
  checkpoint_dir: checkpoints
  checkpoint_frequency: 50

CONTINUE Settings:
  continue_on_error: True

DATASET Settings:
  dataset_dir: data/phase1_0
  dataset_end_idx: None
  dataset_name: humaneval
  dataset_split: test
  dataset_start_idx: 0

ENABLE Settings:
  enable_timing_stats: True

EVALUATION Settings:
  evaluation_random_seed: 42

GC Settings:
  gc_collect_frequency: 50

LOG Settings:
  log_dir: data/logs

MAX Settings:
  max_gpu_memory_usage_gb: 30.0
  max_memory_usage_gb: 100.0
  max_retries: 3

MEMORY Settings:
  memory_cleanup_frequency: 100

MODEL Settings:
  model_device: None
  model_dtype: None
  model_max_new_tokens: 800
  model_name: google/gemma-2-2b
  model_temperature: 0.0
  model_trust_remote_code: True

ORTHOGONALIZATION Settings:
  orthogonalization_target_weights: [embed, attn_o, mlp_down]

PHASE0 Settings:
  phase0_1_output_dir: data/phase0_1
  phase0_2_output_dir: data/phase0_2_humaneval
  phase0_3_output_dir: data/phase0_3_humaneval
  phase0_output_dir: data/phase0

PHASE1 Settings:
  phase1_output_dir: data/phase1_0

PHASE2 Settings:
  phase2_10_output_dir: data/phase2_10
  phase2_15_output_dir: data/phase2_15
  phase2_2_output_dir: data/phase2_2
  phase2_5_output_dir: data/phase2_5
  phase2_output_dir: data/phase2

PHASE3 Settings:
  phase3_10_output_dir: data/phase3_10
  phase3_10_temperatures: [0.0, 0.2, 0.4, 0.6, 0.8, 1.0, 1.2, 1.4]
  phase3_11_output_dir: data/phase3_11
  phase3_12_output_dir: data/phase3_12
  phase3_5_output_dir: data/phase3_5
  phase3_6_output_dir: data/phase3_6
  phase3_8_output_dir: data/phase3_8
  phase3_output_dir: data/phase3

PHASE4 Settings:
  phase4_10_min_activation_freq: 0.001
  phase4_10_n_features: 10
  phase4_10_output_dir: data/phase4_10
  phase4_10_separation_threshold: 0.01
  phase4_12_output_dir: data/phase4_12
  phase4_14_output_dir: data/phase4_14
  phase4_14_significance_level: 0.05
  phase4_5_correct_coefficients: [10.0, 20.0, 30.0, 40.0, 50.0, 60.0, 70.0, 80.0, 90.0, 100.0]
  phase4_5_experiment_mode: all
  phase4_5_incorrect_coefficients: [100.0, 200.0, 300.0, 400.0, 500.0, 600.0, 700.0, 800.0, 900.0, 1000.0]
  phase4_5_meaningful_effect_threshold: 5.0
  phase4_5_output_dir: data/phase4_5
  phase4_5_plateau_threshold: 2.0
  phase4_5_search_tolerance: 2.0
  phase4_6_experiment_mode: all
  phase4_6_output_dir: data/phase4_6
  phase4_6_tolerance: 1.0
  phase4_8_correct_coefficient: 29
  phase4_8_experiment_mode: all
  phase4_8_incorrect_coefficient: 287
  phase4_8_output_dir: data/phase4_8

PHASE5 Settings:
  **phase5_6_output_dir**: data/phase5_6
  phase5_3_output_dir: data/phase5_3
  phase5_9_output_dir: data/phase5_9
  phase5_9_significance_level: 0.05

PHASE6 Settings:
  phase6_3_output_dir: data/phase6_3

PHASE7 Settings:
  phase7_12_output_dir: data/phase7_12
  phase7_3_model_name: google/gemma-2-2b-it
  phase7_3_output_dir: data/phase7_3
  phase7_6_model_name: google/gemma-2-2b-it
  phase7_6_output_dir: data/phase7_6

PHASE8 Settings:
  phase8_1_output_dir: data/phase8_1
  phase8_2_output_dir: data/phase8_2
  phase8_3_output_dir: data/phase8_3
  phase8_3_percentile: 70.0
  phase8_3_use_percentile_threshold: True

PILE Settings:
  pile_filter_enabled: True
  pile_samples: 10000
  pile_threshold: 0.02

PROGRESS Settings:
  progress_log_frequency: 10

RETRY Settings:
  retry_backoff: 1.0

SAE Settings:
  sae_checkpoint_dir: data/phase2/sae_checkpoints
  sae_cleanup_after_layer: True
  sae_hook_component: resid_post
  sae_latent_threshold: 0.02
  sae_repo_id: google/gemma-scope-2b-pt-res
  sae_save_after_each_layer: True
  sae_sparsity: 71
  sae_use_memory_mapping: False
  sae_width: 16k

SHOW Settings:
  show_progress_bar: True

SPLIT Settings:
  split_n_strata: 10
  split_random_seed: 42
  split_ratio_tolerance: 0.02

T Settings:
  t_statistic_min_samples: 10

TEMPERATURE Settings:
  temperature_samples_per_temp: 3
  temperature_variation_temps: [0.0]

TIMEOUT Settings:
  timeout_per_record: 300.0

VERBOSE Settings:
  verbose: False

============================================================
2025-11-24 10:22:08,352 [INFO] [phase5_6.zero_disc_weight_orthogonalizer] __init__:61 - Output directory: data/phase5_6_humaneval
2025-11-24 10:22:08,353 [INFO] [phase5_6.zero_disc_weight_orthogonalizer] _load_dependencies:81 - Loading zero-discrimination features from Phase 4.10...
2025-11-24 10:22:08,363 [INFO] [phase5_6.zero_disc_weight_orthogonalizer] _load_dependencies:103 - Selected zero-disc feature: Layer 1, Index 4801, Separation 0.000000
2025-11-24 10:22:08,363 [INFO] [phase5_6.zero_disc_weight_orthogonalizer] _load_dependencies:108 - Loading baseline data from Phase 3.5...
2025-11-24 10:22:08,384 [INFO] [phase5_6.zero_disc_weight_orthogonalizer] _load_dependencies:120 - Loaded 164 problems from Phase 3.5 baseline
2025-11-24 10:22:08,385 [INFO] [phase5_6.zero_disc_weight_orthogonalizer] _load_dependencies:141 - Loading SAE model for zero-disc feature...
2025-11-24 10:22:08,385 [INFO] [sae_analyzer] load_gemma_scope_sae:47 - Loading GemmaScope SAE for layer 1
2025-11-24 10:22:08,385 [INFO] [sae_analyzer] load_gemma_scope_sae:61 - Loading from HuggingFace: google/gemma-scope-2b-pt-res/layer_1/width_16k/average_l0_102/params.npz
2025-11-24 10:22:08,385 [INFO] [sae_analyzer] load_gemma_scope_sae:62 - This may take a while if the model is not cached...
2025-11-24 10:22:08,669 [INFO] [sae_analyzer] load_gemma_scope_sae:70 - Download complete, loading from: /home/kriz.tahimic/.cache/huggingface/hub/models--google--gemma-scope-2b-pt-res/snapshots/fd571b47c1c64851e9b1989792367b9babb4af63/layer_1/width_16k/average_l0_102/params.npz
2025-11-24 10:22:09,392 [INFO] [sae_analyzer] load_gemma_scope_sae:87 - Loaded SAE with d_model=2304, d_sae=16384, sparsity=102
2025-11-24 10:22:09,557 [INFO] [phase5_6.zero_disc_weight_orthogonalizer] _load_dependencies:155 - Zero-disc SAE decoder direction extracted successfully
2025-11-24 10:22:09,559 [INFO] [phase5_6.zero_disc_weight_orthogonalizer] _split_baseline_by_correctness:162 - Baseline split: 25 correct, 139 incorrect
2025-11-24 10:22:09,559 [INFO] [phase5_6.zero_disc_weight_orthogonalizer] __init__:76 - ZeroDiscWeightOrthogonalizer initialized successfully
2025-11-24 10:22:09,559 [INFO] [phase5_6.zero_disc_weight_orthogonalizer] run:623 - 
============================================================
2025-11-24 10:22:09,559 [INFO] [phase5_6.zero_disc_weight_orthogonalizer] run:624 - Starting Phase 5.6: Zero-Discrimination Weight Orthogonalization
2025-11-24 10:22:09,560 [INFO] [phase5_6.zero_disc_weight_orthogonalizer] run:625 - Control experiment to validate Phase 5.3 specificity
2025-11-24 10:22:09,560 [INFO] [phase5_6.zero_disc_weight_orthogonalizer] run:626 - ============================================================
2025-11-24 10:22:09,560 [INFO] [phase5_6.zero_disc_weight_orthogonalizer] apply_zero_disc_orthogonalization:278 - 
============================================================
2025-11-24 10:22:09,560 [INFO] [phase5_6.zero_disc_weight_orthogonalizer] apply_zero_disc_orthogonalization:279 - Applying ZERO-DISCRIMINATION feature orthogonalization
2025-11-24 10:22:09,560 [INFO] [phase5_6.zero_disc_weight_orthogonalizer] apply_zero_disc_orthogonalization:280 - ============================================================
2025-11-24 10:22:09,560 [INFO] [phase5_6.zero_disc_weight_orthogonalizer] apply_zero_disc_orthogonalization:283 - Loading fresh model for zero-disc orthogonalization...
2025-11-24 10:22:09,560 [INFO] [common_simplified.model_loader] load_model_and_tokenizer:47 - Loading model google/gemma-2-2b on cuda with dtype torch.bfloat16
2025-11-24 10:22:14,861 [INFO] [common_simplified.model_loader] load_model_and_tokenizer:56 - Loading model to cuda...
2025-11-24 10:22:27,277 [INFO] [common_simplified.model_loader] load_model_and_tokenizer:86 - Model successfully loaded on cuda:0
2025-11-24 10:22:27,277 [INFO] [common_simplified.model_loader] load_model_and_tokenizer:88 - Model loaded successfully: Gemma2ForCausalLM
2025-11-24 10:22:27,278 [INFO] [common_simplified.model_loader] load_model_and_tokenizer:89 - Model size: 2.61B parameters
2025-11-24 10:22:27,280 [INFO] [phase5_6.zero_disc_weight_orthogonalizer] apply_zero_disc_orthogonalization:292 - Orthogonalizing weights to remove zero-disc feature...
2025-11-24 10:22:27,280 [INFO] [phase5_6.zero_disc_weight_orthogonalizer] apply_zero_disc_orthogonalization:293 - Feature: Layer 1, Index 4801
2025-11-24 10:22:27,475 [INFO] [weight_orthogonalization] orthogonalize_gemma_weights:66 - Orthogonalized embeddings, change magnitude: 24.5000
2025-11-24 10:22:27,540 [INFO] [weight_orthogonalization] orthogonalize_gemma_weights:120 - Total weight change magnitude: 57.3203
2025-11-24 10:22:27,540 [INFO] [weight_orthogonalization] orthogonalize_gemma_weights:121 - Modified 53 weight matrices
2025-11-24 10:22:27,540 [INFO] [weight_orthogonalization] orthogonalize_gemma_weights:129 - Average attention change: 0.5377
2025-11-24 10:22:27,540 [INFO] [weight_orthogonalization] orthogonalize_gemma_weights:131 - Average MLP change: 0.7246
2025-11-24 10:22:27,540 [INFO] [phase5_6.zero_disc_weight_orthogonalizer] apply_zero_disc_orthogonalization:307 - 
Testing on initially incorrect problems...
2025-11-24 10:30:41,492 [INFO] [phase5_6.zero_disc_weight_orthogonalizer] save_checkpoint:184 - Saved zero_disc_ortho/incorrect checkpoint at index 49/138
2025-11-24 10:40:27,246 [INFO] [phase5_6.zero_disc_weight_orthogonalizer] save_checkpoint:184 - Saved zero_disc_ortho/incorrect checkpoint at index 99/138
2025-11-24 10:40:27,246 [INFO] [phase5_6.zero_disc_weight_orthogonalizer] apply_zero_disc_orthogonalization:382 - Autosaving at task 100/139
2025-11-24 10:40:27,248 [INFO] [phase5_6.zero_disc_weight_orthogonalizer] save_checkpoint:184 - Saved zero_disc_ortho/incorrect checkpoint at index 99/138
2025-11-24 10:46:52,487 [INFO] [phase5_6.zero_disc_weight_orthogonalizer] apply_zero_disc_orthogonalization:386 - 
Testing on initially correct problems...
2025-11-24 10:49:14,303 [INFO] [phase5_6.zero_disc_weight_orthogonalizer] apply_zero_disc_orthogonalization:512 - 
Results for ZERO-DISC orthogonalization:
2025-11-24 10:49:14,303 [INFO] [phase5_6.zero_disc_weight_orthogonalizer] apply_zero_disc_orthogonalization:513 -   Correction rate: 5.8% (8/139)
2025-11-24 10:49:14,303 [INFO] [phase5_6.zero_disc_weight_orthogonalizer] apply_zero_disc_orthogonalization:514 -   Preservation rate: 92.0% (23/25)
2025-11-24 10:49:14,303 [INFO] [phase5_6.zero_disc_weight_orthogonalizer] apply_zero_disc_orthogonalization:515 -   Corruption rate: 8.0% (2/25)
2025-11-24 10:49:14,303 [INFO] [phase5_6.zero_disc_weight_orthogonalizer] apply_zero_disc_orthogonalization:516 -   Average similarity: 0.890
2025-11-24 10:49:14,527 [INFO] [phase5_6.zero_disc_weight_orthogonalizer] cleanup_all_checkpoints:228 - Cleaned up 2 checkpoint files
2025-11-24 10:49:14,528 [INFO] [phase5_6.zero_disc_weight_orthogonalizer] create_visualizations:529 - Creating visualizations...
2025-11-24 10:49:14,801 [INFO] [phase5_6.zero_disc_weight_orthogonalizer] create_visualizations:581 - Saved visualization to data/phase5_6_humaneval/visualizations/zero_disc_orthogonalization_effects.png
2025-11-24 10:49:14,802 [INFO] [phase5_6.zero_disc_weight_orthogonalizer] save_examples:585 - Saving example generations...
2025-11-24 10:49:14,803 [INFO] [phase5_6.zero_disc_weight_orthogonalizer] save_examples:619 - Saved examples to data/phase5_6_humaneval/examples
2025-11-24 10:49:14,804 [INFO] [phase5_6.zero_disc_weight_orthogonalizer] run:690 - 
============================================================
2025-11-24 10:49:14,804 [INFO] [phase5_6.zero_disc_weight_orthogonalizer] run:691 - PHASE 5.6 SUMMARY
2025-11-24 10:49:14,804 [INFO] [phase5_6.zero_disc_weight_orthogonalizer] run:692 - ============================================================
2025-11-24 10:49:14,804 [INFO] [phase5_6.zero_disc_weight_orthogonalizer] run:693 - Zero-disc feature: L1F4801
2025-11-24 10:49:14,804 [INFO] [phase5_6.zero_disc_weight_orthogonalizer] run:694 - Separation score: 0.000000
2025-11-24 10:49:14,804 [INFO] [phase5_6.zero_disc_weight_orthogonalizer] run:695 - Correction rate: 5.8%
2025-11-24 10:49:14,804 [INFO] [phase5_6.zero_disc_weight_orthogonalizer] run:696 - Preservation rate: 92.0%
2025-11-24 10:49:14,804 [INFO] [phase5_6.zero_disc_weight_orthogonalizer] run:697 - Corruption rate: 8.0%
2025-11-24 10:49:14,804 [INFO] [phase5_6.zero_disc_weight_orthogonalizer] run:698 - Similarity score: 0.890
2025-11-24 10:49:14,804 [INFO] [phase5_6.zero_disc_weight_orthogonalizer] run:699 - Runtime: 1625.2 seconds
2025-11-24 10:49:14,805 [INFO] [phase5_6.zero_disc_weight_orthogonalizer] run:700 - Results saved to: data/phase5_6_humaneval
2025-11-24 10:49:14,805 [INFO] [phase5_6.zero_disc_weight_orthogonalizer] run:701 - ============================================================
2025-11-24 10:49:14,805 [INFO] [main] run_phase5_6:1055 - 
✅ Phase 5.6 completed successfully
