2025-11-19 14:15:28,366 [INFO] [main] setup_logging:167 - Phase: 8.1, GPU: CPU
2025-11-19 14:15:28,366 [INFO] [main] main:1681 - Detected device: cuda
2025-11-19 14:15:28,678 [INFO] [common_simplified.helpers] setup_logging:167 - Phase: 8.1, GPU: CPU
2025-11-19 14:15:28,678 [INFO] [phase8_1_threshold_calculator.threshold_calculator] setup_logging:167 - Phase: 8.1, GPU: CPU
2025-11-19 14:15:28,679 [INFO] [phase8_1_threshold_calculator.runner] setup_logging:167 - Phase: 8.1, GPU: CPU
2025-11-19 14:15:28,679 [INFO] [main] run_phase8_1:676 - 
============================================================
2025-11-19 14:15:28,679 [INFO] [main] run_phase8_1:677 - PHASE 8.1: PERCENTILE THRESHOLD CALCULATOR
2025-11-19 14:15:28,679 [INFO] [main] run_phase8_1:678 - ============================================================
2025-11-19 14:15:28,679 [INFO] [main] run_phase8_1:679 - Calculates percentile-based thresholds from Phase 3.6 hyperparameter dataset
2025-11-19 14:15:28,679 [INFO] [main] run_phase8_1:680 - Thresholds will be used by Phase 8.3 for selective steering
2025-11-19 14:15:28,679 [INFO] [main] run_phase8_1:681 - 
2025-11-19 14:15:28,679 [INFO] [main] run_phase8_1:684 - 
============================================================
CONFIGURATION
============================================================

ACTIVATION Settings:
  activation_cleanup_after_batch: True
  activation_clear_cache_between_layers: True
  activation_hook_type: resid_post
  activation_layers: [1, 2, 3, 4, 5, 6, 7, 8, 9, 10, 11, 12, 13, 14, 15, 16, 17, 18, 19, 20, 21, 22, 23, 24, 25]
  activation_max_cache_gb: 10.0
  activation_max_length: 2048
  activation_position: -1

AUTOSAVE Settings:
  autosave_frequency: 100
  autosave_keep_last: 3

CHECKPOINT Settings:
  checkpoint_dir: checkpoints
  checkpoint_frequency: 50

CONTINUE Settings:
  continue_on_error: True

DATASET Settings:
  dataset_dir: data/phase1_0
  dataset_end_idx: None
  dataset_name: Muennighoff/mbpp
  dataset_split: test
  dataset_start_idx: 0

ENABLE Settings:
  enable_timing_stats: True

EVALUATION Settings:
  evaluation_random_seed: 42

GC Settings:
  gc_collect_frequency: 50

LOG Settings:
  log_dir: data/logs

MAX Settings:
  max_gpu_memory_usage_gb: 30.0
  max_memory_usage_gb: 100.0
  max_retries: 3

MEMORY Settings:
  memory_cleanup_frequency: 100

MODEL Settings:
  model_device: None
  model_dtype: None
  model_max_new_tokens: 800
  model_name: google/gemma-2-2b
  model_temperature: 0.0
  model_trust_remote_code: True

ORTHOGONALIZATION Settings:
  orthogonalization_target_weights: [embed, attn_o, mlp_down]

PHASE0 Settings:
  phase0_1_output_dir: data/phase0_1
  phase0_output_dir: data/phase0

PHASE1 Settings:
  phase1_output_dir: data/phase1_0

PHASE2 Settings:
  phase2_10_output_dir: data/phase2_10
  phase2_15_output_dir: data/phase2_15
  phase2_2_output_dir: data/phase2_2
  phase2_5_output_dir: data/phase2_5
  phase2_output_dir: data/phase2

PHASE3 Settings:
  phase3_10_output_dir: data/phase3_10
  phase3_10_temperatures: [0.0, 0.2, 0.4, 0.6, 0.8, 1.0, 1.2, 1.4]
  phase3_11_output_dir: data/phase3_11
  phase3_12_output_dir: data/phase3_12
  phase3_5_output_dir: data/phase3_5
  phase3_6_output_dir: data/phase3_6
  phase3_8_output_dir: data/phase3_8
  phase3_output_dir: data/phase3

PHASE4 Settings:
  phase4_10_min_activation_freq: 0.001
  phase4_10_n_features: 10
  phase4_10_output_dir: data/phase4_10
  phase4_10_separation_threshold: 0.01
  phase4_12_output_dir: data/phase4_12
  phase4_14_output_dir: data/phase4_14
  phase4_14_significance_level: 0.05
  phase4_5_correct_coefficients: [10.0, 20.0, 30.0, 40.0, 50.0, 60.0, 70.0, 80.0, 90.0, 100.0]
  phase4_5_experiment_mode: all
  phase4_5_incorrect_coefficients: [100.0, 200.0, 300.0, 400.0, 500.0, 600.0, 700.0, 800.0, 900.0, 1000.0]
  phase4_5_meaningful_effect_threshold: 5.0
  phase4_5_output_dir: data/phase4_5
  phase4_5_plateau_threshold: 2.0
  phase4_5_search_tolerance: 2.0
  phase4_6_experiment_mode: all
  phase4_6_output_dir: data/phase4_6
  phase4_6_tolerance: 1.0
  phase4_8_correct_coefficient: 29
  phase4_8_experiment_mode: all
  phase4_8_incorrect_coefficient: 287
  phase4_8_output_dir: data/phase4_8

PHASE5 Settings:
  phase5_3_output_dir: data/phase5_3
  phase5_6_output_dir: data/phase5_6
  phase5_9_output_dir: data/phase5_9
  phase5_9_significance_level: 0.05

PHASE6 Settings:
  phase6_3_output_dir: data/phase6_3

PHASE7 Settings:
  phase7_12_output_dir: data/phase7_12
  phase7_3_model_name: google/gemma-2-2b-it
  phase7_3_output_dir: data/phase7_3
  phase7_6_model_name: google/gemma-2-2b-it
  phase7_6_output_dir: data/phase7_6

PHASE8 Settings:
  **phase8_1_output_dir**: data/phase8_1
  phase8_3_output_dir: data/phase8_3
  phase8_3_percentile: 90.0
  phase8_3_use_percentile_threshold: True

PILE Settings:
  pile_filter_enabled: True
  pile_samples: 10000
  pile_threshold: 0.02

PROGRESS Settings:
  progress_log_frequency: 10

RETRY Settings:
  retry_backoff: 1.0

SAE Settings:
  sae_checkpoint_dir: data/phase2/sae_checkpoints
  sae_cleanup_after_layer: True
  sae_hook_component: resid_post
  sae_latent_threshold: 0.02
  sae_repo_id: google/gemma-scope-2b-pt-res
  sae_save_after_each_layer: True
  sae_sparsity: 71
  sae_use_memory_mapping: False
  sae_width: 16k

SHOW Settings:
  show_progress_bar: True

SPLIT Settings:
  split_n_strata: 10
  split_random_seed: 42
  split_ratio_tolerance: 0.02

T Settings:
  t_statistic_min_samples: 10

TEMPERATURE Settings:
  temperature_samples_per_temp: 3
  temperature_variation_temps: [0.0]

TIMEOUT Settings:
  timeout_per_record: 300.0

VERBOSE Settings:
  verbose: False

============================================================
2025-11-19 14:15:28,680 [INFO] [phase8_1_threshold_calculator.runner] run_phase_8_1:24 - Starting Phase 8.1: Percentile Threshold Calculator
2025-11-19 14:15:28,680 [INFO] [phase8_1_threshold_calculator.threshold_calculator] __init__:55 - Initializing Threshold Calculator
2025-11-19 14:15:28,680 [INFO] [phase8_1_threshold_calculator.threshold_calculator] __init__:56 - Output directory: data/phase8_1
2025-11-19 14:15:28,680 [INFO] [phase8_1_threshold_calculator.threshold_calculator] _load_dependencies:65 - Loading dependencies...
2025-11-19 14:15:28,680 [INFO] [phase8_1_threshold_calculator.threshold_calculator] _load_dependencies:68 - Loading incorrect-predicting feature info from Phase 3.8...
2025-11-19 14:15:28,681 [INFO] [phase8_1_threshold_calculator.threshold_calculator] _load_dependencies:81 - Incorrect-predicting feature: Layer 19, Feature 5441
2025-11-19 14:15:28,681 [INFO] [phase8_1_threshold_calculator.threshold_calculator] _load_dependencies:82 - Phase 3.8 optimal threshold (reference): 15.5086
2025-11-19 14:15:28,681 [INFO] [phase8_1_threshold_calculator.threshold_calculator] _load_dependencies:85 - Loading Phase 3.6 hyperparameter dataset...
2025-11-19 14:15:28,715 [INFO] [phase8_1_threshold_calculator.threshold_calculator] _load_dependencies:104 - Loaded 97 samples from Phase 3.6
2025-11-19 14:15:28,716 [INFO] [phase8_1_threshold_calculator.threshold_calculator] _load_dependencies:114 - Activation directory: data/phase3_6/activations/task_activations
2025-11-19 14:15:28,716 [INFO] [phase8_1_threshold_calculator.threshold_calculator] _load_dependencies:115 - Dependencies loaded successfully
2025-11-19 14:15:28,716 [INFO] [phase8_1_threshold_calculator.threshold_calculator] __init__:61 - Initialization complete
2025-11-19 14:15:28,716 [INFO] [phase8_1_threshold_calculator.threshold_calculator] run:313 - ============================================================
2025-11-19 14:15:28,716 [INFO] [phase8_1_threshold_calculator.threshold_calculator] run:314 - Starting Phase 8.1: Percentile Threshold Calculator
2025-11-19 14:15:28,716 [INFO] [phase8_1_threshold_calculator.threshold_calculator] run:315 - ============================================================
2025-11-19 14:15:28,716 [INFO] [phase8_1_threshold_calculator.threshold_calculator] calculate_thresholds:124 - ============================================================
2025-11-19 14:15:28,716 [INFO] [phase8_1_threshold_calculator.threshold_calculator] calculate_thresholds:125 - Calculating Percentile Thresholds
2025-11-19 14:15:28,717 [INFO] [phase8_1_threshold_calculator.threshold_calculator] calculate_thresholds:126 - ============================================================
2025-11-19 14:15:28,717 [INFO] [phase8_1_threshold_calculator.threshold_calculator] calculate_thresholds:129 - Extracting L19-5441 activations from NPZ files...
2025-11-19 14:15:28,731 [WARNING] [phase8_1_threshold_calculator.threshold_calculator] calculate_thresholds:161 - Task 28: Activation vector too short (length 1, need 5442)
2025-11-19 14:15:28,733 [WARNING] [phase8_1_threshold_calculator.threshold_calculator] calculate_thresholds:161 - Task 42: Activation vector too short (length 1, need 5442)
2025-11-19 14:15:28,787 [WARNING] [phase8_1_threshold_calculator.threshold_calculator] calculate_thresholds:161 - Task 53: Activation vector too short (length 1, need 5442)
2025-11-19 14:15:28,836 [WARNING] [phase8_1_threshold_calculator.threshold_calculator] calculate_thresholds:161 - Task 65: Activation vector too short (length 1, need 5442)
2025-11-19 14:15:28,838 [WARNING] [phase8_1_threshold_calculator.threshold_calculator] calculate_thresholds:161 - Task 67: Activation vector too short (length 1, need 5442)
2025-11-19 14:15:28,839 [WARNING] [phase8_1_threshold_calculator.threshold_calculator] calculate_thresholds:161 - Task 68: Activation vector too short (length 1, need 5442)
2025-11-19 14:15:28,840 [WARNING] [phase8_1_threshold_calculator.threshold_calculator] calculate_thresholds:161 - Task 69: Activation vector too short (length 1, need 5442)
2025-11-19 14:15:28,841 [WARNING] [phase8_1_threshold_calculator.threshold_calculator] calculate_thresholds:161 - Task 75: Activation vector too short (length 1, need 5442)
2025-11-19 14:15:28,854 [WARNING] [phase8_1_threshold_calculator.threshold_calculator] calculate_thresholds:161 - Task 78: Activation vector too short (length 1, need 5442)
2025-11-19 14:15:28,856 [WARNING] [phase8_1_threshold_calculator.threshold_calculator] calculate_thresholds:161 - Task 88: Activation vector too short (length 1, need 5442)
2025-11-19 14:15:28,857 [WARNING] [phase8_1_threshold_calculator.threshold_calculator] calculate_thresholds:161 - Task 106: Activation vector too short (length 1, need 5442)
2025-11-19 14:15:28,858 [WARNING] [phase8_1_threshold_calculator.threshold_calculator] calculate_thresholds:161 - Task 116: Activation vector too short (length 1, need 5442)
2025-11-19 14:15:28,860 [WARNING] [phase8_1_threshold_calculator.threshold_calculator] calculate_thresholds:161 - Task 131: Activation vector too short (length 1, need 5442)
2025-11-19 14:15:28,861 [WARNING] [phase8_1_threshold_calculator.threshold_calculator] calculate_thresholds:161 - Task 146: Activation vector too short (length 1, need 5442)
2025-11-19 14:15:28,862 [WARNING] [phase8_1_threshold_calculator.threshold_calculator] calculate_thresholds:161 - Task 158: Activation vector too short (length 1, need 5442)
2025-11-19 14:15:28,863 [WARNING] [phase8_1_threshold_calculator.threshold_calculator] calculate_thresholds:161 - Task 168: Activation vector too short (length 1, need 5442)
2025-11-19 14:15:28,864 [WARNING] [phase8_1_threshold_calculator.threshold_calculator] calculate_thresholds:161 - Task 169: Activation vector too short (length 1, need 5442)
2025-11-19 14:15:28,865 [WARNING] [phase8_1_threshold_calculator.threshold_calculator] calculate_thresholds:161 - Task 178: Activation vector too short (length 1, need 5442)
2025-11-19 14:15:28,866 [WARNING] [phase8_1_threshold_calculator.threshold_calculator] calculate_thresholds:161 - Task 180: Activation vector too short (length 1, need 5442)
2025-11-19 14:15:28,867 [WARNING] [phase8_1_threshold_calculator.threshold_calculator] calculate_thresholds:161 - Task 181: Activation vector too short (length 1, need 5442)
2025-11-19 14:15:28,868 [WARNING] [phase8_1_threshold_calculator.threshold_calculator] calculate_thresholds:161 - Task 196: Activation vector too short (length 1, need 5442)
2025-11-19 14:15:28,869 [WARNING] [phase8_1_threshold_calculator.threshold_calculator] calculate_thresholds:161 - Task 198: Activation vector too short (length 1, need 5442)
2025-11-19 14:15:28,871 [WARNING] [phase8_1_threshold_calculator.threshold_calculator] calculate_thresholds:161 - Task 203: Activation vector too short (length 1, need 5442)
2025-11-19 14:15:28,872 [WARNING] [phase8_1_threshold_calculator.threshold_calculator] calculate_thresholds:161 - Task 222: Activation vector too short (length 1, need 5442)
2025-11-19 14:15:28,873 [WARNING] [phase8_1_threshold_calculator.threshold_calculator] calculate_thresholds:161 - Task 233: Activation vector too short (length 1, need 5442)
2025-11-19 14:15:28,874 [WARNING] [phase8_1_threshold_calculator.threshold_calculator] calculate_thresholds:161 - Task 245: Activation vector too short (length 1, need 5442)
2025-11-19 14:15:28,875 [WARNING] [phase8_1_threshold_calculator.threshold_calculator] calculate_thresholds:161 - Task 264: Activation vector too short (length 1, need 5442)
2025-11-19 14:15:28,876 [WARNING] [phase8_1_threshold_calculator.threshold_calculator] calculate_thresholds:161 - Task 275: Activation vector too short (length 1, need 5442)
2025-11-19 14:15:28,877 [WARNING] [phase8_1_threshold_calculator.threshold_calculator] calculate_thresholds:161 - Task 281: Activation vector too short (length 1, need 5442)
2025-11-19 14:15:28,878 [WARNING] [phase8_1_threshold_calculator.threshold_calculator] calculate_thresholds:161 - Task 295: Activation vector too short (length 1, need 5442)
2025-11-19 14:15:28,879 [WARNING] [phase8_1_threshold_calculator.threshold_calculator] calculate_thresholds:161 - Task 300: Activation vector too short (length 1, need 5442)
2025-11-19 14:15:28,880 [WARNING] [phase8_1_threshold_calculator.threshold_calculator] calculate_thresholds:161 - Task 302: Activation vector too short (length 1, need 5442)
2025-11-19 14:15:28,882 [WARNING] [phase8_1_threshold_calculator.threshold_calculator] calculate_thresholds:161 - Task 303: Activation vector too short (length 1, need 5442)
2025-11-19 14:15:28,883 [WARNING] [phase8_1_threshold_calculator.threshold_calculator] calculate_thresholds:161 - Task 314: Activation vector too short (length 1, need 5442)
2025-11-19 14:15:28,884 [WARNING] [phase8_1_threshold_calculator.threshold_calculator] calculate_thresholds:161 - Task 324: Activation vector too short (length 1, need 5442)
2025-11-19 14:15:28,885 [WARNING] [phase8_1_threshold_calculator.threshold_calculator] calculate_thresholds:161 - Task 328: Activation vector too short (length 1, need 5442)
2025-11-19 14:15:28,886 [WARNING] [phase8_1_threshold_calculator.threshold_calculator] calculate_thresholds:161 - Task 329: Activation vector too short (length 1, need 5442)
2025-11-19 14:15:28,888 [WARNING] [phase8_1_threshold_calculator.threshold_calculator] calculate_thresholds:161 - Task 334: Activation vector too short (length 1, need 5442)
2025-11-19 14:15:28,889 [WARNING] [phase8_1_threshold_calculator.threshold_calculator] calculate_thresholds:161 - Task 338: Activation vector too short (length 1, need 5442)
2025-11-19 14:15:28,890 [WARNING] [phase8_1_threshold_calculator.threshold_calculator] calculate_thresholds:161 - Task 340: Activation vector too short (length 1, need 5442)
2025-11-19 14:15:28,891 [WARNING] [phase8_1_threshold_calculator.threshold_calculator] calculate_thresholds:161 - Task 342: Activation vector too short (length 1, need 5442)
2025-11-19 14:15:28,892 [WARNING] [phase8_1_threshold_calculator.threshold_calculator] calculate_thresholds:161 - Task 343: Activation vector too short (length 1, need 5442)
2025-11-19 14:15:28,893 [WARNING] [phase8_1_threshold_calculator.threshold_calculator] calculate_thresholds:161 - Task 350: Activation vector too short (length 1, need 5442)
2025-11-19 14:15:28,895 [WARNING] [phase8_1_threshold_calculator.threshold_calculator] calculate_thresholds:161 - Task 380: Activation vector too short (length 1, need 5442)
2025-11-19 14:15:28,896 [WARNING] [phase8_1_threshold_calculator.threshold_calculator] calculate_thresholds:161 - Task 394: Activation vector too short (length 1, need 5442)
2025-11-19 14:15:28,897 [WARNING] [phase8_1_threshold_calculator.threshold_calculator] calculate_thresholds:161 - Task 403: Activation vector too short (length 1, need 5442)
2025-11-19 14:15:28,898 [WARNING] [phase8_1_threshold_calculator.threshold_calculator] calculate_thresholds:161 - Task 413: Activation vector too short (length 1, need 5442)
2025-11-19 14:15:28,900 [WARNING] [phase8_1_threshold_calculator.threshold_calculator] calculate_thresholds:161 - Task 415: Activation vector too short (length 1, need 5442)
2025-11-19 14:15:28,901 [WARNING] [phase8_1_threshold_calculator.threshold_calculator] calculate_thresholds:161 - Task 423: Activation vector too short (length 1, need 5442)
2025-11-19 14:15:28,902 [WARNING] [phase8_1_threshold_calculator.threshold_calculator] calculate_thresholds:161 - Task 438: Activation vector too short (length 1, need 5442)
2025-11-19 14:15:28,904 [WARNING] [phase8_1_threshold_calculator.threshold_calculator] calculate_thresholds:161 - Task 465: Activation vector too short (length 1, need 5442)
2025-11-19 14:15:28,905 [WARNING] [phase8_1_threshold_calculator.threshold_calculator] calculate_thresholds:161 - Task 482: Activation vector too short (length 1, need 5442)
2025-11-19 14:15:28,906 [WARNING] [phase8_1_threshold_calculator.threshold_calculator] calculate_thresholds:161 - Task 493: Activation vector too short (length 1, need 5442)
2025-11-19 14:15:28,907 [WARNING] [phase8_1_threshold_calculator.threshold_calculator] calculate_thresholds:161 - Task 532: Activation vector too short (length 1, need 5442)
2025-11-19 14:15:28,909 [WARNING] [phase8_1_threshold_calculator.threshold_calculator] calculate_thresholds:161 - Task 535: Activation vector too short (length 1, need 5442)
2025-11-19 14:15:28,910 [WARNING] [phase8_1_threshold_calculator.threshold_calculator] calculate_thresholds:161 - Task 552: Activation vector too short (length 1, need 5442)
2025-11-19 14:15:28,911 [WARNING] [phase8_1_threshold_calculator.threshold_calculator] calculate_thresholds:161 - Task 553: Activation vector too short (length 1, need 5442)
2025-11-19 14:15:28,912 [WARNING] [phase8_1_threshold_calculator.threshold_calculator] calculate_thresholds:161 - Task 564: Activation vector too short (length 1, need 5442)
2025-11-19 14:15:28,913 [WARNING] [phase8_1_threshold_calculator.threshold_calculator] calculate_thresholds:161 - Task 572: Activation vector too short (length 1, need 5442)
2025-11-19 14:15:28,915 [WARNING] [phase8_1_threshold_calculator.threshold_calculator] calculate_thresholds:161 - Task 576: Activation vector too short (length 1, need 5442)
2025-11-19 14:15:28,916 [WARNING] [phase8_1_threshold_calculator.threshold_calculator] calculate_thresholds:161 - Task 610: Activation vector too short (length 1, need 5442)
2025-11-19 14:15:28,917 [WARNING] [phase8_1_threshold_calculator.threshold_calculator] calculate_thresholds:161 - Task 628: Activation vector too short (length 1, need 5442)
2025-11-19 14:15:28,918 [WARNING] [phase8_1_threshold_calculator.threshold_calculator] calculate_thresholds:161 - Task 642: Activation vector too short (length 1, need 5442)
2025-11-19 14:15:28,920 [WARNING] [phase8_1_threshold_calculator.threshold_calculator] calculate_thresholds:161 - Task 648: Activation vector too short (length 1, need 5442)
2025-11-19 14:15:28,921 [WARNING] [phase8_1_threshold_calculator.threshold_calculator] calculate_thresholds:161 - Task 691: Activation vector too short (length 1, need 5442)
2025-11-19 14:15:28,922 [WARNING] [phase8_1_threshold_calculator.threshold_calculator] calculate_thresholds:161 - Task 694: Activation vector too short (length 1, need 5442)
2025-11-19 14:15:28,923 [WARNING] [phase8_1_threshold_calculator.threshold_calculator] calculate_thresholds:161 - Task 699: Activation vector too short (length 1, need 5442)
2025-11-19 14:15:28,925 [WARNING] [phase8_1_threshold_calculator.threshold_calculator] calculate_thresholds:161 - Task 721: Activation vector too short (length 1, need 5442)
2025-11-19 14:15:28,926 [WARNING] [phase8_1_threshold_calculator.threshold_calculator] calculate_thresholds:161 - Task 732: Activation vector too short (length 1, need 5442)
2025-11-19 14:15:28,927 [WARNING] [phase8_1_threshold_calculator.threshold_calculator] calculate_thresholds:161 - Task 747: Activation vector too short (length 1, need 5442)
2025-11-19 14:15:28,929 [WARNING] [phase8_1_threshold_calculator.threshold_calculator] calculate_thresholds:161 - Task 749: Activation vector too short (length 1, need 5442)
2025-11-19 14:15:28,930 [WARNING] [phase8_1_threshold_calculator.threshold_calculator] calculate_thresholds:161 - Task 764: Activation vector too short (length 1, need 5442)
2025-11-19 14:15:28,931 [WARNING] [phase8_1_threshold_calculator.threshold_calculator] calculate_thresholds:161 - Task 777: Activation vector too short (length 1, need 5442)
2025-11-19 14:15:28,932 [WARNING] [phase8_1_threshold_calculator.threshold_calculator] calculate_thresholds:161 - Task 808: Activation vector too short (length 1, need 5442)
2025-11-19 14:15:28,934 [WARNING] [phase8_1_threshold_calculator.threshold_calculator] calculate_thresholds:161 - Task 818: Activation vector too short (length 1, need 5442)
2025-11-19 14:15:28,935 [WARNING] [phase8_1_threshold_calculator.threshold_calculator] calculate_thresholds:161 - Task 823: Activation vector too short (length 1, need 5442)
2025-11-19 14:15:28,936 [WARNING] [phase8_1_threshold_calculator.threshold_calculator] calculate_thresholds:161 - Task 824: Activation vector too short (length 1, need 5442)
2025-11-19 14:15:28,937 [WARNING] [phase8_1_threshold_calculator.threshold_calculator] calculate_thresholds:161 - Task 825: Activation vector too short (length 1, need 5442)
2025-11-19 14:15:28,937 [WARNING] [phase8_1_threshold_calculator.threshold_calculator] calculate_thresholds:161 - Task 829: Activation vector too short (length 1, need 5442)
2025-11-19 14:15:28,938 [WARNING] [phase8_1_threshold_calculator.threshold_calculator] calculate_thresholds:161 - Task 838: Activation vector too short (length 1, need 5442)
2025-11-19 14:15:28,939 [WARNING] [phase8_1_threshold_calculator.threshold_calculator] calculate_thresholds:161 - Task 845: Activation vector too short (length 1, need 5442)
2025-11-19 14:15:28,940 [WARNING] [phase8_1_threshold_calculator.threshold_calculator] calculate_thresholds:161 - Task 846: Activation vector too short (length 1, need 5442)
2025-11-19 14:15:28,940 [WARNING] [phase8_1_threshold_calculator.threshold_calculator] calculate_thresholds:161 - Task 848: Activation vector too short (length 1, need 5442)
2025-11-19 14:15:28,941 [WARNING] [phase8_1_threshold_calculator.threshold_calculator] calculate_thresholds:161 - Task 882: Activation vector too short (length 1, need 5442)
2025-11-19 14:15:28,942 [WARNING] [phase8_1_threshold_calculator.threshold_calculator] calculate_thresholds:161 - Task 888: Activation vector too short (length 1, need 5442)
2025-11-19 14:15:28,943 [WARNING] [phase8_1_threshold_calculator.threshold_calculator] calculate_thresholds:161 - Task 906: Activation vector too short (length 1, need 5442)
2025-11-19 14:15:28,943 [WARNING] [phase8_1_threshold_calculator.threshold_calculator] calculate_thresholds:161 - Task 914: Activation vector too short (length 1, need 5442)
2025-11-19 14:15:28,944 [WARNING] [phase8_1_threshold_calculator.threshold_calculator] calculate_thresholds:161 - Task 916: Activation vector too short (length 1, need 5442)
2025-11-19 14:15:28,945 [WARNING] [phase8_1_threshold_calculator.threshold_calculator] calculate_thresholds:161 - Task 917: Activation vector too short (length 1, need 5442)
2025-11-19 14:15:28,946 [WARNING] [phase8_1_threshold_calculator.threshold_calculator] calculate_thresholds:161 - Task 920: Activation vector too short (length 1, need 5442)
2025-11-19 14:15:28,947 [WARNING] [phase8_1_threshold_calculator.threshold_calculator] calculate_thresholds:161 - Task 929: Activation vector too short (length 1, need 5442)
2025-11-19 14:15:28,948 [WARNING] [phase8_1_threshold_calculator.threshold_calculator] calculate_thresholds:161 - Task 942: Activation vector too short (length 1, need 5442)
2025-11-19 14:15:28,948 [WARNING] [phase8_1_threshold_calculator.threshold_calculator] calculate_thresholds:161 - Task 947: Activation vector too short (length 1, need 5442)
2025-11-19 14:15:28,949 [WARNING] [phase8_1_threshold_calculator.threshold_calculator] calculate_thresholds:161 - Task 954: Activation vector too short (length 1, need 5442)
2025-11-19 14:15:28,950 [WARNING] [phase8_1_threshold_calculator.threshold_calculator] calculate_thresholds:161 - Task 955: Activation vector too short (length 1, need 5442)
2025-11-19 14:15:28,951 [WARNING] [phase8_1_threshold_calculator.threshold_calculator] calculate_thresholds:161 - Task 960: Activation vector too short (length 1, need 5442)
2025-11-19 14:15:28,952 [WARNING] [phase8_1_threshold_calculator.threshold_calculator] calculate_thresholds:161 - Task 961: Activation vector too short (length 1, need 5442)
2025-11-19 14:15:28,952 [ERROR] [main] main:1872 - Phase 8.1 failed: No activations extracted! Check Phase 3.6 NPZ files.
