2025-11-26 09:08:56,743 [INFO] [main] setup_logging:167 - Phase: 1.0, GPU: CPU
2025-11-26 09:08:56,743 [INFO] [main] main:1755 - Detected device: cuda
2025-11-26 09:08:57,068 [INFO] [common.retry_utils] setup_logging:167 - Phase: 1.0, GPU: CPU
2025-11-26 09:08:59,763 [INFO] [common_simplified.model_loader] setup_logging:167 - Phase: 1.0, GPU: CPU
2025-11-26 09:08:59,764 [INFO] [common_simplified.activation_hooks] setup_logging:167 - Phase: 1.0, GPU: CPU
2025-11-26 09:08:59,764 [INFO] [common_simplified.helpers] setup_logging:167 - Phase: 1.0, GPU: CPU
2025-11-26 09:08:59,765 [INFO] [phase1_simplified.runner] setup_logging:167 - Phase: 1.0, GPU: CPU
2025-11-26 09:08:59,765 [INFO] [main] run_phase1:347 - Starting Phase 1: Dataset Building
2025-11-26 09:08:59,765 [INFO] [main] run_phase1:348 - Model: google/gemma-2-2b, Split: sae
2025-11-26 09:08:59,765 [INFO] [main] run_phase1:349 - Processing mode: Sequential (use multi_gpu_launcher.py for parallel processing)
2025-11-26 09:08:59,766 [INFO] [main] run_phase1:352 - 
============================================================
CONFIGURATION
============================================================

ACTIVATION Settings:
  activation_cleanup_after_batch: True
  activation_clear_cache_between_layers: True
  activation_hook_type: resid_post
  activation_layers: [1, 2, 3, 4, 5, 6, 7, 8, 9, 10, 11, 12, 13, 14, 15, 16, 17, 18, 19, 20, 21, 22, 23, 24, 25, 26, 27, 28, 29, 30, 31]
  activation_max_cache_gb: 10.0
  activation_max_length: 2048
  activation_position: -1

AUTOSAVE Settings:
  autosave_frequency: 100
  autosave_keep_last: 3

CHECKPOINT Settings:
  checkpoint_dir: checkpoints
  checkpoint_frequency: 50

CONTINUE Settings:
  continue_on_error: True

DATASET Settings:
  dataset_dir: data/phase1_0
  dataset_end_idx: 1
  dataset_name: mbpp
  dataset_split: test
  dataset_start_idx: 0

ENABLE Settings:
  enable_timing_stats: True

EVALUATION Settings:
  evaluation_random_seed: 42

GC Settings:
  gc_collect_frequency: 50

LOG Settings:
  log_dir: data/logs

MAX Settings:
  max_gpu_memory_usage_gb: 30.0
  max_memory_usage_gb: 100.0
  max_retries: 3

MEMORY Settings:
  memory_cleanup_frequency: 100

MODEL Settings:
  model_device: None
  model_dtype: None
  model_max_new_tokens: 800
  model_name: google/gemma-2-2b
  model_temperature: 0.0
  model_trust_remote_code: True

ORTHOGONALIZATION Settings:
  orthogonalization_target_weights: [embed, attn_o, mlp_down]

PHASE0 Settings:
  phase0_1_output_dir: data/phase0_1
  phase0_2_output_dir: data/phase0_2_humaneval
  phase0_3_output_dir: data/phase0_3_humaneval
  phase0_output_dir: data/phase0

PHASE1 Settings:
  **phase1_output_dir**: data/phase1_0

PHASE2 Settings:
  phase2_10_output_dir: data/phase2_10
  phase2_15_output_dir: data/phase2_15
  phase2_2_output_dir: data/phase2_2
  phase2_5_output_dir: data/phase2_5
  phase2_output_dir: data/phase2

PHASE3 Settings:
  phase3_10_output_dir: data/phase3_10
  phase3_10_temperatures: [0.0, 0.2, 0.4, 0.6, 0.8, 1.0, 1.2, 1.4]
  phase3_11_output_dir: data/phase3_11
  phase3_12_output_dir: data/phase3_12
  phase3_5_output_dir: data/phase3_5
  phase3_6_output_dir: data/phase3_6
  phase3_8_output_dir: data/phase3_8
  phase3_output_dir: data/phase3

PHASE4 Settings:
  phase4_10_min_activation_freq: 0.001
  phase4_10_n_features: 10
  phase4_10_output_dir: data/phase4_10
  phase4_10_separation_threshold: 0.01
  phase4_12_output_dir: data/phase4_12
  phase4_14_output_dir: data/phase4_14
  phase4_14_significance_level: 0.05
  phase4_5_correct_coefficients: [10.0, 20.0, 30.0, 40.0, 50.0, 60.0, 70.0, 80.0, 90.0, 100.0]
  phase4_5_experiment_mode: all
  phase4_5_incorrect_coefficients: [100.0, 200.0, 300.0, 400.0, 500.0, 600.0, 700.0, 800.0, 900.0, 1000.0]
  phase4_5_meaningful_effect_threshold: 5.0
  phase4_5_output_dir: data/phase4_5
  phase4_5_plateau_threshold: 2.0
  phase4_5_search_tolerance: 2.0
  phase4_6_experiment_mode: all
  phase4_6_output_dir: data/phase4_6
  phase4_6_tolerance: 1.0
  phase4_8_correct_coefficient: 29
  phase4_8_experiment_mode: all
  phase4_8_incorrect_coefficient: 287
  phase4_8_output_dir: data/phase4_8

PHASE5 Settings:
  phase5_3_output_dir: data/phase5_3
  phase5_6_output_dir: data/phase5_6
  phase5_9_output_dir: data/phase5_9
  phase5_9_significance_level: 0.05

PHASE6 Settings:
  phase6_3_output_dir: data/phase6_3

PHASE7 Settings:
  phase7_12_output_dir: data/phase7_12
  phase7_3_model_name: google/gemma-2-2b-it
  phase7_3_output_dir: data/phase7_3
  phase7_6_model_name: google/gemma-2-2b-it
  phase7_6_output_dir: data/phase7_6
  phase7_9_output_dir: data/phase7_9

PHASE8 Settings:
  phase8_1_output_dir: data/phase8_1
  phase8_2_output_dir: data/phase8_2
  phase8_3_output_dir: data/phase8_3
  phase8_3_percentile: 70.0
  phase8_3_use_percentile_threshold: True

PILE Settings:
  pile_filter_enabled: True
  pile_samples: 10000
  pile_threshold: 0.02

PROGRESS Settings:
  progress_log_frequency: 10

RETRY Settings:
  retry_backoff: 1.0

SAE Settings:
  sae_checkpoint_dir: data/phase2/sae_checkpoints
  sae_cleanup_after_layer: True
  sae_hook_component: resid_post
  sae_latent_threshold: 0.02
  sae_repo_id: google/gemma-scope-2b-pt-res
  sae_save_after_each_layer: True
  sae_sparsity: 71
  sae_use_memory_mapping: False
  sae_width: 16k

SHOW Settings:
  show_progress_bar: True

SPLIT Settings:
  split_n_strata: 10
  split_random_seed: 42
  split_ratio_tolerance: 0.02

T Settings:
  t_statistic_min_samples: 10

TEMPERATURE Settings:
  temperature_samples_per_temp: 3
  temperature_variation_temps: [0.2, 0.4, 0.6, 0.8, 1.0, 1.2, 1.4]

TIMEOUT Settings:
  timeout_per_record: 300.0

VERBOSE Settings:
  verbose: False

============================================================
2025-11-26 09:08:59,766 [INFO] [main] run_phase1:362 - Found SAE split: data/phase0_1/sae_mbpp.parquet
2025-11-26 09:08:59,766 [INFO] [main] run_phase1:366 - Setting up CUDA environment and cleaning GPU memory...
2025-11-26 09:08:59,767 [INFO] [gpu_utils] setup_logging:167 - Phase: 1.0, GPU: CPU
2025-11-26 09:08:59,767 [INFO] [gpu_utils] setup_cuda_environment:110 - CUDA environment configured for stability
2025-11-26 09:09:00,058 [INFO] [gpu_utils] cleanup_gpu_memory:37 - GPU 0 memory cleaned
2025-11-26 09:09:00,177 [INFO] [gpu_utils] cleanup_gpu_memory:37 - GPU 1 memory cleaned
2025-11-26 09:09:00,295 [INFO] [gpu_utils] cleanup_gpu_memory:37 - GPU 2 memory cleaned
2025-11-26 09:09:00,423 [INFO] [gpu_utils] cleanup_gpu_memory:37 - GPU 3 memory cleaned
2025-11-26 09:09:00,423 [INFO] [phase1_simplified.runner] run:266 - Starting Phase 1 for sae split
2025-11-26 09:09:00,424 [INFO] [phase1_simplified.runner] setup:48 - Auto-detected device: cuda
2025-11-26 09:09:00,424 [INFO] [common_simplified.model_loader] load_model_and_tokenizer:47 - Loading model google/gemma-2-2b on cuda with dtype torch.bfloat16
2025-11-26 09:09:01,947 [INFO] [common_simplified.model_loader] load_model_and_tokenizer:56 - Loading model to cuda...
2025-11-26 09:09:04,798 [INFO] [common_simplified.model_loader] load_model_and_tokenizer:86 - Model successfully loaded on cuda:0
2025-11-26 09:09:04,799 [INFO] [common_simplified.model_loader] load_model_and_tokenizer:88 - Model loaded successfully: Gemma2ForCausalLM
2025-11-26 09:09:04,800 [INFO] [common_simplified.model_loader] load_model_and_tokenizer:89 - Model size: 2.61B parameters
2025-11-26 09:09:04,800 [INFO] [phase1_simplified.runner] setup:67 - Model loaded: google/gemma-2-2b
2025-11-26 09:09:04,800 [INFO] [phase1_simplified.runner] setup:68 - Extracting residual stream from layers: [1, 2, 3, 4, 5, 6, 7, 8, 9, 10, 11, 12, 13, 14, 15, 16, 17, 18, 19, 20, 21, 22, 23, 24, 25, 26, 27, 28, 29, 30, 31]
2025-11-26 09:09:04,822 [INFO] [common_simplified.helpers] load_mbpp_from_phase0_1:81 - Loaded 489 problems from sae split
2025-11-26 09:09:04,822 [INFO] [phase1_simplified.runner] run:284 - Processing tasks 0 to 1 (2 out of 489 tasks in sae split)
2025-11-26 09:09:04,822 [INFO] [phase1_simplified.runner] run:297 - Output directory: data/phase1_0 (model: google/gemma-2-2b)
2025-11-26 09:09:04,824 [INFO] [phase1_simplified.runner] run:332 - Starting task 1/2: 2
2025-11-26 09:09:04,824 [ERROR] [common_simplified.activation_hooks] setup_hooks:44 - Failed to access layer 26: IndexError: index 26 is out of range
2025-11-26 09:09:04,825 [ERROR] [common_simplified.activation_hooks] setup_hooks:45 - Model type: Gemma2ForCausalLM
2025-11-26 09:09:04,825 [ERROR] [common_simplified.activation_hooks] setup_hooks:46 - Model has 'model' attribute: True
2025-11-26 09:09:04,825 [ERROR] [common_simplified.activation_hooks] setup_hooks:48 - Model.model has 'layers' attribute: True
2025-11-26 09:09:04,825 [ERROR] [common_simplified.activation_hooks] setup_hooks:50 - Number of layers: 26
2025-11-26 09:09:04,825 [WARNING] [common.retry_utils] retry_generation:59 - Task 2 code generation failed (attempt 1/3): IndexError: index 26 is out of range. Retrying in 1.0s...
2025-11-26 09:09:05,826 [ERROR] [common_simplified.activation_hooks] setup_hooks:44 - Failed to access layer 26: IndexError: index 26 is out of range
2025-11-26 09:09:05,826 [ERROR] [common_simplified.activation_hooks] setup_hooks:45 - Model type: Gemma2ForCausalLM
2025-11-26 09:09:05,826 [ERROR] [common_simplified.activation_hooks] setup_hooks:46 - Model has 'model' attribute: True
2025-11-26 09:09:05,827 [ERROR] [common_simplified.activation_hooks] setup_hooks:48 - Model.model has 'layers' attribute: True
2025-11-26 09:09:05,827 [ERROR] [common_simplified.activation_hooks] setup_hooks:50 - Number of layers: 26
2025-11-26 09:09:05,827 [WARNING] [common.retry_utils] retry_generation:59 - Task 2 code generation failed (attempt 2/3): IndexError: index 26 is out of range. Retrying in 2.0s...
2025-11-26 09:09:07,829 [ERROR] [common_simplified.activation_hooks] setup_hooks:44 - Failed to access layer 26: IndexError: index 26 is out of range
2025-11-26 09:09:07,829 [ERROR] [common_simplified.activation_hooks] setup_hooks:45 - Model type: Gemma2ForCausalLM
2025-11-26 09:09:07,829 [ERROR] [common_simplified.activation_hooks] setup_hooks:46 - Model has 'model' attribute: True
2025-11-26 09:09:07,830 [ERROR] [common_simplified.activation_hooks] setup_hooks:48 - Model.model has 'layers' attribute: True
2025-11-26 09:09:07,830 [ERROR] [common_simplified.activation_hooks] setup_hooks:50 - Number of layers: 26
2025-11-26 09:09:07,830 [ERROR] [common.retry_utils] retry_generation:72 - Task 2 code generation failed after 3 attempts. Final error: IndexError: index 26 is out of range
2025-11-26 09:09:07,830 [WARNING] [phase1_simplified.runner] process_task:206 - Task 2 failed after 3 attempts: index 26 is out of range
2025-11-26 09:09:07,830 [INFO] [phase1_simplified.runner] run:332 - Starting task 1/2: 3
2025-11-26 09:09:07,831 [ERROR] [common_simplified.activation_hooks] setup_hooks:44 - Failed to access layer 26: IndexError: index 26 is out of range
2025-11-26 09:09:07,831 [ERROR] [common_simplified.activation_hooks] setup_hooks:45 - Model type: Gemma2ForCausalLM
2025-11-26 09:09:07,831 [ERROR] [common_simplified.activation_hooks] setup_hooks:46 - Model has 'model' attribute: True
2025-11-26 09:09:07,831 [ERROR] [common_simplified.activation_hooks] setup_hooks:48 - Model.model has 'layers' attribute: True
2025-11-26 09:09:07,831 [ERROR] [common_simplified.activation_hooks] setup_hooks:50 - Number of layers: 26
2025-11-26 09:09:07,831 [WARNING] [common.retry_utils] retry_generation:59 - Task 3 code generation failed (attempt 1/3): IndexError: index 26 is out of range. Retrying in 1.0s...
2025-11-26 09:09:08,833 [ERROR] [common_simplified.activation_hooks] setup_hooks:44 - Failed to access layer 26: IndexError: index 26 is out of range
2025-11-26 09:09:08,833 [ERROR] [common_simplified.activation_hooks] setup_hooks:45 - Model type: Gemma2ForCausalLM
2025-11-26 09:09:08,833 [ERROR] [common_simplified.activation_hooks] setup_hooks:46 - Model has 'model' attribute: True
2025-11-26 09:09:08,833 [ERROR] [common_simplified.activation_hooks] setup_hooks:48 - Model.model has 'layers' attribute: True
2025-11-26 09:09:08,833 [ERROR] [common_simplified.activation_hooks] setup_hooks:50 - Number of layers: 26
2025-11-26 09:09:08,833 [WARNING] [common.retry_utils] retry_generation:59 - Task 3 code generation failed (attempt 2/3): IndexError: index 26 is out of range. Retrying in 2.0s...
2025-11-26 09:09:10,836 [ERROR] [common_simplified.activation_hooks] setup_hooks:44 - Failed to access layer 26: IndexError: index 26 is out of range
2025-11-26 09:09:10,836 [ERROR] [common_simplified.activation_hooks] setup_hooks:45 - Model type: Gemma2ForCausalLM
2025-11-26 09:09:10,836 [ERROR] [common_simplified.activation_hooks] setup_hooks:46 - Model has 'model' attribute: True
2025-11-26 09:09:10,836 [ERROR] [common_simplified.activation_hooks] setup_hooks:48 - Model.model has 'layers' attribute: True
2025-11-26 09:09:10,836 [ERROR] [common_simplified.activation_hooks] setup_hooks:50 - Number of layers: 26
2025-11-26 09:09:10,836 [ERROR] [common.retry_utils] retry_generation:72 - Task 3 code generation failed after 3 attempts. Final error: IndexError: index 26 is out of range
2025-11-26 09:09:10,836 [WARNING] [phase1_simplified.runner] process_task:206 - Task 3 failed after 3 attempts: index 26 is out of range
2025-11-26 09:09:10,837 [ERROR] [phase1_simplified.runner] run:409 - No tasks were successfully processed! All tasks failed.
2025-11-26 09:09:10,837 [INFO] [phase1_simplified.runner] run:416 - Saved exclusion summary to data/phase1_0/excluded_tasks.json
2025-11-26 09:09:10,837 [ERROR] [main] main:1958 - Phase 1.0 failed: Phase 1 failed: no tasks were successfully processed
