2025-11-21 08:25:00,185 [INFO] [main] setup_logging:167 - Phase: 3.5, GPU: CPU
2025-11-21 08:25:00,185 [INFO] [main] main:1733 - Detected device: cuda
2025-11-21 08:25:02,681 [INFO] [common_simplified.model_loader] setup_logging:167 - Phase: 3.5, GPU: CPU
2025-11-21 08:25:02,682 [INFO] [common_simplified.activation_hooks] setup_logging:167 - Phase: 3.5, GPU: CPU
2025-11-21 08:25:02,682 [INFO] [common_simplified.helpers] setup_logging:167 - Phase: 3.5, GPU: CPU
2025-11-21 08:25:02,683 [INFO] [common.retry_utils] setup_logging:167 - Phase: 3.5, GPU: CPU
2025-11-21 08:25:02,683 [INFO] [temperature_runner] setup_logging:167 - Phase: 3.5, GPU: CPU
2025-11-21 08:25:02,684 [INFO] [main] run_phase3_5:591 - Starting Phase 3.5: Temperature Robustness Testing
2025-11-21 08:25:02,684 [INFO] [main] run_phase3_5:592 - Will auto-discover best layers from Phase 2.5 output
2025-11-21 08:25:02,684 [INFO] [main] run_phase3_5:595 - 
============================================================
CONFIGURATION
============================================================

ACTIVATION Settings:
  activation_cleanup_after_batch: True
  activation_clear_cache_between_layers: True
  activation_hook_type: resid_post
  activation_layers: [1, 2, 3, 4, 5, 6, 7, 8, 9, 10, 11, 12, 13, 14, 15, 16, 17, 18, 19, 20, 21, 22, 23, 24, 25]
  activation_max_cache_gb: 10.0
  activation_max_length: 2048
  activation_position: -1

AUTOSAVE Settings:
  autosave_frequency: 100
  autosave_keep_last: 3

CHECKPOINT Settings:
  checkpoint_dir: checkpoints
  checkpoint_frequency: 50

CONTINUE Settings:
  continue_on_error: True

DATASET Settings:
  dataset_dir: data/phase1_0
  dataset_end_idx: 10
  dataset_name: humaneval
  dataset_split: test
  dataset_start_idx: 0

ENABLE Settings:
  enable_timing_stats: True

EVALUATION Settings:
  evaluation_random_seed: 42

GC Settings:
  gc_collect_frequency: 50

LOG Settings:
  log_dir: data/logs

MAX Settings:
  max_gpu_memory_usage_gb: 30.0
  max_memory_usage_gb: 100.0
  max_retries: 3

MEMORY Settings:
  memory_cleanup_frequency: 100

MODEL Settings:
  model_device: None
  model_dtype: None
  model_max_new_tokens: 800
  model_name: google/gemma-2-2b
  model_temperature: 0.0
  model_trust_remote_code: True

ORTHOGONALIZATION Settings:
  orthogonalization_target_weights: [embed, attn_o, mlp_down]

PHASE0 Settings:
  phase0_1_output_dir: data/phase0_1
  phase0_2_output_dir: data/phase0_2_humaneval
  phase0_3_output_dir: data/phase0_3_humaneval
  phase0_output_dir: data/phase0

PHASE1 Settings:
  phase1_output_dir: data/phase1_0

PHASE2 Settings:
  phase2_10_output_dir: data/phase2_10
  phase2_15_output_dir: data/phase2_15
  phase2_2_output_dir: data/phase2_2
  phase2_5_output_dir: data/phase2_5
  phase2_output_dir: data/phase2

PHASE3 Settings:
  **phase3_5_output_dir**: data/phase3_5
  phase3_10_output_dir: data/phase3_10
  phase3_10_temperatures: [0.0, 0.2, 0.4, 0.6, 0.8, 1.0, 1.2, 1.4]
  phase3_11_output_dir: data/phase3_11
  phase3_12_output_dir: data/phase3_12
  phase3_6_output_dir: data/phase3_6
  phase3_8_output_dir: data/phase3_8
  phase3_output_dir: data/phase3

PHASE4 Settings:
  phase4_10_min_activation_freq: 0.001
  phase4_10_n_features: 10
  phase4_10_output_dir: data/phase4_10
  phase4_10_separation_threshold: 0.01
  phase4_12_output_dir: data/phase4_12
  phase4_14_output_dir: data/phase4_14
  phase4_14_significance_level: 0.05
  phase4_5_correct_coefficients: [10.0, 20.0, 30.0, 40.0, 50.0, 60.0, 70.0, 80.0, 90.0, 100.0]
  phase4_5_experiment_mode: all
  phase4_5_incorrect_coefficients: [100.0, 200.0, 300.0, 400.0, 500.0, 600.0, 700.0, 800.0, 900.0, 1000.0]
  phase4_5_meaningful_effect_threshold: 5.0
  phase4_5_output_dir: data/phase4_5
  phase4_5_plateau_threshold: 2.0
  phase4_5_search_tolerance: 2.0
  phase4_6_experiment_mode: all
  phase4_6_output_dir: data/phase4_6
  phase4_6_tolerance: 1.0
  phase4_8_correct_coefficient: 29
  phase4_8_experiment_mode: all
  phase4_8_incorrect_coefficient: 287
  phase4_8_output_dir: data/phase4_8

PHASE5 Settings:
  phase5_3_output_dir: data/phase5_3
  phase5_6_output_dir: data/phase5_6
  phase5_9_output_dir: data/phase5_9
  phase5_9_significance_level: 0.05

PHASE6 Settings:
  phase6_3_output_dir: data/phase6_3

PHASE7 Settings:
  phase7_12_output_dir: data/phase7_12
  phase7_3_model_name: google/gemma-2-2b-it
  phase7_3_output_dir: data/phase7_3
  phase7_6_model_name: google/gemma-2-2b-it
  phase7_6_output_dir: data/phase7_6

PHASE8 Settings:
  phase8_1_output_dir: data/phase8_1
  phase8_2_output_dir: data/phase8_2
  phase8_3_output_dir: data/phase8_3
  phase8_3_percentile: 70.0
  phase8_3_use_percentile_threshold: True

PILE Settings:
  pile_filter_enabled: True
  pile_samples: 10000
  pile_threshold: 0.02

PROGRESS Settings:
  progress_log_frequency: 10

RETRY Settings:
  retry_backoff: 1.0

SAE Settings:
  sae_checkpoint_dir: data/phase2/sae_checkpoints
  sae_cleanup_after_layer: True
  sae_hook_component: resid_post
  sae_latent_threshold: 0.02
  sae_repo_id: google/gemma-scope-2b-pt-res
  sae_save_after_each_layer: True
  sae_sparsity: 71
  sae_use_memory_mapping: False
  sae_width: 16k

SHOW Settings:
  show_progress_bar: True

SPLIT Settings:
  split_n_strata: 10
  split_random_seed: 42
  split_ratio_tolerance: 0.02

T Settings:
  t_statistic_min_samples: 10

TEMPERATURE Settings:
  temperature_samples_per_temp: 3
  temperature_variation_temps: [0.0]

TIMEOUT Settings:
  timeout_per_record: 300.0

VERBOSE Settings:
  verbose: False

============================================================
2025-11-21 08:25:02,685 [INFO] [temperature_runner] __init__:105 - Loading model google/gemma-2-2b on device: cuda
2025-11-21 08:25:02,879 [INFO] [common_simplified.model_loader] load_model_and_tokenizer:47 - Loading model google/gemma-2-2b on cuda with dtype torch.bfloat16
2025-11-21 08:25:04,341 [INFO] [common_simplified.model_loader] load_model_and_tokenizer:56 - Loading model to cuda...
2025-11-21 08:25:08,442 [INFO] [common_simplified.model_loader] load_model_and_tokenizer:86 - Model successfully loaded on cuda:0
2025-11-21 08:25:08,443 [INFO] [common_simplified.model_loader] load_model_and_tokenizer:88 - Model loaded successfully: Gemma2ForCausalLM
2025-11-21 08:25:08,444 [INFO] [common_simplified.model_loader] load_model_and_tokenizer:89 - Model size: 2.61B parameters
2025-11-21 08:25:08,444 [WARNING] [temperature_runner] __init__:114 - Model is on cuda:0 but expected cuda
2025-11-21 08:25:08,444 [INFO] [temperature_runner] _discover_best_features:65 - Using features from Phase 2.10: data/phase2_10/top_20_features.json
2025-11-21 08:25:08,444 [INFO] [temperature_runner] _discover_best_features:90 - Discovered best features from Phase 2.10 - Correct: layer 16 (feature 14439), Incorrect: layer 19 (feature 5441)
2025-11-21 08:25:08,444 [INFO] [temperature_runner] __init__:130 - Using different layers - Correct: 16, Incorrect: 19
2025-11-21 08:25:08,445 [INFO] [common_simplified.activation_hooks] __init__:185 - Initialized AttentionExtractor for layers [16, 19] at position -1
2025-11-21 08:25:08,445 [INFO] [temperature_runner] run:255 - Starting Phase 3.5: Temperature Robustness Testing
2025-11-21 08:25:08,445 [INFO] [temperature_runner] run:257 - Extracting activations from layers: [16, 19]
2025-11-21 08:25:08,445 [INFO] [temperature_runner] _load_validation_data:342 - Loading HumanEval data from data/phase0_2_humaneval/humaneval.parquet
2025-11-21 08:25:08,468 [INFO] [temperature_runner] run:263 - Loaded 164 validation problems
2025-11-21 08:25:08,468 [INFO] [temperature_runner] run:281 - Processing validation dataset rows 0-10 (inclusive)
2025-11-21 08:25:08,468 [INFO] [temperature_runner] _setup_output_directories:364 - Using output directory: data/phase3_5_humaneval (dataset: humaneval)
2025-11-21 08:25:08,470 [INFO] [common_simplified.activation_hooks] setup_hooks:53 - Set up hooks for 2 layers to capture residual stream
2025-11-21 08:25:08,470 [INFO] [common_simplified.activation_hooks] setup_hooks:204 - Set up attention hooks for 2 layers
2025-11-21 08:25:18,312 [INFO] [common_simplified.activation_hooks] setup_hooks:53 - Set up hooks for 2 layers to capture residual stream
2025-11-21 08:25:18,312 [INFO] [common_simplified.activation_hooks] setup_hooks:204 - Set up attention hooks for 2 layers
2025-11-21 08:26:00,335 [INFO] [common_simplified.activation_hooks] setup_hooks:53 - Set up hooks for 2 layers to capture residual stream
2025-11-21 08:26:00,335 [INFO] [common_simplified.activation_hooks] setup_hooks:204 - Set up attention hooks for 2 layers
2025-11-21 08:26:05,420 [INFO] [common_simplified.activation_hooks] setup_hooks:53 - Set up hooks for 2 layers to capture residual stream
2025-11-21 08:26:05,420 [INFO] [common_simplified.activation_hooks] setup_hooks:204 - Set up attention hooks for 2 layers
2025-11-21 08:26:14,772 [INFO] [common_simplified.activation_hooks] setup_hooks:53 - Set up hooks for 2 layers to capture residual stream
2025-11-21 08:26:14,772 [INFO] [common_simplified.activation_hooks] setup_hooks:204 - Set up attention hooks for 2 layers
2025-11-21 08:26:22,067 [INFO] [common_simplified.activation_hooks] setup_hooks:53 - Set up hooks for 2 layers to capture residual stream
2025-11-21 08:26:22,067 [INFO] [common_simplified.activation_hooks] setup_hooks:204 - Set up attention hooks for 2 layers
2025-11-21 08:26:28,644 [INFO] [common_simplified.activation_hooks] setup_hooks:53 - Set up hooks for 2 layers to capture residual stream
2025-11-21 08:26:28,644 [INFO] [common_simplified.activation_hooks] setup_hooks:204 - Set up attention hooks for 2 layers
2025-11-21 08:26:38,110 [INFO] [common_simplified.activation_hooks] setup_hooks:53 - Set up hooks for 2 layers to capture residual stream
2025-11-21 08:26:38,110 [INFO] [common_simplified.activation_hooks] setup_hooks:204 - Set up attention hooks for 2 layers
2025-11-21 08:26:40,723 [INFO] [common_simplified.activation_hooks] setup_hooks:53 - Set up hooks for 2 layers to capture residual stream
2025-11-21 08:26:40,723 [INFO] [common_simplified.activation_hooks] setup_hooks:204 - Set up attention hooks for 2 layers
2025-11-21 08:26:48,459 [INFO] [common_simplified.activation_hooks] setup_hooks:53 - Set up hooks for 2 layers to capture residual stream
2025-11-21 08:26:48,459 [INFO] [common_simplified.activation_hooks] setup_hooks:204 - Set up attention hooks for 2 layers
2025-11-21 08:27:04,886 [INFO] [temperature_runner] save_checkpoint:383 - Saved checkpoint 1 with 10 results to data/phase3_5_humaneval/checkpoint_0001.parquet
2025-11-21 08:27:05,024 [INFO] [temperature_runner] _process_all_tasks:604 - Memory after checkpoint: 19.3%
2025-11-21 08:27:05,024 [INFO] [common_simplified.activation_hooks] setup_hooks:53 - Set up hooks for 2 layers to capture residual stream
2025-11-21 08:27:05,024 [INFO] [common_simplified.activation_hooks] setup_hooks:204 - Set up attention hooks for 2 layers
2025-11-21 08:27:47,020 [INFO] [temperature_runner] save_checkpoint:383 - Saved checkpoint 2 with 1 results to data/phase3_5_humaneval/checkpoint_0002.parquet
2025-11-21 08:27:47,020 [INFO] [temperature_runner] _process_all_tasks:620 - Tasks processed: 11/11 (0 excluded)
2025-11-21 08:27:47,020 [INFO] [temperature_runner] _process_all_tasks:628 - Temperature 0.0: 3/11 passed (27.3%)
2025-11-21 08:27:47,023 [INFO] [temperature_runner] _save_temperature_results:718 - Saved 11 results to data/phase3_5_humaneval/dataset_temp_0_0.parquet
2025-11-21 08:27:47,024 [INFO] [temperature_runner] _save_metadata:771 - Saved metadata to data/phase3_5_humaneval/metadata.json
2025-11-21 08:27:47,024 [INFO] [temperature_runner] run:309 - Cleaning up 2 checkpoint files...
2025-11-21 08:27:47,025 [INFO] [temperature_runner] run:317 - Phase 3.5 completed successfully
2025-11-21 08:27:47,025 [INFO] [main] run_phase3_5:601 - 
✅ Phase 3.5 completed successfully
