2025-11-24 10:38:40,773 [INFO] [sae_analyzer] setup_logging:167 - Phase: 2.5, GPU: CPU
2025-11-24 10:38:40,773 [INFO] [phase8_3_selective_steering.selective_steering_analyzer] setup_logging:167 - Phase: 8.3, GPU: CPU
2025-11-24 10:38:40,774 [INFO] [main] run_phase8_3:748 - Starting Phase 8.3: Selective Steering Based on Threshold Analysis
2025-11-24 10:38:40,774 [INFO] [main] run_phase8_3:749 - Will apply steering only when predictive direction exceeds optimal threshold
2025-11-24 10:38:40,774 [INFO] [main] run_phase8_3:750 - Automatically discovers Phase 3.8 threshold and Phase 3.5 baseline
2025-11-24 10:38:40,775 [INFO] [main] run_phase8_3:753 - 
============================================================
CONFIGURATION
============================================================

ACTIVATION Settings:
  activation_cleanup_after_batch: True
  activation_clear_cache_between_layers: True
  activation_hook_type: resid_post
  activation_layers: [1, 2, 3, 4, 5, 6, 7, 8, 9, 10, 11, 12, 13, 14, 15, 16, 17, 18, 19, 20, 21, 22, 23, 24, 25]
  activation_max_cache_gb: 10.0
  activation_max_length: 2048
  activation_position: -1

AUTOSAVE Settings:
  autosave_frequency: 100
  autosave_keep_last: 3

CHECKPOINT Settings:
  checkpoint_dir: checkpoints
  checkpoint_frequency: 50

CONTINUE Settings:
  continue_on_error: True

DATASET Settings:
  dataset_dir: data/phase1_0
  dataset_end_idx: None
  dataset_name: humaneval
  dataset_split: test
  dataset_start_idx: 0

ENABLE Settings:
  enable_timing_stats: True

EVALUATION Settings:
  evaluation_random_seed: 42

GC Settings:
  gc_collect_frequency: 50

LOG Settings:
  log_dir: data/logs

MAX Settings:
  max_gpu_memory_usage_gb: 30.0
  max_memory_usage_gb: 100.0
  max_retries: 3

MEMORY Settings:
  memory_cleanup_frequency: 100

MODEL Settings:
  model_device: None
  model_dtype: None
  model_max_new_tokens: 800
  model_name: google/gemma-2-2b
  model_temperature: 0.0
  model_trust_remote_code: True

ORTHOGONALIZATION Settings:
  orthogonalization_target_weights: [embed, attn_o, mlp_down]

PHASE0 Settings:
  phase0_1_output_dir: data/phase0_1
  phase0_2_output_dir: data/phase0_2_humaneval
  phase0_3_output_dir: data/phase0_3_humaneval
  phase0_output_dir: data/phase0

PHASE1 Settings:
  phase1_output_dir: data/phase1_0

PHASE2 Settings:
  phase2_10_output_dir: data/phase2_10
  phase2_15_output_dir: data/phase2_15
  phase2_2_output_dir: data/phase2_2
  phase2_5_output_dir: data/phase2_5
  phase2_output_dir: data/phase2

PHASE3 Settings:
  phase3_10_output_dir: data/phase3_10
  phase3_10_temperatures: [0.0, 0.2, 0.4, 0.6, 0.8, 1.0, 1.2, 1.4]
  phase3_11_output_dir: data/phase3_11
  phase3_12_output_dir: data/phase3_12
  phase3_5_output_dir: data/phase3_5
  phase3_6_output_dir: data/phase3_6
  phase3_8_output_dir: data/phase3_8
  phase3_output_dir: data/phase3

PHASE4 Settings:
  phase4_10_min_activation_freq: 0.001
  phase4_10_n_features: 10
  phase4_10_output_dir: data/phase4_10
  phase4_10_separation_threshold: 0.01
  phase4_12_output_dir: data/phase4_12
  phase4_14_output_dir: data/phase4_14
  phase4_14_significance_level: 0.05
  phase4_5_correct_coefficients: [10.0, 20.0, 30.0, 40.0, 50.0, 60.0, 70.0, 80.0, 90.0, 100.0]
  phase4_5_experiment_mode: all
  phase4_5_incorrect_coefficients: [100.0, 200.0, 300.0, 400.0, 500.0, 600.0, 700.0, 800.0, 900.0, 1000.0]
  phase4_5_meaningful_effect_threshold: 5.0
  phase4_5_output_dir: data/phase4_5
  phase4_5_plateau_threshold: 2.0
  phase4_5_search_tolerance: 2.0
  phase4_6_experiment_mode: all
  phase4_6_output_dir: data/phase4_6
  phase4_6_tolerance: 1.0
  phase4_8_correct_coefficient: 29
  phase4_8_experiment_mode: all
  phase4_8_incorrect_coefficient: 287
  phase4_8_output_dir: data/phase4_8

PHASE5 Settings:
  phase5_3_output_dir: data/phase5_3
  phase5_6_output_dir: data/phase5_6
  phase5_9_output_dir: data/phase5_9
  phase5_9_significance_level: 0.05

PHASE6 Settings:
  phase6_3_output_dir: data/phase6_3

PHASE7 Settings:
  phase7_12_output_dir: data/phase7_12
  phase7_3_model_name: google/gemma-2-2b-it
  phase7_3_output_dir: data/phase7_3
  phase7_6_model_name: google/gemma-2-2b-it
  phase7_6_output_dir: data/phase7_6

PHASE8 Settings:
  **phase8_3_output_dir**: data/phase8_3
  **phase8_3_percentile**: 70.0
  **phase8_3_use_percentile_threshold**: True
  phase8_1_output_dir: data/phase8_1
  phase8_2_output_dir: data/phase8_2

PILE Settings:
  pile_filter_enabled: True
  pile_samples: 10000
  pile_threshold: 0.02

PROGRESS Settings:
  progress_log_frequency: 10

RETRY Settings:
  retry_backoff: 1.0

SAE Settings:
  sae_checkpoint_dir: data/phase2/sae_checkpoints
  sae_cleanup_after_layer: True
  sae_hook_component: resid_post
  sae_latent_threshold: 0.02
  sae_repo_id: google/gemma-scope-2b-pt-res
  sae_save_after_each_layer: True
  sae_sparsity: 71
  sae_use_memory_mapping: False
  sae_width: 16k

SHOW Settings:
  show_progress_bar: True

SPLIT Settings:
  split_n_strata: 10
  split_random_seed: 42
  split_ratio_tolerance: 0.02

T Settings:
  t_statistic_min_samples: 10

TEMPERATURE Settings:
  temperature_samples_per_temp: 3
  temperature_variation_temps: [0.0]

TIMEOUT Settings:
  timeout_per_record: 300.0

VERBOSE Settings:
  verbose: False

============================================================
2025-11-24 10:38:40,775 [INFO] [phase8_3_selective_steering.selective_steering_analyzer] __init__:108 - Initializing Selective Steering Analyzer
2025-11-24 10:38:40,775 [INFO] [phase8_3_selective_steering.selective_steering_analyzer] __init__:109 - Device: cuda
2025-11-24 10:38:40,775 [INFO] [phase8_3_selective_steering.selective_steering_analyzer] __init__:110 - Output directory: data/phase8_3_humaneval
2025-11-24 10:38:40,775 [INFO] [phase8_3_selective_steering.selective_steering_analyzer] _load_dependencies:119 - Loading dependencies...
2025-11-24 10:38:40,775 [INFO] [phase8_3_selective_steering.selective_steering_analyzer] _load_dependencies:122 - Loading model and tokenizer...
2025-11-24 10:38:40,819 [INFO] [common_simplified.model_loader] load_model_and_tokenizer:47 - Loading model google/gemma-2-2b on cuda with dtype torch.bfloat16
2025-11-24 10:38:42,324 [INFO] [common_simplified.model_loader] load_model_and_tokenizer:56 - Loading model to cuda...
2025-11-24 10:38:45,353 [INFO] [common_simplified.model_loader] load_model_and_tokenizer:86 - Model successfully loaded on cuda:0
2025-11-24 10:38:45,353 [INFO] [common_simplified.model_loader] load_model_and_tokenizer:88 - Model loaded successfully: Gemma2ForCausalLM
2025-11-24 10:38:45,354 [INFO] [common_simplified.model_loader] load_model_and_tokenizer:89 - Model size: 2.61B parameters
2025-11-24 10:38:45,354 [INFO] [phase8_3_selective_steering.selective_steering_analyzer] _load_dependencies:128 - Model loaded: google/gemma-2-2b
2025-11-24 10:38:45,354 [INFO] [phase8_3_selective_steering.selective_steering_analyzer] _load_dependencies:131 - Loading optimal threshold from Phase 3.8...
2025-11-24 10:38:45,355 [INFO] [phase8_3_selective_steering.selective_steering_analyzer] _load_dependencies:147 - Incorrect-predicting feature: Layer 19, Feature 5441
2025-11-24 10:38:45,355 [INFO] [phase8_3_selective_steering.selective_steering_analyzer] _load_dependencies:149 - Phase 3.8 optimal threshold: 15.5086
2025-11-24 10:38:45,355 [INFO] [phase8_3_selective_steering.selective_steering_analyzer] _load_dependencies:152 - Loading steering features from Phase 2.5...
2025-11-24 10:38:45,355 [INFO] [phase8_3_selective_steering.selective_steering_analyzer] _load_dependencies:168 - Correct-steering feature: Layer 16, Feature 11225, Score 0.2212
2025-11-24 10:38:45,356 [INFO] [phase8_3_selective_steering.selective_steering_analyzer] _load_dependencies:173 - Loading SAE models...
2025-11-24 10:38:45,356 [INFO] [sae_analyzer] load_gemma_scope_sae:47 - Loading GemmaScope SAE for layer 19
2025-11-24 10:38:45,356 [INFO] [sae_analyzer] load_gemma_scope_sae:61 - Loading from HuggingFace: google/gemma-scope-2b-pt-res/layer_19/width_16k/average_l0_73/params.npz
2025-11-24 10:38:45,356 [INFO] [sae_analyzer] load_gemma_scope_sae:62 - This may take a while if the model is not cached...
2025-11-24 10:38:47,992 [INFO] [sae_analyzer] load_gemma_scope_sae:70 - Download complete, loading from: /home/kriz.tahimic/.cache/huggingface/hub/models--google--gemma-scope-2b-pt-res/snapshots/fd571b47c1c64851e9b1989792367b9babb4af63/layer_19/width_16k/average_l0_73/params.npz
2025-11-24 10:38:48,903 [INFO] [sae_analyzer] load_gemma_scope_sae:87 - Loaded SAE with d_model=2304, d_sae=16384, sparsity=73
2025-11-24 10:38:48,904 [INFO] [phase8_3_selective_steering.selective_steering_analyzer] _load_dependencies:177 - Loaded SAE for Layer 19 (threshold checking)
2025-11-24 10:38:48,904 [INFO] [sae_analyzer] load_gemma_scope_sae:47 - Loading GemmaScope SAE for layer 16
2025-11-24 10:38:48,904 [INFO] [sae_analyzer] load_gemma_scope_sae:61 - Loading from HuggingFace: google/gemma-scope-2b-pt-res/layer_16/width_16k/average_l0_78/params.npz
2025-11-24 10:38:48,904 [INFO] [sae_analyzer] load_gemma_scope_sae:62 - This may take a while if the model is not cached...
2025-11-24 10:38:50,697 [INFO] [sae_analyzer] load_gemma_scope_sae:70 - Download complete, loading from: /home/kriz.tahimic/.cache/huggingface/hub/models--google--gemma-scope-2b-pt-res/snapshots/fd571b47c1c64851e9b1989792367b9babb4af63/layer_16/width_16k/average_l0_78/params.npz
2025-11-24 10:38:51,602 [INFO] [sae_analyzer] load_gemma_scope_sae:87 - Loaded SAE with d_model=2304, d_sae=16384, sparsity=78
2025-11-24 10:38:51,603 [INFO] [phase8_3_selective_steering.selective_steering_analyzer] _load_dependencies:181 - Loaded SAE for Layer 16 (steering)
2025-11-24 10:38:51,615 [INFO] [phase8_3_selective_steering.selective_steering_analyzer] _load_dependencies:189 - Decoder direction converted to model dtype: torch.bfloat16
2025-11-24 10:38:51,615 [INFO] [phase8_3_selective_steering.selective_steering_analyzer] _load_dependencies:192 - Loading baseline data from Phase 3.5...
2025-11-24 10:38:51,638 [INFO] [phase8_3_selective_steering.selective_steering_analyzer] _load_dependencies:204 - Loaded 164 problems from Phase 3.5 baseline
2025-11-24 10:38:51,640 [INFO] [phase8_3_selective_steering.selective_steering_analyzer] _load_dependencies:211 - Parsed test_list JSON strings to lists
2025-11-24 10:38:51,648 [INFO] [phase8_3_selective_steering.selective_steering_analyzer] _load_dependencies:230 - ✓ Validation passed: test_list is list with 7 test cases
2025-11-24 10:38:51,649 [INFO] [phase8_3_selective_steering.selective_steering_analyzer] _load_dependencies:253 - Loading 70.0th percentile threshold from Phase 8.1...
2025-11-24 10:38:51,649 [INFO] [phase8_3_selective_steering.selective_steering_analyzer] _load_dependencies:268 - ✓ Using Phase 8.1 p70 threshold: 20.5801
2025-11-24 10:38:51,649 [INFO] [phase8_3_selective_steering.selective_steering_analyzer] _load_dependencies:269 -   (Calculated from 97 samples in Phase 3.6 hyperparams set)
2025-11-24 10:38:51,649 [INFO] [phase8_3_selective_steering.selective_steering_analyzer] _load_dependencies:270 -   Will steer approximately 30% of cases
2025-11-24 10:38:51,649 [INFO] [phase8_3_selective_steering.selective_steering_analyzer] _load_dependencies:271 -   Phase 3.8 classification threshold was: 15.5086
2025-11-24 10:38:51,649 [INFO] [phase8_3_selective_steering.selective_steering_analyzer] _load_dependencies:283 - Dependencies loaded successfully
2025-11-24 10:38:51,649 [INFO] [phase8_3_selective_steering.selective_steering_analyzer] __init__:115 - Initialization complete
2025-11-24 10:38:51,649 [INFO] [phase8_3_selective_steering.selective_steering_analyzer] run:901 - ============================================================
2025-11-24 10:38:51,649 [INFO] [phase8_3_selective_steering.selective_steering_analyzer] run:902 - Starting Phase 8.3: Selective Steering Analysis
2025-11-24 10:38:51,649 [INFO] [phase8_3_selective_steering.selective_steering_analyzer] run:903 - ============================================================
2025-11-24 10:38:51,649 [INFO] [phase8_3_selective_steering.selective_steering_analyzer] _split_baseline_by_correctness:290 - Splitting baseline by initial correctness...
2025-11-24 10:38:51,651 [INFO] [phase8_3_selective_steering.selective_steering_analyzer] _split_baseline_by_correctness:300 - Split complete:
2025-11-24 10:38:51,651 [INFO] [phase8_3_selective_steering.selective_steering_analyzer] _split_baseline_by_correctness:301 -   Initially incorrect: 139 (84.8%)
2025-11-24 10:38:51,651 [INFO] [phase8_3_selective_steering.selective_steering_analyzer] _split_baseline_by_correctness:302 -   Initially correct: 25 (15.2%)
2025-11-24 10:38:51,651 [INFO] [phase8_3_selective_steering.selective_steering_analyzer] run:909 - 
============================================================
2025-11-24 10:38:51,651 [INFO] [phase8_3_selective_steering.selective_steering_analyzer] run:910 - EXPERIMENT 1: Selective Correction (initially incorrect problems)
2025-11-24 10:38:51,652 [INFO] [phase8_3_selective_steering.selective_steering_analyzer] run:911 - ============================================================
2025-11-24 10:38:51,652 [INFO] [phase8_3_selective_steering.selective_steering_analyzer] _apply_selective_steering:506 - 
============================================================
2025-11-24 10:38:51,652 [INFO] [phase8_3_selective_steering.selective_steering_analyzer] _apply_selective_steering:507 - EXPERIMENT: CORRECTION
2025-11-24 10:38:51,652 [INFO] [phase8_3_selective_steering.selective_steering_analyzer] _apply_selective_steering:508 - ============================================================
2025-11-24 10:38:51,652 [INFO] [phase8_3_selective_steering.selective_steering_analyzer] _apply_selective_steering:511 - Processing 139 initially incorrect problems
2025-11-24 10:38:51,652 [INFO] [phase8_3_selective_steering.selective_steering_analyzer] _apply_selective_steering:512 - Goal: Measure selective correction rate
2025-11-24 10:38:51,652 [INFO] [phase8_3_selective_steering.selective_steering_analyzer] _apply_selective_steering:517 - Threshold: 20.5801 (Layer 19, Feature 5441)
2025-11-24 10:38:51,652 [INFO] [phase8_3_selective_steering.selective_steering_analyzer] _apply_selective_steering:518 - Steering: Layer 16, Feature 11225, Coefficient 29
2025-11-24 10:38:51,652 [INFO] [phase8_3_selective_steering.selective_steering_analyzer] _apply_selective_steering:519 - ============================================================

2025-11-24 10:39:01,518 [INFO] [phase8_3_selective_steering.selective_steering_analyzer] _apply_selective_steering:553 -   [1/139] Task 0: ✗ BASELINE (L19-5441: 20.32, threshold: 20.58)
2025-11-24 10:39:45,298 [INFO] [phase8_3_selective_steering.selective_steering_analyzer] _apply_selective_steering:553 -   [2/139] Task 1: ✗ BASELINE (L19-5441: 19.90, threshold: 20.58)
2025-11-24 10:39:54,999 [INFO] [phase8_3_selective_steering.selective_steering_analyzer] _apply_selective_steering:553 -   [3/139] Task 3: ✗ BASELINE (L19-5441: 19.66, threshold: 20.58)
2025-11-24 10:40:03,153 [INFO] [phase8_3_selective_steering.selective_steering_analyzer] _apply_selective_steering:553 -   [4/139] Task 4: ✗ BASELINE (L19-5441: 18.42, threshold: 20.58)
2025-11-24 10:40:09,769 [INFO] [phase8_3_selective_steering.selective_steering_analyzer] _apply_selective_steering:553 -   [5/139] Task 5: ✗ BASELINE (L19-5441: 18.56, threshold: 20.58)
2025-11-24 10:40:26,701 [INFO] [phase8_3_selective_steering.selective_steering_analyzer] _apply_selective_steering:553 -   [6/139] Task 6: ✗ STEERED (L19-5441: 21.10, threshold: 20.58)
2025-11-24 10:40:34,817 [INFO] [phase8_3_selective_steering.selective_steering_analyzer] _apply_selective_steering:553 -   [7/139] Task 8: ✗ BASELINE (L19-5441: 19.84, threshold: 20.58)
2025-11-24 10:40:51,724 [INFO] [phase8_3_selective_steering.selective_steering_analyzer] _apply_selective_steering:553 -   [8/139] Task 9: ✗ BASELINE (L19-5441: 15.28, threshold: 20.58)
2025-11-24 10:41:35,921 [INFO] [phase8_3_selective_steering.selective_steering_analyzer] _apply_selective_steering:553 -   [9/139] Task 10: ✗ BASELINE (L19-5441: 19.00, threshold: 20.58)
2025-11-24 10:41:41,903 [INFO] [phase8_3_selective_steering.selective_steering_analyzer] _apply_selective_steering:553 -   [10/139] Task 11: ✗ BASELINE (L19-5441: 18.79, threshold: 20.58)
2025-11-24 10:41:41,904 [INFO] [phase8_3_selective_steering.selective_steering_analyzer] _apply_selective_steering:588 - 
  📊 Progress: 10/139 tasks
2025-11-24 10:41:41,904 [INFO] [phase8_3_selective_steering.selective_steering_analyzer] _apply_selective_steering:589 -      Steered: 1, Corrected: 0, Errors: 0
2025-11-24 10:41:41,904 [INFO] [phase8_3_selective_steering.selective_steering_analyzer] _apply_selective_steering:590 -      Avg L19-5441 activation: 19.09

2025-11-24 10:41:45,808 [INFO] [phase8_3_selective_steering.selective_steering_analyzer] _apply_selective_steering:553 -   [11/139] Task 14: ✗ BASELINE (L19-5441: 20.34, threshold: 20.58)
2025-11-24 10:41:48,454 [INFO] [phase8_3_selective_steering.selective_steering_analyzer] _apply_selective_steering:553 -   [12/139] Task 16: ✗ BASELINE (L19-5441: 20.19, threshold: 20.58)
2025-11-24 10:41:57,863 [INFO] [phase8_3_selective_steering.selective_steering_analyzer] _apply_selective_steering:553 -   [13/139] Task 17: ✗ BASELINE (L19-5441: 20.07, threshold: 20.58)
2025-11-24 10:42:05,490 [INFO] [phase8_3_selective_steering.selective_steering_analyzer] _apply_selective_steering:553 -   [14/139] Task 18: ✗ BASELINE (L19-5441: 18.54, threshold: 20.58)
2025-11-24 10:42:11,768 [INFO] [phase8_3_selective_steering.selective_steering_analyzer] _apply_selective_steering:553 -   [15/139] Task 19: ✗ BASELINE (L19-5441: 18.29, threshold: 20.58)
2025-11-24 10:42:30,136 [INFO] [phase8_3_selective_steering.selective_steering_analyzer] _apply_selective_steering:553 -   [16/139] Task 20: ✗ BASELINE (L19-5441: 18.71, threshold: 20.58)
2025-11-24 10:42:40,515 [INFO] [phase8_3_selective_steering.selective_steering_analyzer] _apply_selective_steering:553 -   [17/139] Task 21: ✗ BASELINE (L19-5441: 16.55, threshold: 20.58)
2025-11-24 10:42:45,180 [INFO] [phase8_3_selective_steering.selective_steering_analyzer] _apply_selective_steering:553 -   [18/139] Task 24: ✗ BASELINE (L19-5441: 18.50, threshold: 20.58)
2025-11-24 10:42:56,182 [INFO] [phase8_3_selective_steering.selective_steering_analyzer] _apply_selective_steering:553 -   [19/139] Task 25: ✗ BASELINE (L19-5441: 16.83, threshold: 20.58)
2025-11-24 10:43:04,392 [INFO] [phase8_3_selective_steering.selective_steering_analyzer] _apply_selective_steering:553 -   [20/139] Task 26: ✗ BASELINE (L19-5441: 16.69, threshold: 20.58)
2025-11-24 10:43:04,393 [INFO] [phase8_3_selective_steering.selective_steering_analyzer] _apply_selective_steering:588 - 
  📊 Progress: 20/139 tasks
2025-11-24 10:43:04,393 [INFO] [phase8_3_selective_steering.selective_steering_analyzer] _apply_selective_steering:589 -      Steered: 1, Corrected: 0, Errors: 0
2025-11-24 10:43:04,393 [INFO] [phase8_3_selective_steering.selective_steering_analyzer] _apply_selective_steering:590 -      Avg L19-5441 activation: 18.78

2025-11-24 10:43:08,044 [INFO] [phase8_3_selective_steering.selective_steering_analyzer] _apply_selective_steering:553 -   [21/139] Task 27: ✗ BASELINE (L19-5441: 17.45, threshold: 20.58)
2025-11-24 10:43:52,379 [INFO] [phase8_3_selective_steering.selective_steering_analyzer] _apply_selective_steering:553 -   [22/139] Task 32: ✗ STEERED (L19-5441: 21.29, threshold: 20.58)
2025-11-24 10:44:02,178 [INFO] [phase8_3_selective_steering.selective_steering_analyzer] _apply_selective_steering:553 -   [23/139] Task 33: ✗ BASELINE (L19-5441: 19.64, threshold: 20.58)
2025-11-24 10:44:15,965 [INFO] [phase8_3_selective_steering.selective_steering_analyzer] _apply_selective_steering:553 -   [24/139] Task 36: ✗ BASELINE (L19-5441: 19.98, threshold: 20.58)
2025-11-24 10:44:25,979 [INFO] [phase8_3_selective_steering.selective_steering_analyzer] _apply_selective_steering:553 -   [25/139] Task 37: ✗ BASELINE (L19-5441: 16.94, threshold: 20.58)
2025-11-24 10:44:42,354 [INFO] [phase8_3_selective_steering.selective_steering_analyzer] _apply_selective_steering:553 -   [26/139] Task 38: ✗ STEERED (L19-5441: 23.48, threshold: 20.58)
2025-11-24 10:44:55,713 [INFO] [phase8_3_selective_steering.selective_steering_analyzer] _apply_selective_steering:553 -   [27/139] Task 39: ✗ BASELINE (L19-5441: 18.98, threshold: 20.58)
2025-11-24 10:45:13,270 [INFO] [phase8_3_selective_steering.selective_steering_analyzer] _apply_selective_steering:553 -   [28/139] Task 40: ✓ STEERED (L19-5441: 21.37, threshold: 20.58)
2025-11-24 10:45:57,890 [INFO] [phase8_3_selective_steering.selective_steering_analyzer] _apply_selective_steering:553 -   [29/139] Task 41: ✗ STEERED (L19-5441: 22.41, threshold: 20.58)
2025-11-24 10:46:04,723 [INFO] [phase8_3_selective_steering.selective_steering_analyzer] _apply_selective_steering:553 -   [30/139] Task 44: ✗ BASELINE (L19-5441: 17.90, threshold: 20.58)
2025-11-24 10:46:04,724 [INFO] [phase8_3_selective_steering.selective_steering_analyzer] _apply_selective_steering:588 - 
  📊 Progress: 30/139 tasks
2025-11-24 10:46:04,724 [INFO] [phase8_3_selective_steering.selective_steering_analyzer] _apply_selective_steering:589 -      Steered: 5, Corrected: 1, Errors: 0
2025-11-24 10:46:04,724 [INFO] [phase8_3_selective_steering.selective_steering_analyzer] _apply_selective_steering:590 -      Avg L19-5441 activation: 19.17

2025-11-24 10:46:06,088 [INFO] [phase8_3_selective_steering.selective_steering_analyzer] _apply_selective_steering:553 -   [31/139] Task 49: ✗ BASELINE (L19-5441: 19.19, threshold: 20.58)
2025-11-24 10:46:12,012 [INFO] [phase8_3_selective_steering.selective_steering_analyzer] _apply_selective_steering:553 -   [32/139] Task 50: ✗ STEERED (L19-5441: 22.84, threshold: 20.58)
2025-11-24 10:46:21,044 [INFO] [phase8_3_selective_steering.selective_steering_analyzer] _apply_selective_steering:553 -   [33/139] Task 51: ✗ BASELINE (L19-5441: 16.93, threshold: 20.58)
2025-11-24 10:46:24,264 [INFO] [phase8_3_selective_steering.selective_steering_analyzer] _apply_selective_steering:553 -   [34/139] Task 53: ✗ BASELINE (L19-5441: 17.95, threshold: 20.58)
2025-11-24 10:46:33,755 [INFO] [phase8_3_selective_steering.selective_steering_analyzer] _apply_selective_steering:553 -   [35/139] Task 54: ✗ BASELINE (L19-5441: 19.43, threshold: 20.58)
2025-11-24 10:46:37,421 [INFO] [phase8_3_selective_steering.selective_steering_analyzer] _apply_selective_steering:553 -   [36/139] Task 55: ✗ BASELINE (L19-5441: 16.16, threshold: 20.58)
2025-11-24 10:46:44,238 [INFO] [phase8_3_selective_steering.selective_steering_analyzer] _apply_selective_steering:553 -   [37/139] Task 56: ✗ STEERED (L19-5441: 20.61, threshold: 20.58)
2025-11-24 10:46:59,244 [INFO] [phase8_3_selective_steering.selective_steering_analyzer] _apply_selective_steering:553 -   [38/139] Task 57: ✗ BASELINE (L19-5441: 17.11, threshold: 20.58)
2025-11-24 10:47:08,302 [INFO] [phase8_3_selective_steering.selective_steering_analyzer] _apply_selective_steering:553 -   [39/139] Task 59: ✗ BASELINE (L19-5441: 17.40, threshold: 20.58)
2025-11-24 10:47:52,944 [INFO] [phase8_3_selective_steering.selective_steering_analyzer] _apply_selective_steering:553 -   [40/139] Task 61: ✗ BASELINE (L19-5441: 20.49, threshold: 20.58)
2025-11-24 10:47:52,945 [INFO] [phase8_3_selective_steering.selective_steering_analyzer] _apply_selective_steering:588 - 
  📊 Progress: 40/139 tasks
2025-11-24 10:47:52,945 [INFO] [phase8_3_selective_steering.selective_steering_analyzer] _apply_selective_steering:589 -      Steered: 7, Corrected: 1, Errors: 0
2025-11-24 10:47:52,945 [INFO] [phase8_3_selective_steering.selective_steering_analyzer] _apply_selective_steering:590 -      Avg L19-5441 activation: 19.08

2025-11-24 10:48:00,962 [INFO] [phase8_3_selective_steering.selective_steering_analyzer] _apply_selective_steering:553 -   [41/139] Task 62: ✗ BASELINE (L19-5441: 17.36, threshold: 20.58)
2025-11-24 10:48:13,363 [INFO] [phase8_3_selective_steering.selective_steering_analyzer] _apply_selective_steering:553 -   [42/139] Task 64: ✗ BASELINE (L19-5441: 17.05, threshold: 20.58)
2025-11-24 10:48:20,902 [INFO] [phase8_3_selective_steering.selective_steering_analyzer] _apply_selective_steering:553 -   [43/139] Task 65: ✗ BASELINE (L19-5441: 17.04, threshold: 20.58)
2025-11-24 10:48:28,672 [INFO] [phase8_3_selective_steering.selective_steering_analyzer] _apply_selective_steering:553 -   [44/139] Task 66: ✗ BASELINE (L19-5441: 16.52, threshold: 20.58)
2025-11-24 10:49:12,890 [INFO] [phase8_3_selective_steering.selective_steering_analyzer] _apply_selective_steering:553 -   [45/139] Task 67: ✗ STEERED (L19-5441: 21.18, threshold: 20.58)
2025-11-24 10:49:36,990 [INFO] [phase8_3_selective_steering.selective_steering_analyzer] _apply_selective_steering:553 -   [46/139] Task 68: ✗ STEERED (L19-5441: 21.19, threshold: 20.58)
2025-11-24 10:49:57,316 [INFO] [phase8_3_selective_steering.selective_steering_analyzer] _apply_selective_steering:553 -   [47/139] Task 69: ✓ STEERED (L19-5441: 21.83, threshold: 20.58)
2025-11-24 10:50:41,566 [INFO] [phase8_3_selective_steering.selective_steering_analyzer] _apply_selective_steering:553 -   [48/139] Task 70: ✗ BASELINE (L19-5441: 19.99, threshold: 20.58)
2025-11-24 10:50:45,019 [INFO] [phase8_3_selective_steering.selective_steering_analyzer] _apply_selective_steering:553 -   [49/139] Task 71: ✗ BASELINE (L19-5441: 17.55, threshold: 20.58)
2025-11-24 10:50:49,993 [INFO] [phase8_3_selective_steering.selective_steering_analyzer] _apply_selective_steering:553 -   [50/139] Task 72: ✗ BASELINE (L19-5441: 20.50, threshold: 20.58)
2025-11-24 10:50:49,994 [INFO] [phase8_3_selective_steering.selective_steering_analyzer] _apply_selective_steering:588 - 
  📊 Progress: 50/139 tasks
2025-11-24 10:50:49,994 [INFO] [phase8_3_selective_steering.selective_steering_analyzer] _apply_selective_steering:589 -      Steered: 10, Corrected: 2, Errors: 0
2025-11-24 10:50:49,994 [INFO] [phase8_3_selective_steering.selective_steering_analyzer] _apply_selective_steering:590 -      Avg L19-5441 activation: 19.07

2025-11-24 10:50:49,994 [INFO] [phase8_3_selective_steering.selective_steering_analyzer] _apply_selective_steering:600 -   ✓ Milestone: 50/139 tasks completed

2025-11-24 10:50:49,994 [INFO] [phase8_3_selective_steering.selective_steering_analyzer] _apply_selective_steering:602 - Autosaving at task 50/139
2025-11-24 10:50:49,995 [INFO] [phase8_3_selective_steering.selective_steering_analyzer] save_checkpoint:849 - Saved correction checkpoint at index 49/138
2025-11-24 10:51:07,935 [INFO] [phase8_3_selective_steering.selective_steering_analyzer] _apply_selective_steering:553 -   [51/139] Task 73: ✗ STEERED (L19-5441: 23.92, threshold: 20.58)
2025-11-24 10:51:09,665 [INFO] [phase8_3_selective_steering.selective_steering_analyzer] _apply_selective_steering:553 -   [52/139] Task 74: ✗ BASELINE (L19-5441: 19.94, threshold: 20.58)
2025-11-24 10:51:18,963 [INFO] [phase8_3_selective_steering.selective_steering_analyzer] _apply_selective_steering:553 -   [53/139] Task 75: ✗ BASELINE (L19-5441: 17.62, threshold: 20.58)
2025-11-24 10:51:34,479 [INFO] [phase8_3_selective_steering.selective_steering_analyzer] _apply_selective_steering:553 -   [54/139] Task 76: ✗ BASELINE (L19-5441: 16.91, threshold: 20.58)
2025-11-24 10:51:41,383 [INFO] [phase8_3_selective_steering.selective_steering_analyzer] _apply_selective_steering:553 -   [55/139] Task 77: ✗ BASELINE (L19-5441: 16.05, threshold: 20.58)
2025-11-24 10:51:43,121 [INFO] [phase8_3_selective_steering.selective_steering_analyzer] _apply_selective_steering:553 -   [56/139] Task 78: ✗ BASELINE (L19-5441: 17.89, threshold: 20.58)
2025-11-24 10:51:54,662 [INFO] [phase8_3_selective_steering.selective_steering_analyzer] _apply_selective_steering:553 -   [57/139] Task 79: ✗ BASELINE (L19-5441: 16.79, threshold: 20.58)
2025-11-24 10:52:06,306 [INFO] [phase8_3_selective_steering.selective_steering_analyzer] _apply_selective_steering:553 -   [58/139] Task 80: ✗ STEERED (L19-5441: 23.10, threshold: 20.58)
2025-11-24 10:52:16,357 [INFO] [phase8_3_selective_steering.selective_steering_analyzer] _apply_selective_steering:553 -   [59/139] Task 81: ✗ BASELINE (L19-5441: 15.63, threshold: 20.58)
2025-11-24 10:53:00,634 [INFO] [phase8_3_selective_steering.selective_steering_analyzer] _apply_selective_steering:553 -   [60/139] Task 82: ✗ BASELINE (L19-5441: 17.82, threshold: 20.58)
2025-11-24 10:53:00,634 [INFO] [phase8_3_selective_steering.selective_steering_analyzer] _apply_selective_steering:588 - 
  📊 Progress: 60/139 tasks
2025-11-24 10:53:00,634 [INFO] [phase8_3_selective_steering.selective_steering_analyzer] _apply_selective_steering:589 -      Steered: 12, Corrected: 2, Errors: 0
2025-11-24 10:53:00,634 [INFO] [phase8_3_selective_steering.selective_steering_analyzer] _apply_selective_steering:590 -      Avg L19-5441 activation: 18.98

2025-11-24 10:53:05,151 [INFO] [phase8_3_selective_steering.selective_steering_analyzer] _apply_selective_steering:553 -   [61/139] Task 83: ✗ BASELINE (L19-5441: 20.45, threshold: 20.58)
2025-11-24 10:53:20,436 [INFO] [phase8_3_selective_steering.selective_steering_analyzer] _apply_selective_steering:553 -   [62/139] Task 84: ✗ STEERED (L19-5441: 22.50, threshold: 20.58)
2025-11-24 10:53:25,047 [INFO] [phase8_3_selective_steering.selective_steering_analyzer] _apply_selective_steering:553 -   [63/139] Task 85: ✗ BASELINE (L19-5441: 16.27, threshold: 20.58)
2025-11-24 10:53:26,268 [INFO] [phase8_3_selective_steering.selective_steering_analyzer] _apply_selective_steering:553 -   [64/139] Task 86: ✗ STEERED (L19-5441: 21.07, threshold: 20.58)
2025-11-24 10:53:46,277 [INFO] [phase8_3_selective_steering.selective_steering_analyzer] _apply_selective_steering:553 -   [65/139] Task 87: ✗ STEERED (L19-5441: 23.96, threshold: 20.58)
2025-11-24 10:54:30,640 [INFO] [phase8_3_selective_steering.selective_steering_analyzer] _apply_selective_steering:553 -   [66/139] Task 88: ✗ BASELINE (L19-5441: 18.28, threshold: 20.58)
2025-11-24 10:55:15,191 [INFO] [phase8_3_selective_steering.selective_steering_analyzer] _apply_selective_steering:553 -   [67/139] Task 89: ✗ BASELINE (L19-5441: 16.24, threshold: 20.58)
2025-11-24 10:55:19,290 [INFO] [phase8_3_selective_steering.selective_steering_analyzer] _apply_selective_steering:553 -   [68/139] Task 90: ✗ BASELINE (L19-5441: 17.48, threshold: 20.58)
2025-11-24 10:55:27,067 [INFO] [phase8_3_selective_steering.selective_steering_analyzer] _apply_selective_steering:553 -   [69/139] Task 91: ✗ BASELINE (L19-5441: 19.32, threshold: 20.58)
2025-11-24 10:55:29,315 [INFO] [phase8_3_selective_steering.selective_steering_analyzer] _apply_selective_steering:553 -   [70/139] Task 92: ✗ BASELINE (L19-5441: 16.73, threshold: 20.58)
2025-11-24 10:55:29,316 [INFO] [phase8_3_selective_steering.selective_steering_analyzer] _apply_selective_steering:588 - 
  📊 Progress: 70/139 tasks
2025-11-24 10:55:29,316 [INFO] [phase8_3_selective_steering.selective_steering_analyzer] _apply_selective_steering:589 -      Steered: 15, Corrected: 2, Errors: 0
2025-11-24 10:55:29,316 [INFO] [phase8_3_selective_steering.selective_steering_analyzer] _apply_selective_steering:590 -      Avg L19-5441 activation: 19.02

2025-11-24 10:55:48,782 [INFO] [phase8_3_selective_steering.selective_steering_analyzer] _apply_selective_steering:553 -   [71/139] Task 93: ✗ BASELINE (L19-5441: 17.72, threshold: 20.58)
2025-11-24 10:56:32,839 [INFO] [phase8_3_selective_steering.selective_steering_analyzer] _apply_selective_steering:553 -   [72/139] Task 94: ✗ BASELINE (L19-5441: 17.84, threshold: 20.58)
2025-11-24 10:56:48,072 [INFO] [phase8_3_selective_steering.selective_steering_analyzer] _apply_selective_steering:553 -   [73/139] Task 95: ✗ BASELINE (L19-5441: 18.62, threshold: 20.58)
2025-11-24 10:56:59,997 [INFO] [phase8_3_selective_steering.selective_steering_analyzer] _apply_selective_steering:553 -   [74/139] Task 96: ✗ BASELINE (L19-5441: 16.82, threshold: 20.58)
2025-11-24 10:57:07,628 [INFO] [phase8_3_selective_steering.selective_steering_analyzer] _apply_selective_steering:553 -   [75/139] Task 97: ✗ BASELINE (L19-5441: 18.31, threshold: 20.58)
2025-11-24 10:57:16,978 [INFO] [phase8_3_selective_steering.selective_steering_analyzer] _apply_selective_steering:553 -   [76/139] Task 98: ✗ STEERED (L19-5441: 20.58, threshold: 20.58)
2025-11-24 10:57:19,480 [INFO] [phase8_3_selective_steering.selective_steering_analyzer] _apply_selective_steering:553 -   [77/139] Task 99: ✗ BASELINE (L19-5441: 17.48, threshold: 20.58)
2025-11-24 10:57:30,910 [INFO] [phase8_3_selective_steering.selective_steering_analyzer] _apply_selective_steering:553 -   [78/139] Task 100: ✗ BASELINE (L19-5441: 18.96, threshold: 20.58)
2025-11-24 10:57:31,867 [INFO] [phase8_3_selective_steering.selective_steering_analyzer] _apply_selective_steering:553 -   [79/139] Task 101: ✗ BASELINE (L19-5441: 18.76, threshold: 20.58)
2025-11-24 10:57:42,259 [INFO] [phase8_3_selective_steering.selective_steering_analyzer] _apply_selective_steering:553 -   [80/139] Task 102: ✗ BASELINE (L19-5441: 17.88, threshold: 20.58)
2025-11-24 10:57:42,259 [INFO] [phase8_3_selective_steering.selective_steering_analyzer] _apply_selective_steering:588 - 
  📊 Progress: 80/139 tasks
2025-11-24 10:57:42,259 [INFO] [phase8_3_selective_steering.selective_steering_analyzer] _apply_selective_steering:589 -      Steered: 16, Corrected: 2, Errors: 0
2025-11-24 10:57:42,260 [INFO] [phase8_3_selective_steering.selective_steering_analyzer] _apply_selective_steering:590 -      Avg L19-5441 activation: 18.93

2025-11-24 10:57:45,664 [INFO] [phase8_3_selective_steering.selective_steering_analyzer] _apply_selective_steering:553 -   [81/139] Task 103: ✗ STEERED (L19-5441: 21.61, threshold: 20.58)
2025-11-24 10:58:04,494 [INFO] [phase8_3_selective_steering.selective_steering_analyzer] _apply_selective_steering:553 -   [82/139] Task 104: ✗ BASELINE (L19-5441: 18.05, threshold: 20.58)
2025-11-24 10:58:24,220 [INFO] [phase8_3_selective_steering.selective_steering_analyzer] _apply_selective_steering:553 -   [83/139] Task 105: ✗ BASELINE (L19-5441: 18.49, threshold: 20.58)
2025-11-24 10:58:26,688 [INFO] [phase8_3_selective_steering.selective_steering_analyzer] _apply_selective_steering:553 -   [84/139] Task 106: ✗ BASELINE (L19-5441: 16.99, threshold: 20.58)
2025-11-24 10:58:42,352 [INFO] [phase8_3_selective_steering.selective_steering_analyzer] _apply_selective_steering:553 -   [85/139] Task 107: ✗ STEERED (L19-5441: 22.75, threshold: 20.58)
2025-11-24 10:58:52,471 [INFO] [phase8_3_selective_steering.selective_steering_analyzer] _apply_selective_steering:553 -   [86/139] Task 108: ✗ BASELINE (L19-5441: 17.66, threshold: 20.58)
2025-11-24 10:59:36,986 [INFO] [phase8_3_selective_steering.selective_steering_analyzer] _apply_selective_steering:553 -   [87/139] Task 109: ✗ STEERED (L19-5441: 21.69, threshold: 20.58)
2025-11-24 10:59:54,790 [INFO] [phase8_3_selective_steering.selective_steering_analyzer] _apply_selective_steering:553 -   [88/139] Task 110: ✗ BASELINE (L19-5441: 20.44, threshold: 20.58)
2025-11-24 11:00:11,322 [INFO] [phase8_3_selective_steering.selective_steering_analyzer] _apply_selective_steering:553 -   [89/139] Task 111: ✗ BASELINE (L19-5441: 17.81, threshold: 20.58)
2025-11-24 11:00:23,698 [INFO] [phase8_3_selective_steering.selective_steering_analyzer] _apply_selective_steering:553 -   [90/139] Task 112: ✗ BASELINE (L19-5441: 19.98, threshold: 20.58)
2025-11-24 11:00:23,698 [INFO] [phase8_3_selective_steering.selective_steering_analyzer] _apply_selective_steering:588 - 
  📊 Progress: 90/139 tasks
2025-11-24 11:00:23,699 [INFO] [phase8_3_selective_steering.selective_steering_analyzer] _apply_selective_steering:589 -      Steered: 19, Corrected: 2, Errors: 0
2025-11-24 11:00:23,699 [INFO] [phase8_3_selective_steering.selective_steering_analyzer] _apply_selective_steering:590 -      Avg L19-5441 activation: 19.00

2025-11-24 11:00:36,464 [INFO] [phase8_3_selective_steering.selective_steering_analyzer] _apply_selective_steering:553 -   [91/139] Task 113: ✗ BASELINE (L19-5441: 18.68, threshold: 20.58)
2025-11-24 11:00:41,119 [INFO] [phase8_3_selective_steering.selective_steering_analyzer] _apply_selective_steering:553 -   [92/139] Task 114: ✗ BASELINE (L19-5441: 20.07, threshold: 20.58)
2025-11-24 11:01:25,425 [INFO] [phase8_3_selective_steering.selective_steering_analyzer] _apply_selective_steering:553 -   [93/139] Task 115: ✗ STEERED (L19-5441: 23.72, threshold: 20.58)
2025-11-24 11:01:38,029 [INFO] [phase8_3_selective_steering.selective_steering_analyzer] _apply_selective_steering:553 -   [94/139] Task 116: ✗ BASELINE (L19-5441: 19.02, threshold: 20.58)
2025-11-24 11:01:50,615 [INFO] [phase8_3_selective_steering.selective_steering_analyzer] _apply_selective_steering:553 -   [95/139] Task 117: ✗ BASELINE (L19-5441: 19.78, threshold: 20.58)
2025-11-24 11:02:03,897 [INFO] [phase8_3_selective_steering.selective_steering_analyzer] _apply_selective_steering:553 -   [96/139] Task 118: ✗ STEERED (L19-5441: 21.27, threshold: 20.58)
2025-11-24 11:02:48,207 [INFO] [phase8_3_selective_steering.selective_steering_analyzer] _apply_selective_steering:553 -   [97/139] Task 119: ✗ STEERED (L19-5441: 23.09, threshold: 20.58)
2025-11-24 11:03:02,609 [INFO] [phase8_3_selective_steering.selective_steering_analyzer] _apply_selective_steering:553 -   [98/139] Task 120: ✗ BASELINE (L19-5441: 20.36, threshold: 20.58)
2025-11-24 11:03:03,677 [INFO] [phase8_3_selective_steering.selective_steering_analyzer] _apply_selective_steering:553 -   [99/139] Task 121: ✗ BASELINE (L19-5441: 19.62, threshold: 20.58)
2025-11-24 11:03:19,082 [INFO] [phase8_3_selective_steering.selective_steering_analyzer] _apply_selective_steering:553 -   [100/139] Task 122: ✗ STEERED (L19-5441: 21.10, threshold: 20.58)
2025-11-24 11:03:19,082 [INFO] [phase8_3_selective_steering.selective_steering_analyzer] _apply_selective_steering:588 - 
  📊 Progress: 100/139 tasks
2025-11-24 11:03:19,082 [INFO] [phase8_3_selective_steering.selective_steering_analyzer] _apply_selective_steering:589 -      Steered: 23, Corrected: 2, Errors: 0
2025-11-24 11:03:19,082 [INFO] [phase8_3_selective_steering.selective_steering_analyzer] _apply_selective_steering:590 -      Avg L19-5441 activation: 19.17

2025-11-24 11:03:19,082 [INFO] [phase8_3_selective_steering.selective_steering_analyzer] _apply_selective_steering:600 -   ✓ Milestone: 100/139 tasks completed

2025-11-24 11:03:19,083 [INFO] [phase8_3_selective_steering.selective_steering_analyzer] _apply_selective_steering:602 - Autosaving at task 100/139
2025-11-24 11:03:19,085 [INFO] [phase8_3_selective_steering.selective_steering_analyzer] save_checkpoint:849 - Saved correction checkpoint at index 99/138
2025-11-24 11:04:03,291 [INFO] [phase8_3_selective_steering.selective_steering_analyzer] _apply_selective_steering:553 -   [101/139] Task 123: ✗ STEERED (L19-5441: 21.39, threshold: 20.58)
2025-11-24 11:04:33,894 [INFO] [phase8_3_selective_steering.selective_steering_analyzer] _apply_selective_steering:553 -   [102/139] Task 124: ✗ BASELINE (L19-5441: 19.47, threshold: 20.58)
2025-11-24 11:04:35,298 [INFO] [phase8_3_selective_steering.selective_steering_analyzer] _apply_selective_steering:553 -   [103/139] Task 125: ✗ BASELINE (L19-5441: 19.40, threshold: 20.58)
2025-11-24 11:04:50,187 [INFO] [phase8_3_selective_steering.selective_steering_analyzer] _apply_selective_steering:553 -   [104/139] Task 126: ✗ BASELINE (L19-5441: 18.92, threshold: 20.58)
2025-11-24 11:05:26,130 [INFO] [phase8_3_selective_steering.selective_steering_analyzer] _apply_selective_steering:553 -   [105/139] Task 127: ✗ STEERED (L19-5441: 21.76, threshold: 20.58)
2025-11-24 11:05:34,850 [INFO] [phase8_3_selective_steering.selective_steering_analyzer] _apply_selective_steering:553 -   [106/139] Task 128: ✗ BASELINE (L19-5441: 19.37, threshold: 20.58)
2025-11-24 11:06:19,147 [INFO] [phase8_3_selective_steering.selective_steering_analyzer] _apply_selective_steering:553 -   [107/139] Task 129: ✗ STEERED (L19-5441: 25.05, threshold: 20.58)
2025-11-24 11:06:27,885 [INFO] [phase8_3_selective_steering.selective_steering_analyzer] _apply_selective_steering:553 -   [108/139] Task 130: ✗ BASELINE (L19-5441: 20.40, threshold: 20.58)
2025-11-24 11:06:34,764 [INFO] [phase8_3_selective_steering.selective_steering_analyzer] _apply_selective_steering:553 -   [109/139] Task 131: ✗ BASELINE (L19-5441: 19.01, threshold: 20.58)
2025-11-24 11:07:18,836 [INFO] [phase8_3_selective_steering.selective_steering_analyzer] _apply_selective_steering:553 -   [110/139] Task 132: ✗ BASELINE (L19-5441: 19.70, threshold: 20.58)
2025-11-24 11:07:18,837 [INFO] [phase8_3_selective_steering.selective_steering_analyzer] _apply_selective_steering:588 - 
  📊 Progress: 110/139 tasks
2025-11-24 11:07:18,837 [INFO] [phase8_3_selective_steering.selective_steering_analyzer] _apply_selective_steering:589 -      Steered: 26, Corrected: 2, Errors: 0
2025-11-24 11:07:18,837 [INFO] [phase8_3_selective_steering.selective_steering_analyzer] _apply_selective_steering:590 -      Avg L19-5441 activation: 19.28

2025-11-24 11:07:20,434 [INFO] [phase8_3_selective_steering.selective_steering_analyzer] _apply_selective_steering:553 -   [111/139] Task 133: ✗ BASELINE (L19-5441: 17.61, threshold: 20.58)
2025-11-24 11:07:31,622 [INFO] [phase8_3_selective_steering.selective_steering_analyzer] _apply_selective_steering:553 -   [112/139] Task 134: ✗ BASELINE (L19-5441: 17.07, threshold: 20.58)
2025-11-24 11:08:15,711 [INFO] [phase8_3_selective_steering.selective_steering_analyzer] _apply_selective_steering:553 -   [113/139] Task 135: ✗ STEERED (L19-5441: 21.47, threshold: 20.58)
2025-11-24 11:08:21,914 [INFO] [phase8_3_selective_steering.selective_steering_analyzer] _apply_selective_steering:553 -   [114/139] Task 136: ✗ BASELINE (L19-5441: 16.93, threshold: 20.58)
2025-11-24 11:08:43,430 [INFO] [phase8_3_selective_steering.selective_steering_analyzer] _apply_selective_steering:553 -   [115/139] Task 137: ✗ BASELINE (L19-5441: 17.39, threshold: 20.58)
2025-11-24 11:08:55,353 [INFO] [phase8_3_selective_steering.selective_steering_analyzer] _apply_selective_steering:553 -   [116/139] Task 138: ✗ STEERED (L19-5441: 21.03, threshold: 20.58)
2025-11-24 11:08:57,566 [INFO] [phase8_3_selective_steering.selective_steering_analyzer] _apply_selective_steering:553 -   [117/139] Task 139: ✗ BASELINE (L19-5441: 19.56, threshold: 20.58)
2025-11-24 11:08:58,682 [INFO] [phase8_3_selective_steering.selective_steering_analyzer] _apply_selective_steering:553 -   [118/139] Task 140: ✗ BASELINE (L19-5441: 20.36, threshold: 20.58)
2025-11-24 11:09:42,891 [INFO] [phase8_3_selective_steering.selective_steering_analyzer] _apply_selective_steering:553 -   [119/139] Task 141: ✗ BASELINE (L19-5441: 16.81, threshold: 20.58)
2025-11-24 11:09:56,352 [INFO] [phase8_3_selective_steering.selective_steering_analyzer] _apply_selective_steering:553 -   [120/139] Task 142: ✗ BASELINE (L19-5441: 18.79, threshold: 20.58)
2025-11-24 11:09:56,353 [INFO] [phase8_3_selective_steering.selective_steering_analyzer] _apply_selective_steering:588 - 
  📊 Progress: 120/139 tasks
2025-11-24 11:09:56,353 [INFO] [phase8_3_selective_steering.selective_steering_analyzer] _apply_selective_steering:589 -      Steered: 28, Corrected: 2, Errors: 0
2025-11-24 11:09:56,353 [INFO] [phase8_3_selective_steering.selective_steering_analyzer] _apply_selective_steering:590 -      Avg L19-5441 activation: 19.23

2025-11-24 11:10:13,502 [INFO] [phase8_3_selective_steering.selective_steering_analyzer] _apply_selective_steering:553 -   [121/139] Task 143: ✗ STEERED (L19-5441: 21.24, threshold: 20.58)
2025-11-24 11:10:57,669 [INFO] [phase8_3_selective_steering.selective_steering_analyzer] _apply_selective_steering:553 -   [122/139] Task 144: ✗ BASELINE (L19-5441: 19.28, threshold: 20.58)
2025-11-24 11:11:06,377 [INFO] [phase8_3_selective_steering.selective_steering_analyzer] _apply_selective_steering:553 -   [123/139] Task 145: ✗ BASELINE (L19-5441: 18.47, threshold: 20.58)
2025-11-24 11:11:09,398 [INFO] [phase8_3_selective_steering.selective_steering_analyzer] _apply_selective_steering:553 -   [124/139] Task 146: ✗ BASELINE (L19-5441: 20.04, threshold: 20.58)
2025-11-24 11:11:25,755 [INFO] [phase8_3_selective_steering.selective_steering_analyzer] _apply_selective_steering:553 -   [125/139] Task 147: ✗ STEERED (L19-5441: 25.57, threshold: 20.58)
2025-11-24 11:11:30,021 [INFO] [phase8_3_selective_steering.selective_steering_analyzer] _apply_selective_steering:553 -   [126/139] Task 148: ✗ BASELINE (L19-5441: 17.02, threshold: 20.58)
2025-11-24 11:11:31,536 [INFO] [phase8_3_selective_steering.selective_steering_analyzer] _apply_selective_steering:553 -   [127/139] Task 149: ✗ BASELINE (L19-5441: 17.20, threshold: 20.58)
2025-11-24 11:11:33,703 [INFO] [phase8_3_selective_steering.selective_steering_analyzer] _apply_selective_steering:553 -   [128/139] Task 150: ✗ BASELINE (L19-5441: 18.69, threshold: 20.58)
2025-11-24 11:11:36,655 [INFO] [phase8_3_selective_steering.selective_steering_analyzer] _apply_selective_steering:553 -   [129/139] Task 151: ✗ BASELINE (L19-5441: 17.62, threshold: 20.58)
2025-11-24 11:11:56,114 [INFO] [phase8_3_selective_steering.selective_steering_analyzer] _apply_selective_steering:553 -   [130/139] Task 153: ✗ BASELINE (L19-5441: 18.91, threshold: 20.58)
2025-11-24 11:11:56,114 [INFO] [phase8_3_selective_steering.selective_steering_analyzer] _apply_selective_steering:588 - 
  📊 Progress: 130/139 tasks
2025-11-24 11:11:56,114 [INFO] [phase8_3_selective_steering.selective_steering_analyzer] _apply_selective_steering:589 -      Steered: 30, Corrected: 2, Errors: 0
2025-11-24 11:11:56,114 [INFO] [phase8_3_selective_steering.selective_steering_analyzer] _apply_selective_steering:590 -      Avg L19-5441 activation: 19.25

2025-11-24 11:12:08,329 [INFO] [phase8_3_selective_steering.selective_steering_analyzer] _apply_selective_steering:553 -   [131/139] Task 154: ✗ STEERED (L19-5441: 21.45, threshold: 20.58)
2025-11-24 11:12:16,883 [INFO] [phase8_3_selective_steering.selective_steering_analyzer] _apply_selective_steering:553 -   [132/139] Task 155: ✗ BASELINE (L19-5441: 19.08, threshold: 20.58)
2025-11-24 11:12:18,557 [INFO] [phase8_3_selective_steering.selective_steering_analyzer] _apply_selective_steering:553 -   [133/139] Task 157: ✗ BASELINE (L19-5441: 17.87, threshold: 20.58)
2025-11-24 11:13:02,643 [INFO] [phase8_3_selective_steering.selective_steering_analyzer] _apply_selective_steering:553 -   [134/139] Task 158: ✗ BASELINE (L19-5441: 19.41, threshold: 20.58)
2025-11-24 11:13:05,151 [INFO] [phase8_3_selective_steering.selective_steering_analyzer] _apply_selective_steering:553 -   [135/139] Task 159: ✗ BASELINE (L19-5441: 18.14, threshold: 20.58)
2025-11-24 11:13:23,989 [INFO] [phase8_3_selective_steering.selective_steering_analyzer] _apply_selective_steering:553 -   [136/139] Task 160: ✗ STEERED (L19-5441: 21.21, threshold: 20.58)
2025-11-24 11:13:25,710 [INFO] [phase8_3_selective_steering.selective_steering_analyzer] _apply_selective_steering:553 -   [137/139] Task 161: ✗ STEERED (L19-5441: 22.59, threshold: 20.58)
2025-11-24 11:13:32,430 [INFO] [phase8_3_selective_steering.selective_steering_analyzer] _apply_selective_steering:553 -   [138/139] Task 162: ✗ BASELINE (L19-5441: 20.46, threshold: 20.58)
2025-11-24 11:13:42,047 [INFO] [phase8_3_selective_steering.selective_steering_analyzer] _apply_selective_steering:553 -   [139/139] Task 163: ✗ BASELINE (L19-5441: 18.52, threshold: 20.58)
2025-11-24 11:13:42,048 [INFO] [phase8_3_selective_steering.selective_steering_analyzer] _apply_selective_steering:619 - 
============================================================
2025-11-24 11:13:42,048 [INFO] [phase8_3_selective_steering.selective_steering_analyzer] _apply_selective_steering:620 - RESULTS: CORRECTION EXPERIMENT
2025-11-24 11:13:42,048 [INFO] [phase8_3_selective_steering.selective_steering_analyzer] _apply_selective_steering:621 - ============================================================
2025-11-24 11:13:42,049 [INFO] [phase8_3_selective_steering.selective_steering_analyzer] _apply_selective_steering:622 - Total problems: 139
2025-11-24 11:13:42,049 [INFO] [phase8_3_selective_steering.selective_steering_analyzer] _apply_selective_steering:623 - Errors: 0 (0.0%)
2025-11-24 11:13:42,049 [INFO] [phase8_3_selective_steering.selective_steering_analyzer] _apply_selective_steering:624 - Successful: 139 (100.0%)
2025-11-24 11:13:42,049 [INFO] [phase8_3_selective_steering.selective_steering_analyzer] _apply_selective_steering:625 - 
2025-11-24 11:13:42,049 [INFO] [phase8_3_selective_steering.selective_steering_analyzer] _apply_selective_steering:626 - Steering decisions:
2025-11-24 11:13:42,049 [INFO] [phase8_3_selective_steering.selective_steering_analyzer] _apply_selective_steering:627 -   Steered: 33 (23.7%)
2025-11-24 11:13:42,049 [INFO] [phase8_3_selective_steering.selective_steering_analyzer] _apply_selective_steering:628 -   Used baseline: 106 (76.3%)
2025-11-24 11:13:42,049 [INFO] [phase8_3_selective_steering.selective_steering_analyzer] _apply_selective_steering:629 - 
2025-11-24 11:13:42,049 [INFO] [phase8_3_selective_steering.selective_steering_analyzer] _apply_selective_steering:633 - Outcomes:
2025-11-24 11:13:42,049 [INFO] [phase8_3_selective_steering.selective_steering_analyzer] _apply_selective_steering:634 -   Corrected: 2 (1.44%)
2025-11-24 11:13:42,049 [INFO] [phase8_3_selective_steering.selective_steering_analyzer] _apply_selective_steering:635 -   Correction rate: 1.44%
2025-11-24 11:13:42,049 [INFO] [phase8_3_selective_steering.selective_steering_analyzer] _apply_selective_steering:643 - ============================================================

2025-11-24 11:13:42,049 [INFO] [phase8_3_selective_steering.selective_steering_analyzer] _apply_selective_steering:654 - Saving final checkpoint for correction experiment
2025-11-24 11:13:42,053 [INFO] [phase8_3_selective_steering.selective_steering_analyzer] save_checkpoint:849 - Saved correction checkpoint at index 138/138
2025-11-24 11:13:42,056 [INFO] [phase8_3_selective_steering.selective_steering_analyzer] run:921 - ✓ Saved 139 correction results to all_selective_correction_results.json
2025-11-24 11:13:42,056 [INFO] [phase8_3_selective_steering.selective_steering_analyzer] run:924 - 
============================================================
2025-11-24 11:13:42,056 [INFO] [phase8_3_selective_steering.selective_steering_analyzer] run:925 - EXPERIMENT 2: Selective Preservation (initially correct problems)
2025-11-24 11:13:42,056 [INFO] [phase8_3_selective_steering.selective_steering_analyzer] run:926 - ============================================================
2025-11-24 11:13:42,056 [INFO] [phase8_3_selective_steering.selective_steering_analyzer] _apply_selective_steering:506 - 
============================================================
2025-11-24 11:13:42,056 [INFO] [phase8_3_selective_steering.selective_steering_analyzer] _apply_selective_steering:507 - EXPERIMENT: PRESERVATION
2025-11-24 11:13:42,057 [INFO] [phase8_3_selective_steering.selective_steering_analyzer] _apply_selective_steering:508 - ============================================================
2025-11-24 11:13:42,057 [INFO] [phase8_3_selective_steering.selective_steering_analyzer] _apply_selective_steering:514 - Processing 25 initially correct problems
2025-11-24 11:13:42,057 [INFO] [phase8_3_selective_steering.selective_steering_analyzer] _apply_selective_steering:515 - Goal: Measure selective preservation rate
2025-11-24 11:13:42,057 [INFO] [phase8_3_selective_steering.selective_steering_analyzer] _apply_selective_steering:517 - Threshold: 20.5801 (Layer 19, Feature 5441)
2025-11-24 11:13:42,057 [INFO] [phase8_3_selective_steering.selective_steering_analyzer] _apply_selective_steering:518 - Steering: Layer 16, Feature 11225, Coefficient 29
2025-11-24 11:13:42,057 [INFO] [phase8_3_selective_steering.selective_steering_analyzer] _apply_selective_steering:519 - ============================================================

2025-11-24 11:13:47,277 [INFO] [phase8_3_selective_steering.selective_steering_analyzer] _apply_selective_steering:553 -   [1/25] Task 2: ✓ BASELINE (L19-5441: 17.09, threshold: 20.58)
2025-11-24 11:13:49,756 [INFO] [phase8_3_selective_steering.selective_steering_analyzer] _apply_selective_steering:553 -   [2/25] Task 7: ✓ BASELINE (L19-5441: 17.24, threshold: 20.58)
2025-11-24 11:13:51,839 [INFO] [phase8_3_selective_steering.selective_steering_analyzer] _apply_selective_steering:553 -   [3/25] Task 12: ✓ BASELINE (L19-5441: 17.98, threshold: 20.58)
2025-11-24 11:14:00,098 [INFO] [phase8_3_selective_steering.selective_steering_analyzer] _apply_selective_steering:553 -   [4/25] Task 13: ✓ BASELINE (L19-5441: 16.62, threshold: 20.58)
2025-11-24 11:14:05,386 [INFO] [phase8_3_selective_steering.selective_steering_analyzer] _apply_selective_steering:553 -   [5/25] Task 15: ✓ BASELINE (L19-5441: 18.97, threshold: 20.58)
2025-11-24 11:14:07,316 [INFO] [phase8_3_selective_steering.selective_steering_analyzer] _apply_selective_steering:553 -   [6/25] Task 22: ✓ BASELINE (L19-5441: 13.14, threshold: 20.58)
2025-11-24 11:14:10,009 [INFO] [phase8_3_selective_steering.selective_steering_analyzer] _apply_selective_steering:553 -   [7/25] Task 23: ✓ BASELINE (L19-5441: 17.66, threshold: 20.58)
2025-11-24 11:14:11,286 [INFO] [phase8_3_selective_steering.selective_steering_analyzer] _apply_selective_steering:553 -   [8/25] Task 28: ✓ BASELINE (L19-5441: 19.35, threshold: 20.58)
2025-11-24 11:14:13,563 [INFO] [phase8_3_selective_steering.selective_steering_analyzer] _apply_selective_steering:553 -   [9/25] Task 29: ✓ BASELINE (L19-5441: 17.71, threshold: 20.58)
2025-11-24 11:14:15,069 [INFO] [phase8_3_selective_steering.selective_steering_analyzer] _apply_selective_steering:553 -   [10/25] Task 30: ✓ BASELINE (L19-5441: 16.11, threshold: 20.58)
2025-11-24 11:14:15,070 [INFO] [phase8_3_selective_steering.selective_steering_analyzer] _apply_selective_steering:594 - 
  📊 Progress: 10/25 tasks
2025-11-24 11:14:15,070 [INFO] [phase8_3_selective_steering.selective_steering_analyzer] _apply_selective_steering:595 -      Steered: 0, Preserved: 10, Corrupted: 0, Errors: 0
2025-11-24 11:14:15,070 [INFO] [phase8_3_selective_steering.selective_steering_analyzer] _apply_selective_steering:596 -      Avg L19-5441 activation: 17.19

2025-11-24 11:14:29,059 [INFO] [phase8_3_selective_steering.selective_steering_analyzer] _apply_selective_steering:553 -   [11/25] Task 31: ✓ BASELINE (L19-5441: 15.82, threshold: 20.58)
2025-11-24 11:14:33,844 [INFO] [phase8_3_selective_steering.selective_steering_analyzer] _apply_selective_steering:553 -   [12/25] Task 34: ✓ BASELINE (L19-5441: 15.80, threshold: 20.58)
2025-11-24 11:14:39,198 [INFO] [phase8_3_selective_steering.selective_steering_analyzer] _apply_selective_steering:553 -   [13/25] Task 35: ✓ BASELINE (L19-5441: 16.75, threshold: 20.58)
2025-11-24 11:14:46,618 [INFO] [phase8_3_selective_steering.selective_steering_analyzer] _apply_selective_steering:553 -   [14/25] Task 42: ✓ BASELINE (L19-5441: 15.90, threshold: 20.58)
2025-11-24 11:15:06,803 [INFO] [phase8_3_selective_steering.selective_steering_analyzer] _apply_selective_steering:553 -   [15/25] Task 43: ✓ STEERED (L19-5441: 20.76, threshold: 20.58)
2025-11-24 11:15:07,969 [INFO] [phase8_3_selective_steering.selective_steering_analyzer] _apply_selective_steering:553 -   [16/25] Task 45: ✓ BASELINE (L19-5441: 17.94, threshold: 20.58)
2025-11-24 11:15:22,991 [INFO] [phase8_3_selective_steering.selective_steering_analyzer] _apply_selective_steering:553 -   [17/25] Task 46: ✓ BASELINE (L19-5441: 18.57, threshold: 20.58)
2025-11-24 11:15:30,881 [INFO] [phase8_3_selective_steering.selective_steering_analyzer] _apply_selective_steering:553 -   [18/25] Task 47: ✓ BASELINE (L19-5441: 15.26, threshold: 20.58)
2025-11-24 11:15:38,799 [INFO] [phase8_3_selective_steering.selective_steering_analyzer] _apply_selective_steering:553 -   [19/25] Task 48: ✓ BASELINE (L19-5441: 15.88, threshold: 20.58)
2025-11-24 11:15:50,308 [INFO] [phase8_3_selective_steering.selective_steering_analyzer] _apply_selective_steering:553 -   [20/25] Task 52: ✓ BASELINE (L19-5441: 17.41, threshold: 20.58)
2025-11-24 11:15:50,308 [INFO] [phase8_3_selective_steering.selective_steering_analyzer] _apply_selective_steering:594 - 
  📊 Progress: 20/25 tasks
2025-11-24 11:15:50,308 [INFO] [phase8_3_selective_steering.selective_steering_analyzer] _apply_selective_steering:595 -      Steered: 1, Preserved: 20, Corrupted: 0, Errors: 0
2025-11-24 11:15:50,309 [INFO] [phase8_3_selective_steering.selective_steering_analyzer] _apply_selective_steering:596 -      Avg L19-5441 activation: 17.10

2025-11-24 11:15:58,400 [INFO] [phase8_3_selective_steering.selective_steering_analyzer] _apply_selective_steering:553 -   [21/25] Task 58: ✓ BASELINE (L19-5441: 18.00, threshold: 20.58)
2025-11-24 11:16:05,730 [INFO] [phase8_3_selective_steering.selective_steering_analyzer] _apply_selective_steering:553 -   [22/25] Task 60: ✓ BASELINE (L19-5441: 18.17, threshold: 20.58)
2025-11-24 11:16:20,487 [INFO] [phase8_3_selective_steering.selective_steering_analyzer] _apply_selective_steering:553 -   [23/25] Task 63: ✓ BASELINE (L19-5441: 18.57, threshold: 20.58)
2025-11-24 11:16:35,195 [INFO] [phase8_3_selective_steering.selective_steering_analyzer] _apply_selective_steering:553 -   [24/25] Task 152: ✓ BASELINE (L19-5441: 20.22, threshold: 20.58)
2025-11-24 11:16:45,028 [INFO] [phase8_3_selective_steering.selective_steering_analyzer] _apply_selective_steering:553 -   [25/25] Task 156: ✓ STEERED (L19-5441: 21.02, threshold: 20.58)
2025-11-24 11:16:45,028 [INFO] [phase8_3_selective_steering.selective_steering_analyzer] _apply_selective_steering:619 - 
============================================================
2025-11-24 11:16:45,029 [INFO] [phase8_3_selective_steering.selective_steering_analyzer] _apply_selective_steering:620 - RESULTS: PRESERVATION EXPERIMENT
2025-11-24 11:16:45,029 [INFO] [phase8_3_selective_steering.selective_steering_analyzer] _apply_selective_steering:621 - ============================================================
2025-11-24 11:16:45,029 [INFO] [phase8_3_selective_steering.selective_steering_analyzer] _apply_selective_steering:622 - Total problems: 25
2025-11-24 11:16:45,029 [INFO] [phase8_3_selective_steering.selective_steering_analyzer] _apply_selective_steering:623 - Errors: 0 (0.0%)
2025-11-24 11:16:45,029 [INFO] [phase8_3_selective_steering.selective_steering_analyzer] _apply_selective_steering:624 - Successful: 25 (100.0%)
2025-11-24 11:16:45,029 [INFO] [phase8_3_selective_steering.selective_steering_analyzer] _apply_selective_steering:625 - 
2025-11-24 11:16:45,029 [INFO] [phase8_3_selective_steering.selective_steering_analyzer] _apply_selective_steering:626 - Steering decisions:
2025-11-24 11:16:45,029 [INFO] [phase8_3_selective_steering.selective_steering_analyzer] _apply_selective_steering:627 -   Steered: 2 (8.0%)
2025-11-24 11:16:45,029 [INFO] [phase8_3_selective_steering.selective_steering_analyzer] _apply_selective_steering:628 -   Used baseline: 23 (92.0%)
2025-11-24 11:16:45,029 [INFO] [phase8_3_selective_steering.selective_steering_analyzer] _apply_selective_steering:629 - 
2025-11-24 11:16:45,029 [INFO] [phase8_3_selective_steering.selective_steering_analyzer] _apply_selective_steering:639 - Outcomes:
2025-11-24 11:16:45,029 [INFO] [phase8_3_selective_steering.selective_steering_analyzer] _apply_selective_steering:640 -   Preserved: 25 (100.00%)
2025-11-24 11:16:45,029 [INFO] [phase8_3_selective_steering.selective_steering_analyzer] _apply_selective_steering:641 -   Corrupted: 0 (0.00%)
2025-11-24 11:16:45,029 [INFO] [phase8_3_selective_steering.selective_steering_analyzer] _apply_selective_steering:643 - ============================================================

2025-11-24 11:16:45,029 [INFO] [phase8_3_selective_steering.selective_steering_analyzer] _apply_selective_steering:654 - Saving final checkpoint for preservation experiment
2025-11-24 11:16:45,030 [INFO] [phase8_3_selective_steering.selective_steering_analyzer] save_checkpoint:849 - Saved preservation checkpoint at index 24/24
2025-11-24 11:16:45,031 [INFO] [phase8_3_selective_steering.selective_steering_analyzer] run:936 - ✓ Saved 25 preservation results to all_selective_preservation_results.json
2025-11-24 11:16:45,031 [INFO] [phase8_3_selective_steering.selective_steering_analyzer] run:939 - 
============================================================
2025-11-24 11:16:45,031 [INFO] [phase8_3_selective_steering.selective_steering_analyzer] run:940 - Calculating metrics...
2025-11-24 11:16:45,031 [INFO] [phase8_3_selective_steering.selective_steering_analyzer] run:941 - ============================================================
2025-11-24 11:16:45,032 [INFO] [phase8_3_selective_steering.selective_steering_analyzer] run:969 - ✓ Saved summary to selective_steering_summary.json
2025-11-24 11:16:45,033 [INFO] [phase8_3_selective_steering.selective_steering_analyzer] _save_example_comparisons:816 - ✓ Saved 2 corrected examples to corrected_examples.json
2025-11-24 11:16:45,033 [INFO] [phase8_3_selective_steering.selective_steering_analyzer] _save_example_comparisons:822 - ✓ Saved 2 preserved steered examples to preserved_steered_examples.json
2025-11-24 11:16:45,033 [INFO] [phase8_3_selective_steering.selective_steering_analyzer] run:975 - 
================================================================================
2025-11-24 11:16:45,033 [INFO] [phase8_3_selective_steering.selective_steering_analyzer] run:976 - PHASE 8.3 COMPLETE - SELECTIVE STEERING RESULTS
2025-11-24 11:16:45,033 [INFO] [phase8_3_selective_steering.selective_steering_analyzer] run:977 - ================================================================================
2025-11-24 11:16:45,033 [INFO] [phase8_3_selective_steering.selective_steering_analyzer] run:979 - 
------------------CORRECTION EXPERIMENT (Initially Incorrect)-------------------
2025-11-24 11:16:45,033 [INFO] [phase8_3_selective_steering.selective_steering_analyzer] run:980 -   Total problems: 139
2025-11-24 11:16:45,033 [INFO] [phase8_3_selective_steering.selective_steering_analyzer] run:981 -   Valid problems: 139
2025-11-24 11:16:45,033 [INFO] [phase8_3_selective_steering.selective_steering_analyzer] run:982 - 
2025-11-24 11:16:45,034 [INFO] [phase8_3_selective_steering.selective_steering_analyzer] run:983 -   Steering decisions:
2025-11-24 11:16:45,034 [INFO] [phase8_3_selective_steering.selective_steering_analyzer] run:984 -     - Steered (activation > threshold): 33 (23.7%)
2025-11-24 11:16:45,034 [INFO] [phase8_3_selective_steering.selective_steering_analyzer] run:985 -     - Used baseline (activation ≤ threshold): 106 (76.3%)
2025-11-24 11:16:45,034 [INFO] [phase8_3_selective_steering.selective_steering_analyzer] run:986 - 
2025-11-24 11:16:45,034 [INFO] [phase8_3_selective_steering.selective_steering_analyzer] run:987 -   Outcomes:
2025-11-24 11:16:45,034 [INFO] [phase8_3_selective_steering.selective_steering_analyzer] run:988 -     - Corrected (incorrect → correct): 2 (1.44%)
2025-11-24 11:16:45,034 [INFO] [phase8_3_selective_steering.selective_steering_analyzer] run:989 -     - Correction efficiency (of steered): 6.1%
2025-11-24 11:16:45,034 [INFO] [phase8_3_selective_steering.selective_steering_analyzer] run:990 - 
2025-11-24 11:16:45,034 [INFO] [phase8_3_selective_steering.selective_steering_analyzer] run:991 -   L19 Feature Activations:
2025-11-24 11:16:45,034 [INFO] [phase8_3_selective_steering.selective_steering_analyzer] run:996 -     - Mean: 19.29
2025-11-24 11:16:45,034 [INFO] [phase8_3_selective_steering.selective_steering_analyzer] run:997 -     - Range: [15.28, 25.57]
2025-11-24 11:16:45,034 [INFO] [phase8_3_selective_steering.selective_steering_analyzer] run:1001 - 
------------------PRESERVATION EXPERIMENT (Initially Correct)-------------------
2025-11-24 11:16:45,034 [INFO] [phase8_3_selective_steering.selective_steering_analyzer] run:1002 -   Total problems: 25
2025-11-24 11:16:45,034 [INFO] [phase8_3_selective_steering.selective_steering_analyzer] run:1003 -   Valid problems: 25
2025-11-24 11:16:45,034 [INFO] [phase8_3_selective_steering.selective_steering_analyzer] run:1004 - 
2025-11-24 11:16:45,034 [INFO] [phase8_3_selective_steering.selective_steering_analyzer] run:1005 -   Steering decisions:
2025-11-24 11:16:45,034 [INFO] [phase8_3_selective_steering.selective_steering_analyzer] run:1006 -     - Steered (activation > threshold): 2 (8.0%)
2025-11-24 11:16:45,034 [INFO] [phase8_3_selective_steering.selective_steering_analyzer] run:1007 -     - Used baseline (activation ≤ threshold): 23 (92.0%)
2025-11-24 11:16:45,035 [INFO] [phase8_3_selective_steering.selective_steering_analyzer] run:1008 - 
2025-11-24 11:16:45,035 [INFO] [phase8_3_selective_steering.selective_steering_analyzer] run:1009 -   Outcomes:
2025-11-24 11:16:45,035 [INFO] [phase8_3_selective_steering.selective_steering_analyzer] run:1010 -     - Preserved (correct → correct): 25 (100.00%)
2025-11-24 11:16:45,035 [INFO] [phase8_3_selective_steering.selective_steering_analyzer] run:1011 -     - Corrupted (correct → incorrect): 0 (0.00%)
2025-11-24 11:16:45,035 [INFO] [phase8_3_selective_steering.selective_steering_analyzer] run:1012 - 
2025-11-24 11:16:45,035 [INFO] [phase8_3_selective_steering.selective_steering_analyzer] run:1013 -   L19 Feature Activations:
2025-11-24 11:16:45,035 [INFO] [phase8_3_selective_steering.selective_steering_analyzer] run:1018 -     - Mean: 17.52
2025-11-24 11:16:45,035 [INFO] [phase8_3_selective_steering.selective_steering_analyzer] run:1019 -     - Range: [13.14, 21.02]
2025-11-24 11:16:45,035 [INFO] [phase8_3_selective_steering.selective_steering_analyzer] run:1023 - 
--------------------------------COMBINED METRICS--------------------------------
2025-11-24 11:16:45,035 [INFO] [phase8_3_selective_steering.selective_steering_analyzer] run:1024 -   Total problems processed: 164
2025-11-24 11:16:45,035 [INFO] [phase8_3_selective_steering.selective_steering_analyzer] run:1025 -   Total steered: 35 (21.3%)
2025-11-24 11:16:45,035 [INFO] [phase8_3_selective_steering.selective_steering_analyzer] run:1027 - 
---------------COMPARISON TO PHASE 4.8 (Always-Steering Baseline)---------------
2025-11-24 11:16:45,035 [INFO] [phase8_3_selective_steering.selective_steering_analyzer] run:1028 - 
2025-11-24 11:16:45,035 [INFO] [phase8_3_selective_steering.selective_steering_analyzer] run:1029 -   Metric                                         Phase 4.8       Phase 8.3
2025-11-24 11:16:45,035 [INFO] [phase8_3_selective_steering.selective_steering_analyzer] run:1030 -   ----------------------------------------------------------------------
2025-11-24 11:16:45,035 [INFO] [phase8_3_selective_steering.selective_steering_analyzer] run:1031 -   Correction Rate                                    4.04%           1.44%
2025-11-24 11:16:45,035 [INFO] [phase8_3_selective_steering.selective_steering_analyzer] run:1032 -   Corruption Rate                                   14.66%           0.00%
2025-11-24 11:16:45,036 [INFO] [phase8_3_selective_steering.selective_steering_analyzer] run:1033 -   Preservation Rate                                 85.34%         100.00%
2025-11-24 11:16:45,036 [INFO] [phase8_3_selective_steering.selective_steering_analyzer] run:1034 -   Steering Rate                                     100.00           21.3%
2025-11-24 11:16:45,036 [INFO] [phase8_3_selective_steering.selective_steering_analyzer] run:1035 -   ----------------------------------------------------------------------
2025-11-24 11:16:45,036 [INFO] [phase8_3_selective_steering.selective_steering_analyzer] run:1036 - 
2025-11-24 11:16:45,036 [INFO] [phase8_3_selective_steering.selective_steering_analyzer] run:1037 -   Key Insights:
2025-11-24 11:16:45,036 [INFO] [phase8_3_selective_steering.selective_steering_analyzer] run:1042 -     ✓ Corruption reduced by 14.66 percentage points
2025-11-24 11:16:45,036 [INFO] [phase8_3_selective_steering.selective_steering_analyzer] run:1048 -     ✓ Steering rate reduced by 78.7 percentage points
2025-11-24 11:16:45,036 [INFO] [phase8_3_selective_steering.selective_steering_analyzer] run:1058 -     ⚠ Correction rate decreased by 2.60 percentage points
2025-11-24 11:16:45,036 [INFO] [phase8_3_selective_steering.selective_steering_analyzer] run:1060 - 
================================================================================
2025-11-24 11:16:45,036 [INFO] [phase8_3_selective_steering.selective_steering_analyzer] run:1061 - Output files saved to: data/phase8_3_humaneval
2025-11-24 11:16:45,036 [INFO] [phase8_3_selective_steering.selective_steering_analyzer] run:1062 -   - data/phase8_3_humaneval/all_selective_correction_results.json
2025-11-24 11:16:45,036 [INFO] [phase8_3_selective_steering.selective_steering_analyzer] run:1063 -   - data/phase8_3_humaneval/all_selective_preservation_results.json
2025-11-24 11:16:45,036 [INFO] [phase8_3_selective_steering.selective_steering_analyzer] run:1064 -   - data/phase8_3_humaneval/selective_steering_summary.json
2025-11-24 11:16:45,036 [INFO] [phase8_3_selective_steering.selective_steering_analyzer] run:1065 -   - data/phase8_3_humaneval/examples (corrected and preserved steered examples)
2025-11-24 11:16:45,036 [INFO] [phase8_3_selective_steering.selective_steering_analyzer] run:1066 - ================================================================================
2025-11-24 11:16:45,036 [INFO] [main] run_phase8_3:759 - 
✅ Phase 8.3 completed successfully
