2025-11-23 12:23:01,840 [INFO] [sae_analyzer] setup_logging:167 - Phase: 2.5, GPU: CPU
2025-11-23 12:23:01,840 [INFO] [phase4_8.steering_effect_analyzer] setup_logging:167 - Phase: 4.8, GPU: CPU
2025-11-23 12:23:01,840 [INFO] [main] run_phase4_8:954 - Starting Phase 4.8: Steering Effect Analysis
2025-11-23 12:23:01,840 [INFO] [main] run_phase4_8:955 - Experiment mode: all
2025-11-23 12:23:01,841 [INFO] [main] run_phase4_8:956 - Will auto-discover PVA features from Phase 2.5 and baseline from Phase 3.5
2025-11-23 12:23:01,841 [INFO] [main] run_phase4_8:959 - 
============================================================
CONFIGURATION
============================================================

ACTIVATION Settings:
  activation_cleanup_after_batch: True
  activation_clear_cache_between_layers: True
  activation_hook_type: resid_post
  activation_layers: [1, 2, 3, 4, 5, 6, 7, 8, 9, 10, 11, 12, 13, 14, 15, 16, 17, 18, 19, 20, 21, 22, 23, 24, 25]
  activation_max_cache_gb: 10.0
  activation_max_length: 2048
  activation_position: -1

AUTOSAVE Settings:
  autosave_frequency: 100
  autosave_keep_last: 3

CHECKPOINT Settings:
  checkpoint_dir: checkpoints
  checkpoint_frequency: 50

CONTINUE Settings:
  continue_on_error: True

DATASET Settings:
  dataset_dir: data/phase1_0
  dataset_end_idx: None
  dataset_name: humaneval
  dataset_split: test
  dataset_start_idx: 0

ENABLE Settings:
  enable_timing_stats: True

EVALUATION Settings:
  evaluation_random_seed: 42

GC Settings:
  gc_collect_frequency: 50

LOG Settings:
  log_dir: data/logs

MAX Settings:
  max_gpu_memory_usage_gb: 30.0
  max_memory_usage_gb: 100.0
  max_retries: 3

MEMORY Settings:
  memory_cleanup_frequency: 100

MODEL Settings:
  model_device: None
  model_dtype: None
  model_max_new_tokens: 800
  model_name: google/gemma-2-2b
  model_temperature: 0.0
  model_trust_remote_code: True

ORTHOGONALIZATION Settings:
  orthogonalization_target_weights: [embed, attn_o, mlp_down]

PHASE0 Settings:
  phase0_1_output_dir: data/phase0_1
  phase0_2_output_dir: data/phase0_2_humaneval
  phase0_3_output_dir: data/phase0_3_humaneval
  phase0_output_dir: data/phase0

PHASE1 Settings:
  phase1_output_dir: data/phase1_0

PHASE2 Settings:
  phase2_10_output_dir: data/phase2_10
  phase2_15_output_dir: data/phase2_15
  phase2_2_output_dir: data/phase2_2
  phase2_5_output_dir: data/phase2_5
  phase2_output_dir: data/phase2

PHASE3 Settings:
  phase3_10_output_dir: data/phase3_10
  phase3_10_temperatures: [0.0, 0.2, 0.4, 0.6, 0.8, 1.0, 1.2, 1.4]
  phase3_11_output_dir: data/phase3_11
  phase3_12_output_dir: data/phase3_12
  phase3_5_output_dir: data/phase3_5
  phase3_6_output_dir: data/phase3_6
  phase3_8_output_dir: data/phase3_8
  phase3_output_dir: data/phase3

PHASE4 Settings:
  **phase4_8_correct_coefficient**: 29
  **phase4_8_experiment_mode**: all
  **phase4_8_incorrect_coefficient**: 287
  **phase4_8_output_dir**: data/phase4_8
  phase4_10_min_activation_freq: 0.001
  phase4_10_n_features: 10
  phase4_10_output_dir: data/phase4_10
  phase4_10_separation_threshold: 0.01
  phase4_12_output_dir: data/phase4_12
  phase4_14_output_dir: data/phase4_14
  phase4_14_significance_level: 0.05
  phase4_5_correct_coefficients: [10.0, 20.0, 30.0, 40.0, 50.0, 60.0, 70.0, 80.0, 90.0, 100.0]
  phase4_5_experiment_mode: all
  phase4_5_incorrect_coefficients: [100.0, 200.0, 300.0, 400.0, 500.0, 600.0, 700.0, 800.0, 900.0, 1000.0]
  phase4_5_meaningful_effect_threshold: 5.0
  phase4_5_output_dir: data/phase4_5
  phase4_5_plateau_threshold: 2.0
  phase4_5_search_tolerance: 2.0
  phase4_6_experiment_mode: all
  phase4_6_output_dir: data/phase4_6
  phase4_6_tolerance: 1.0

PHASE5 Settings:
  phase5_3_output_dir: data/phase5_3
  phase5_6_output_dir: data/phase5_6
  phase5_9_output_dir: data/phase5_9
  phase5_9_significance_level: 0.05

PHASE6 Settings:
  phase6_3_output_dir: data/phase6_3

PHASE7 Settings:
  phase7_12_output_dir: data/phase7_12
  phase7_3_model_name: google/gemma-2-2b-it
  phase7_3_output_dir: data/phase7_3
  phase7_6_model_name: google/gemma-2-2b-it
  phase7_6_output_dir: data/phase7_6

PHASE8 Settings:
  phase8_1_output_dir: data/phase8_1
  phase8_2_output_dir: data/phase8_2
  phase8_3_output_dir: data/phase8_3
  phase8_3_percentile: 70.0
  phase8_3_use_percentile_threshold: True

PILE Settings:
  pile_filter_enabled: True
  pile_samples: 10000
  pile_threshold: 0.02

PROGRESS Settings:
  progress_log_frequency: 10

RETRY Settings:
  retry_backoff: 1.0

SAE Settings:
  sae_checkpoint_dir: data/phase2/sae_checkpoints
  sae_cleanup_after_layer: True
  sae_hook_component: resid_post
  sae_latent_threshold: 0.02
  sae_repo_id: google/gemma-scope-2b-pt-res
  sae_save_after_each_layer: True
  sae_sparsity: 71
  sae_use_memory_mapping: False
  sae_width: 16k

SHOW Settings:
  show_progress_bar: True

SPLIT Settings:
  split_n_strata: 10
  split_random_seed: 42
  split_ratio_tolerance: 0.02

T Settings:
  t_statistic_min_samples: 10

TEMPERATURE Settings:
  temperature_samples_per_temp: 3
  temperature_variation_temps: [0.0]

TIMEOUT Settings:
  timeout_per_record: 300.0

VERBOSE Settings:
  verbose: False

============================================================
2025-11-23 12:23:01,842 [INFO] [phase4_8.steering_effect_analyzer] __init__:64 - Output directory: data/phase4_8_humaneval
2025-11-23 12:23:01,842 [INFO] [phase4_8.steering_effect_analyzer] __init__:70 - Loading model: google/gemma-2-2b
2025-11-23 12:23:02,034 [INFO] [common_simplified.model_loader] load_model_and_tokenizer:47 - Loading model google/gemma-2-2b on cuda with dtype torch.bfloat16
2025-11-23 12:23:03,539 [INFO] [common_simplified.model_loader] load_model_and_tokenizer:56 - Loading model to cuda...
2025-11-23 12:23:07,959 [INFO] [common_simplified.model_loader] load_model_and_tokenizer:86 - Model successfully loaded on cuda:0
2025-11-23 12:23:07,959 [INFO] [common_simplified.model_loader] load_model_and_tokenizer:88 - Model loaded successfully: Gemma2ForCausalLM
2025-11-23 12:23:07,960 [INFO] [common_simplified.model_loader] load_model_and_tokenizer:89 - Model size: 2.61B parameters
2025-11-23 12:23:07,961 [INFO] [phase4_8.steering_effect_analyzer] _load_dependencies:98 - Loading PVA features from Phase 2.5...
2025-11-23 12:23:07,961 [INFO] [phase4_8.steering_effect_analyzer] _load_dependencies:103 - Using Phase 2.5 output: data/phase2_5/sae_analysis_results.json
2025-11-23 12:23:07,962 [INFO] [phase4_8.steering_effect_analyzer] _load_dependencies:123 - Best correct feature: Layer 16, Index 11225, Score 0.2212
2025-11-23 12:23:07,962 [INFO] [phase4_8.steering_effect_analyzer] _load_dependencies:126 - Best incorrect feature: Layer 25, Index 2853, Score 0.2010
2025-11-23 12:23:07,962 [INFO] [phase4_8.steering_effect_analyzer] _load_dependencies:131 - Loading baseline data from Phase 3.5...
2025-11-23 12:23:07,963 [INFO] [phase4_8.steering_effect_analyzer] _load_dependencies:136 - Using Phase 3.5 output: data/phase3_5_humaneval
2025-11-23 12:23:07,988 [INFO] [phase4_8.steering_effect_analyzer] _load_dependencies:144 - Loaded 164 problems from Phase 3.5 baseline
2025-11-23 12:23:07,988 [INFO] [phase4_8.steering_effect_analyzer] _load_dependencies:165 - Loading SAE models...
2025-11-23 12:23:07,989 [INFO] [sae_analyzer] load_gemma_scope_sae:47 - Loading GemmaScope SAE for layer 16
2025-11-23 12:23:07,989 [INFO] [sae_analyzer] load_gemma_scope_sae:61 - Loading from HuggingFace: google/gemma-scope-2b-pt-res/layer_16/width_16k/average_l0_78/params.npz
2025-11-23 12:23:07,989 [INFO] [sae_analyzer] load_gemma_scope_sae:62 - This may take a while if the model is not cached...
2025-11-23 12:23:08,208 [INFO] [sae_analyzer] load_gemma_scope_sae:70 - Download complete, loading from: /home/kriz_tahimic/.cache/huggingface/hub/models--google--gemma-scope-2b-pt-res/snapshots/fd571b47c1c64851e9b1989792367b9babb4af63/layer_16/width_16k/average_l0_78/params.npz
2025-11-23 12:23:09,139 [INFO] [sae_analyzer] load_gemma_scope_sae:87 - Loaded SAE with d_model=2304, d_sae=16384, sparsity=78
2025-11-23 12:23:09,140 [INFO] [sae_analyzer] load_gemma_scope_sae:47 - Loading GemmaScope SAE for layer 25
2025-11-23 12:23:09,140 [INFO] [sae_analyzer] load_gemma_scope_sae:61 - Loading from HuggingFace: google/gemma-scope-2b-pt-res/layer_25/width_16k/average_l0_116/params.npz
2025-11-23 12:23:09,140 [INFO] [sae_analyzer] load_gemma_scope_sae:62 - This may take a while if the model is not cached...
2025-11-23 12:23:09,341 [INFO] [sae_analyzer] load_gemma_scope_sae:70 - Download complete, loading from: /home/kriz_tahimic/.cache/huggingface/hub/models--google--gemma-scope-2b-pt-res/snapshots/fd571b47c1c64851e9b1989792367b9babb4af63/layer_25/width_16k/average_l0_116/params.npz
2025-11-23 12:23:10,281 [INFO] [sae_analyzer] load_gemma_scope_sae:87 - Loaded SAE with d_model=2304, d_sae=16384, sparsity=116
2025-11-23 12:23:10,292 [INFO] [phase4_8.steering_effect_analyzer] _load_dependencies:188 - Decoder directions converted to model dtype: torch.bfloat16
2025-11-23 12:23:10,292 [INFO] [phase4_8.steering_effect_analyzer] _load_dependencies:189 - Dependencies loaded successfully
2025-11-23 12:23:10,294 [INFO] [phase4_8.steering_effect_analyzer] _split_baseline_by_correctness:354 - Split baseline: 25 initially correct, 139 initially incorrect problems
2025-11-23 12:23:10,294 [INFO] [phase4_8.steering_effect_analyzer] __init__:93 - SteeringEffectAnalyzer initialized successfully
2025-11-23 12:23:10,294 [INFO] [phase4_8.steering_effect_analyzer] run:1009 - Starting Phase 4.8: Steering Effect Analysis
2025-11-23 12:23:10,294 [INFO] [phase4_8.steering_effect_analyzer] run:1010 - Coefficients - Correct: 29, Incorrect: 287
2025-11-23 12:23:10,295 [INFO] [phase4_8.steering_effect_analyzer] evaluate_steering_effects:662 - Evaluating steering effects...
2025-11-23 12:23:10,295 [INFO] [phase4_8.steering_effect_analyzer] evaluate_steering_effects:669 - Running experiments in 'all' mode
2025-11-23 12:23:10,295 [INFO] [phase4_8.steering_effect_analyzer] evaluate_steering_effects:674 - Running correction experiment (correct steering on incorrect data)...
2025-11-23 12:23:10,295 [INFO] [phase4_8.steering_effect_analyzer] _apply_steering:420 - Applying correct steering with coefficient 29 to 139 problems
2025-11-23 12:23:10,295 [INFO] [common_simplified.activation_hooks] __init__:185 - Initialized AttentionExtractor for layers [16] at position -1
2025-11-23 12:23:10,295 [INFO] [phase4_8.steering_effect_analyzer] _apply_steering:443 - Created AttentionExtractor for correct steering on layer 16
2025-11-23 12:23:10,297 [INFO] [common_simplified.activation_hooks] setup_hooks:204 - Set up attention hooks for 1 layers
2025-11-23 12:23:19,526 [INFO] [common_simplified.activation_hooks] setup_hooks:204 - Set up attention hooks for 1 layers
2025-11-23 12:24:00,691 [INFO] [common_simplified.activation_hooks] setup_hooks:204 - Set up attention hooks for 1 layers
2025-11-23 12:24:09,803 [INFO] [common_simplified.activation_hooks] setup_hooks:204 - Set up attention hooks for 1 layers
2025-11-23 12:24:19,741 [INFO] [common_simplified.activation_hooks] setup_hooks:204 - Set up attention hooks for 1 layers
2025-11-23 12:24:26,612 [INFO] [common_simplified.activation_hooks] setup_hooks:204 - Set up attention hooks for 1 layers
2025-11-23 12:24:43,512 [INFO] [common_simplified.activation_hooks] setup_hooks:204 - Set up attention hooks for 1 layers
2025-11-23 12:24:51,633 [INFO] [common_simplified.activation_hooks] setup_hooks:204 - Set up attention hooks for 1 layers
2025-11-23 12:25:32,936 [INFO] [common_simplified.activation_hooks] setup_hooks:204 - Set up attention hooks for 1 layers
2025-11-23 12:26:15,048 [INFO] [common_simplified.activation_hooks] setup_hooks:204 - Set up attention hooks for 1 layers
2025-11-23 12:26:18,141 [INFO] [common_simplified.activation_hooks] setup_hooks:204 - Set up attention hooks for 1 layers
2025-11-23 12:26:20,558 [INFO] [common_simplified.activation_hooks] setup_hooks:204 - Set up attention hooks for 1 layers
2025-11-23 12:26:26,389 [INFO] [common_simplified.activation_hooks] setup_hooks:204 - Set up attention hooks for 1 layers
2025-11-23 12:26:37,213 [INFO] [common_simplified.activation_hooks] setup_hooks:204 - Set up attention hooks for 1 layers
2025-11-23 12:26:43,821 [INFO] [common_simplified.activation_hooks] setup_hooks:204 - Set up attention hooks for 1 layers
2025-11-23 12:26:46,496 [INFO] [common_simplified.activation_hooks] setup_hooks:204 - Set up attention hooks for 1 layers
2025-11-23 12:27:11,750 [INFO] [common_simplified.activation_hooks] setup_hooks:204 - Set up attention hooks for 1 layers
2025-11-23 12:27:20,966 [INFO] [common_simplified.activation_hooks] setup_hooks:204 - Set up attention hooks for 1 layers
2025-11-23 12:27:25,196 [INFO] [common_simplified.activation_hooks] setup_hooks:204 - Set up attention hooks for 1 layers
2025-11-23 12:27:34,545 [INFO] [common_simplified.activation_hooks] setup_hooks:204 - Set up attention hooks for 1 layers
2025-11-23 12:27:43,686 [INFO] [common_simplified.activation_hooks] setup_hooks:204 - Set up attention hooks for 1 layers
2025-11-23 12:27:48,651 [INFO] [common_simplified.activation_hooks] setup_hooks:204 - Set up attention hooks for 1 layers
2025-11-23 12:28:29,732 [INFO] [common_simplified.activation_hooks] setup_hooks:204 - Set up attention hooks for 1 layers
2025-11-23 12:28:51,576 [INFO] [common_simplified.activation_hooks] setup_hooks:204 - Set up attention hooks for 1 layers
2025-11-23 12:29:02,884 [INFO] [common_simplified.activation_hooks] setup_hooks:204 - Set up attention hooks for 1 layers
2025-11-23 12:29:12,339 [INFO] [common_simplified.activation_hooks] setup_hooks:204 - Set up attention hooks for 1 layers
2025-11-23 12:29:54,726 [INFO] [common_simplified.activation_hooks] setup_hooks:204 - Set up attention hooks for 1 layers
2025-11-23 12:30:20,273 [INFO] [common_simplified.activation_hooks] setup_hooks:204 - Set up attention hooks for 1 layers
2025-11-23 12:30:36,625 [INFO] [common_simplified.activation_hooks] setup_hooks:204 - Set up attention hooks for 1 layers
2025-11-23 12:30:49,700 [INFO] [common_simplified.activation_hooks] setup_hooks:204 - Set up attention hooks for 1 layers
2025-11-23 12:30:55,891 [INFO] [common_simplified.activation_hooks] setup_hooks:204 - Set up attention hooks for 1 layers
2025-11-23 12:31:03,815 [INFO] [common_simplified.activation_hooks] setup_hooks:204 - Set up attention hooks for 1 layers
2025-11-23 12:31:11,451 [INFO] [common_simplified.activation_hooks] setup_hooks:204 - Set up attention hooks for 1 layers
2025-11-23 12:31:15,168 [INFO] [common_simplified.activation_hooks] setup_hooks:204 - Set up attention hooks for 1 layers
2025-11-23 12:31:16,078 [INFO] [common_simplified.activation_hooks] setup_hooks:204 - Set up attention hooks for 1 layers
2025-11-23 12:31:24,959 [INFO] [common_simplified.activation_hooks] setup_hooks:204 - Set up attention hooks for 1 layers
2025-11-23 12:31:29,650 [INFO] [common_simplified.activation_hooks] setup_hooks:204 - Set up attention hooks for 1 layers
2025-11-23 12:31:36,011 [INFO] [common_simplified.activation_hooks] setup_hooks:204 - Set up attention hooks for 1 layers
2025-11-23 12:31:50,447 [INFO] [common_simplified.activation_hooks] setup_hooks:204 - Set up attention hooks for 1 layers
2025-11-23 12:31:58,571 [INFO] [common_simplified.activation_hooks] setup_hooks:204 - Set up attention hooks for 1 layers
2025-11-23 12:32:39,985 [INFO] [common_simplified.activation_hooks] setup_hooks:204 - Set up attention hooks for 1 layers
2025-11-23 12:32:51,148 [INFO] [common_simplified.activation_hooks] setup_hooks:204 - Set up attention hooks for 1 layers
2025-11-23 12:33:32,647 [INFO] [common_simplified.activation_hooks] setup_hooks:204 - Set up attention hooks for 1 layers
2025-11-23 12:33:40,046 [INFO] [common_simplified.activation_hooks] setup_hooks:204 - Set up attention hooks for 1 layers
2025-11-23 12:33:47,456 [INFO] [common_simplified.activation_hooks] setup_hooks:204 - Set up attention hooks for 1 layers
2025-11-23 12:34:07,162 [INFO] [common_simplified.activation_hooks] setup_hooks:204 - Set up attention hooks for 1 layers
2025-11-23 12:34:32,203 [INFO] [common_simplified.activation_hooks] setup_hooks:204 - Set up attention hooks for 1 layers
2025-11-23 12:34:51,450 [INFO] [common_simplified.activation_hooks] setup_hooks:204 - Set up attention hooks for 1 layers
2025-11-23 12:34:54,560 [INFO] [common_simplified.activation_hooks] setup_hooks:204 - Set up attention hooks for 1 layers
2025-11-23 12:34:58,018 [INFO] [common_simplified.activation_hooks] setup_hooks:204 - Set up attention hooks for 1 layers
2025-11-23 12:35:02,219 [INFO] [phase4_8.steering_effect_analyzer] _apply_steering:619 - Autosaving at task 50/139
2025-11-23 12:35:02,221 [INFO] [phase4_8.steering_effect_analyzer] save_checkpoint:219 - Saved correct checkpoint: 50 processed, 0 excluded
2025-11-23 12:35:02,221 [INFO] [common_simplified.activation_hooks] setup_hooks:204 - Set up attention hooks for 1 layers
2025-11-23 12:35:18,216 [INFO] [common_simplified.activation_hooks] setup_hooks:204 - Set up attention hooks for 1 layers
2025-11-23 12:35:19,985 [INFO] [common_simplified.activation_hooks] setup_hooks:204 - Set up attention hooks for 1 layers
2025-11-23 12:35:26,049 [INFO] [common_simplified.activation_hooks] setup_hooks:204 - Set up attention hooks for 1 layers
2025-11-23 12:36:07,257 [INFO] [common_simplified.activation_hooks] setup_hooks:204 - Set up attention hooks for 1 layers
2025-11-23 12:36:08,320 [INFO] [common_simplified.activation_hooks] setup_hooks:204 - Set up attention hooks for 1 layers
2025-11-23 12:36:10,229 [INFO] [common_simplified.activation_hooks] setup_hooks:204 - Set up attention hooks for 1 layers
2025-11-23 12:36:21,345 [INFO] [common_simplified.activation_hooks] setup_hooks:204 - Set up attention hooks for 1 layers
2025-11-23 12:36:32,162 [INFO] [common_simplified.activation_hooks] setup_hooks:204 - Set up attention hooks for 1 layers
2025-11-23 12:37:13,161 [INFO] [common_simplified.activation_hooks] setup_hooks:204 - Set up attention hooks for 1 layers
2025-11-23 12:37:54,490 [INFO] [common_simplified.activation_hooks] setup_hooks:204 - Set up attention hooks for 1 layers
2025-11-23 12:37:59,008 [INFO] [common_simplified.activation_hooks] setup_hooks:204 - Set up attention hooks for 1 layers
2025-11-23 12:38:13,276 [INFO] [common_simplified.activation_hooks] setup_hooks:204 - Set up attention hooks for 1 layers
2025-11-23 12:38:18,891 [INFO] [common_simplified.activation_hooks] setup_hooks:204 - Set up attention hooks for 1 layers
2025-11-23 12:38:20,153 [INFO] [common_simplified.activation_hooks] setup_hooks:204 - Set up attention hooks for 1 layers
2025-11-23 12:38:38,805 [INFO] [common_simplified.activation_hooks] setup_hooks:204 - Set up attention hooks for 1 layers
2025-11-23 12:39:20,325 [INFO] [common_simplified.activation_hooks] setup_hooks:204 - Set up attention hooks for 1 layers
2025-11-23 12:40:01,243 [INFO] [common_simplified.activation_hooks] setup_hooks:204 - Set up attention hooks for 1 layers
2025-11-23 12:40:03,903 [INFO] [common_simplified.activation_hooks] setup_hooks:204 - Set up attention hooks for 1 layers
2025-11-23 12:40:15,329 [INFO] [common_simplified.activation_hooks] setup_hooks:204 - Set up attention hooks for 1 layers
2025-11-23 12:40:17,810 [INFO] [common_simplified.activation_hooks] setup_hooks:204 - Set up attention hooks for 1 layers
2025-11-23 12:40:34,104 [INFO] [common_simplified.activation_hooks] setup_hooks:204 - Set up attention hooks for 1 layers
2025-11-23 12:41:15,463 [INFO] [common_simplified.activation_hooks] setup_hooks:204 - Set up attention hooks for 1 layers
2025-11-23 12:41:32,868 [INFO] [common_simplified.activation_hooks] setup_hooks:204 - Set up attention hooks for 1 layers
2025-11-23 12:41:44,074 [INFO] [common_simplified.activation_hooks] setup_hooks:204 - Set up attention hooks for 1 layers
2025-11-23 12:41:51,032 [INFO] [common_simplified.activation_hooks] setup_hooks:204 - Set up attention hooks for 1 layers
2025-11-23 12:41:59,811 [INFO] [common_simplified.activation_hooks] setup_hooks:204 - Set up attention hooks for 1 layers
2025-11-23 12:42:02,233 [INFO] [common_simplified.activation_hooks] setup_hooks:204 - Set up attention hooks for 1 layers
2025-11-23 12:42:13,025 [INFO] [common_simplified.activation_hooks] setup_hooks:204 - Set up attention hooks for 1 layers
2025-11-23 12:42:14,036 [INFO] [common_simplified.activation_hooks] setup_hooks:204 - Set up attention hooks for 1 layers
2025-11-23 12:42:22,891 [INFO] [common_simplified.activation_hooks] setup_hooks:204 - Set up attention hooks for 1 layers
2025-11-23 12:42:26,085 [INFO] [common_simplified.activation_hooks] setup_hooks:204 - Set up attention hooks for 1 layers
2025-11-23 12:42:47,619 [INFO] [common_simplified.activation_hooks] setup_hooks:204 - Set up attention hooks for 1 layers
2025-11-23 12:42:50,983 [INFO] [common_simplified.activation_hooks] setup_hooks:204 - Set up attention hooks for 1 layers
2025-11-23 12:42:54,395 [INFO] [common_simplified.activation_hooks] setup_hooks:204 - Set up attention hooks for 1 layers
2025-11-23 12:43:08,966 [INFO] [common_simplified.activation_hooks] setup_hooks:204 - Set up attention hooks for 1 layers
2025-11-23 12:43:19,023 [INFO] [common_simplified.activation_hooks] setup_hooks:204 - Set up attention hooks for 1 layers
2025-11-23 12:43:39,766 [INFO] [common_simplified.activation_hooks] setup_hooks:204 - Set up attention hooks for 1 layers
2025-11-23 12:43:55,180 [INFO] [common_simplified.activation_hooks] setup_hooks:204 - Set up attention hooks for 1 layers
2025-11-23 12:44:10,068 [INFO] [common_simplified.activation_hooks] setup_hooks:204 - Set up attention hooks for 1 layers
2025-11-23 12:44:22,828 [INFO] [common_simplified.activation_hooks] setup_hooks:204 - Set up attention hooks for 1 layers
2025-11-23 12:44:35,195 [INFO] [common_simplified.activation_hooks] setup_hooks:204 - Set up attention hooks for 1 layers
2025-11-23 12:44:39,489 [INFO] [common_simplified.activation_hooks] setup_hooks:204 - Set up attention hooks for 1 layers
2025-11-23 12:45:20,502 [INFO] [common_simplified.activation_hooks] setup_hooks:204 - Set up attention hooks for 1 layers
2025-11-23 12:45:22,466 [INFO] [common_simplified.activation_hooks] setup_hooks:204 - Set up attention hooks for 1 layers
2025-11-23 12:45:34,247 [INFO] [common_simplified.activation_hooks] setup_hooks:204 - Set up attention hooks for 1 layers
2025-11-23 12:45:46,696 [INFO] [common_simplified.activation_hooks] setup_hooks:204 - Set up attention hooks for 1 layers
2025-11-23 12:46:04,256 [INFO] [common_simplified.activation_hooks] setup_hooks:204 - Set up attention hooks for 1 layers
2025-11-23 12:46:19,457 [INFO] [common_simplified.activation_hooks] setup_hooks:204 - Set up attention hooks for 1 layers
2025-11-23 12:46:20,989 [INFO] [common_simplified.activation_hooks] setup_hooks:204 - Set up attention hooks for 1 layers
2025-11-23 12:46:35,477 [INFO] [phase4_8.steering_effect_analyzer] _apply_steering:619 - Autosaving at task 100/139
2025-11-23 12:46:35,480 [INFO] [phase4_8.steering_effect_analyzer] save_checkpoint:219 - Saved correct checkpoint: 100 processed, 0 excluded
2025-11-23 12:46:35,481 [INFO] [common_simplified.activation_hooks] setup_hooks:204 - Set up attention hooks for 1 layers
2025-11-23 12:47:16,548 [INFO] [common_simplified.activation_hooks] setup_hooks:204 - Set up attention hooks for 1 layers
2025-11-23 12:47:31,037 [INFO] [common_simplified.activation_hooks] setup_hooks:204 - Set up attention hooks for 1 layers
2025-11-23 12:47:32,720 [INFO] [common_simplified.activation_hooks] setup_hooks:204 - Set up attention hooks for 1 layers
2025-11-23 12:47:35,302 [INFO] [common_simplified.activation_hooks] setup_hooks:204 - Set up attention hooks for 1 layers
2025-11-23 12:48:02,682 [INFO] [common_simplified.activation_hooks] setup_hooks:204 - Set up attention hooks for 1 layers
2025-11-23 12:48:05,644 [INFO] [common_simplified.activation_hooks] setup_hooks:204 - Set up attention hooks for 1 layers
2025-11-23 12:48:47,241 [INFO] [common_simplified.activation_hooks] setup_hooks:204 - Set up attention hooks for 1 layers
2025-11-23 12:48:55,528 [INFO] [common_simplified.activation_hooks] setup_hooks:204 - Set up attention hooks for 1 layers
2025-11-23 12:49:01,867 [INFO] [common_simplified.activation_hooks] setup_hooks:204 - Set up attention hooks for 1 layers
2025-11-23 12:49:06,173 [INFO] [common_simplified.activation_hooks] setup_hooks:204 - Set up attention hooks for 1 layers
2025-11-23 12:49:07,610 [INFO] [common_simplified.activation_hooks] setup_hooks:204 - Set up attention hooks for 1 layers
2025-11-23 12:49:10,025 [INFO] [common_simplified.activation_hooks] setup_hooks:204 - Set up attention hooks for 1 layers
2025-11-23 12:49:50,979 [INFO] [common_simplified.activation_hooks] setup_hooks:204 - Set up attention hooks for 1 layers
2025-11-23 12:49:53,604 [INFO] [common_simplified.activation_hooks] setup_hooks:204 - Set up attention hooks for 1 layers
2025-11-23 12:50:01,919 [INFO] [common_simplified.activation_hooks] setup_hooks:204 - Set up attention hooks for 1 layers
2025-11-23 12:50:13,017 [INFO] [common_simplified.activation_hooks] setup_hooks:204 - Set up attention hooks for 1 layers
2025-11-23 12:50:15,183 [INFO] [common_simplified.activation_hooks] setup_hooks:204 - Set up attention hooks for 1 layers
2025-11-23 12:50:16,336 [INFO] [common_simplified.activation_hooks] setup_hooks:204 - Set up attention hooks for 1 layers
2025-11-23 12:50:57,457 [INFO] [common_simplified.activation_hooks] setup_hooks:204 - Set up attention hooks for 1 layers
2025-11-23 12:51:10,504 [INFO] [common_simplified.activation_hooks] setup_hooks:204 - Set up attention hooks for 1 layers
2025-11-23 12:51:24,438 [INFO] [common_simplified.activation_hooks] setup_hooks:204 - Set up attention hooks for 1 layers
2025-11-23 12:52:05,592 [INFO] [common_simplified.activation_hooks] setup_hooks:204 - Set up attention hooks for 1 layers
2025-11-23 12:52:13,862 [INFO] [common_simplified.activation_hooks] setup_hooks:204 - Set up attention hooks for 1 layers
2025-11-23 12:52:16,015 [INFO] [common_simplified.activation_hooks] setup_hooks:204 - Set up attention hooks for 1 layers
2025-11-23 12:52:31,086 [INFO] [common_simplified.activation_hooks] setup_hooks:204 - Set up attention hooks for 1 layers
2025-11-23 12:52:37,910 [INFO] [common_simplified.activation_hooks] setup_hooks:204 - Set up attention hooks for 1 layers
2025-11-23 12:52:39,470 [INFO] [common_simplified.activation_hooks] setup_hooks:204 - Set up attention hooks for 1 layers
2025-11-23 12:52:41,570 [INFO] [common_simplified.activation_hooks] setup_hooks:204 - Set up attention hooks for 1 layers
2025-11-23 12:52:44,453 [INFO] [common_simplified.activation_hooks] setup_hooks:204 - Set up attention hooks for 1 layers
2025-11-23 12:53:02,575 [INFO] [common_simplified.activation_hooks] setup_hooks:204 - Set up attention hooks for 1 layers
2025-11-23 12:53:43,096 [INFO] [common_simplified.activation_hooks] setup_hooks:204 - Set up attention hooks for 1 layers
2025-11-23 12:53:51,287 [INFO] [common_simplified.activation_hooks] setup_hooks:204 - Set up attention hooks for 1 layers
2025-11-23 12:53:52,967 [INFO] [common_simplified.activation_hooks] setup_hooks:204 - Set up attention hooks for 1 layers
2025-11-23 12:54:03,471 [INFO] [common_simplified.activation_hooks] setup_hooks:204 - Set up attention hooks for 1 layers
2025-11-23 12:54:05,991 [INFO] [common_simplified.activation_hooks] setup_hooks:204 - Set up attention hooks for 1 layers
2025-11-23 12:54:46,644 [INFO] [common_simplified.activation_hooks] setup_hooks:204 - Set up attention hooks for 1 layers
2025-11-23 12:54:48,214 [INFO] [common_simplified.activation_hooks] setup_hooks:204 - Set up attention hooks for 1 layers
2025-11-23 12:54:54,843 [INFO] [common_simplified.activation_hooks] setup_hooks:204 - Set up attention hooks for 1 layers
2025-11-23 12:55:03,773 [INFO] [phase4_8.steering_effect_analyzer] _apply_steering:628 - Completed correct steering: 8 flipped out of 139 successful (139 attempted, 0 excluded)
2025-11-23 12:55:03,783 [INFO] [phase4_8.steering_effect_analyzer] evaluate_steering_effects:688 - Saved 139 correction steering results to all_correction_results.json
2025-11-23 12:55:03,783 [INFO] [phase4_8.steering_effect_analyzer] evaluate_steering_effects:696 - Running corruption experiment (incorrect steering on correct data)...
2025-11-23 12:55:03,783 [INFO] [phase4_8.steering_effect_analyzer] _apply_steering:420 - Applying incorrect steering with coefficient 287 to 25 problems
2025-11-23 12:55:03,783 [INFO] [common_simplified.activation_hooks] __init__:185 - Initialized AttentionExtractor for layers [25] at position -1
2025-11-23 12:55:03,783 [INFO] [phase4_8.steering_effect_analyzer] _apply_steering:443 - Created AttentionExtractor for incorrect steering on layer 25
2025-11-23 12:55:03,784 [INFO] [common_simplified.activation_hooks] setup_hooks:204 - Set up attention hooks for 1 layers
2025-11-23 12:55:44,798 [INFO] [common_simplified.activation_hooks] setup_hooks:204 - Set up attention hooks for 1 layers
2025-11-23 12:56:25,835 [INFO] [common_simplified.activation_hooks] setup_hooks:204 - Set up attention hooks for 1 layers
2025-11-23 12:57:06,919 [INFO] [common_simplified.activation_hooks] setup_hooks:204 - Set up attention hooks for 1 layers
2025-11-23 12:57:47,988 [INFO] [common_simplified.activation_hooks] setup_hooks:204 - Set up attention hooks for 1 layers
2025-11-23 12:58:28,826 [INFO] [common_simplified.activation_hooks] setup_hooks:204 - Set up attention hooks for 1 layers
2025-11-23 12:59:10,043 [INFO] [common_simplified.activation_hooks] setup_hooks:204 - Set up attention hooks for 1 layers
2025-11-23 12:59:51,139 [INFO] [common_simplified.activation_hooks] setup_hooks:204 - Set up attention hooks for 1 layers
2025-11-23 13:00:32,374 [INFO] [common_simplified.activation_hooks] setup_hooks:204 - Set up attention hooks for 1 layers
2025-11-23 13:01:13,493 [INFO] [common_simplified.activation_hooks] setup_hooks:204 - Set up attention hooks for 1 layers
2025-11-23 13:01:54,732 [INFO] [common_simplified.activation_hooks] setup_hooks:204 - Set up attention hooks for 1 layers
2025-11-23 13:02:35,450 [INFO] [common_simplified.activation_hooks] setup_hooks:204 - Set up attention hooks for 1 layers
2025-11-23 13:03:16,450 [INFO] [common_simplified.activation_hooks] setup_hooks:204 - Set up attention hooks for 1 layers
2025-11-23 13:03:57,444 [INFO] [common_simplified.activation_hooks] setup_hooks:204 - Set up attention hooks for 1 layers
2025-11-23 13:04:38,123 [INFO] [common_simplified.activation_hooks] setup_hooks:204 - Set up attention hooks for 1 layers
2025-11-23 13:05:18,908 [INFO] [common_simplified.activation_hooks] setup_hooks:204 - Set up attention hooks for 1 layers
2025-11-23 13:05:59,897 [INFO] [common_simplified.activation_hooks] setup_hooks:204 - Set up attention hooks for 1 layers
2025-11-23 13:06:40,771 [INFO] [common_simplified.activation_hooks] setup_hooks:204 - Set up attention hooks for 1 layers
2025-11-23 13:07:21,582 [INFO] [common_simplified.activation_hooks] setup_hooks:204 - Set up attention hooks for 1 layers
2025-11-23 13:08:02,513 [INFO] [common_simplified.activation_hooks] setup_hooks:204 - Set up attention hooks for 1 layers
2025-11-23 13:08:43,447 [INFO] [common_simplified.activation_hooks] setup_hooks:204 - Set up attention hooks for 1 layers
2025-11-23 13:09:23,933 [INFO] [common_simplified.activation_hooks] setup_hooks:204 - Set up attention hooks for 1 layers
2025-11-23 13:10:04,928 [INFO] [common_simplified.activation_hooks] setup_hooks:204 - Set up attention hooks for 1 layers
2025-11-23 13:10:45,601 [INFO] [common_simplified.activation_hooks] setup_hooks:204 - Set up attention hooks for 1 layers
2025-11-23 13:11:26,433 [INFO] [common_simplified.activation_hooks] setup_hooks:204 - Set up attention hooks for 1 layers
2025-11-23 13:12:07,377 [INFO] [phase4_8.steering_effect_analyzer] _apply_steering:628 - Completed incorrect steering: 25 flipped out of 25 successful (25 attempted, 0 excluded)
2025-11-23 13:12:07,382 [INFO] [phase4_8.steering_effect_analyzer] evaluate_steering_effects:710 - Saved 25 corruption steering results to all_corruption_results.json
2025-11-23 13:12:07,382 [INFO] [phase4_8.steering_effect_analyzer] evaluate_steering_effects:718 - Running preservation experiment (correct steering on correct data)...
2025-11-23 13:12:07,382 [INFO] [phase4_8.steering_effect_analyzer] _apply_steering:420 - Applying preservation steering with coefficient 29 to 25 problems
2025-11-23 13:12:07,383 [INFO] [common_simplified.activation_hooks] __init__:185 - Initialized AttentionExtractor for layers [16] at position -1
2025-11-23 13:12:07,383 [INFO] [phase4_8.steering_effect_analyzer] _apply_steering:443 - Created AttentionExtractor for preservation steering on layer 16
2025-11-23 13:12:07,384 [INFO] [common_simplified.activation_hooks] setup_hooks:204 - Set up attention hooks for 1 layers
2025-11-23 13:12:12,363 [INFO] [common_simplified.activation_hooks] setup_hooks:204 - Set up attention hooks for 1 layers
2025-11-23 13:12:14,461 [INFO] [common_simplified.activation_hooks] setup_hooks:204 - Set up attention hooks for 1 layers
2025-11-23 13:12:18,430 [INFO] [common_simplified.activation_hooks] setup_hooks:204 - Set up attention hooks for 1 layers
2025-11-23 13:12:25,734 [INFO] [common_simplified.activation_hooks] setup_hooks:204 - Set up attention hooks for 1 layers
2025-11-23 13:12:30,739 [INFO] [common_simplified.activation_hooks] setup_hooks:204 - Set up attention hooks for 1 layers
2025-11-23 13:12:32,618 [INFO] [common_simplified.activation_hooks] setup_hooks:204 - Set up attention hooks for 1 layers
2025-11-23 13:12:35,167 [INFO] [common_simplified.activation_hooks] setup_hooks:204 - Set up attention hooks for 1 layers
2025-11-23 13:12:36,396 [INFO] [common_simplified.activation_hooks] setup_hooks:204 - Set up attention hooks for 1 layers
2025-11-23 13:12:38,575 [INFO] [common_simplified.activation_hooks] setup_hooks:204 - Set up attention hooks for 1 layers
2025-11-23 13:12:40,182 [INFO] [common_simplified.activation_hooks] setup_hooks:204 - Set up attention hooks for 1 layers
2025-11-23 13:12:53,026 [INFO] [common_simplified.activation_hooks] setup_hooks:204 - Set up attention hooks for 1 layers
2025-11-23 13:12:57,539 [INFO] [common_simplified.activation_hooks] setup_hooks:204 - Set up attention hooks for 1 layers
2025-11-23 13:13:02,587 [INFO] [common_simplified.activation_hooks] setup_hooks:204 - Set up attention hooks for 1 layers
2025-11-23 13:13:09,481 [INFO] [common_simplified.activation_hooks] setup_hooks:204 - Set up attention hooks for 1 layers
2025-11-23 13:13:27,777 [INFO] [common_simplified.activation_hooks] setup_hooks:204 - Set up attention hooks for 1 layers
2025-11-23 13:13:28,943 [INFO] [common_simplified.activation_hooks] setup_hooks:204 - Set up attention hooks for 1 layers
2025-11-23 13:13:34,165 [INFO] [common_simplified.activation_hooks] setup_hooks:204 - Set up attention hooks for 1 layers
2025-11-23 13:13:38,066 [INFO] [common_simplified.activation_hooks] setup_hooks:204 - Set up attention hooks for 1 layers
2025-11-23 13:13:44,885 [INFO] [common_simplified.activation_hooks] setup_hooks:204 - Set up attention hooks for 1 layers
2025-11-23 13:13:56,171 [INFO] [common_simplified.activation_hooks] setup_hooks:204 - Set up attention hooks for 1 layers
2025-11-23 13:14:36,661 [INFO] [common_simplified.activation_hooks] setup_hooks:204 - Set up attention hooks for 1 layers
2025-11-23 13:14:43,507 [INFO] [common_simplified.activation_hooks] setup_hooks:204 - Set up attention hooks for 1 layers
2025-11-23 13:14:57,224 [INFO] [common_simplified.activation_hooks] setup_hooks:204 - Set up attention hooks for 1 layers
2025-11-23 13:15:12,368 [INFO] [common_simplified.activation_hooks] setup_hooks:204 - Set up attention hooks for 1 layers
2025-11-23 13:15:21,515 [INFO] [phase4_8.steering_effect_analyzer] _apply_steering:628 - Completed preservation steering: 2 flipped out of 25 successful (25 attempted, 0 excluded)
2025-11-23 13:15:21,520 [INFO] [phase4_8.steering_effect_analyzer] evaluate_steering_effects:735 - Saved 25 preservation steering results to all_preservation_results.json
2025-11-23 13:15:21,521 [INFO] [phase4_8.steering_effect_analyzer] cleanup_all_checkpoints:329 - Cleaned up 2 checkpoint files
2025-11-23 13:15:21,521 [INFO] [phase4_8.steering_effect_analyzer] evaluate_steering_effects:778 - Exclusion summary: 0/189 tasks excluded (0.0%)
2025-11-23 13:15:21,521 [INFO] [phase4_8.steering_effect_analyzer] evaluate_steering_effects:782 - Saving parquet files with steering results...
2025-11-23 13:15:21,528 [INFO] [phase4_8.steering_effect_analyzer] evaluate_steering_effects:788 - Saved 139 initially incorrect problems to data/phase4_8_humaneval/selected_incorrect_problems.parquet
2025-11-23 13:15:21,531 [INFO] [phase4_8.steering_effect_analyzer] evaluate_steering_effects:796 - Saved 25 initially correct problems to data/phase4_8_humaneval/selected_correct_problems.parquet
2025-11-23 13:15:21,534 [INFO] [phase4_8.steering_effect_analyzer] evaluate_steering_effects:804 - Saved 25 preservation results to data/phase4_8_humaneval/preservation_problems.parquet
2025-11-23 13:15:22,465 [INFO] [phase4_8.steering_effect_analyzer] create_visualizations:887 - Saved visualization to data/phase4_8_humaneval/steering_effect_analysis.png
2025-11-23 13:15:22,469 [INFO] [phase4_8.steering_effect_analyzer] save_examples:945 - Saved 8 corrected examples
2025-11-23 13:15:22,470 [INFO] [phase4_8.steering_effect_analyzer] save_examples:950 - Saved 10 corrupted examples
2025-11-23 13:15:22,470 [INFO] [phase4_8.steering_effect_analyzer] save_examples:955 - Saved 10 preserved examples
2025-11-23 13:15:22,473 [INFO] [phase4_8.steering_effect_analyzer] save_results:1004 - Saved results to data/phase4_8_humaneval
2025-11-23 13:15:22,473 [INFO] [phase4_8.steering_effect_analyzer] run:1064 - 
============================================================
2025-11-23 13:15:22,473 [INFO] [phase4_8.steering_effect_analyzer] run:1065 - PHASE 4.8 RESULTS SUMMARY
2025-11-23 13:15:22,473 [INFO] [phase4_8.steering_effect_analyzer] run:1066 - ============================================================
2025-11-23 13:15:22,473 [INFO] [phase4_8.steering_effect_analyzer] run:1067 - Tasks processed: 189/189 (0.0% excluded)
2025-11-23 13:15:22,473 [INFO] [phase4_8.steering_effect_analyzer] run:1069 - Correction experiment: 139/139 (0 excluded)
2025-11-23 13:15:22,474 [INFO] [phase4_8.steering_effect_analyzer] run:1071 - Corruption experiment: 25/25 (0 excluded)
2025-11-23 13:15:22,474 [INFO] [phase4_8.steering_effect_analyzer] run:1073 - Preservation experiment: 25/25 (0 excluded)
2025-11-23 13:15:22,474 [INFO] [phase4_8.steering_effect_analyzer] run:1075 - Correction Rate: 5.8% ✗
2025-11-23 13:15:22,474 [INFO] [phase4_8.steering_effect_analyzer] run:1076 - Corruption Rate: 100.0% ✓
2025-11-23 13:15:22,474 [INFO] [phase4_8.steering_effect_analyzer] run:1077 - Preservation Rate: 92.0% ✓
2025-11-23 13:15:22,474 [INFO] [phase4_8.steering_effect_analyzer] run:1078 - 
Note: Statistical significance testing is performed in Phase 4.14 via triangulation
2025-11-23 13:15:22,474 [INFO] [phase4_8.steering_effect_analyzer] run:1086 - 
Basic success criteria met: ✗ NO
2025-11-23 13:15:22,474 [INFO] [phase4_8.steering_effect_analyzer] run:1087 - ============================================================

2025-11-23 13:15:22,474 [INFO] [phase4_8.steering_effect_analyzer] run:1089 - Phase 4.8 completed in 3132.2 seconds
2025-11-23 13:15:22,474 [INFO] [main] run_phase4_8:965 - 
✅ Phase 4.8 completed successfully
