2025-11-19 16:09:18,999 [INFO] [sae_analyzer] setup_logging:167 - Phase: 2.5, GPU: CPU
2025-11-19 16:09:19,000 [INFO] [phase8_2_threshold_optimizer.threshold_optimizer] setup_logging:167 - Phase: 8.2, GPU: CPU
2025-11-19 16:09:19,001 [INFO] [phase8_2_threshold_optimizer.runner] setup_logging:167 - Phase: 8.2, GPU: CPU
2025-11-19 16:09:19,001 [INFO] [main] run_phase8_2:696 - 
============================================================
2025-11-19 16:09:19,001 [INFO] [main] run_phase8_2:697 - PHASE 8.2: PERCENTILE THRESHOLD OPTIMIZER
2025-11-19 16:09:19,001 [INFO] [main] run_phase8_2:698 - ============================================================
2025-11-19 16:09:19,001 [INFO] [main] run_phase8_2:699 - Optimizes threshold selection across percentiles using hyperparameter dataset
2025-11-19 16:09:19,001 [INFO] [main] run_phase8_2:700 - Tests percentiles from Phase 8.1 to maximize net benefit (correction - corruption)
2025-11-19 16:09:19,001 [INFO] [main] run_phase8_2:701 - 
2025-11-19 16:09:19,002 [INFO] [main] run_phase8_2:704 - 
============================================================
CONFIGURATION
============================================================

ACTIVATION Settings:
  activation_cleanup_after_batch: True
  activation_clear_cache_between_layers: True
  activation_hook_type: resid_post
  activation_layers: [1, 2, 3, 4, 5, 6, 7, 8, 9, 10, 11, 12, 13, 14, 15, 16, 17, 18, 19, 20, 21, 22, 23, 24, 25]
  activation_max_cache_gb: 10.0
  activation_max_length: 2048
  activation_position: -1

AUTOSAVE Settings:
  autosave_frequency: 100
  autosave_keep_last: 3

CHECKPOINT Settings:
  checkpoint_dir: checkpoints
  checkpoint_frequency: 50

CONTINUE Settings:
  continue_on_error: True

DATASET Settings:
  dataset_dir: data/phase1_0
  dataset_end_idx: 2
  dataset_name: Muennighoff/mbpp
  dataset_split: test
  dataset_start_idx: 0

ENABLE Settings:
  enable_timing_stats: True

EVALUATION Settings:
  evaluation_random_seed: 42

GC Settings:
  gc_collect_frequency: 50

LOG Settings:
  log_dir: data/logs

MAX Settings:
  max_gpu_memory_usage_gb: 30.0
  max_memory_usage_gb: 100.0
  max_retries: 3

MEMORY Settings:
  memory_cleanup_frequency: 100

MODEL Settings:
  model_device: None
  model_dtype: None
  model_max_new_tokens: 800
  model_name: google/gemma-2-2b
  model_temperature: 0.0
  model_trust_remote_code: True

ORTHOGONALIZATION Settings:
  orthogonalization_target_weights: [embed, attn_o, mlp_down]

PHASE0 Settings:
  phase0_1_output_dir: data/phase0_1
  phase0_output_dir: data/phase0

PHASE1 Settings:
  phase1_output_dir: data/phase1_0

PHASE2 Settings:
  phase2_10_output_dir: data/phase2_10
  phase2_15_output_dir: data/phase2_15
  phase2_2_output_dir: data/phase2_2
  phase2_5_output_dir: data/phase2_5
  phase2_output_dir: data/phase2

PHASE3 Settings:
  phase3_10_output_dir: data/phase3_10
  phase3_10_temperatures: [0.0, 0.2, 0.4, 0.6, 0.8, 1.0, 1.2, 1.4]
  phase3_11_output_dir: data/phase3_11
  phase3_12_output_dir: data/phase3_12
  phase3_5_output_dir: data/phase3_5
  phase3_6_output_dir: data/phase3_6
  phase3_8_output_dir: data/phase3_8
  phase3_output_dir: data/phase3

PHASE4 Settings:
  phase4_10_min_activation_freq: 0.001
  phase4_10_n_features: 10
  phase4_10_output_dir: data/phase4_10
  phase4_10_separation_threshold: 0.01
  phase4_12_output_dir: data/phase4_12
  phase4_14_output_dir: data/phase4_14
  phase4_14_significance_level: 0.05
  phase4_5_correct_coefficients: [10.0, 20.0, 30.0, 40.0, 50.0, 60.0, 70.0, 80.0, 90.0, 100.0]
  phase4_5_experiment_mode: all
  phase4_5_incorrect_coefficients: [100.0, 200.0, 300.0, 400.0, 500.0, 600.0, 700.0, 800.0, 900.0, 1000.0]
  phase4_5_meaningful_effect_threshold: 5.0
  phase4_5_output_dir: data/phase4_5
  phase4_5_plateau_threshold: 2.0
  phase4_5_search_tolerance: 2.0
  phase4_6_experiment_mode: all
  phase4_6_output_dir: data/phase4_6
  phase4_6_tolerance: 1.0
  phase4_8_correct_coefficient: 29
  phase4_8_experiment_mode: all
  phase4_8_incorrect_coefficient: 287
  phase4_8_output_dir: data/phase4_8

PHASE5 Settings:
  phase5_3_output_dir: data/phase5_3
  phase5_6_output_dir: data/phase5_6
  phase5_9_output_dir: data/phase5_9
  phase5_9_significance_level: 0.05

PHASE6 Settings:
  phase6_3_output_dir: data/phase6_3

PHASE7 Settings:
  phase7_12_output_dir: data/phase7_12
  phase7_3_model_name: google/gemma-2-2b-it
  phase7_3_output_dir: data/phase7_3
  phase7_6_model_name: google/gemma-2-2b-it
  phase7_6_output_dir: data/phase7_6

PHASE8 Settings:
  **phase8_2_output_dir**: data/phase8_2
  phase8_1_output_dir: data/phase8_1
  phase8_3_output_dir: data/phase8_3
  phase8_3_percentile: 90.0
  phase8_3_use_percentile_threshold: True

PILE Settings:
  pile_filter_enabled: True
  pile_samples: 10000
  pile_threshold: 0.02

PROGRESS Settings:
  progress_log_frequency: 10

RETRY Settings:
  retry_backoff: 1.0

SAE Settings:
  sae_checkpoint_dir: data/phase2/sae_checkpoints
  sae_cleanup_after_layer: True
  sae_hook_component: resid_post
  sae_latent_threshold: 0.02
  sae_repo_id: google/gemma-scope-2b-pt-res
  sae_save_after_each_layer: True
  sae_sparsity: 71
  sae_use_memory_mapping: False
  sae_width: 16k

SHOW Settings:
  show_progress_bar: True

SPLIT Settings:
  split_n_strata: 10
  split_random_seed: 42
  split_ratio_tolerance: 0.02

T Settings:
  t_statistic_min_samples: 10

TEMPERATURE Settings:
  temperature_samples_per_temp: 3
  temperature_variation_temps: [0.0]

TIMEOUT Settings:
  timeout_per_record: 300.0

VERBOSE Settings:
  verbose: False

============================================================
2025-11-19 16:09:19,002 [INFO] [phase8_2_threshold_optimizer.runner] run_phase_8_2:28 - Starting Phase 8.2: Percentile Threshold Optimizer
2025-11-19 16:09:19,002 [INFO] [phase8_2_threshold_optimizer.threshold_optimizer] __init__:102 - Initializing Percentile Threshold Optimizer
2025-11-19 16:09:19,002 [INFO] [phase8_2_threshold_optimizer.threshold_optimizer] __init__:103 - Device: cuda
2025-11-19 16:09:19,002 [INFO] [phase8_2_threshold_optimizer.threshold_optimizer] __init__:104 - Output directory: data/phase8_2
2025-11-19 16:09:19,002 [INFO] [phase8_2_threshold_optimizer.threshold_optimizer] _load_dependencies:113 - Loading dependencies...
2025-11-19 16:09:19,002 [INFO] [phase8_2_threshold_optimizer.threshold_optimizer] _load_dependencies:116 - Loading model and tokenizer...
2025-11-19 16:09:19,192 [INFO] [common_simplified.model_loader] load_model_and_tokenizer:47 - Loading model google/gemma-2-2b on cuda with dtype torch.bfloat16
2025-11-19 16:09:20,755 [INFO] [common_simplified.model_loader] load_model_and_tokenizer:56 - Loading model to cuda...
2025-11-19 16:09:25,058 [INFO] [common_simplified.model_loader] load_model_and_tokenizer:83 - Model successfully loaded on cuda:0
2025-11-19 16:09:25,059 [INFO] [common_simplified.model_loader] load_model_and_tokenizer:85 - Model loaded successfully: Gemma2ForCausalLM
2025-11-19 16:09:25,060 [INFO] [common_simplified.model_loader] load_model_and_tokenizer:86 - Model size: 2.61B parameters
2025-11-19 16:09:25,060 [INFO] [phase8_2_threshold_optimizer.threshold_optimizer] _load_dependencies:122 - Model loaded: google/gemma-2-2b
2025-11-19 16:09:25,060 [INFO] [phase8_2_threshold_optimizer.threshold_optimizer] _load_dependencies:125 - Loading incorrect-predicting feature info from Phase 3.8...
2025-11-19 16:09:25,061 [INFO] [phase8_2_threshold_optimizer.threshold_optimizer] _load_dependencies:137 - Incorrect-predicting feature: Layer 19, Feature 5441
2025-11-19 16:09:25,061 [INFO] [phase8_2_threshold_optimizer.threshold_optimizer] _load_dependencies:141 - Loading steering features from Phase 2.5...
2025-11-19 16:09:25,062 [INFO] [phase8_2_threshold_optimizer.threshold_optimizer] _load_dependencies:157 - Correct-steering feature: Layer 16, Feature 11225, Score 0.2212
2025-11-19 16:09:25,062 [INFO] [phase8_2_threshold_optimizer.threshold_optimizer] _load_dependencies:162 - Loading SAE models...
2025-11-19 16:09:25,062 [INFO] [sae_analyzer] load_gemma_scope_sae:47 - Loading GemmaScope SAE for layer 19
2025-11-19 16:09:25,062 [INFO] [sae_analyzer] load_gemma_scope_sae:61 - Loading from HuggingFace: google/gemma-scope-2b-pt-res/layer_19/width_16k/average_l0_73/params.npz
2025-11-19 16:09:25,063 [INFO] [sae_analyzer] load_gemma_scope_sae:62 - This may take a while if the model is not cached...
2025-11-19 16:09:25,271 [INFO] [sae_analyzer] load_gemma_scope_sae:70 - Download complete, loading from: /home/kriz_tahimic/.cache/huggingface/hub/models--google--gemma-scope-2b-pt-res/snapshots/fd571b47c1c64851e9b1989792367b9babb4af63/layer_19/width_16k/average_l0_73/params.npz
2025-11-19 16:09:26,537 [INFO] [sae_analyzer] load_gemma_scope_sae:87 - Loaded SAE with d_model=2304, d_sae=16384, sparsity=73
2025-11-19 16:09:26,538 [INFO] [phase8_2_threshold_optimizer.threshold_optimizer] _load_dependencies:166 - Loaded SAE for Layer 19 (threshold checking)
2025-11-19 16:09:26,538 [INFO] [sae_analyzer] load_gemma_scope_sae:47 - Loading GemmaScope SAE for layer 16
2025-11-19 16:09:26,538 [INFO] [sae_analyzer] load_gemma_scope_sae:61 - Loading from HuggingFace: google/gemma-scope-2b-pt-res/layer_16/width_16k/average_l0_78/params.npz
2025-11-19 16:09:26,538 [INFO] [sae_analyzer] load_gemma_scope_sae:62 - This may take a while if the model is not cached...
2025-11-19 16:09:26,773 [INFO] [sae_analyzer] load_gemma_scope_sae:70 - Download complete, loading from: /home/kriz_tahimic/.cache/huggingface/hub/models--google--gemma-scope-2b-pt-res/snapshots/fd571b47c1c64851e9b1989792367b9babb4af63/layer_16/width_16k/average_l0_78/params.npz
2025-11-19 16:09:28,024 [INFO] [sae_analyzer] load_gemma_scope_sae:87 - Loaded SAE with d_model=2304, d_sae=16384, sparsity=78
2025-11-19 16:09:28,025 [INFO] [phase8_2_threshold_optimizer.threshold_optimizer] _load_dependencies:170 - Loaded SAE for Layer 16 (steering)
2025-11-19 16:09:28,035 [INFO] [phase8_2_threshold_optimizer.threshold_optimizer] _load_dependencies:178 - Decoder direction converted to model dtype: torch.bfloat16
2025-11-19 16:09:28,036 [INFO] [phase8_2_threshold_optimizer.threshold_optimizer] _load_dependencies:182 - Using Phase 4.8 optimal coefficient: 29
2025-11-19 16:09:28,036 [INFO] [phase8_2_threshold_optimizer.threshold_optimizer] _load_dependencies:185 - Loading MBPP problem specifications from Phase 0.1...
2025-11-19 16:09:28,057 [INFO] [phase8_2_threshold_optimizer.threshold_optimizer] _load_dependencies:196 - Loaded 97 hyperparameter problems from Phase 0.1
2025-11-19 16:09:28,058 [INFO] [phase8_2_threshold_optimizer.threshold_optimizer] _load_dependencies:209 - Loading baseline correctness labels from Phase 3.6...
2025-11-19 16:09:28,063 [INFO] [phase8_2_threshold_optimizer.threshold_optimizer] _load_dependencies:225 - Loaded baseline correctness labels for 97 problems from Phase 3.6
2025-11-19 16:09:28,063 [INFO] [phase8_2_threshold_optimizer.threshold_optimizer] _load_dependencies:228 - Merging Phase 0.1 prompts with Phase 3.6 correctness labels...
2025-11-19 16:09:28,065 [INFO] [phase8_2_threshold_optimizer.threshold_optimizer] _load_dependencies:238 - Merged dataset: 97 problems
2025-11-19 16:09:28,065 [INFO] [phase8_2_threshold_optimizer.threshold_optimizer] _load_dependencies:254 - Processing hyperparameter dataset rows 0-2 (inclusive)
2025-11-19 16:09:28,065 [INFO] [phase8_2_threshold_optimizer.threshold_optimizer] _load_dependencies:256 - Filtered to 3 problems
2025-11-19 16:09:28,065 [INFO] [phase8_2_threshold_optimizer.threshold_optimizer] _split_baseline_by_correctness:281 - Splitting dataset by initial correctness...
2025-11-19 16:09:28,066 [INFO] [phase8_2_threshold_optimizer.threshold_optimizer] _split_baseline_by_correctness:291 - Split complete:
2025-11-19 16:09:28,067 [INFO] [phase8_2_threshold_optimizer.threshold_optimizer] _split_baseline_by_correctness:292 -   Initially incorrect: 1 (33.3%)
2025-11-19 16:09:28,067 [INFO] [phase8_2_threshold_optimizer.threshold_optimizer] _split_baseline_by_correctness:293 -   Initially correct: 2 (66.7%)
2025-11-19 16:09:28,067 [INFO] [phase8_2_threshold_optimizer.threshold_optimizer] _load_dependencies:262 - Loading percentile thresholds from Phase 8.1...
2025-11-19 16:09:28,067 [INFO] [phase8_2_threshold_optimizer.threshold_optimizer] _load_dependencies:273 - Loaded 6 percentile thresholds from Phase 8.1
2025-11-19 16:09:28,067 [INFO] [phase8_2_threshold_optimizer.threshold_optimizer] _load_dependencies:275 -   p50: 19.2843 (steer top 50%)
2025-11-19 16:09:28,067 [INFO] [phase8_2_threshold_optimizer.threshold_optimizer] _load_dependencies:275 -   p75: 21.0463 (steer top 25%)
2025-11-19 16:09:28,067 [INFO] [phase8_2_threshold_optimizer.threshold_optimizer] _load_dependencies:275 -   p80: 21.5797 (steer top 20%)
2025-11-19 16:09:28,067 [INFO] [phase8_2_threshold_optimizer.threshold_optimizer] _load_dependencies:275 -   p85: 21.7197 (steer top 15%)
2025-11-19 16:09:28,067 [INFO] [phase8_2_threshold_optimizer.threshold_optimizer] _load_dependencies:275 -   p90: 22.2769 (steer top 10%)
2025-11-19 16:09:28,068 [INFO] [phase8_2_threshold_optimizer.threshold_optimizer] _load_dependencies:275 -   p95: 23.0295 (steer top 5%)
2025-11-19 16:09:28,068 [INFO] [phase8_2_threshold_optimizer.threshold_optimizer] _load_dependencies:277 - Dependencies loaded successfully
2025-11-19 16:09:28,068 [INFO] [phase8_2_threshold_optimizer.threshold_optimizer] __init__:109 - Initialization complete
2025-11-19 16:09:28,068 [INFO] [phase8_2_threshold_optimizer.threshold_optimizer] run:1027 - ============================================================
2025-11-19 16:09:28,068 [INFO] [phase8_2_threshold_optimizer.threshold_optimizer] run:1028 - Starting Phase 8.2: Percentile Threshold Optimizer
2025-11-19 16:09:28,068 [INFO] [phase8_2_threshold_optimizer.threshold_optimizer] run:1029 - ============================================================
2025-11-19 16:09:28,068 [INFO] [phase8_2_threshold_optimizer.threshold_optimizer] optimize_threshold:737 - ============================================================
2025-11-19 16:09:28,068 [INFO] [phase8_2_threshold_optimizer.threshold_optimizer] optimize_threshold:738 - STARTING GRID SEARCH OPTIMIZATION
2025-11-19 16:09:28,068 [INFO] [phase8_2_threshold_optimizer.threshold_optimizer] optimize_threshold:739 - ============================================================
2025-11-19 16:09:28,068 [INFO] [phase8_2_threshold_optimizer.threshold_optimizer] optimize_threshold:740 - Testing percentiles: [50, 75, 80, 85, 90, 95]
2025-11-19 16:09:28,068 [INFO] [phase8_2_threshold_optimizer.threshold_optimizer] optimize_threshold:741 - Incorrect problems: 1
2025-11-19 16:09:28,068 [INFO] [phase8_2_threshold_optimizer.threshold_optimizer] optimize_threshold:742 - Correct problems: 2
2025-11-19 16:09:28,068 [INFO] [phase8_2_threshold_optimizer.threshold_optimizer] optimize_threshold:743 - ============================================================
2025-11-19 16:09:28,068 [INFO] [phase8_2_threshold_optimizer.threshold_optimizer] optimize_threshold:749 - 
============================================================
2025-11-19 16:09:28,068 [INFO] [phase8_2_threshold_optimizer.threshold_optimizer] optimize_threshold:750 - TESTING PERCENTILE: 50th
2025-11-19 16:09:28,068 [INFO] [phase8_2_threshold_optimizer.threshold_optimizer] optimize_threshold:751 - ============================================================
2025-11-19 16:09:28,069 [INFO] [phase8_2_threshold_optimizer.threshold_optimizer] optimize_threshold:757 - Threshold: 19.2843
2025-11-19 16:09:28,069 [INFO] [phase8_2_threshold_optimizer.threshold_optimizer] optimize_threshold:758 - Expected steering rate: ~50%
2025-11-19 16:09:28,070 [INFO] [phase8_2_threshold_optimizer.threshold_optimizer] optimize_threshold:762 - ✓ Percentile 50 already completed, loading results...
2025-11-19 16:09:28,070 [INFO] [phase8_2_threshold_optimizer.threshold_optimizer] _load_checkpoint:362 - Found checkpoint: checkpoint_68.json
2025-11-19 16:09:28,070 [INFO] [phase8_2_threshold_optimizer.threshold_optimizer] _load_checkpoint:366 - Resuming from index 68 (69/69 problems)
2025-11-19 16:09:28,071 [INFO] [phase8_2_threshold_optimizer.threshold_optimizer] _load_checkpoint:362 - Found checkpoint: checkpoint_27.json
2025-11-19 16:09:28,071 [INFO] [phase8_2_threshold_optimizer.threshold_optimizer] _load_checkpoint:366 - Resuming from index 27 (28/28 problems)
2025-11-19 16:09:28,071 [INFO] [phase8_2_threshold_optimizer.threshold_optimizer] optimize_threshold:749 - 
============================================================
2025-11-19 16:09:28,071 [INFO] [phase8_2_threshold_optimizer.threshold_optimizer] optimize_threshold:750 - TESTING PERCENTILE: 75th
2025-11-19 16:09:28,071 [INFO] [phase8_2_threshold_optimizer.threshold_optimizer] optimize_threshold:751 - ============================================================
2025-11-19 16:09:28,071 [INFO] [phase8_2_threshold_optimizer.threshold_optimizer] optimize_threshold:757 - Threshold: 21.0463
2025-11-19 16:09:28,072 [INFO] [phase8_2_threshold_optimizer.threshold_optimizer] optimize_threshold:758 - Expected steering rate: ~25%
2025-11-19 16:09:28,072 [INFO] [phase8_2_threshold_optimizer.threshold_optimizer] optimize_threshold:767 - 
--- Correction Experiment (p75) ---
2025-11-19 16:09:28,072 [INFO] [phase8_2_threshold_optimizer.threshold_optimizer] optimize_threshold:777 - Starting correction experiment from beginning...
2025-11-19 16:09:28,415 [ERROR] [phase8_2_threshold_optimizer.threshold_optimizer] _run_selective_steering_for_threshold:628 -   [1/1] 42: ERROR - expected mat1 and mat2 to have the same dtype, but got: c10::BFloat16 != float
2025-11-19 16:09:28,416 [INFO] [phase8_2_threshold_optimizer.threshold_optimizer] optimize_threshold:790 - 
✓ Correction complete:
2025-11-19 16:09:28,416 [INFO] [phase8_2_threshold_optimizer.threshold_optimizer] optimize_threshold:791 -   Correction rate: 0.0000 (0/1)
2025-11-19 16:09:28,416 [INFO] [phase8_2_threshold_optimizer.threshold_optimizer] optimize_threshold:793 -   Steering rate: 0.0000
2025-11-19 16:09:28,416 [INFO] [phase8_2_threshold_optimizer.threshold_optimizer] optimize_threshold:796 - 
--- Preservation Experiment (p75) ---
2025-11-19 16:09:28,416 [INFO] [phase8_2_threshold_optimizer.threshold_optimizer] optimize_threshold:806 - Starting preservation experiment from beginning...
2025-11-19 16:09:28,513 [ERROR] [phase8_2_threshold_optimizer.threshold_optimizer] _run_selective_steering_for_threshold:628 -   [1/2] 28: ERROR - expected mat1 and mat2 to have the same dtype, but got: c10::BFloat16 != float
2025-11-19 16:09:28,597 [ERROR] [phase8_2_threshold_optimizer.threshold_optimizer] _run_selective_steering_for_threshold:628 -   [2/2] 53: ERROR - expected mat1 and mat2 to have the same dtype, but got: c10::BFloat16 != float
2025-11-19 16:09:28,598 [INFO] [phase8_2_threshold_optimizer.threshold_optimizer] optimize_threshold:819 - 
✓ Preservation complete:
2025-11-19 16:09:28,598 [INFO] [phase8_2_threshold_optimizer.threshold_optimizer] optimize_threshold:820 -   Preservation rate: 0.0000 (0/2)
2025-11-19 16:09:28,598 [INFO] [phase8_2_threshold_optimizer.threshold_optimizer] optimize_threshold:822 -   Corruption rate: 0.0000 (0/2)
2025-11-19 16:09:28,599 [INFO] [phase8_2_threshold_optimizer.threshold_optimizer] optimize_threshold:824 -   Steering rate: 0.0000
2025-11-19 16:09:28,599 [INFO] [phase8_2_threshold_optimizer.threshold_optimizer] optimize_threshold:838 - 
✓ Percentile 75 complete:
2025-11-19 16:09:28,599 [INFO] [phase8_2_threshold_optimizer.threshold_optimizer] optimize_threshold:839 -   Net benefit = 0.0000 (correction - corruption)
2025-11-19 16:09:28,599 [INFO] [phase8_2_threshold_optimizer.threshold_optimizer] optimize_threshold:840 -   = 0.0000 - 0.0000
2025-11-19 16:09:28,599 [INFO] [phase8_2_threshold_optimizer.threshold_optimizer] optimize_threshold:749 - 
============================================================
2025-11-19 16:09:28,599 [INFO] [phase8_2_threshold_optimizer.threshold_optimizer] optimize_threshold:750 - TESTING PERCENTILE: 80th
2025-11-19 16:09:28,599 [INFO] [phase8_2_threshold_optimizer.threshold_optimizer] optimize_threshold:751 - ============================================================
2025-11-19 16:09:28,599 [INFO] [phase8_2_threshold_optimizer.threshold_optimizer] optimize_threshold:757 - Threshold: 21.5797
2025-11-19 16:09:28,599 [INFO] [phase8_2_threshold_optimizer.threshold_optimizer] optimize_threshold:758 - Expected steering rate: ~20%
2025-11-19 16:09:28,600 [INFO] [phase8_2_threshold_optimizer.threshold_optimizer] optimize_threshold:767 - 
--- Correction Experiment (p80) ---
2025-11-19 16:09:28,600 [INFO] [phase8_2_threshold_optimizer.threshold_optimizer] optimize_threshold:777 - Starting correction experiment from beginning...
2025-11-19 16:09:28,687 [ERROR] [phase8_2_threshold_optimizer.threshold_optimizer] _run_selective_steering_for_threshold:628 -   [1/1] 42: ERROR - expected mat1 and mat2 to have the same dtype, but got: c10::BFloat16 != float
2025-11-19 16:09:28,688 [INFO] [phase8_2_threshold_optimizer.threshold_optimizer] optimize_threshold:790 - 
✓ Correction complete:
2025-11-19 16:09:28,688 [INFO] [phase8_2_threshold_optimizer.threshold_optimizer] optimize_threshold:791 -   Correction rate: 0.0000 (0/1)
2025-11-19 16:09:28,688 [INFO] [phase8_2_threshold_optimizer.threshold_optimizer] optimize_threshold:793 -   Steering rate: 0.0000
2025-11-19 16:09:28,688 [INFO] [phase8_2_threshold_optimizer.threshold_optimizer] optimize_threshold:796 - 
--- Preservation Experiment (p80) ---
2025-11-19 16:09:28,688 [INFO] [phase8_2_threshold_optimizer.threshold_optimizer] optimize_threshold:806 - Starting preservation experiment from beginning...
2025-11-19 16:09:28,772 [ERROR] [phase8_2_threshold_optimizer.threshold_optimizer] _run_selective_steering_for_threshold:628 -   [1/2] 28: ERROR - expected mat1 and mat2 to have the same dtype, but got: c10::BFloat16 != float
2025-11-19 16:09:28,853 [ERROR] [phase8_2_threshold_optimizer.threshold_optimizer] _run_selective_steering_for_threshold:628 -   [2/2] 53: ERROR - expected mat1 and mat2 to have the same dtype, but got: c10::BFloat16 != float
2025-11-19 16:09:28,854 [INFO] [phase8_2_threshold_optimizer.threshold_optimizer] optimize_threshold:819 - 
✓ Preservation complete:
2025-11-19 16:09:28,854 [INFO] [phase8_2_threshold_optimizer.threshold_optimizer] optimize_threshold:820 -   Preservation rate: 0.0000 (0/2)
2025-11-19 16:09:28,854 [INFO] [phase8_2_threshold_optimizer.threshold_optimizer] optimize_threshold:822 -   Corruption rate: 0.0000 (0/2)
2025-11-19 16:09:28,854 [INFO] [phase8_2_threshold_optimizer.threshold_optimizer] optimize_threshold:824 -   Steering rate: 0.0000
2025-11-19 16:09:28,854 [INFO] [phase8_2_threshold_optimizer.threshold_optimizer] optimize_threshold:838 - 
✓ Percentile 80 complete:
2025-11-19 16:09:28,854 [INFO] [phase8_2_threshold_optimizer.threshold_optimizer] optimize_threshold:839 -   Net benefit = 0.0000 (correction - corruption)
2025-11-19 16:09:28,854 [INFO] [phase8_2_threshold_optimizer.threshold_optimizer] optimize_threshold:840 -   = 0.0000 - 0.0000
2025-11-19 16:09:28,854 [INFO] [phase8_2_threshold_optimizer.threshold_optimizer] optimize_threshold:749 - 
============================================================
2025-11-19 16:09:28,855 [INFO] [phase8_2_threshold_optimizer.threshold_optimizer] optimize_threshold:750 - TESTING PERCENTILE: 85th
2025-11-19 16:09:28,855 [INFO] [phase8_2_threshold_optimizer.threshold_optimizer] optimize_threshold:751 - ============================================================
2025-11-19 16:09:28,855 [INFO] [phase8_2_threshold_optimizer.threshold_optimizer] optimize_threshold:757 - Threshold: 21.7197
2025-11-19 16:09:28,855 [INFO] [phase8_2_threshold_optimizer.threshold_optimizer] optimize_threshold:758 - Expected steering rate: ~15%
2025-11-19 16:09:28,855 [INFO] [phase8_2_threshold_optimizer.threshold_optimizer] optimize_threshold:767 - 
--- Correction Experiment (p85) ---
2025-11-19 16:09:28,855 [INFO] [phase8_2_threshold_optimizer.threshold_optimizer] optimize_threshold:777 - Starting correction experiment from beginning...
2025-11-19 16:09:28,941 [ERROR] [phase8_2_threshold_optimizer.threshold_optimizer] _run_selective_steering_for_threshold:628 -   [1/1] 42: ERROR - expected mat1 and mat2 to have the same dtype, but got: c10::BFloat16 != float
2025-11-19 16:09:28,942 [INFO] [phase8_2_threshold_optimizer.threshold_optimizer] optimize_threshold:790 - 
✓ Correction complete:
2025-11-19 16:09:28,942 [INFO] [phase8_2_threshold_optimizer.threshold_optimizer] optimize_threshold:791 -   Correction rate: 0.0000 (0/1)
2025-11-19 16:09:28,942 [INFO] [phase8_2_threshold_optimizer.threshold_optimizer] optimize_threshold:793 -   Steering rate: 0.0000
2025-11-19 16:09:28,942 [INFO] [phase8_2_threshold_optimizer.threshold_optimizer] optimize_threshold:796 - 
--- Preservation Experiment (p85) ---
2025-11-19 16:09:28,942 [INFO] [phase8_2_threshold_optimizer.threshold_optimizer] optimize_threshold:806 - Starting preservation experiment from beginning...
2025-11-19 16:09:29,028 [ERROR] [phase8_2_threshold_optimizer.threshold_optimizer] _run_selective_steering_for_threshold:628 -   [1/2] 28: ERROR - expected mat1 and mat2 to have the same dtype, but got: c10::BFloat16 != float
2025-11-19 16:09:29,107 [ERROR] [phase8_2_threshold_optimizer.threshold_optimizer] _run_selective_steering_for_threshold:628 -   [2/2] 53: ERROR - expected mat1 and mat2 to have the same dtype, but got: c10::BFloat16 != float
2025-11-19 16:09:29,108 [INFO] [phase8_2_threshold_optimizer.threshold_optimizer] optimize_threshold:819 - 
✓ Preservation complete:
2025-11-19 16:09:29,108 [INFO] [phase8_2_threshold_optimizer.threshold_optimizer] optimize_threshold:820 -   Preservation rate: 0.0000 (0/2)
2025-11-19 16:09:29,108 [INFO] [phase8_2_threshold_optimizer.threshold_optimizer] optimize_threshold:822 -   Corruption rate: 0.0000 (0/2)
2025-11-19 16:09:29,108 [INFO] [phase8_2_threshold_optimizer.threshold_optimizer] optimize_threshold:824 -   Steering rate: 0.0000
2025-11-19 16:09:29,108 [INFO] [phase8_2_threshold_optimizer.threshold_optimizer] optimize_threshold:838 - 
✓ Percentile 85 complete:
2025-11-19 16:09:29,108 [INFO] [phase8_2_threshold_optimizer.threshold_optimizer] optimize_threshold:839 -   Net benefit = 0.0000 (correction - corruption)
2025-11-19 16:09:29,108 [INFO] [phase8_2_threshold_optimizer.threshold_optimizer] optimize_threshold:840 -   = 0.0000 - 0.0000
2025-11-19 16:09:29,109 [INFO] [phase8_2_threshold_optimizer.threshold_optimizer] optimize_threshold:749 - 
============================================================
2025-11-19 16:09:29,109 [INFO] [phase8_2_threshold_optimizer.threshold_optimizer] optimize_threshold:750 - TESTING PERCENTILE: 90th
2025-11-19 16:09:29,109 [INFO] [phase8_2_threshold_optimizer.threshold_optimizer] optimize_threshold:751 - ============================================================
2025-11-19 16:09:29,109 [INFO] [phase8_2_threshold_optimizer.threshold_optimizer] optimize_threshold:757 - Threshold: 22.2769
2025-11-19 16:09:29,109 [INFO] [phase8_2_threshold_optimizer.threshold_optimizer] optimize_threshold:758 - Expected steering rate: ~10%
2025-11-19 16:09:29,109 [INFO] [phase8_2_threshold_optimizer.threshold_optimizer] optimize_threshold:767 - 
--- Correction Experiment (p90) ---
2025-11-19 16:09:29,109 [INFO] [phase8_2_threshold_optimizer.threshold_optimizer] optimize_threshold:777 - Starting correction experiment from beginning...
2025-11-19 16:09:29,195 [ERROR] [phase8_2_threshold_optimizer.threshold_optimizer] _run_selective_steering_for_threshold:628 -   [1/1] 42: ERROR - expected mat1 and mat2 to have the same dtype, but got: c10::BFloat16 != float
2025-11-19 16:09:29,196 [INFO] [phase8_2_threshold_optimizer.threshold_optimizer] optimize_threshold:790 - 
✓ Correction complete:
2025-11-19 16:09:29,196 [INFO] [phase8_2_threshold_optimizer.threshold_optimizer] optimize_threshold:791 -   Correction rate: 0.0000 (0/1)
2025-11-19 16:09:29,196 [INFO] [phase8_2_threshold_optimizer.threshold_optimizer] optimize_threshold:793 -   Steering rate: 0.0000
2025-11-19 16:09:29,196 [INFO] [phase8_2_threshold_optimizer.threshold_optimizer] optimize_threshold:796 - 
--- Preservation Experiment (p90) ---
2025-11-19 16:09:29,196 [INFO] [phase8_2_threshold_optimizer.threshold_optimizer] optimize_threshold:806 - Starting preservation experiment from beginning...
2025-11-19 16:09:29,283 [ERROR] [phase8_2_threshold_optimizer.threshold_optimizer] _run_selective_steering_for_threshold:628 -   [1/2] 28: ERROR - expected mat1 and mat2 to have the same dtype, but got: c10::BFloat16 != float
2025-11-19 16:09:29,364 [ERROR] [phase8_2_threshold_optimizer.threshold_optimizer] _run_selective_steering_for_threshold:628 -   [2/2] 53: ERROR - expected mat1 and mat2 to have the same dtype, but got: c10::BFloat16 != float
2025-11-19 16:09:29,365 [INFO] [phase8_2_threshold_optimizer.threshold_optimizer] optimize_threshold:819 - 
✓ Preservation complete:
2025-11-19 16:09:29,365 [INFO] [phase8_2_threshold_optimizer.threshold_optimizer] optimize_threshold:820 -   Preservation rate: 0.0000 (0/2)
2025-11-19 16:09:29,365 [INFO] [phase8_2_threshold_optimizer.threshold_optimizer] optimize_threshold:822 -   Corruption rate: 0.0000 (0/2)
2025-11-19 16:09:29,366 [INFO] [phase8_2_threshold_optimizer.threshold_optimizer] optimize_threshold:824 -   Steering rate: 0.0000
2025-11-19 16:09:29,366 [INFO] [phase8_2_threshold_optimizer.threshold_optimizer] optimize_threshold:838 - 
✓ Percentile 90 complete:
2025-11-19 16:09:29,366 [INFO] [phase8_2_threshold_optimizer.threshold_optimizer] optimize_threshold:839 -   Net benefit = 0.0000 (correction - corruption)
2025-11-19 16:09:29,366 [INFO] [phase8_2_threshold_optimizer.threshold_optimizer] optimize_threshold:840 -   = 0.0000 - 0.0000
2025-11-19 16:09:29,366 [INFO] [phase8_2_threshold_optimizer.threshold_optimizer] optimize_threshold:749 - 
============================================================
2025-11-19 16:09:29,366 [INFO] [phase8_2_threshold_optimizer.threshold_optimizer] optimize_threshold:750 - TESTING PERCENTILE: 95th
2025-11-19 16:09:29,366 [INFO] [phase8_2_threshold_optimizer.threshold_optimizer] optimize_threshold:751 - ============================================================
2025-11-19 16:09:29,366 [INFO] [phase8_2_threshold_optimizer.threshold_optimizer] optimize_threshold:757 - Threshold: 23.0295
2025-11-19 16:09:29,366 [INFO] [phase8_2_threshold_optimizer.threshold_optimizer] optimize_threshold:758 - Expected steering rate: ~5%
2025-11-19 16:09:29,366 [INFO] [phase8_2_threshold_optimizer.threshold_optimizer] optimize_threshold:767 - 
--- Correction Experiment (p95) ---
2025-11-19 16:09:29,366 [INFO] [phase8_2_threshold_optimizer.threshold_optimizer] optimize_threshold:777 - Starting correction experiment from beginning...
2025-11-19 16:09:29,451 [ERROR] [phase8_2_threshold_optimizer.threshold_optimizer] _run_selective_steering_for_threshold:628 -   [1/1] 42: ERROR - expected mat1 and mat2 to have the same dtype, but got: c10::BFloat16 != float
2025-11-19 16:09:29,451 [INFO] [phase8_2_threshold_optimizer.threshold_optimizer] optimize_threshold:790 - 
✓ Correction complete:
2025-11-19 16:09:29,451 [INFO] [phase8_2_threshold_optimizer.threshold_optimizer] optimize_threshold:791 -   Correction rate: 0.0000 (0/1)
2025-11-19 16:09:29,452 [INFO] [phase8_2_threshold_optimizer.threshold_optimizer] optimize_threshold:793 -   Steering rate: 0.0000
2025-11-19 16:09:29,452 [INFO] [phase8_2_threshold_optimizer.threshold_optimizer] optimize_threshold:796 - 
--- Preservation Experiment (p95) ---
2025-11-19 16:09:29,452 [INFO] [phase8_2_threshold_optimizer.threshold_optimizer] optimize_threshold:806 - Starting preservation experiment from beginning...
2025-11-19 16:09:29,537 [ERROR] [phase8_2_threshold_optimizer.threshold_optimizer] _run_selective_steering_for_threshold:628 -   [1/2] 28: ERROR - expected mat1 and mat2 to have the same dtype, but got: c10::BFloat16 != float
2025-11-19 16:09:29,619 [ERROR] [phase8_2_threshold_optimizer.threshold_optimizer] _run_selective_steering_for_threshold:628 -   [2/2] 53: ERROR - expected mat1 and mat2 to have the same dtype, but got: c10::BFloat16 != float
2025-11-19 16:09:29,620 [INFO] [phase8_2_threshold_optimizer.threshold_optimizer] optimize_threshold:819 - 
✓ Preservation complete:
2025-11-19 16:09:29,620 [INFO] [phase8_2_threshold_optimizer.threshold_optimizer] optimize_threshold:820 -   Preservation rate: 0.0000 (0/2)
2025-11-19 16:09:29,620 [INFO] [phase8_2_threshold_optimizer.threshold_optimizer] optimize_threshold:822 -   Corruption rate: 0.0000 (0/2)
2025-11-19 16:09:29,620 [INFO] [phase8_2_threshold_optimizer.threshold_optimizer] optimize_threshold:824 -   Steering rate: 0.0000
2025-11-19 16:09:29,620 [INFO] [phase8_2_threshold_optimizer.threshold_optimizer] optimize_threshold:838 - 
✓ Percentile 95 complete:
2025-11-19 16:09:29,620 [INFO] [phase8_2_threshold_optimizer.threshold_optimizer] optimize_threshold:839 -   Net benefit = 0.0000 (correction - corruption)
2025-11-19 16:09:29,620 [INFO] [phase8_2_threshold_optimizer.threshold_optimizer] optimize_threshold:840 -   = 0.0000 - 0.0000
2025-11-19 16:09:29,620 [INFO] [phase8_2_threshold_optimizer.threshold_optimizer] optimize_threshold:843 - 
============================================================
2025-11-19 16:09:29,620 [INFO] [phase8_2_threshold_optimizer.threshold_optimizer] optimize_threshold:844 - SELECTING OPTIMAL THRESHOLD
2025-11-19 16:09:29,621 [INFO] [phase8_2_threshold_optimizer.threshold_optimizer] optimize_threshold:845 - ============================================================
2025-11-19 16:09:29,621 [INFO] [phase8_2_threshold_optimizer.threshold_optimizer] optimize_threshold:850 - 
✓ OPTIMAL: 50th percentile
2025-11-19 16:09:29,621 [INFO] [phase8_2_threshold_optimizer.threshold_optimizer] optimize_threshold:851 -   Threshold: 19.2843
2025-11-19 16:09:29,621 [INFO] [phase8_2_threshold_optimizer.threshold_optimizer] optimize_threshold:852 -   Net benefit: 0.0000
2025-11-19 16:09:29,621 [INFO] [phase8_2_threshold_optimizer.threshold_optimizer] optimize_threshold:853 -   Correction rate: 0.0000
2025-11-19 16:09:29,621 [INFO] [phase8_2_threshold_optimizer.threshold_optimizer] optimize_threshold:854 -   Corruption rate: 0.0000
2025-11-19 16:09:29,621 [INFO] [phase8_2_threshold_optimizer.threshold_optimizer] save_results:898 - 
Saving results...
2025-11-19 16:09:29,621 [INFO] [phase8_2_threshold_optimizer.threshold_optimizer] save_results:938 - ✓ Saved optimal percentile to optimal_percentile.json
2025-11-19 16:09:29,622 [INFO] [phase8_2_threshold_optimizer.threshold_optimizer] save_results:949 - ✓ Saved comparison to threshold_comparison.json
2025-11-19 16:09:29,622 [INFO] [phase8_2_threshold_optimizer.threshold_optimizer] save_results:1021 - ✓ Saved summary to threshold_summary.txt
2025-11-19 16:09:29,622 [INFO] [phase8_2_threshold_optimizer.threshold_optimizer] save_results:1023 - 
Results saved to: data/phase8_2
2025-11-19 16:09:29,622 [INFO] [phase8_2_threshold_optimizer.threshold_optimizer] run:1037 - 
✅ Phase 8.2 completed successfully
2025-11-19 16:09:29,622 [INFO] [phase8_2_threshold_optimizer.runner] run_phase_8_2:33 - Phase 8.2 completed successfully
2025-11-19 16:09:29,710 [INFO] [main] run_phase8_2:709 - 
✅ Phase 8.2 completed successfully
