2025-11-23 13:41:23,630 [INFO] [sae_analyzer] setup_logging:167 - Phase: 2.5, GPU: CPU
2025-11-23 13:41:23,630 [INFO] [phase4_12.zero_disc_steering_generator] setup_logging:167 - Phase: 4.12, GPU: CPU
2025-11-23 13:41:23,630 [INFO] [main] run_phase4_12:990 - Starting Phase 4.12: Zero-Discrimination Steering Generation
2025-11-23 13:41:23,631 [INFO] [main] run_phase4_12:991 - Will apply zero-discrimination features as statistical control vs targeted steering
2025-11-23 13:41:23,631 [INFO] [main] run_phase4_12:992 - This validates that PVA features have specific causal effects on program correctness
2025-11-23 13:41:23,631 [INFO] [main] run_phase4_12:995 - 
============================================================
CONFIGURATION
============================================================

ACTIVATION Settings:
  activation_cleanup_after_batch: True
  activation_clear_cache_between_layers: True
  activation_hook_type: resid_post
  activation_layers: [1, 2, 3, 4, 5, 6, 7, 8, 9, 10, 11, 12, 13, 14, 15, 16, 17, 18, 19, 20, 21, 22, 23, 24, 25]
  activation_max_cache_gb: 10.0
  activation_max_length: 2048
  activation_position: -1

AUTOSAVE Settings:
  autosave_frequency: 100
  autosave_keep_last: 3

CHECKPOINT Settings:
  checkpoint_dir: checkpoints
  checkpoint_frequency: 50

CONTINUE Settings:
  continue_on_error: True

DATASET Settings:
  dataset_dir: data/phase1_0
  dataset_end_idx: None
  dataset_name: humaneval
  dataset_split: test
  dataset_start_idx: 0

ENABLE Settings:
  enable_timing_stats: True

EVALUATION Settings:
  evaluation_random_seed: 42

GC Settings:
  gc_collect_frequency: 50

LOG Settings:
  log_dir: data/logs

MAX Settings:
  max_gpu_memory_usage_gb: 30.0
  max_memory_usage_gb: 100.0
  max_retries: 3

MEMORY Settings:
  memory_cleanup_frequency: 100

MODEL Settings:
  model_device: None
  model_dtype: None
  model_max_new_tokens: 800
  model_name: google/gemma-2-2b
  model_temperature: 0.0
  model_trust_remote_code: True

ORTHOGONALIZATION Settings:
  orthogonalization_target_weights: [embed, attn_o, mlp_down]

PHASE0 Settings:
  phase0_1_output_dir: data/phase0_1
  phase0_2_output_dir: data/phase0_2_humaneval
  phase0_3_output_dir: data/phase0_3_humaneval
  phase0_output_dir: data/phase0

PHASE1 Settings:
  phase1_output_dir: data/phase1_0

PHASE2 Settings:
  phase2_10_output_dir: data/phase2_10
  phase2_15_output_dir: data/phase2_15
  phase2_2_output_dir: data/phase2_2
  phase2_5_output_dir: data/phase2_5
  phase2_output_dir: data/phase2

PHASE3 Settings:
  phase3_10_output_dir: data/phase3_10
  phase3_10_temperatures: [0.0, 0.2, 0.4, 0.6, 0.8, 1.0, 1.2, 1.4]
  phase3_11_output_dir: data/phase3_11
  phase3_12_output_dir: data/phase3_12
  phase3_5_output_dir: data/phase3_5
  phase3_6_output_dir: data/phase3_6
  phase3_8_output_dir: data/phase3_8
  phase3_output_dir: data/phase3

PHASE4 Settings:
  **phase4_12_output_dir**: data/phase4_12
  phase4_10_min_activation_freq: 0.001
  phase4_10_n_features: 10
  phase4_10_output_dir: data/phase4_10
  phase4_10_separation_threshold: 0.01
  phase4_14_output_dir: data/phase4_14
  phase4_14_significance_level: 0.05
  phase4_5_correct_coefficients: [10.0, 20.0, 30.0, 40.0, 50.0, 60.0, 70.0, 80.0, 90.0, 100.0]
  phase4_5_experiment_mode: all
  phase4_5_incorrect_coefficients: [100.0, 200.0, 300.0, 400.0, 500.0, 600.0, 700.0, 800.0, 900.0, 1000.0]
  phase4_5_meaningful_effect_threshold: 5.0
  phase4_5_output_dir: data/phase4_5
  phase4_5_plateau_threshold: 2.0
  phase4_5_search_tolerance: 2.0
  phase4_6_experiment_mode: all
  phase4_6_output_dir: data/phase4_6
  phase4_6_tolerance: 1.0
  phase4_8_correct_coefficient: 29
  phase4_8_experiment_mode: all
  phase4_8_incorrect_coefficient: 287
  phase4_8_output_dir: data/phase4_8

PHASE5 Settings:
  phase5_3_output_dir: data/phase5_3
  phase5_6_output_dir: data/phase5_6
  phase5_9_output_dir: data/phase5_9
  phase5_9_significance_level: 0.05

PHASE6 Settings:
  phase6_3_output_dir: data/phase6_3

PHASE7 Settings:
  phase7_12_output_dir: data/phase7_12
  phase7_3_model_name: google/gemma-2-2b-it
  phase7_3_output_dir: data/phase7_3
  phase7_6_model_name: google/gemma-2-2b-it
  phase7_6_output_dir: data/phase7_6

PHASE8 Settings:
  phase8_1_output_dir: data/phase8_1
  phase8_2_output_dir: data/phase8_2
  phase8_3_output_dir: data/phase8_3
  phase8_3_percentile: 70.0
  phase8_3_use_percentile_threshold: True

PILE Settings:
  pile_filter_enabled: True
  pile_samples: 10000
  pile_threshold: 0.02

PROGRESS Settings:
  progress_log_frequency: 10

RETRY Settings:
  retry_backoff: 1.0

SAE Settings:
  sae_checkpoint_dir: data/phase2/sae_checkpoints
  sae_cleanup_after_layer: True
  sae_hook_component: resid_post
  sae_latent_threshold: 0.02
  sae_repo_id: google/gemma-scope-2b-pt-res
  sae_save_after_each_layer: True
  sae_sparsity: 71
  sae_use_memory_mapping: False
  sae_width: 16k

SHOW Settings:
  show_progress_bar: True

SPLIT Settings:
  split_n_strata: 10
  split_random_seed: 42
  split_ratio_tolerance: 0.02

T Settings:
  t_statistic_min_samples: 10

TEMPERATURE Settings:
  temperature_samples_per_temp: 3
  temperature_variation_temps: [0.0]

TIMEOUT Settings:
  timeout_per_record: 300.0

VERBOSE Settings:
  verbose: False

============================================================
2025-11-23 13:41:23,632 [INFO] [phase4_12.zero_disc_steering_generator] __init__:59 - Output directory: data/phase4_12_humaneval
2025-11-23 13:41:23,632 [INFO] [phase4_12.zero_disc_steering_generator] __init__:76 - Loading model: google/gemma-2-2b
2025-11-23 13:41:23,819 [INFO] [common_simplified.model_loader] load_model_and_tokenizer:47 - Loading model google/gemma-2-2b on cuda with dtype torch.bfloat16
2025-11-23 13:41:25,633 [INFO] [common_simplified.model_loader] load_model_and_tokenizer:56 - Loading model to cuda...
2025-11-23 13:41:29,770 [INFO] [common_simplified.model_loader] load_model_and_tokenizer:86 - Model successfully loaded on cuda:0
2025-11-23 13:41:29,770 [INFO] [common_simplified.model_loader] load_model_and_tokenizer:88 - Model loaded successfully: Gemma2ForCausalLM
2025-11-23 13:41:29,771 [INFO] [common_simplified.model_loader] load_model_and_tokenizer:89 - Model size: 2.61B parameters
2025-11-23 13:41:29,772 [INFO] [phase4_12.zero_disc_steering_generator] _load_dependencies:92 - Loading zero-discrimination features from Phase 4.10...
2025-11-23 13:41:29,782 [INFO] [phase4_12.zero_disc_steering_generator] _load_dependencies:105 - Loaded 10 zero-discrimination features
2025-11-23 13:41:29,782 [INFO] [phase4_12.zero_disc_steering_generator] _load_dependencies:108 - Loading validation data from Phase 3.5...
2025-11-23 13:41:29,805 [INFO] [phase4_12.zero_disc_steering_generator] _load_dependencies:120 - Loaded 164 validation problems
2025-11-23 13:41:29,807 [INFO] [phase4_12.zero_disc_steering_generator] _load_dependencies:144 - Split: 25 correct, 139 incorrect
2025-11-23 13:41:29,807 [INFO] [phase4_12.zero_disc_steering_generator] __init__:87 - ZeroDiscSteeringGenerator initialized successfully
2025-11-23 13:41:29,807 [INFO] [phase4_12.zero_disc_steering_generator] run:347 - ============================================================
2025-11-23 13:41:29,808 [INFO] [phase4_12.zero_disc_steering_generator] run:348 - Starting Zero-Discrimination Steering Generation
2025-11-23 13:41:29,808 [INFO] [phase4_12.zero_disc_steering_generator] run:349 - ============================================================
2025-11-23 13:41:29,808 [INFO] [phase4_12.zero_disc_steering_generator] _select_best_zero_disc_features:153 - Selected zero-disc feature for both experiments:
2025-11-23 13:41:29,808 [INFO] [phase4_12.zero_disc_steering_generator] _select_best_zero_disc_features:154 -   Feature: L1F4801 (separation=0.000000)
2025-11-23 13:41:29,808 [INFO] [phase4_12.zero_disc_steering_generator] _select_best_zero_disc_features:156 -   Will use positive coefficient (29) for correction
2025-11-23 13:41:29,808 [INFO] [phase4_12.zero_disc_steering_generator] _select_best_zero_disc_features:157 -   Will use negative coefficient (287) for corruption
2025-11-23 13:41:29,808 [INFO] [phase4_12.zero_disc_steering_generator] run:355 - 
========================================
2025-11-23 13:41:29,809 [INFO] [phase4_12.zero_disc_steering_generator] run:356 - Running CORRECTION experiments
2025-11-23 13:41:29,809 [INFO] [phase4_12.zero_disc_steering_generator] run:357 - Problems: 139 initially incorrect
2025-11-23 13:41:29,809 [INFO] [phase4_12.zero_disc_steering_generator] run:358 - Coefficient: 29
2025-11-23 13:41:29,809 [INFO] [phase4_12.zero_disc_steering_generator] run:359 - ========================================
2025-11-23 13:41:29,809 [INFO] [phase4_12.zero_disc_steering_generator] _apply_zero_disc_steering:226 - Loading SAE for layer 1...
2025-11-23 13:41:29,809 [INFO] [sae_analyzer] load_gemma_scope_sae:47 - Loading GemmaScope SAE for layer 1
2025-11-23 13:41:29,810 [INFO] [sae_analyzer] load_gemma_scope_sae:61 - Loading from HuggingFace: google/gemma-scope-2b-pt-res/layer_1/width_16k/average_l0_102/params.npz
2025-11-23 13:41:29,810 [INFO] [sae_analyzer] load_gemma_scope_sae:62 - This may take a while if the model is not cached...
2025-11-23 13:41:30,022 [INFO] [sae_analyzer] load_gemma_scope_sae:70 - Download complete, loading from: /home/kriz_tahimic/.cache/huggingface/hub/models--google--gemma-scope-2b-pt-res/snapshots/fd571b47c1c64851e9b1989792367b9babb4af63/layer_1/width_16k/average_l0_102/params.npz
2025-11-23 13:41:30,979 [INFO] [sae_analyzer] load_gemma_scope_sae:87 - Loaded SAE with d_model=2304, d_sae=16384, sparsity=102
2025-11-23 13:41:30,980 [INFO] [phase4_12.zero_disc_steering_generator] _apply_zero_disc_steering:240 - Applying correction steering to 139 problems...
2025-11-23 14:11:22,305 [INFO] [phase4_12.zero_disc_steering_generator] _apply_zero_disc_steering:338 - Checkpoint saved at index 50
2025-11-23 14:45:11,540 [INFO] [phase4_12.zero_disc_steering_generator] _apply_zero_disc_steering:338 - Checkpoint saved at index 100
2025-11-23 15:11:39,704 [INFO] [phase4_12.zero_disc_steering_generator] run:369 - 
========================================
2025-11-23 15:11:39,704 [INFO] [phase4_12.zero_disc_steering_generator] run:370 - Running CORRUPTION experiments
2025-11-23 15:11:39,705 [INFO] [phase4_12.zero_disc_steering_generator] run:371 - Problems: 25 initially correct
2025-11-23 15:11:39,705 [INFO] [phase4_12.zero_disc_steering_generator] run:372 - Coefficient: 287
2025-11-23 15:11:39,705 [INFO] [phase4_12.zero_disc_steering_generator] run:373 - ========================================
2025-11-23 15:11:39,705 [INFO] [phase4_12.zero_disc_steering_generator] _apply_zero_disc_steering:226 - Loading SAE for layer 1...
2025-11-23 15:11:39,705 [INFO] [sae_analyzer] load_gemma_scope_sae:47 - Loading GemmaScope SAE for layer 1
2025-11-23 15:11:39,706 [INFO] [sae_analyzer] load_gemma_scope_sae:61 - Loading from HuggingFace: google/gemma-scope-2b-pt-res/layer_1/width_16k/average_l0_102/params.npz
2025-11-23 15:11:39,706 [INFO] [sae_analyzer] load_gemma_scope_sae:62 - This may take a while if the model is not cached...
2025-11-23 15:11:39,949 [INFO] [sae_analyzer] load_gemma_scope_sae:70 - Download complete, loading from: /home/kriz_tahimic/.cache/huggingface/hub/models--google--gemma-scope-2b-pt-res/snapshots/fd571b47c1c64851e9b1989792367b9babb4af63/layer_1/width_16k/average_l0_102/params.npz
2025-11-23 15:11:40,939 [INFO] [sae_analyzer] load_gemma_scope_sae:87 - Loaded SAE with d_model=2304, d_sae=16384, sparsity=102
2025-11-23 15:11:40,940 [INFO] [phase4_12.zero_disc_steering_generator] _apply_zero_disc_steering:240 - Applying corruption steering to 25 problems...
2025-11-23 15:28:45,121 [INFO] [phase4_12.zero_disc_steering_generator] run:383 - 
========================================
2025-11-23 15:28:45,122 [INFO] [phase4_12.zero_disc_steering_generator] run:384 - Running PRESERVATION experiments
2025-11-23 15:28:45,122 [INFO] [phase4_12.zero_disc_steering_generator] run:385 - Problems: 25 initially correct
2025-11-23 15:28:45,122 [INFO] [phase4_12.zero_disc_steering_generator] run:386 - Coefficient: 29 (using correct-preferring coefficient)
2025-11-23 15:28:45,122 [INFO] [phase4_12.zero_disc_steering_generator] run:387 - ========================================
2025-11-23 15:28:45,122 [INFO] [phase4_12.zero_disc_steering_generator] _apply_zero_disc_steering:226 - Loading SAE for layer 1...
2025-11-23 15:28:45,123 [INFO] [sae_analyzer] load_gemma_scope_sae:47 - Loading GemmaScope SAE for layer 1
2025-11-23 15:28:45,123 [INFO] [sae_analyzer] load_gemma_scope_sae:61 - Loading from HuggingFace: google/gemma-scope-2b-pt-res/layer_1/width_16k/average_l0_102/params.npz
2025-11-23 15:28:45,123 [INFO] [sae_analyzer] load_gemma_scope_sae:62 - This may take a while if the model is not cached...
2025-11-23 15:28:45,387 [INFO] [sae_analyzer] load_gemma_scope_sae:70 - Download complete, loading from: /home/kriz_tahimic/.cache/huggingface/hub/models--google--gemma-scope-2b-pt-res/snapshots/fd571b47c1c64851e9b1989792367b9babb4af63/layer_1/width_16k/average_l0_102/params.npz
2025-11-23 15:28:46,352 [INFO] [sae_analyzer] load_gemma_scope_sae:87 - Loaded SAE with d_model=2304, d_sae=16384, sparsity=102
2025-11-23 15:28:46,353 [INFO] [phase4_12.zero_disc_steering_generator] _apply_zero_disc_steering:240 - Applying preservation steering to 25 problems...
2025-11-23 15:43:52,984 [WARNING] [common.steering_metrics] calculate_correction_rate:62 - Results missing 'steered_passed' or 'orthogonalized_passed' key
2025-11-23 15:43:52,984 [WARNING] [common.steering_metrics] calculate_corruption_rate:126 - Results missing 'steered_passed' or 'orthogonalized_passed' key
2025-11-23 15:43:52,984 [WARNING] [common.steering_metrics] calculate_corruption_rate:126 - Results missing 'steered_passed' or 'orthogonalized_passed' key
2025-11-23 15:43:52,990 [INFO] [phase4_12.zero_disc_steering_generator] run:434 - Saved results to: data/phase4_12_humaneval/zero_disc_steering_results.json
2025-11-23 15:43:52,991 [INFO] [phase4_12.zero_disc_steering_generator] _save_examples:468 - Saved examples to: data/phase4_12_humaneval/examples/zero_disc_examples.json
2025-11-23 15:43:52,992 [INFO] [phase4_12.zero_disc_steering_generator] run:443 - Cleaned up all checkpoint files
2025-11-23 15:43:52,992 [INFO] [phase4_12.zero_disc_steering_generator] run:446 - 
============================================================
2025-11-23 15:43:52,992 [INFO] [phase4_12.zero_disc_steering_generator] run:447 - ZERO-DISCRIMINATION STEERING RESULTS
2025-11-23 15:43:52,992 [INFO] [phase4_12.zero_disc_steering_generator] run:448 - ============================================================
2025-11-23 15:43:52,992 [INFO] [phase4_12.zero_disc_steering_generator] run:449 - Correction rate: 0.00% (expected: ~2%)
2025-11-23 15:43:52,992 [INFO] [phase4_12.zero_disc_steering_generator] run:450 - Corruption rate: 0.00% (expected: ~1%)
2025-11-23 15:43:52,992 [INFO] [phase4_12.zero_disc_steering_generator] run:451 - Preservation rate: 10000.00% (expected: ~99%)
2025-11-23 15:43:52,992 [INFO] [phase4_12.zero_disc_steering_generator] run:452 - Total problems tested: 189
2025-11-23 15:43:52,993 [INFO] [phase4_12.zero_disc_steering_generator] run:453 - ============================================================
2025-11-23 15:43:52,993 [INFO] [main] run_phase4_12:1001 - 
✅ Phase 4.12 completed successfully
