2025-11-19 12:59:04,509 [INFO] [sae_analyzer] setup_logging:167 - Phase: 2.5, GPU: CPU
2025-11-19 12:59:04,510 [INFO] [phase8_3_selective_steering.selective_steering_analyzer] setup_logging:167 - Phase: 8.3, GPU: CPU
2025-11-19 12:59:04,510 [INFO] [main] run_phase8_3:676 - Starting Phase 8.3: Selective Steering Based on Threshold Analysis
2025-11-19 12:59:04,510 [INFO] [main] run_phase8_3:677 - Will apply steering only when predictive direction exceeds optimal threshold
2025-11-19 12:59:04,510 [INFO] [main] run_phase8_3:678 - Automatically discovers Phase 3.8 threshold and Phase 3.5 baseline
2025-11-19 12:59:04,511 [INFO] [main] run_phase8_3:681 - 
============================================================
CONFIGURATION
============================================================

ACTIVATION Settings:
  activation_cleanup_after_batch: True
  activation_clear_cache_between_layers: True
  activation_hook_type: resid_post
  activation_layers: [1, 2, 3, 4, 5, 6, 7, 8, 9, 10, 11, 12, 13, 14, 15, 16, 17, 18, 19, 20, 21, 22, 23, 24, 25]
  activation_max_cache_gb: 10.0
  activation_max_length: 2048
  activation_position: -1

AUTOSAVE Settings:
  autosave_frequency: 100
  autosave_keep_last: 3

CHECKPOINT Settings:
  checkpoint_dir: checkpoints
  checkpoint_frequency: 50

CONTINUE Settings:
  continue_on_error: True

DATASET Settings:
  dataset_dir: data/phase1_0
  dataset_end_idx: 4
  dataset_name: Muennighoff/mbpp
  dataset_split: test
  dataset_start_idx: 0

ENABLE Settings:
  enable_timing_stats: True

EVALUATION Settings:
  evaluation_random_seed: 42

GC Settings:
  gc_collect_frequency: 50

LOG Settings:
  log_dir: data/logs

MAX Settings:
  max_gpu_memory_usage_gb: 30.0
  max_memory_usage_gb: 100.0
  max_retries: 3

MEMORY Settings:
  memory_cleanup_frequency: 100

MODEL Settings:
  model_device: None
  model_dtype: None
  model_max_new_tokens: 800
  model_name: google/gemma-2-2b
  model_temperature: 0.0
  model_trust_remote_code: True

ORTHOGONALIZATION Settings:
  orthogonalization_target_weights: [embed, attn_o, mlp_down]

PHASE0 Settings:
  phase0_1_output_dir: data/phase0_1
  phase0_output_dir: data/phase0

PHASE1 Settings:
  phase1_output_dir: data/phase1_0

PHASE2 Settings:
  phase2_10_output_dir: data/phase2_10
  phase2_15_output_dir: data/phase2_15
  phase2_2_output_dir: data/phase2_2
  phase2_5_output_dir: data/phase2_5
  phase2_output_dir: data/phase2

PHASE3 Settings:
  phase3_10_output_dir: data/phase3_10
  phase3_10_temperatures: [0.0, 0.2, 0.4, 0.6, 0.8, 1.0, 1.2, 1.4]
  phase3_11_output_dir: data/phase3_11
  phase3_12_output_dir: data/phase3_12
  phase3_5_output_dir: data/phase3_5
  phase3_6_output_dir: data/phase3_6
  phase3_8_output_dir: data/phase3_8
  phase3_output_dir: data/phase3

PHASE4 Settings:
  phase4_10_min_activation_freq: 0.001
  phase4_10_n_features: 10
  phase4_10_output_dir: data/phase4_10
  phase4_10_separation_threshold: 0.01
  phase4_12_output_dir: data/phase4_12
  phase4_14_output_dir: data/phase4_14
  phase4_14_significance_level: 0.05
  phase4_5_correct_coefficients: [10.0, 20.0, 30.0, 40.0, 50.0, 60.0, 70.0, 80.0, 90.0, 100.0]
  phase4_5_experiment_mode: all
  phase4_5_incorrect_coefficients: [100.0, 200.0, 300.0, 400.0, 500.0, 600.0, 700.0, 800.0, 900.0, 1000.0]
  phase4_5_meaningful_effect_threshold: 5.0
  phase4_5_output_dir: data/phase4_5
  phase4_5_plateau_threshold: 2.0
  phase4_5_search_tolerance: 2.0
  phase4_6_experiment_mode: all
  phase4_6_output_dir: data/phase4_6
  phase4_6_tolerance: 1.0
  phase4_8_correct_coefficient: 29
  phase4_8_experiment_mode: all
  phase4_8_incorrect_coefficient: 287
  phase4_8_output_dir: data/phase4_8

PHASE5 Settings:
  phase5_3_output_dir: data/phase5_3
  phase5_6_output_dir: data/phase5_6
  phase5_9_output_dir: data/phase5_9
  phase5_9_significance_level: 0.05

PHASE6 Settings:
  phase6_3_output_dir: data/phase6_3

PHASE7 Settings:
  phase7_12_output_dir: data/phase7_12
  phase7_3_model_name: google/gemma-2-2b-it
  phase7_3_output_dir: data/phase7_3
  phase7_6_model_name: google/gemma-2-2b-it
  phase7_6_output_dir: data/phase7_6

PHASE8 Settings:
  **phase8_3_output_dir**: data/phase8_3

PILE Settings:
  pile_filter_enabled: True
  pile_samples: 10000
  pile_threshold: 0.02

PROGRESS Settings:
  progress_log_frequency: 10

RETRY Settings:
  retry_backoff: 1.0

SAE Settings:
  sae_checkpoint_dir: data/phase2/sae_checkpoints
  sae_cleanup_after_layer: True
  sae_hook_component: resid_post
  sae_latent_threshold: 0.02
  sae_repo_id: google/gemma-scope-2b-pt-res
  sae_save_after_each_layer: True
  sae_sparsity: 71
  sae_use_memory_mapping: False
  sae_width: 16k

SHOW Settings:
  show_progress_bar: True

SPLIT Settings:
  split_n_strata: 10
  split_random_seed: 42
  split_ratio_tolerance: 0.02

T Settings:
  t_statistic_min_samples: 10

TEMPERATURE Settings:
  temperature_samples_per_temp: 3
  temperature_variation_temps: [0.0]

TIMEOUT Settings:
  timeout_per_record: 300.0

VERBOSE Settings:
  verbose: False

============================================================
2025-11-19 12:59:04,511 [INFO] [phase8_3_selective_steering.selective_steering_analyzer] __init__:103 - Initializing Selective Steering Analyzer
2025-11-19 12:59:04,512 [INFO] [phase8_3_selective_steering.selective_steering_analyzer] __init__:104 - Device: cuda
2025-11-19 12:59:04,512 [INFO] [phase8_3_selective_steering.selective_steering_analyzer] __init__:105 - Output directory: data/phase8_3
2025-11-19 12:59:04,512 [INFO] [phase8_3_selective_steering.selective_steering_analyzer] _load_dependencies:114 - Loading dependencies...
2025-11-19 12:59:04,512 [INFO] [phase8_3_selective_steering.selective_steering_analyzer] _load_dependencies:117 - Loading model and tokenizer...
2025-11-19 12:59:04,706 [INFO] [common_simplified.model_loader] load_model_and_tokenizer:47 - Loading model google/gemma-2-2b on cuda with dtype torch.bfloat16
2025-11-19 12:59:10,677 [INFO] [common_simplified.model_loader] load_model_and_tokenizer:56 - Loading model to cuda...
2025-11-19 13:00:13,588 [INFO] [common_simplified.model_loader] load_model_and_tokenizer:83 - Model successfully loaded on cuda:0
2025-11-19 13:00:13,589 [INFO] [common_simplified.model_loader] load_model_and_tokenizer:85 - Model loaded successfully: Gemma2ForCausalLM
2025-11-19 13:00:13,590 [INFO] [common_simplified.model_loader] load_model_and_tokenizer:86 - Model size: 2.61B parameters
2025-11-19 13:00:13,590 [INFO] [phase8_3_selective_steering.selective_steering_analyzer] _load_dependencies:123 - Model loaded: google/gemma-2-2b
2025-11-19 13:00:13,590 [INFO] [phase8_3_selective_steering.selective_steering_analyzer] _load_dependencies:126 - Loading optimal threshold from Phase 3.8...
2025-11-19 13:00:13,726 [INFO] [phase8_3_selective_steering.selective_steering_analyzer] _load_dependencies:139 - Incorrect-predicting feature: Layer 19, Feature 5441
2025-11-19 13:00:13,727 [INFO] [phase8_3_selective_steering.selective_steering_analyzer] _load_dependencies:141 - Optimal threshold: 15.5086
2025-11-19 13:00:13,727 [INFO] [phase8_3_selective_steering.selective_steering_analyzer] _load_dependencies:144 - Loading steering features from Phase 2.5...
2025-11-19 13:00:13,969 [INFO] [phase8_3_selective_steering.selective_steering_analyzer] _load_dependencies:160 - Correct-steering feature: Layer 16, Feature 11225, Score 0.2212
2025-11-19 13:00:13,969 [INFO] [phase8_3_selective_steering.selective_steering_analyzer] _load_dependencies:165 - Loading SAE models...
2025-11-19 13:00:13,969 [INFO] [sae_analyzer] load_gemma_scope_sae:47 - Loading GemmaScope SAE for layer 19
2025-11-19 13:00:13,969 [INFO] [sae_analyzer] load_gemma_scope_sae:61 - Loading from HuggingFace: google/gemma-scope-2b-pt-res/layer_19/width_16k/average_l0_73/params.npz
2025-11-19 13:00:13,969 [INFO] [sae_analyzer] load_gemma_scope_sae:62 - This may take a while if the model is not cached...
2025-11-19 13:00:16,224 [INFO] [sae_analyzer] load_gemma_scope_sae:70 - Download complete, loading from: /home/kriz_tahimic/.cache/huggingface/hub/models--google--gemma-scope-2b-pt-res/snapshots/fd571b47c1c64851e9b1989792367b9babb4af63/layer_19/width_16k/average_l0_73/params.npz
2025-11-19 13:00:17,399 [INFO] [sae_analyzer] load_gemma_scope_sae:87 - Loaded SAE with d_model=2304, d_sae=16384, sparsity=73
2025-11-19 13:00:17,399 [INFO] [phase8_3_selective_steering.selective_steering_analyzer] _load_dependencies:169 - Loaded SAE for Layer 19 (threshold checking)
2025-11-19 13:00:17,400 [INFO] [sae_analyzer] load_gemma_scope_sae:47 - Loading GemmaScope SAE for layer 16
2025-11-19 13:00:17,400 [INFO] [sae_analyzer] load_gemma_scope_sae:61 - Loading from HuggingFace: google/gemma-scope-2b-pt-res/layer_16/width_16k/average_l0_78/params.npz
2025-11-19 13:00:17,400 [INFO] [sae_analyzer] load_gemma_scope_sae:62 - This may take a while if the model is not cached...
2025-11-19 13:00:19,401 [INFO] [sae_analyzer] load_gemma_scope_sae:70 - Download complete, loading from: /home/kriz_tahimic/.cache/huggingface/hub/models--google--gemma-scope-2b-pt-res/snapshots/fd571b47c1c64851e9b1989792367b9babb4af63/layer_16/width_16k/average_l0_78/params.npz
2025-11-19 13:00:20,316 [INFO] [sae_analyzer] load_gemma_scope_sae:87 - Loaded SAE with d_model=2304, d_sae=16384, sparsity=78
2025-11-19 13:00:20,317 [INFO] [phase8_3_selective_steering.selective_steering_analyzer] _load_dependencies:173 - Loaded SAE for Layer 16 (steering)
2025-11-19 13:00:20,810 [INFO] [phase8_3_selective_steering.selective_steering_analyzer] _load_dependencies:181 - Decoder direction converted to model dtype: torch.bfloat16
2025-11-19 13:00:20,810 [INFO] [phase8_3_selective_steering.selective_steering_analyzer] _load_dependencies:184 - Loading baseline data from Phase 3.5...
2025-11-19 13:00:24,439 [INFO] [phase8_3_selective_steering.selective_steering_analyzer] _load_dependencies:195 - Loaded 388 problems from Phase 3.5 baseline
2025-11-19 13:00:24,571 [INFO] [phase8_3_selective_steering.selective_steering_analyzer] _load_dependencies:202 - Parsed test_list JSON strings to lists
2025-11-19 13:00:24,589 [INFO] [phase8_3_selective_steering.selective_steering_analyzer] _load_dependencies:221 - ✓ Validation passed: test_list is list with 3 test cases
2025-11-19 13:00:24,589 [INFO] [phase8_3_selective_steering.selective_steering_analyzer] _load_dependencies:238 - Processing validation dataset rows 0-4 (inclusive)
2025-11-19 13:00:24,873 [INFO] [phase8_3_selective_steering.selective_steering_analyzer] _load_dependencies:240 - Filtered to 5 problems
2025-11-19 13:00:24,874 [INFO] [phase8_3_selective_steering.selective_steering_analyzer] _load_dependencies:242 - Dependencies loaded successfully
2025-11-19 13:00:24,874 [INFO] [phase8_3_selective_steering.selective_steering_analyzer] __init__:110 - Initialization complete
2025-11-19 13:00:24,874 [INFO] [phase8_3_selective_steering.selective_steering_analyzer] run:860 - ============================================================
2025-11-19 13:00:24,874 [INFO] [phase8_3_selective_steering.selective_steering_analyzer] run:861 - Starting Phase 8.3: Selective Steering Analysis
2025-11-19 13:00:24,874 [INFO] [phase8_3_selective_steering.selective_steering_analyzer] run:862 - ============================================================
2025-11-19 13:00:24,874 [INFO] [phase8_3_selective_steering.selective_steering_analyzer] _split_baseline_by_correctness:249 - Splitting baseline by initial correctness...
2025-11-19 13:00:24,988 [INFO] [phase8_3_selective_steering.selective_steering_analyzer] _split_baseline_by_correctness:259 - Split complete:
2025-11-19 13:00:24,988 [INFO] [phase8_3_selective_steering.selective_steering_analyzer] _split_baseline_by_correctness:260 -   Initially incorrect: 4 (80.0%)
2025-11-19 13:00:24,988 [INFO] [phase8_3_selective_steering.selective_steering_analyzer] _split_baseline_by_correctness:261 -   Initially correct: 1 (20.0%)
2025-11-19 13:00:24,988 [INFO] [phase8_3_selective_steering.selective_steering_analyzer] run:868 - 
============================================================
2025-11-19 13:00:24,989 [INFO] [phase8_3_selective_steering.selective_steering_analyzer] run:869 - EXPERIMENT 1: Selective Correction (initially incorrect problems)
2025-11-19 13:00:24,989 [INFO] [phase8_3_selective_steering.selective_steering_analyzer] run:870 - ============================================================
2025-11-19 13:00:24,989 [INFO] [phase8_3_selective_steering.selective_steering_analyzer] _apply_selective_steering:465 - 
============================================================
2025-11-19 13:00:24,989 [INFO] [phase8_3_selective_steering.selective_steering_analyzer] _apply_selective_steering:466 - EXPERIMENT: CORRECTION
2025-11-19 13:00:24,989 [INFO] [phase8_3_selective_steering.selective_steering_analyzer] _apply_selective_steering:467 - ============================================================
2025-11-19 13:00:24,989 [INFO] [phase8_3_selective_steering.selective_steering_analyzer] _apply_selective_steering:470 - Processing 4 initially incorrect problems
2025-11-19 13:00:24,989 [INFO] [phase8_3_selective_steering.selective_steering_analyzer] _apply_selective_steering:471 - Goal: Measure selective correction rate
2025-11-19 13:00:24,990 [INFO] [phase8_3_selective_steering.selective_steering_analyzer] _apply_selective_steering:476 - Threshold: 15.5086 (Layer 19, Feature 5441)
2025-11-19 13:00:24,990 [INFO] [phase8_3_selective_steering.selective_steering_analyzer] _apply_selective_steering:477 - Steering: Layer 16, Feature 11225, Coefficient 29
2025-11-19 13:00:24,990 [INFO] [phase8_3_selective_steering.selective_steering_analyzer] _apply_selective_steering:478 - ============================================================

2025-11-19 13:00:37,836 [INFO] [phase8_3_selective_steering.selective_steering_analyzer] _apply_selective_steering:512 -   [1/4] Task 1: ✗ STEERED (L19-5441: 23.08, threshold: 15.51)
2025-11-19 13:01:12,634 [INFO] [phase8_3_selective_steering.selective_steering_analyzer] _apply_selective_steering:512 -   [2/4] Task 5: ✗ STEERED (L19-5441: 21.89, threshold: 15.51)
2025-11-19 13:01:14,304 [INFO] [phase8_3_selective_steering.selective_steering_analyzer] _apply_selective_steering:512 -   [3/4] Task 10: ✗ STEERED (L19-5441: 18.59, threshold: 15.51)
2025-11-19 13:01:15,324 [INFO] [phase8_3_selective_steering.selective_steering_analyzer] _apply_selective_steering:512 -   [4/4] Task 14: ✗ STEERED (L19-5441: 18.45, threshold: 15.51)
2025-11-19 13:01:15,325 [INFO] [phase8_3_selective_steering.selective_steering_analyzer] _apply_selective_steering:578 - 
============================================================
2025-11-19 13:01:15,325 [INFO] [phase8_3_selective_steering.selective_steering_analyzer] _apply_selective_steering:579 - RESULTS: CORRECTION EXPERIMENT
2025-11-19 13:01:15,325 [INFO] [phase8_3_selective_steering.selective_steering_analyzer] _apply_selective_steering:580 - ============================================================
2025-11-19 13:01:15,325 [INFO] [phase8_3_selective_steering.selective_steering_analyzer] _apply_selective_steering:581 - Total problems: 4
2025-11-19 13:01:15,325 [INFO] [phase8_3_selective_steering.selective_steering_analyzer] _apply_selective_steering:582 - Errors: 0 (0.0%)
2025-11-19 13:01:15,326 [INFO] [phase8_3_selective_steering.selective_steering_analyzer] _apply_selective_steering:583 - Successful: 4 (100.0%)
2025-11-19 13:01:15,326 [INFO] [phase8_3_selective_steering.selective_steering_analyzer] _apply_selective_steering:584 - 
2025-11-19 13:01:15,326 [INFO] [phase8_3_selective_steering.selective_steering_analyzer] _apply_selective_steering:585 - Steering decisions:
2025-11-19 13:01:15,326 [INFO] [phase8_3_selective_steering.selective_steering_analyzer] _apply_selective_steering:586 -   Steered: 4 (100.0%)
2025-11-19 13:01:15,326 [INFO] [phase8_3_selective_steering.selective_steering_analyzer] _apply_selective_steering:587 -   Used baseline: 0 (0.0%)
2025-11-19 13:01:15,326 [INFO] [phase8_3_selective_steering.selective_steering_analyzer] _apply_selective_steering:588 - 
2025-11-19 13:01:15,326 [INFO] [phase8_3_selective_steering.selective_steering_analyzer] _apply_selective_steering:592 - Outcomes:
2025-11-19 13:01:15,326 [INFO] [phase8_3_selective_steering.selective_steering_analyzer] _apply_selective_steering:593 -   Corrected: 0 (0.00%)
2025-11-19 13:01:15,326 [INFO] [phase8_3_selective_steering.selective_steering_analyzer] _apply_selective_steering:594 -   Correction rate: 0.00%
2025-11-19 13:01:15,326 [INFO] [phase8_3_selective_steering.selective_steering_analyzer] _apply_selective_steering:602 - ============================================================

2025-11-19 13:01:15,326 [INFO] [phase8_3_selective_steering.selective_steering_analyzer] _apply_selective_steering:613 - Saving final checkpoint for correction experiment
2025-11-19 13:01:15,327 [INFO] [phase8_3_selective_steering.selective_steering_analyzer] save_checkpoint:808 - Saved correction checkpoint at index 3/3
2025-11-19 13:01:15,327 [INFO] [phase8_3_selective_steering.selective_steering_analyzer] run:880 - ✓ Saved 4 correction results to all_selective_correction_results.json
2025-11-19 13:01:15,327 [INFO] [phase8_3_selective_steering.selective_steering_analyzer] run:883 - 
============================================================
2025-11-19 13:01:15,327 [INFO] [phase8_3_selective_steering.selective_steering_analyzer] run:884 - EXPERIMENT 2: Selective Preservation (initially correct problems)
2025-11-19 13:01:15,327 [INFO] [phase8_3_selective_steering.selective_steering_analyzer] run:885 - ============================================================
2025-11-19 13:01:15,328 [INFO] [phase8_3_selective_steering.selective_steering_analyzer] _apply_selective_steering:465 - 
============================================================
2025-11-19 13:01:15,328 [INFO] [phase8_3_selective_steering.selective_steering_analyzer] _apply_selective_steering:466 - EXPERIMENT: PRESERVATION
2025-11-19 13:01:15,328 [INFO] [phase8_3_selective_steering.selective_steering_analyzer] _apply_selective_steering:467 - ============================================================
2025-11-19 13:01:15,328 [INFO] [phase8_3_selective_steering.selective_steering_analyzer] _apply_selective_steering:473 - Processing 1 initially correct problems
2025-11-19 13:01:15,328 [INFO] [phase8_3_selective_steering.selective_steering_analyzer] _apply_selective_steering:474 - Goal: Measure selective preservation rate
2025-11-19 13:01:15,328 [INFO] [phase8_3_selective_steering.selective_steering_analyzer] _apply_selective_steering:476 - Threshold: 15.5086 (Layer 19, Feature 5441)
2025-11-19 13:01:15,328 [INFO] [phase8_3_selective_steering.selective_steering_analyzer] _apply_selective_steering:477 - Steering: Layer 16, Feature 11225, Coefficient 29
2025-11-19 13:01:15,328 [INFO] [phase8_3_selective_steering.selective_steering_analyzer] _apply_selective_steering:478 - ============================================================

2025-11-19 13:01:16,379 [INFO] [phase8_3_selective_steering.selective_steering_analyzer] _apply_selective_steering:512 -   [1/1] Task 8: ✓ STEERED (L19-5441: 18.36, threshold: 15.51)
2025-11-19 13:01:16,380 [INFO] [phase8_3_selective_steering.selective_steering_analyzer] _apply_selective_steering:578 - 
============================================================
2025-11-19 13:01:16,380 [INFO] [phase8_3_selective_steering.selective_steering_analyzer] _apply_selective_steering:579 - RESULTS: PRESERVATION EXPERIMENT
2025-11-19 13:01:16,380 [INFO] [phase8_3_selective_steering.selective_steering_analyzer] _apply_selective_steering:580 - ============================================================
2025-11-19 13:01:16,380 [INFO] [phase8_3_selective_steering.selective_steering_analyzer] _apply_selective_steering:581 - Total problems: 1
2025-11-19 13:01:16,380 [INFO] [phase8_3_selective_steering.selective_steering_analyzer] _apply_selective_steering:582 - Errors: 0 (0.0%)
2025-11-19 13:01:16,380 [INFO] [phase8_3_selective_steering.selective_steering_analyzer] _apply_selective_steering:583 - Successful: 1 (100.0%)
2025-11-19 13:01:16,380 [INFO] [phase8_3_selective_steering.selective_steering_analyzer] _apply_selective_steering:584 - 
2025-11-19 13:01:16,381 [INFO] [phase8_3_selective_steering.selective_steering_analyzer] _apply_selective_steering:585 - Steering decisions:
2025-11-19 13:01:16,381 [INFO] [phase8_3_selective_steering.selective_steering_analyzer] _apply_selective_steering:586 -   Steered: 1 (100.0%)
2025-11-19 13:01:16,381 [INFO] [phase8_3_selective_steering.selective_steering_analyzer] _apply_selective_steering:587 -   Used baseline: 0 (0.0%)
2025-11-19 13:01:16,381 [INFO] [phase8_3_selective_steering.selective_steering_analyzer] _apply_selective_steering:588 - 
2025-11-19 13:01:16,381 [INFO] [phase8_3_selective_steering.selective_steering_analyzer] _apply_selective_steering:598 - Outcomes:
2025-11-19 13:01:16,381 [INFO] [phase8_3_selective_steering.selective_steering_analyzer] _apply_selective_steering:599 -   Preserved: 1 (100.00%)
2025-11-19 13:01:16,381 [INFO] [phase8_3_selective_steering.selective_steering_analyzer] _apply_selective_steering:600 -   Corrupted: 0 (0.00%)
2025-11-19 13:01:16,381 [INFO] [phase8_3_selective_steering.selective_steering_analyzer] _apply_selective_steering:602 - ============================================================

2025-11-19 13:01:16,381 [INFO] [phase8_3_selective_steering.selective_steering_analyzer] _apply_selective_steering:613 - Saving final checkpoint for preservation experiment
2025-11-19 13:01:16,381 [INFO] [phase8_3_selective_steering.selective_steering_analyzer] save_checkpoint:808 - Saved preservation checkpoint at index 0/0
2025-11-19 13:01:16,382 [INFO] [phase8_3_selective_steering.selective_steering_analyzer] run:895 - ✓ Saved 1 preservation results to all_selective_preservation_results.json
2025-11-19 13:01:16,382 [INFO] [phase8_3_selective_steering.selective_steering_analyzer] run:898 - 
============================================================
2025-11-19 13:01:16,382 [INFO] [phase8_3_selective_steering.selective_steering_analyzer] run:899 - Calculating metrics...
2025-11-19 13:01:16,382 [INFO] [phase8_3_selective_steering.selective_steering_analyzer] run:900 - ============================================================
2025-11-19 13:01:16,403 [INFO] [phase8_3_selective_steering.selective_steering_analyzer] run:928 - ✓ Saved summary to selective_steering_summary.json
2025-11-19 13:01:16,404 [INFO] [phase8_3_selective_steering.selective_steering_analyzer] _save_example_comparisons:781 - ✓ Saved 1 preserved steered examples to preserved_steered_examples.json
2025-11-19 13:01:16,404 [INFO] [phase8_3_selective_steering.selective_steering_analyzer] run:934 - 
================================================================================
2025-11-19 13:01:16,404 [INFO] [phase8_3_selective_steering.selective_steering_analyzer] run:935 - PHASE 8.3 COMPLETE - SELECTIVE STEERING RESULTS
2025-11-19 13:01:16,404 [INFO] [phase8_3_selective_steering.selective_steering_analyzer] run:936 - ================================================================================
2025-11-19 13:01:16,404 [INFO] [phase8_3_selective_steering.selective_steering_analyzer] run:938 - 
------------------CORRECTION EXPERIMENT (Initially Incorrect)-------------------
2025-11-19 13:01:16,404 [INFO] [phase8_3_selective_steering.selective_steering_analyzer] run:939 -   Total problems: 4
2025-11-19 13:01:16,404 [INFO] [phase8_3_selective_steering.selective_steering_analyzer] run:940 -   Valid problems: 4
2025-11-19 13:01:16,404 [INFO] [phase8_3_selective_steering.selective_steering_analyzer] run:941 - 
2025-11-19 13:01:16,404 [INFO] [phase8_3_selective_steering.selective_steering_analyzer] run:942 -   Steering decisions:
2025-11-19 13:01:16,405 [INFO] [phase8_3_selective_steering.selective_steering_analyzer] run:943 -     - Steered (activation > threshold): 4 (100.0%)
2025-11-19 13:01:16,405 [INFO] [phase8_3_selective_steering.selective_steering_analyzer] run:944 -     - Used baseline (activation ≤ threshold): 0 (0.0%)
2025-11-19 13:01:16,405 [INFO] [phase8_3_selective_steering.selective_steering_analyzer] run:945 - 
2025-11-19 13:01:16,405 [INFO] [phase8_3_selective_steering.selective_steering_analyzer] run:946 -   Outcomes:
2025-11-19 13:01:16,405 [INFO] [phase8_3_selective_steering.selective_steering_analyzer] run:947 -     - Corrected (incorrect → correct): 0 (0.00%)
2025-11-19 13:01:16,405 [INFO] [phase8_3_selective_steering.selective_steering_analyzer] run:948 -     - Correction efficiency (of steered): 0.0%
2025-11-19 13:01:16,405 [INFO] [phase8_3_selective_steering.selective_steering_analyzer] run:949 - 
2025-11-19 13:01:16,405 [INFO] [phase8_3_selective_steering.selective_steering_analyzer] run:950 -   L19 Feature Activations:
2025-11-19 13:01:16,405 [INFO] [phase8_3_selective_steering.selective_steering_analyzer] run:955 -     - Mean: 20.50
2025-11-19 13:01:16,405 [INFO] [phase8_3_selective_steering.selective_steering_analyzer] run:956 -     - Range: [18.45, 23.08]
2025-11-19 13:01:16,405 [INFO] [phase8_3_selective_steering.selective_steering_analyzer] run:960 - 
------------------PRESERVATION EXPERIMENT (Initially Correct)-------------------
2025-11-19 13:01:16,405 [INFO] [phase8_3_selective_steering.selective_steering_analyzer] run:961 -   Total problems: 1
2025-11-19 13:01:16,405 [INFO] [phase8_3_selective_steering.selective_steering_analyzer] run:962 -   Valid problems: 1
2025-11-19 13:01:16,405 [INFO] [phase8_3_selective_steering.selective_steering_analyzer] run:963 - 
2025-11-19 13:01:16,405 [INFO] [phase8_3_selective_steering.selective_steering_analyzer] run:964 -   Steering decisions:
2025-11-19 13:01:16,406 [INFO] [phase8_3_selective_steering.selective_steering_analyzer] run:965 -     - Steered (activation > threshold): 1 (100.0%)
2025-11-19 13:01:16,406 [INFO] [phase8_3_selective_steering.selective_steering_analyzer] run:966 -     - Used baseline (activation ≤ threshold): 0 (0.0%)
2025-11-19 13:01:16,406 [INFO] [phase8_3_selective_steering.selective_steering_analyzer] run:967 - 
2025-11-19 13:01:16,406 [INFO] [phase8_3_selective_steering.selective_steering_analyzer] run:968 -   Outcomes:
2025-11-19 13:01:16,406 [INFO] [phase8_3_selective_steering.selective_steering_analyzer] run:969 -     - Preserved (correct → correct): 1 (100.00%)
2025-11-19 13:01:16,406 [INFO] [phase8_3_selective_steering.selective_steering_analyzer] run:970 -     - Corrupted (correct → incorrect): 0 (0.00%)
2025-11-19 13:01:16,406 [INFO] [phase8_3_selective_steering.selective_steering_analyzer] run:971 - 
2025-11-19 13:01:16,406 [INFO] [phase8_3_selective_steering.selective_steering_analyzer] run:972 -   L19 Feature Activations:
2025-11-19 13:01:16,406 [INFO] [phase8_3_selective_steering.selective_steering_analyzer] run:977 -     - Mean: 18.36
2025-11-19 13:01:16,406 [INFO] [phase8_3_selective_steering.selective_steering_analyzer] run:978 -     - Range: [18.36, 18.36]
2025-11-19 13:01:16,406 [INFO] [phase8_3_selective_steering.selective_steering_analyzer] run:982 - 
--------------------------------COMBINED METRICS--------------------------------
2025-11-19 13:01:16,406 [INFO] [phase8_3_selective_steering.selective_steering_analyzer] run:983 -   Total problems processed: 5
2025-11-19 13:01:16,406 [INFO] [phase8_3_selective_steering.selective_steering_analyzer] run:984 -   Total steered: 5 (100.0%)
2025-11-19 13:01:16,406 [INFO] [phase8_3_selective_steering.selective_steering_analyzer] run:986 - 
---------------COMPARISON TO PHASE 4.8 (Always-Steering Baseline)---------------
2025-11-19 13:01:16,406 [INFO] [phase8_3_selective_steering.selective_steering_analyzer] run:987 - 
2025-11-19 13:01:16,406 [INFO] [phase8_3_selective_steering.selective_steering_analyzer] run:988 -   Metric                                         Phase 4.8       Phase 8.3
2025-11-19 13:01:16,407 [INFO] [phase8_3_selective_steering.selective_steering_analyzer] run:989 -   ----------------------------------------------------------------------
2025-11-19 13:01:16,407 [INFO] [phase8_3_selective_steering.selective_steering_analyzer] run:990 -   Correction Rate                                    4.04%           0.00%
2025-11-19 13:01:16,407 [INFO] [phase8_3_selective_steering.selective_steering_analyzer] run:991 -   Corruption Rate                                   14.66%           0.00%
2025-11-19 13:01:16,407 [INFO] [phase8_3_selective_steering.selective_steering_analyzer] run:992 -   Preservation Rate                                 85.34%         100.00%
2025-11-19 13:01:16,407 [INFO] [phase8_3_selective_steering.selective_steering_analyzer] run:993 -   Steering Rate                                     100.00          100.0%
2025-11-19 13:01:16,407 [INFO] [phase8_3_selective_steering.selective_steering_analyzer] run:994 -   ----------------------------------------------------------------------
2025-11-19 13:01:16,407 [INFO] [phase8_3_selective_steering.selective_steering_analyzer] run:995 - 
2025-11-19 13:01:16,407 [INFO] [phase8_3_selective_steering.selective_steering_analyzer] run:996 -   Key Insights:
2025-11-19 13:01:16,407 [INFO] [phase8_3_selective_steering.selective_steering_analyzer] run:1001 -     ✓ Corruption reduced by 14.66 percentage points
2025-11-19 13:01:16,407 [INFO] [phase8_3_selective_steering.selective_steering_analyzer] run:1009 -     ⚠ Steering more frequently than Phase 4.8
2025-11-19 13:01:16,407 [INFO] [phase8_3_selective_steering.selective_steering_analyzer] run:1017 -     ⚠ Correction rate decreased by 4.04 percentage points
2025-11-19 13:01:16,407 [INFO] [phase8_3_selective_steering.selective_steering_analyzer] run:1019 - 
================================================================================
2025-11-19 13:01:16,407 [INFO] [phase8_3_selective_steering.selective_steering_analyzer] run:1020 - Output files saved to: data/phase8_3
2025-11-19 13:01:16,407 [INFO] [phase8_3_selective_steering.selective_steering_analyzer] run:1021 -   - data/phase8_3/all_selective_correction_results.json
2025-11-19 13:01:16,407 [INFO] [phase8_3_selective_steering.selective_steering_analyzer] run:1022 -   - data/phase8_3/all_selective_preservation_results.json
2025-11-19 13:01:16,407 [INFO] [phase8_3_selective_steering.selective_steering_analyzer] run:1023 -   - data/phase8_3/selective_steering_summary.json
2025-11-19 13:01:16,408 [INFO] [phase8_3_selective_steering.selective_steering_analyzer] run:1024 -   - data/phase8_3/examples (corrected and preserved steered examples)
2025-11-19 13:01:16,408 [INFO] [phase8_3_selective_steering.selective_steering_analyzer] run:1025 - ================================================================================
2025-11-19 13:01:16,408 [INFO] [main] run_phase8_3:687 - 
✅ Phase 8.3 completed successfully
