2025-11-21 10:12:43,836 [INFO] [main] setup_logging:167 - Phase: 3.5, GPU: CPU
2025-11-21 10:12:43,837 [INFO] [main] main:1733 - Detected device: cuda
2025-11-21 10:12:46,376 [INFO] [common_simplified.model_loader] setup_logging:167 - Phase: 3.5, GPU: CPU
2025-11-21 10:12:46,377 [INFO] [common_simplified.activation_hooks] setup_logging:167 - Phase: 3.5, GPU: CPU
2025-11-21 10:12:46,378 [INFO] [common_simplified.helpers] setup_logging:167 - Phase: 3.5, GPU: CPU
2025-11-21 10:12:46,378 [INFO] [common.retry_utils] setup_logging:167 - Phase: 3.5, GPU: CPU
2025-11-21 10:12:46,379 [INFO] [temperature_runner] setup_logging:167 - Phase: 3.5, GPU: CPU
2025-11-21 10:12:46,379 [INFO] [main] run_phase3_5:591 - Starting Phase 3.5: Temperature Robustness Testing
2025-11-21 10:12:46,379 [INFO] [main] run_phase3_5:592 - Will auto-discover best layers from Phase 2.5 output
2025-11-21 10:12:46,380 [INFO] [main] run_phase3_5:595 - 
============================================================
CONFIGURATION
============================================================

ACTIVATION Settings:
  activation_cleanup_after_batch: True
  activation_clear_cache_between_layers: True
  activation_hook_type: resid_post
  activation_layers: [1, 2, 3, 4, 5, 6, 7, 8, 9, 10, 11, 12, 13, 14, 15, 16, 17, 18, 19, 20, 21, 22, 23, 24, 25]
  activation_max_cache_gb: 10.0
  activation_max_length: 2048
  activation_position: -1

AUTOSAVE Settings:
  autosave_frequency: 100
  autosave_keep_last: 3

CHECKPOINT Settings:
  checkpoint_dir: checkpoints
  checkpoint_frequency: 50

CONTINUE Settings:
  continue_on_error: True

DATASET Settings:
  dataset_dir: data/phase1_0
  dataset_end_idx: None
  dataset_name: humaneval
  dataset_split: test
  dataset_start_idx: 0

ENABLE Settings:
  enable_timing_stats: True

EVALUATION Settings:
  evaluation_random_seed: 42

GC Settings:
  gc_collect_frequency: 50

LOG Settings:
  log_dir: data/logs

MAX Settings:
  max_gpu_memory_usage_gb: 30.0
  max_memory_usage_gb: 100.0
  max_retries: 3

MEMORY Settings:
  memory_cleanup_frequency: 100

MODEL Settings:
  model_device: None
  model_dtype: None
  model_max_new_tokens: 800
  model_name: google/gemma-2-2b
  model_temperature: 0.0
  model_trust_remote_code: True

ORTHOGONALIZATION Settings:
  orthogonalization_target_weights: [embed, attn_o, mlp_down]

PHASE0 Settings:
  phase0_1_output_dir: data/phase0_1
  phase0_2_output_dir: data/phase0_2_humaneval
  phase0_3_output_dir: data/phase0_3_humaneval
  phase0_output_dir: data/phase0

PHASE1 Settings:
  phase1_output_dir: data/phase1_0

PHASE2 Settings:
  phase2_10_output_dir: data/phase2_10
  phase2_15_output_dir: data/phase2_15
  phase2_2_output_dir: data/phase2_2
  phase2_5_output_dir: data/phase2_5
  phase2_output_dir: data/phase2

PHASE3 Settings:
  **phase3_5_output_dir**: data/phase3_5
  phase3_10_output_dir: data/phase3_10
  phase3_10_temperatures: [0.0, 0.2, 0.4, 0.6, 0.8, 1.0, 1.2, 1.4]
  phase3_11_output_dir: data/phase3_11
  phase3_12_output_dir: data/phase3_12
  phase3_6_output_dir: data/phase3_6
  phase3_8_output_dir: data/phase3_8
  phase3_output_dir: data/phase3

PHASE4 Settings:
  phase4_10_min_activation_freq: 0.001
  phase4_10_n_features: 10
  phase4_10_output_dir: data/phase4_10
  phase4_10_separation_threshold: 0.01
  phase4_12_output_dir: data/phase4_12
  phase4_14_output_dir: data/phase4_14
  phase4_14_significance_level: 0.05
  phase4_5_correct_coefficients: [10.0, 20.0, 30.0, 40.0, 50.0, 60.0, 70.0, 80.0, 90.0, 100.0]
  phase4_5_experiment_mode: all
  phase4_5_incorrect_coefficients: [100.0, 200.0, 300.0, 400.0, 500.0, 600.0, 700.0, 800.0, 900.0, 1000.0]
  phase4_5_meaningful_effect_threshold: 5.0
  phase4_5_output_dir: data/phase4_5
  phase4_5_plateau_threshold: 2.0
  phase4_5_search_tolerance: 2.0
  phase4_6_experiment_mode: all
  phase4_6_output_dir: data/phase4_6
  phase4_6_tolerance: 1.0
  phase4_8_correct_coefficient: 29
  phase4_8_experiment_mode: all
  phase4_8_incorrect_coefficient: 287
  phase4_8_output_dir: data/phase4_8

PHASE5 Settings:
  phase5_3_output_dir: data/phase5_3
  phase5_6_output_dir: data/phase5_6
  phase5_9_output_dir: data/phase5_9
  phase5_9_significance_level: 0.05

PHASE6 Settings:
  phase6_3_output_dir: data/phase6_3

PHASE7 Settings:
  phase7_12_output_dir: data/phase7_12
  phase7_3_model_name: google/gemma-2-2b-it
  phase7_3_output_dir: data/phase7_3
  phase7_6_model_name: google/gemma-2-2b-it
  phase7_6_output_dir: data/phase7_6

PHASE8 Settings:
  phase8_1_output_dir: data/phase8_1
  phase8_2_output_dir: data/phase8_2
  phase8_3_output_dir: data/phase8_3
  phase8_3_percentile: 70.0
  phase8_3_use_percentile_threshold: True

PILE Settings:
  pile_filter_enabled: True
  pile_samples: 10000
  pile_threshold: 0.02

PROGRESS Settings:
  progress_log_frequency: 10

RETRY Settings:
  retry_backoff: 1.0

SAE Settings:
  sae_checkpoint_dir: data/phase2/sae_checkpoints
  sae_cleanup_after_layer: True
  sae_hook_component: resid_post
  sae_latent_threshold: 0.02
  sae_repo_id: google/gemma-scope-2b-pt-res
  sae_save_after_each_layer: True
  sae_sparsity: 71
  sae_use_memory_mapping: False
  sae_width: 16k

SHOW Settings:
  show_progress_bar: True

SPLIT Settings:
  split_n_strata: 10
  split_random_seed: 42
  split_ratio_tolerance: 0.02

T Settings:
  t_statistic_min_samples: 10

TEMPERATURE Settings:
  temperature_samples_per_temp: 3
  temperature_variation_temps: [0.0]

TIMEOUT Settings:
  timeout_per_record: 300.0

VERBOSE Settings:
  verbose: False

============================================================
2025-11-21 10:12:46,380 [INFO] [temperature_runner] __init__:105 - Loading model google/gemma-2-2b on device: cuda
2025-11-21 10:12:46,581 [INFO] [common_simplified.model_loader] load_model_and_tokenizer:47 - Loading model google/gemma-2-2b on cuda with dtype torch.bfloat16
2025-11-21 10:12:48,119 [INFO] [common_simplified.model_loader] load_model_and_tokenizer:56 - Loading model to cuda...
2025-11-21 10:12:52,579 [INFO] [common_simplified.model_loader] load_model_and_tokenizer:86 - Model successfully loaded on cuda:0
2025-11-21 10:12:52,579 [INFO] [common_simplified.model_loader] load_model_and_tokenizer:88 - Model loaded successfully: Gemma2ForCausalLM
2025-11-21 10:12:52,580 [INFO] [common_simplified.model_loader] load_model_and_tokenizer:89 - Model size: 2.61B parameters
2025-11-21 10:12:52,580 [WARNING] [temperature_runner] __init__:114 - Model is on cuda:0 but expected cuda
2025-11-21 10:12:52,580 [INFO] [temperature_runner] _discover_best_features:65 - Using features from Phase 2.10: data/phase2_10/top_20_features.json
2025-11-21 10:12:52,581 [INFO] [temperature_runner] _discover_best_features:90 - Discovered best features from Phase 2.10 - Correct: layer 16 (feature 14439), Incorrect: layer 19 (feature 5441)
2025-11-21 10:12:52,581 [INFO] [temperature_runner] __init__:130 - Using different layers - Correct: 16, Incorrect: 19
2025-11-21 10:12:52,581 [INFO] [common_simplified.activation_hooks] __init__:185 - Initialized AttentionExtractor for layers [16, 19] at position -1
2025-11-21 10:12:52,581 [INFO] [temperature_runner] run:255 - Starting Phase 3.5: Temperature Robustness Testing
2025-11-21 10:12:52,581 [INFO] [temperature_runner] run:257 - Extracting activations from layers: [16, 19]
2025-11-21 10:12:52,581 [INFO] [temperature_runner] _load_validation_data:342 - Loading HumanEval data from data/phase0_2_humaneval/humaneval.parquet
2025-11-21 10:12:52,603 [INFO] [temperature_runner] run:263 - Loaded 164 validation problems
2025-11-21 10:12:52,604 [INFO] [temperature_runner] _setup_output_directories:364 - Using output directory: data/phase3_5_humaneval (dataset: humaneval)
2025-11-21 10:12:52,605 [INFO] [common_simplified.activation_hooks] setup_hooks:53 - Set up hooks for 2 layers to capture residual stream
2025-11-21 10:12:52,605 [INFO] [common_simplified.activation_hooks] setup_hooks:204 - Set up attention hooks for 2 layers
2025-11-21 10:13:02,477 [INFO] [common_simplified.activation_hooks] setup_hooks:53 - Set up hooks for 2 layers to capture residual stream
2025-11-21 10:13:02,477 [INFO] [common_simplified.activation_hooks] setup_hooks:204 - Set up attention hooks for 2 layers
2025-11-21 10:13:45,278 [INFO] [common_simplified.activation_hooks] setup_hooks:53 - Set up hooks for 2 layers to capture residual stream
2025-11-21 10:13:45,279 [INFO] [common_simplified.activation_hooks] setup_hooks:204 - Set up attention hooks for 2 layers
2025-11-21 10:13:50,502 [INFO] [common_simplified.activation_hooks] setup_hooks:53 - Set up hooks for 2 layers to capture residual stream
2025-11-21 10:13:50,502 [INFO] [common_simplified.activation_hooks] setup_hooks:204 - Set up attention hooks for 2 layers
2025-11-21 10:13:59,906 [INFO] [common_simplified.activation_hooks] setup_hooks:53 - Set up hooks for 2 layers to capture residual stream
2025-11-21 10:13:59,906 [INFO] [common_simplified.activation_hooks] setup_hooks:204 - Set up attention hooks for 2 layers
2025-11-21 10:14:08,271 [INFO] [common_simplified.activation_hooks] setup_hooks:53 - Set up hooks for 2 layers to capture residual stream
2025-11-21 10:14:08,271 [INFO] [common_simplified.activation_hooks] setup_hooks:204 - Set up attention hooks for 2 layers
2025-11-21 10:14:14,898 [INFO] [common_simplified.activation_hooks] setup_hooks:53 - Set up hooks for 2 layers to capture residual stream
2025-11-21 10:14:14,899 [INFO] [common_simplified.activation_hooks] setup_hooks:204 - Set up attention hooks for 2 layers
2025-11-21 10:14:23,621 [INFO] [common_simplified.activation_hooks] setup_hooks:53 - Set up hooks for 2 layers to capture residual stream
2025-11-21 10:14:23,622 [INFO] [common_simplified.activation_hooks] setup_hooks:204 - Set up attention hooks for 2 layers
2025-11-21 10:14:26,281 [INFO] [common_simplified.activation_hooks] setup_hooks:53 - Set up hooks for 2 layers to capture residual stream
2025-11-21 10:14:26,281 [INFO] [common_simplified.activation_hooks] setup_hooks:204 - Set up attention hooks for 2 layers
2025-11-21 10:14:35,106 [INFO] [common_simplified.activation_hooks] setup_hooks:53 - Set up hooks for 2 layers to capture residual stream
2025-11-21 10:14:35,106 [INFO] [common_simplified.activation_hooks] setup_hooks:204 - Set up attention hooks for 2 layers
2025-11-21 10:14:51,242 [INFO] [temperature_runner] save_checkpoint:383 - Saved checkpoint 1 with 10 results to data/phase3_5_humaneval/checkpoint_0001.parquet
2025-11-21 10:14:51,374 [INFO] [temperature_runner] _process_all_tasks:605 - Memory after checkpoint: 24.1%
2025-11-21 10:14:51,375 [INFO] [common_simplified.activation_hooks] setup_hooks:53 - Set up hooks for 2 layers to capture residual stream
2025-11-21 10:14:51,375 [INFO] [common_simplified.activation_hooks] setup_hooks:204 - Set up attention hooks for 2 layers
2025-11-21 10:14:59,673 [INFO] [common_simplified.activation_hooks] setup_hooks:53 - Set up hooks for 2 layers to capture residual stream
2025-11-21 10:14:59,673 [INFO] [common_simplified.activation_hooks] setup_hooks:204 - Set up attention hooks for 2 layers
2025-11-21 10:15:05,410 [INFO] [common_simplified.activation_hooks] setup_hooks:53 - Set up hooks for 2 layers to capture residual stream
2025-11-21 10:15:05,410 [INFO] [common_simplified.activation_hooks] setup_hooks:204 - Set up attention hooks for 2 layers
2025-11-21 10:15:07,539 [INFO] [common_simplified.activation_hooks] setup_hooks:53 - Set up hooks for 2 layers to capture residual stream
2025-11-21 10:15:07,539 [INFO] [common_simplified.activation_hooks] setup_hooks:204 - Set up attention hooks for 2 layers
2025-11-21 10:15:15,574 [INFO] [common_simplified.activation_hooks] setup_hooks:53 - Set up hooks for 2 layers to capture residual stream
2025-11-21 10:15:15,574 [INFO] [common_simplified.activation_hooks] setup_hooks:204 - Set up attention hooks for 2 layers
2025-11-21 10:15:19,129 [INFO] [common_simplified.activation_hooks] setup_hooks:53 - Set up hooks for 2 layers to capture residual stream
2025-11-21 10:15:19,129 [INFO] [common_simplified.activation_hooks] setup_hooks:204 - Set up attention hooks for 2 layers
2025-11-21 10:15:24,302 [INFO] [common_simplified.activation_hooks] setup_hooks:53 - Set up hooks for 2 layers to capture residual stream
2025-11-21 10:15:24,302 [INFO] [common_simplified.activation_hooks] setup_hooks:204 - Set up attention hooks for 2 layers
2025-11-21 10:15:26,853 [INFO] [common_simplified.activation_hooks] setup_hooks:53 - Set up hooks for 2 layers to capture residual stream
2025-11-21 10:15:26,854 [INFO] [common_simplified.activation_hooks] setup_hooks:204 - Set up attention hooks for 2 layers
2025-11-21 10:15:39,897 [INFO] [common_simplified.activation_hooks] setup_hooks:53 - Set up hooks for 2 layers to capture residual stream
2025-11-21 10:15:39,897 [INFO] [common_simplified.activation_hooks] setup_hooks:204 - Set up attention hooks for 2 layers
2025-11-21 10:15:47,100 [INFO] [common_simplified.activation_hooks] setup_hooks:53 - Set up hooks for 2 layers to capture residual stream
2025-11-21 10:15:47,100 [INFO] [common_simplified.activation_hooks] setup_hooks:204 - Set up attention hooks for 2 layers
2025-11-21 10:15:53,039 [INFO] [temperature_runner] save_checkpoint:383 - Saved checkpoint 2 with 10 results to data/phase3_5_humaneval/checkpoint_0002.parquet
2025-11-21 10:15:53,165 [INFO] [temperature_runner] _process_all_tasks:605 - Memory after checkpoint: 24.1%
2025-11-21 10:15:53,166 [INFO] [common_simplified.activation_hooks] setup_hooks:53 - Set up hooks for 2 layers to capture residual stream
2025-11-21 10:15:53,166 [INFO] [common_simplified.activation_hooks] setup_hooks:204 - Set up attention hooks for 2 layers
2025-11-21 10:16:04,059 [INFO] [common_simplified.activation_hooks] setup_hooks:53 - Set up hooks for 2 layers to capture residual stream
2025-11-21 10:16:04,060 [INFO] [common_simplified.activation_hooks] setup_hooks:204 - Set up attention hooks for 2 layers
2025-11-21 10:16:13,556 [INFO] [common_simplified.activation_hooks] setup_hooks:53 - Set up hooks for 2 layers to capture residual stream
2025-11-21 10:16:13,557 [INFO] [common_simplified.activation_hooks] setup_hooks:204 - Set up attention hooks for 2 layers
2025-11-21 10:16:15,548 [INFO] [common_simplified.activation_hooks] setup_hooks:53 - Set up hooks for 2 layers to capture residual stream
2025-11-21 10:16:15,548 [INFO] [common_simplified.activation_hooks] setup_hooks:204 - Set up attention hooks for 2 layers
2025-11-21 10:16:18,158 [INFO] [common_simplified.activation_hooks] setup_hooks:53 - Set up hooks for 2 layers to capture residual stream
2025-11-21 10:16:18,158 [INFO] [common_simplified.activation_hooks] setup_hooks:204 - Set up attention hooks for 2 layers
2025-11-21 10:16:25,119 [INFO] [common_simplified.activation_hooks] setup_hooks:53 - Set up hooks for 2 layers to capture residual stream
2025-11-21 10:16:25,120 [INFO] [common_simplified.activation_hooks] setup_hooks:204 - Set up attention hooks for 2 layers
2025-11-21 10:16:35,486 [INFO] [common_simplified.activation_hooks] setup_hooks:53 - Set up hooks for 2 layers to capture residual stream
2025-11-21 10:16:35,486 [INFO] [common_simplified.activation_hooks] setup_hooks:204 - Set up attention hooks for 2 layers
2025-11-21 10:16:43,423 [INFO] [common_simplified.activation_hooks] setup_hooks:53 - Set up hooks for 2 layers to capture residual stream
2025-11-21 10:16:43,424 [INFO] [common_simplified.activation_hooks] setup_hooks:204 - Set up attention hooks for 2 layers
2025-11-21 10:16:46,875 [INFO] [common_simplified.activation_hooks] setup_hooks:53 - Set up hooks for 2 layers to capture residual stream
2025-11-21 10:16:46,875 [INFO] [common_simplified.activation_hooks] setup_hooks:204 - Set up attention hooks for 2 layers
2025-11-21 10:16:48,142 [INFO] [common_simplified.activation_hooks] setup_hooks:53 - Set up hooks for 2 layers to capture residual stream
2025-11-21 10:16:48,142 [INFO] [common_simplified.activation_hooks] setup_hooks:204 - Set up attention hooks for 2 layers
2025-11-21 10:16:50,427 [INFO] [temperature_runner] save_checkpoint:383 - Saved checkpoint 3 with 10 results to data/phase3_5_humaneval/checkpoint_0003.parquet
2025-11-21 10:16:50,556 [INFO] [temperature_runner] _process_all_tasks:605 - Memory after checkpoint: 24.0%
2025-11-21 10:16:50,556 [INFO] [common_simplified.activation_hooks] setup_hooks:53 - Set up hooks for 2 layers to capture residual stream
2025-11-21 10:16:50,556 [INFO] [common_simplified.activation_hooks] setup_hooks:204 - Set up attention hooks for 2 layers
2025-11-21 10:16:52,085 [INFO] [common_simplified.activation_hooks] setup_hooks:53 - Set up hooks for 2 layers to capture residual stream
2025-11-21 10:16:52,086 [INFO] [common_simplified.activation_hooks] setup_hooks:204 - Set up attention hooks for 2 layers
2025-11-21 10:17:05,229 [INFO] [common_simplified.activation_hooks] setup_hooks:53 - Set up hooks for 2 layers to capture residual stream
2025-11-21 10:17:05,229 [INFO] [common_simplified.activation_hooks] setup_hooks:204 - Set up attention hooks for 2 layers
2025-11-21 10:17:12,916 [INFO] [common_simplified.activation_hooks] setup_hooks:53 - Set up hooks for 2 layers to capture residual stream
2025-11-21 10:17:12,916 [INFO] [common_simplified.activation_hooks] setup_hooks:204 - Set up attention hooks for 2 layers
2025-11-21 10:17:22,537 [INFO] [common_simplified.activation_hooks] setup_hooks:53 - Set up hooks for 2 layers to capture residual stream
2025-11-21 10:17:22,537 [INFO] [common_simplified.activation_hooks] setup_hooks:204 - Set up attention hooks for 2 layers
2025-11-21 10:17:27,324 [INFO] [common_simplified.activation_hooks] setup_hooks:53 - Set up hooks for 2 layers to capture residual stream
2025-11-21 10:17:27,324 [INFO] [common_simplified.activation_hooks] setup_hooks:204 - Set up attention hooks for 2 layers
2025-11-21 10:17:32,630 [INFO] [common_simplified.activation_hooks] setup_hooks:53 - Set up hooks for 2 layers to capture residual stream
2025-11-21 10:17:32,630 [INFO] [common_simplified.activation_hooks] setup_hooks:204 - Set up attention hooks for 2 layers
2025-11-21 10:17:45,742 [INFO] [common_simplified.activation_hooks] setup_hooks:53 - Set up hooks for 2 layers to capture residual stream
2025-11-21 10:17:45,743 [INFO] [common_simplified.activation_hooks] setup_hooks:204 - Set up attention hooks for 2 layers
2025-11-21 10:17:55,183 [INFO] [common_simplified.activation_hooks] setup_hooks:53 - Set up hooks for 2 layers to capture residual stream
2025-11-21 10:17:55,183 [INFO] [common_simplified.activation_hooks] setup_hooks:204 - Set up attention hooks for 2 layers
2025-11-21 10:18:09,943 [INFO] [common_simplified.activation_hooks] setup_hooks:53 - Set up hooks for 2 layers to capture residual stream
2025-11-21 10:18:09,943 [INFO] [common_simplified.activation_hooks] setup_hooks:204 - Set up attention hooks for 2 layers
2025-11-21 10:18:22,349 [INFO] [temperature_runner] save_checkpoint:383 - Saved checkpoint 4 with 10 results to data/phase3_5_humaneval/checkpoint_0004.parquet
2025-11-21 10:18:22,489 [INFO] [temperature_runner] _process_all_tasks:605 - Memory after checkpoint: 24.9%
2025-11-21 10:18:22,490 [INFO] [common_simplified.activation_hooks] setup_hooks:53 - Set up hooks for 2 layers to capture residual stream
2025-11-21 10:18:22,490 [INFO] [common_simplified.activation_hooks] setup_hooks:204 - Set up attention hooks for 2 layers
2025-11-21 10:19:03,790 [INFO] [common_simplified.activation_hooks] setup_hooks:53 - Set up hooks for 2 layers to capture residual stream
2025-11-21 10:19:03,791 [INFO] [common_simplified.activation_hooks] setup_hooks:204 - Set up attention hooks for 2 layers
2025-11-21 10:19:46,447 [INFO] [common_simplified.activation_hooks] setup_hooks:53 - Set up hooks for 2 layers to capture residual stream
2025-11-21 10:19:46,447 [INFO] [common_simplified.activation_hooks] setup_hooks:204 - Set up attention hooks for 2 layers
2025-11-21 10:19:53,712 [INFO] [common_simplified.activation_hooks] setup_hooks:53 - Set up hooks for 2 layers to capture residual stream
2025-11-21 10:19:53,712 [INFO] [common_simplified.activation_hooks] setup_hooks:204 - Set up attention hooks for 2 layers
2025-11-21 10:20:12,689 [INFO] [common_simplified.activation_hooks] setup_hooks:53 - Set up hooks for 2 layers to capture residual stream
2025-11-21 10:20:12,690 [INFO] [common_simplified.activation_hooks] setup_hooks:204 - Set up attention hooks for 2 layers
2025-11-21 10:20:19,765 [INFO] [common_simplified.activation_hooks] setup_hooks:53 - Set up hooks for 2 layers to capture residual stream
2025-11-21 10:20:19,765 [INFO] [common_simplified.activation_hooks] setup_hooks:204 - Set up attention hooks for 2 layers
2025-11-21 10:20:20,941 [INFO] [common_simplified.activation_hooks] setup_hooks:53 - Set up hooks for 2 layers to capture residual stream
2025-11-21 10:20:20,941 [INFO] [common_simplified.activation_hooks] setup_hooks:204 - Set up attention hooks for 2 layers
2025-11-21 10:20:35,130 [INFO] [common_simplified.activation_hooks] setup_hooks:53 - Set up hooks for 2 layers to capture residual stream
2025-11-21 10:20:35,130 [INFO] [common_simplified.activation_hooks] setup_hooks:204 - Set up attention hooks for 2 layers
2025-11-21 10:20:42,783 [INFO] [common_simplified.activation_hooks] setup_hooks:53 - Set up hooks for 2 layers to capture residual stream
2025-11-21 10:20:42,783 [INFO] [common_simplified.activation_hooks] setup_hooks:204 - Set up attention hooks for 2 layers
2025-11-21 10:20:50,333 [INFO] [common_simplified.activation_hooks] setup_hooks:53 - Set up hooks for 2 layers to capture residual stream
2025-11-21 10:20:50,333 [INFO] [common_simplified.activation_hooks] setup_hooks:204 - Set up attention hooks for 2 layers
2025-11-21 10:20:51,655 [INFO] [temperature_runner] save_checkpoint:383 - Saved checkpoint 5 with 10 results to data/phase3_5_humaneval/checkpoint_0005.parquet
2025-11-21 10:20:51,797 [INFO] [temperature_runner] _process_all_tasks:605 - Memory after checkpoint: 24.9%
2025-11-21 10:20:51,798 [INFO] [common_simplified.activation_hooks] setup_hooks:53 - Set up hooks for 2 layers to capture residual stream
2025-11-21 10:20:51,798 [INFO] [common_simplified.activation_hooks] setup_hooks:204 - Set up attention hooks for 2 layers
2025-11-21 10:20:57,518 [INFO] [common_simplified.activation_hooks] setup_hooks:53 - Set up hooks for 2 layers to capture residual stream
2025-11-21 10:20:57,518 [INFO] [common_simplified.activation_hooks] setup_hooks:204 - Set up attention hooks for 2 layers
2025-11-21 10:21:06,279 [INFO] [common_simplified.activation_hooks] setup_hooks:53 - Set up hooks for 2 layers to capture residual stream
2025-11-21 10:21:06,279 [INFO] [common_simplified.activation_hooks] setup_hooks:204 - Set up attention hooks for 2 layers
2025-11-21 10:21:17,187 [INFO] [common_simplified.activation_hooks] setup_hooks:53 - Set up hooks for 2 layers to capture residual stream
2025-11-21 10:21:17,187 [INFO] [common_simplified.activation_hooks] setup_hooks:204 - Set up attention hooks for 2 layers
2025-11-21 10:21:20,412 [INFO] [common_simplified.activation_hooks] setup_hooks:53 - Set up hooks for 2 layers to capture residual stream
2025-11-21 10:21:20,412 [INFO] [common_simplified.activation_hooks] setup_hooks:204 - Set up attention hooks for 2 layers
2025-11-21 10:21:29,627 [INFO] [common_simplified.activation_hooks] setup_hooks:53 - Set up hooks for 2 layers to capture residual stream
2025-11-21 10:21:29,627 [INFO] [common_simplified.activation_hooks] setup_hooks:204 - Set up attention hooks for 2 layers
2025-11-21 10:21:36,006 [INFO] [common_simplified.activation_hooks] setup_hooks:53 - Set up hooks for 2 layers to capture residual stream
2025-11-21 10:21:36,006 [INFO] [common_simplified.activation_hooks] setup_hooks:204 - Set up attention hooks for 2 layers
2025-11-21 10:21:42,596 [INFO] [common_simplified.activation_hooks] setup_hooks:53 - Set up hooks for 2 layers to capture residual stream
2025-11-21 10:21:42,596 [INFO] [common_simplified.activation_hooks] setup_hooks:204 - Set up attention hooks for 2 layers
2025-11-21 10:21:56,398 [INFO] [common_simplified.activation_hooks] setup_hooks:53 - Set up hooks for 2 layers to capture residual stream
2025-11-21 10:21:56,398 [INFO] [common_simplified.activation_hooks] setup_hooks:204 - Set up attention hooks for 2 layers
2025-11-21 10:22:04,211 [INFO] [common_simplified.activation_hooks] setup_hooks:53 - Set up hooks for 2 layers to capture residual stream
2025-11-21 10:22:04,212 [INFO] [common_simplified.activation_hooks] setup_hooks:204 - Set up attention hooks for 2 layers
2025-11-21 10:22:14,756 [INFO] [temperature_runner] save_checkpoint:383 - Saved checkpoint 6 with 10 results to data/phase3_5_humaneval/checkpoint_0006.parquet
2025-11-21 10:22:14,934 [INFO] [temperature_runner] _process_all_tasks:605 - Memory after checkpoint: 25.9%
2025-11-21 10:22:14,935 [INFO] [common_simplified.activation_hooks] setup_hooks:53 - Set up hooks for 2 layers to capture residual stream
2025-11-21 10:22:14,935 [INFO] [common_simplified.activation_hooks] setup_hooks:204 - Set up attention hooks for 2 layers
2025-11-21 10:22:22,122 [INFO] [common_simplified.activation_hooks] setup_hooks:53 - Set up hooks for 2 layers to capture residual stream
2025-11-21 10:22:22,122 [INFO] [common_simplified.activation_hooks] setup_hooks:204 - Set up attention hooks for 2 layers
2025-11-21 10:22:28,257 [INFO] [common_simplified.activation_hooks] setup_hooks:53 - Set up hooks for 2 layers to capture residual stream
2025-11-21 10:22:28,257 [INFO] [common_simplified.activation_hooks] setup_hooks:204 - Set up attention hooks for 2 layers
2025-11-21 10:22:36,047 [INFO] [common_simplified.activation_hooks] setup_hooks:53 - Set up hooks for 2 layers to capture residual stream
2025-11-21 10:22:36,047 [INFO] [common_simplified.activation_hooks] setup_hooks:204 - Set up attention hooks for 2 layers
2025-11-21 10:22:50,303 [INFO] [common_simplified.activation_hooks] setup_hooks:53 - Set up hooks for 2 layers to capture residual stream
2025-11-21 10:22:50,303 [INFO] [common_simplified.activation_hooks] setup_hooks:204 - Set up attention hooks for 2 layers
2025-11-21 10:23:02,692 [INFO] [common_simplified.activation_hooks] setup_hooks:53 - Set up hooks for 2 layers to capture residual stream
2025-11-21 10:23:02,693 [INFO] [common_simplified.activation_hooks] setup_hooks:204 - Set up attention hooks for 2 layers
2025-11-21 10:23:10,046 [INFO] [common_simplified.activation_hooks] setup_hooks:53 - Set up hooks for 2 layers to capture residual stream
2025-11-21 10:23:10,046 [INFO] [common_simplified.activation_hooks] setup_hooks:204 - Set up attention hooks for 2 layers
2025-11-21 10:23:17,826 [INFO] [common_simplified.activation_hooks] setup_hooks:53 - Set up hooks for 2 layers to capture residual stream
2025-11-21 10:23:17,826 [INFO] [common_simplified.activation_hooks] setup_hooks:204 - Set up attention hooks for 2 layers
2025-11-21 10:23:41,119 [INFO] [common_simplified.activation_hooks] setup_hooks:53 - Set up hooks for 2 layers to capture residual stream
2025-11-21 10:23:41,119 [INFO] [common_simplified.activation_hooks] setup_hooks:204 - Set up attention hooks for 2 layers
2025-11-21 10:24:02,856 [INFO] [common_simplified.activation_hooks] setup_hooks:53 - Set up hooks for 2 layers to capture residual stream
2025-11-21 10:24:02,856 [INFO] [common_simplified.activation_hooks] setup_hooks:204 - Set up attention hooks for 2 layers
2025-11-21 10:24:17,718 [INFO] [temperature_runner] save_checkpoint:383 - Saved checkpoint 7 with 10 results to data/phase3_5_humaneval/checkpoint_0007.parquet
2025-11-21 10:24:17,876 [INFO] [temperature_runner] _process_all_tasks:605 - Memory after checkpoint: 24.8%
2025-11-21 10:24:17,877 [INFO] [common_simplified.activation_hooks] setup_hooks:53 - Set up hooks for 2 layers to capture residual stream
2025-11-21 10:24:17,877 [INFO] [common_simplified.activation_hooks] setup_hooks:204 - Set up attention hooks for 2 layers
2025-11-21 10:24:59,154 [INFO] [common_simplified.activation_hooks] setup_hooks:53 - Set up hooks for 2 layers to capture residual stream
2025-11-21 10:24:59,154 [INFO] [common_simplified.activation_hooks] setup_hooks:204 - Set up attention hooks for 2 layers
2025-11-21 10:25:02,914 [INFO] [common_simplified.activation_hooks] setup_hooks:53 - Set up hooks for 2 layers to capture residual stream
2025-11-21 10:25:02,914 [INFO] [common_simplified.activation_hooks] setup_hooks:204 - Set up attention hooks for 2 layers
2025-11-21 10:25:07,831 [INFO] [common_simplified.activation_hooks] setup_hooks:53 - Set up hooks for 2 layers to capture residual stream
2025-11-21 10:25:07,831 [INFO] [common_simplified.activation_hooks] setup_hooks:204 - Set up attention hooks for 2 layers
2025-11-21 10:25:14,224 [INFO] [common_simplified.activation_hooks] setup_hooks:53 - Set up hooks for 2 layers to capture residual stream
2025-11-21 10:25:14,224 [INFO] [common_simplified.activation_hooks] setup_hooks:204 - Set up attention hooks for 2 layers
2025-11-21 10:25:16,095 [INFO] [common_simplified.activation_hooks] setup_hooks:53 - Set up hooks for 2 layers to capture residual stream
2025-11-21 10:25:16,095 [INFO] [common_simplified.activation_hooks] setup_hooks:204 - Set up attention hooks for 2 layers
2025-11-21 10:25:25,037 [INFO] [common_simplified.activation_hooks] setup_hooks:53 - Set up hooks for 2 layers to capture residual stream
2025-11-21 10:25:25,038 [INFO] [common_simplified.activation_hooks] setup_hooks:204 - Set up attention hooks for 2 layers
2025-11-21 10:25:39,862 [INFO] [common_simplified.activation_hooks] setup_hooks:53 - Set up hooks for 2 layers to capture residual stream
2025-11-21 10:25:39,862 [INFO] [common_simplified.activation_hooks] setup_hooks:204 - Set up attention hooks for 2 layers
2025-11-21 10:25:46,528 [INFO] [common_simplified.activation_hooks] setup_hooks:53 - Set up hooks for 2 layers to capture residual stream
2025-11-21 10:25:46,529 [INFO] [common_simplified.activation_hooks] setup_hooks:204 - Set up attention hooks for 2 layers
2025-11-21 10:25:48,496 [INFO] [common_simplified.activation_hooks] setup_hooks:53 - Set up hooks for 2 layers to capture residual stream
2025-11-21 10:25:48,497 [INFO] [common_simplified.activation_hooks] setup_hooks:204 - Set up attention hooks for 2 layers
2025-11-21 10:25:59,528 [INFO] [temperature_runner] save_checkpoint:383 - Saved checkpoint 8 with 10 results to data/phase3_5_humaneval/checkpoint_0008.parquet
2025-11-21 10:25:59,667 [INFO] [temperature_runner] _process_all_tasks:605 - Memory after checkpoint: 24.9%
2025-11-21 10:25:59,668 [INFO] [common_simplified.activation_hooks] setup_hooks:53 - Set up hooks for 2 layers to capture residual stream
2025-11-21 10:25:59,668 [INFO] [common_simplified.activation_hooks] setup_hooks:204 - Set up attention hooks for 2 layers
2025-11-21 10:26:40,842 [INFO] [common_simplified.activation_hooks] setup_hooks:53 - Set up hooks for 2 layers to capture residual stream
2025-11-21 10:26:40,842 [INFO] [common_simplified.activation_hooks] setup_hooks:204 - Set up attention hooks for 2 layers
2025-11-21 10:27:22,221 [INFO] [common_simplified.activation_hooks] setup_hooks:53 - Set up hooks for 2 layers to capture residual stream
2025-11-21 10:27:22,221 [INFO] [common_simplified.activation_hooks] setup_hooks:204 - Set up attention hooks for 2 layers
2025-11-21 10:28:03,560 [INFO] [common_simplified.activation_hooks] setup_hooks:53 - Set up hooks for 2 layers to capture residual stream
2025-11-21 10:28:03,560 [INFO] [common_simplified.activation_hooks] setup_hooks:204 - Set up attention hooks for 2 layers
2025-11-21 10:28:07,897 [INFO] [common_simplified.activation_hooks] setup_hooks:53 - Set up hooks for 2 layers to capture residual stream
2025-11-21 10:28:07,897 [INFO] [common_simplified.activation_hooks] setup_hooks:204 - Set up attention hooks for 2 layers
2025-11-21 10:28:18,263 [INFO] [common_simplified.activation_hooks] setup_hooks:53 - Set up hooks for 2 layers to capture residual stream
2025-11-21 10:28:18,264 [INFO] [common_simplified.activation_hooks] setup_hooks:204 - Set up attention hooks for 2 layers
2025-11-21 10:28:22,759 [INFO] [common_simplified.activation_hooks] setup_hooks:53 - Set up hooks for 2 layers to capture residual stream
2025-11-21 10:28:22,760 [INFO] [common_simplified.activation_hooks] setup_hooks:204 - Set up attention hooks for 2 layers
2025-11-21 10:28:24,031 [INFO] [common_simplified.activation_hooks] setup_hooks:53 - Set up hooks for 2 layers to capture residual stream
2025-11-21 10:28:24,031 [INFO] [common_simplified.activation_hooks] setup_hooks:204 - Set up attention hooks for 2 layers
2025-11-21 10:28:42,827 [INFO] [common_simplified.activation_hooks] setup_hooks:53 - Set up hooks for 2 layers to capture residual stream
2025-11-21 10:28:42,828 [INFO] [common_simplified.activation_hooks] setup_hooks:204 - Set up attention hooks for 2 layers
2025-11-21 10:29:24,352 [INFO] [common_simplified.activation_hooks] setup_hooks:53 - Set up hooks for 2 layers to capture residual stream
2025-11-21 10:29:24,352 [INFO] [common_simplified.activation_hooks] setup_hooks:204 - Set up attention hooks for 2 layers
2025-11-21 10:30:06,130 [INFO] [temperature_runner] save_checkpoint:383 - Saved checkpoint 9 with 10 results to data/phase3_5_humaneval/checkpoint_0009.parquet
2025-11-21 10:30:06,276 [INFO] [temperature_runner] _process_all_tasks:605 - Memory after checkpoint: 24.8%
2025-11-21 10:30:06,276 [INFO] [common_simplified.activation_hooks] setup_hooks:53 - Set up hooks for 2 layers to capture residual stream
2025-11-21 10:30:06,277 [INFO] [common_simplified.activation_hooks] setup_hooks:204 - Set up attention hooks for 2 layers
2025-11-21 10:30:10,353 [INFO] [common_simplified.activation_hooks] setup_hooks:53 - Set up hooks for 2 layers to capture residual stream
2025-11-21 10:30:10,354 [INFO] [common_simplified.activation_hooks] setup_hooks:204 - Set up attention hooks for 2 layers
2025-11-21 10:30:17,833 [INFO] [common_simplified.activation_hooks] setup_hooks:53 - Set up hooks for 2 layers to capture residual stream
2025-11-21 10:30:17,833 [INFO] [common_simplified.activation_hooks] setup_hooks:204 - Set up attention hooks for 2 layers
2025-11-21 10:30:20,165 [INFO] [common_simplified.activation_hooks] setup_hooks:53 - Set up hooks for 2 layers to capture residual stream
2025-11-21 10:30:20,166 [INFO] [common_simplified.activation_hooks] setup_hooks:204 - Set up attention hooks for 2 layers
2025-11-21 10:30:38,203 [INFO] [common_simplified.activation_hooks] setup_hooks:53 - Set up hooks for 2 layers to capture residual stream
2025-11-21 10:30:38,203 [INFO] [common_simplified.activation_hooks] setup_hooks:204 - Set up attention hooks for 2 layers
2025-11-21 10:31:20,081 [INFO] [common_simplified.activation_hooks] setup_hooks:53 - Set up hooks for 2 layers to capture residual stream
2025-11-21 10:31:20,081 [INFO] [common_simplified.activation_hooks] setup_hooks:204 - Set up attention hooks for 2 layers
2025-11-21 10:31:34,760 [INFO] [common_simplified.activation_hooks] setup_hooks:53 - Set up hooks for 2 layers to capture residual stream
2025-11-21 10:31:34,760 [INFO] [common_simplified.activation_hooks] setup_hooks:204 - Set up attention hooks for 2 layers
2025-11-21 10:31:46,415 [INFO] [common_simplified.activation_hooks] setup_hooks:53 - Set up hooks for 2 layers to capture residual stream
2025-11-21 10:31:46,415 [INFO] [common_simplified.activation_hooks] setup_hooks:204 - Set up attention hooks for 2 layers
2025-11-21 10:31:53,734 [INFO] [common_simplified.activation_hooks] setup_hooks:53 - Set up hooks for 2 layers to capture residual stream
2025-11-21 10:31:53,734 [INFO] [common_simplified.activation_hooks] setup_hooks:204 - Set up attention hooks for 2 layers
2025-11-21 10:32:02,701 [INFO] [common_simplified.activation_hooks] setup_hooks:53 - Set up hooks for 2 layers to capture residual stream
2025-11-21 10:32:02,701 [INFO] [common_simplified.activation_hooks] setup_hooks:204 - Set up attention hooks for 2 layers
2025-11-21 10:32:05,244 [INFO] [temperature_runner] save_checkpoint:383 - Saved checkpoint 10 with 10 results to data/phase3_5_humaneval/checkpoint_0010.parquet
2025-11-21 10:32:05,396 [INFO] [temperature_runner] _process_all_tasks:605 - Memory after checkpoint: 24.8%
2025-11-21 10:32:05,396 [INFO] [common_simplified.activation_hooks] setup_hooks:53 - Set up hooks for 2 layers to capture residual stream
2025-11-21 10:32:05,397 [INFO] [common_simplified.activation_hooks] setup_hooks:204 - Set up attention hooks for 2 layers
2025-11-21 10:32:16,188 [INFO] [common_simplified.activation_hooks] setup_hooks:53 - Set up hooks for 2 layers to capture residual stream
2025-11-21 10:32:16,188 [INFO] [common_simplified.activation_hooks] setup_hooks:204 - Set up attention hooks for 2 layers
2025-11-21 10:32:17,212 [INFO] [common_simplified.activation_hooks] setup_hooks:53 - Set up hooks for 2 layers to capture residual stream
2025-11-21 10:32:17,213 [INFO] [common_simplified.activation_hooks] setup_hooks:204 - Set up attention hooks for 2 layers
2025-11-21 10:32:26,966 [INFO] [common_simplified.activation_hooks] setup_hooks:53 - Set up hooks for 2 layers to capture residual stream
2025-11-21 10:32:26,966 [INFO] [common_simplified.activation_hooks] setup_hooks:204 - Set up attention hooks for 2 layers
2025-11-21 10:32:36,766 [INFO] [common_simplified.activation_hooks] setup_hooks:53 - Set up hooks for 2 layers to capture residual stream
2025-11-21 10:32:36,767 [INFO] [common_simplified.activation_hooks] setup_hooks:204 - Set up attention hooks for 2 layers
2025-11-21 10:32:54,578 [INFO] [common_simplified.activation_hooks] setup_hooks:53 - Set up hooks for 2 layers to capture residual stream
2025-11-21 10:32:54,578 [INFO] [common_simplified.activation_hooks] setup_hooks:204 - Set up attention hooks for 2 layers
2025-11-21 10:33:13,363 [INFO] [common_simplified.activation_hooks] setup_hooks:53 - Set up hooks for 2 layers to capture residual stream
2025-11-21 10:33:13,364 [INFO] [common_simplified.activation_hooks] setup_hooks:204 - Set up attention hooks for 2 layers
2025-11-21 10:33:15,874 [INFO] [common_simplified.activation_hooks] setup_hooks:53 - Set up hooks for 2 layers to capture residual stream
2025-11-21 10:33:15,874 [INFO] [common_simplified.activation_hooks] setup_hooks:204 - Set up attention hooks for 2 layers
2025-11-21 10:33:30,676 [INFO] [common_simplified.activation_hooks] setup_hooks:53 - Set up hooks for 2 layers to capture residual stream
2025-11-21 10:33:30,677 [INFO] [common_simplified.activation_hooks] setup_hooks:204 - Set up attention hooks for 2 layers
2025-11-21 10:33:40,410 [INFO] [common_simplified.activation_hooks] setup_hooks:53 - Set up hooks for 2 layers to capture residual stream
2025-11-21 10:33:40,410 [INFO] [common_simplified.activation_hooks] setup_hooks:204 - Set up attention hooks for 2 layers
2025-11-21 10:33:59,946 [INFO] [temperature_runner] save_checkpoint:383 - Saved checkpoint 11 with 10 results to data/phase3_5_humaneval/checkpoint_0011.parquet
2025-11-21 10:34:00,079 [INFO] [temperature_runner] _process_all_tasks:605 - Memory after checkpoint: 24.8%
2025-11-21 10:34:00,080 [INFO] [common_simplified.activation_hooks] setup_hooks:53 - Set up hooks for 2 layers to capture residual stream
2025-11-21 10:34:00,080 [INFO] [common_simplified.activation_hooks] setup_hooks:204 - Set up attention hooks for 2 layers
2025-11-21 10:34:16,754 [INFO] [common_simplified.activation_hooks] setup_hooks:53 - Set up hooks for 2 layers to capture residual stream
2025-11-21 10:34:16,754 [INFO] [common_simplified.activation_hooks] setup_hooks:204 - Set up attention hooks for 2 layers
2025-11-21 10:34:32,241 [INFO] [common_simplified.activation_hooks] setup_hooks:53 - Set up hooks for 2 layers to capture residual stream
2025-11-21 10:34:32,241 [INFO] [common_simplified.activation_hooks] setup_hooks:204 - Set up attention hooks for 2 layers
2025-11-21 10:35:13,791 [INFO] [common_simplified.activation_hooks] setup_hooks:53 - Set up hooks for 2 layers to capture residual stream
2025-11-21 10:35:13,791 [INFO] [common_simplified.activation_hooks] setup_hooks:204 - Set up attention hooks for 2 layers
2025-11-21 10:35:26,041 [INFO] [common_simplified.activation_hooks] setup_hooks:53 - Set up hooks for 2 layers to capture residual stream
2025-11-21 10:35:26,042 [INFO] [common_simplified.activation_hooks] setup_hooks:204 - Set up attention hooks for 2 layers
2025-11-21 10:35:30,808 [INFO] [common_simplified.activation_hooks] setup_hooks:53 - Set up hooks for 2 layers to capture residual stream
2025-11-21 10:35:30,809 [INFO] [common_simplified.activation_hooks] setup_hooks:204 - Set up attention hooks for 2 layers
2025-11-21 10:36:12,359 [INFO] [common_simplified.activation_hooks] setup_hooks:53 - Set up hooks for 2 layers to capture residual stream
2025-11-21 10:36:12,360 [INFO] [common_simplified.activation_hooks] setup_hooks:204 - Set up attention hooks for 2 layers
2025-11-21 10:36:24,508 [INFO] [common_simplified.activation_hooks] setup_hooks:53 - Set up hooks for 2 layers to capture residual stream
2025-11-21 10:36:24,509 [INFO] [common_simplified.activation_hooks] setup_hooks:204 - Set up attention hooks for 2 layers
2025-11-21 10:36:36,388 [INFO] [common_simplified.activation_hooks] setup_hooks:53 - Set up hooks for 2 layers to capture residual stream
2025-11-21 10:36:36,388 [INFO] [common_simplified.activation_hooks] setup_hooks:204 - Set up attention hooks for 2 layers
2025-11-21 10:37:17,748 [INFO] [common_simplified.activation_hooks] setup_hooks:53 - Set up hooks for 2 layers to capture residual stream
2025-11-21 10:37:17,748 [INFO] [common_simplified.activation_hooks] setup_hooks:204 - Set up attention hooks for 2 layers
2025-11-21 10:37:32,384 [INFO] [temperature_runner] save_checkpoint:383 - Saved checkpoint 12 with 10 results to data/phase3_5_humaneval/checkpoint_0012.parquet
2025-11-21 10:37:32,529 [INFO] [temperature_runner] _process_all_tasks:605 - Memory after checkpoint: 24.9%
2025-11-21 10:37:32,530 [INFO] [common_simplified.activation_hooks] setup_hooks:53 - Set up hooks for 2 layers to capture residual stream
2025-11-21 10:37:32,530 [INFO] [common_simplified.activation_hooks] setup_hooks:204 - Set up attention hooks for 2 layers
2025-11-21 10:37:46,107 [INFO] [common_simplified.activation_hooks] setup_hooks:53 - Set up hooks for 2 layers to capture residual stream
2025-11-21 10:37:46,107 [INFO] [common_simplified.activation_hooks] setup_hooks:204 - Set up attention hooks for 2 layers
2025-11-21 10:37:47,215 [INFO] [common_simplified.activation_hooks] setup_hooks:53 - Set up hooks for 2 layers to capture residual stream
2025-11-21 10:37:47,215 [INFO] [common_simplified.activation_hooks] setup_hooks:204 - Set up attention hooks for 2 layers
2025-11-21 10:38:28,378 [INFO] [common_simplified.activation_hooks] setup_hooks:53 - Set up hooks for 2 layers to capture residual stream
2025-11-21 10:38:28,379 [INFO] [common_simplified.activation_hooks] setup_hooks:204 - Set up attention hooks for 2 layers
2025-11-21 10:38:44,748 [INFO] [common_simplified.activation_hooks] setup_hooks:53 - Set up hooks for 2 layers to capture residual stream
2025-11-21 10:38:44,749 [INFO] [common_simplified.activation_hooks] setup_hooks:204 - Set up attention hooks for 2 layers
2025-11-21 10:39:13,605 [INFO] [common_simplified.activation_hooks] setup_hooks:53 - Set up hooks for 2 layers to capture residual stream
2025-11-21 10:39:13,605 [INFO] [common_simplified.activation_hooks] setup_hooks:204 - Set up attention hooks for 2 layers
2025-11-21 10:39:15,106 [INFO] [common_simplified.activation_hooks] setup_hooks:53 - Set up hooks for 2 layers to capture residual stream
2025-11-21 10:39:15,107 [INFO] [common_simplified.activation_hooks] setup_hooks:204 - Set up attention hooks for 2 layers
2025-11-21 10:39:16,394 [INFO] [common_simplified.activation_hooks] setup_hooks:53 - Set up hooks for 2 layers to capture residual stream
2025-11-21 10:39:16,394 [INFO] [common_simplified.activation_hooks] setup_hooks:204 - Set up attention hooks for 2 layers
2025-11-21 10:39:48,230 [INFO] [common_simplified.activation_hooks] setup_hooks:53 - Set up hooks for 2 layers to capture residual stream
2025-11-21 10:39:48,231 [INFO] [common_simplified.activation_hooks] setup_hooks:204 - Set up attention hooks for 2 layers
2025-11-21 10:39:56,626 [INFO] [common_simplified.activation_hooks] setup_hooks:53 - Set up hooks for 2 layers to capture residual stream
2025-11-21 10:39:56,626 [INFO] [common_simplified.activation_hooks] setup_hooks:204 - Set up attention hooks for 2 layers
2025-11-21 10:40:38,464 [INFO] [temperature_runner] save_checkpoint:383 - Saved checkpoint 13 with 10 results to data/phase3_5_humaneval/checkpoint_0013.parquet
2025-11-21 10:40:38,635 [INFO] [temperature_runner] _process_all_tasks:605 - Memory after checkpoint: 24.9%
2025-11-21 10:40:38,635 [INFO] [common_simplified.activation_hooks] setup_hooks:53 - Set up hooks for 2 layers to capture residual stream
2025-11-21 10:40:38,635 [INFO] [common_simplified.activation_hooks] setup_hooks:204 - Set up attention hooks for 2 layers
2025-11-21 10:40:47,167 [INFO] [common_simplified.activation_hooks] setup_hooks:53 - Set up hooks for 2 layers to capture residual stream
2025-11-21 10:40:47,167 [INFO] [common_simplified.activation_hooks] setup_hooks:204 - Set up attention hooks for 2 layers
2025-11-21 10:40:53,625 [INFO] [common_simplified.activation_hooks] setup_hooks:53 - Set up hooks for 2 layers to capture residual stream
2025-11-21 10:40:53,625 [INFO] [common_simplified.activation_hooks] setup_hooks:204 - Set up attention hooks for 2 layers
2025-11-21 10:41:34,836 [INFO] [common_simplified.activation_hooks] setup_hooks:53 - Set up hooks for 2 layers to capture residual stream
2025-11-21 10:41:34,836 [INFO] [common_simplified.activation_hooks] setup_hooks:204 - Set up attention hooks for 2 layers
2025-11-21 10:41:36,500 [INFO] [common_simplified.activation_hooks] setup_hooks:53 - Set up hooks for 2 layers to capture residual stream
2025-11-21 10:41:36,501 [INFO] [common_simplified.activation_hooks] setup_hooks:204 - Set up attention hooks for 2 layers
2025-11-21 10:41:47,100 [INFO] [common_simplified.activation_hooks] setup_hooks:53 - Set up hooks for 2 layers to capture residual stream
2025-11-21 10:41:47,100 [INFO] [common_simplified.activation_hooks] setup_hooks:204 - Set up attention hooks for 2 layers
2025-11-21 10:42:28,417 [INFO] [common_simplified.activation_hooks] setup_hooks:53 - Set up hooks for 2 layers to capture residual stream
2025-11-21 10:42:28,417 [INFO] [common_simplified.activation_hooks] setup_hooks:204 - Set up attention hooks for 2 layers
2025-11-21 10:42:34,433 [INFO] [common_simplified.activation_hooks] setup_hooks:53 - Set up hooks for 2 layers to capture residual stream
2025-11-21 10:42:34,434 [INFO] [common_simplified.activation_hooks] setup_hooks:204 - Set up attention hooks for 2 layers
2025-11-21 10:42:45,542 [INFO] [common_simplified.activation_hooks] setup_hooks:53 - Set up hooks for 2 layers to capture residual stream
2025-11-21 10:42:45,542 [INFO] [common_simplified.activation_hooks] setup_hooks:204 - Set up attention hooks for 2 layers
2025-11-21 10:43:26,727 [INFO] [common_simplified.activation_hooks] setup_hooks:53 - Set up hooks for 2 layers to capture residual stream
2025-11-21 10:43:26,727 [INFO] [common_simplified.activation_hooks] setup_hooks:204 - Set up attention hooks for 2 layers
2025-11-21 10:43:28,994 [INFO] [temperature_runner] save_checkpoint:383 - Saved checkpoint 14 with 10 results to data/phase3_5_humaneval/checkpoint_0014.parquet
2025-11-21 10:43:29,153 [INFO] [temperature_runner] _process_all_tasks:605 - Memory after checkpoint: 24.9%
2025-11-21 10:43:29,154 [INFO] [common_simplified.activation_hooks] setup_hooks:53 - Set up hooks for 2 layers to capture residual stream
2025-11-21 10:43:29,154 [INFO] [common_simplified.activation_hooks] setup_hooks:204 - Set up attention hooks for 2 layers
2025-11-21 10:43:30,345 [INFO] [common_simplified.activation_hooks] setup_hooks:53 - Set up hooks for 2 layers to capture residual stream
2025-11-21 10:43:30,345 [INFO] [common_simplified.activation_hooks] setup_hooks:204 - Set up attention hooks for 2 layers
2025-11-21 10:44:11,408 [INFO] [common_simplified.activation_hooks] setup_hooks:53 - Set up hooks for 2 layers to capture residual stream
2025-11-21 10:44:11,408 [INFO] [common_simplified.activation_hooks] setup_hooks:204 - Set up attention hooks for 2 layers
2025-11-21 10:44:24,243 [INFO] [common_simplified.activation_hooks] setup_hooks:53 - Set up hooks for 2 layers to capture residual stream
2025-11-21 10:44:24,243 [INFO] [common_simplified.activation_hooks] setup_hooks:204 - Set up attention hooks for 2 layers
2025-11-21 10:44:34,368 [INFO] [common_simplified.activation_hooks] setup_hooks:53 - Set up hooks for 2 layers to capture residual stream
2025-11-21 10:44:34,368 [INFO] [common_simplified.activation_hooks] setup_hooks:204 - Set up attention hooks for 2 layers
2025-11-21 10:45:15,616 [INFO] [common_simplified.activation_hooks] setup_hooks:53 - Set up hooks for 2 layers to capture residual stream
2025-11-21 10:45:15,616 [INFO] [common_simplified.activation_hooks] setup_hooks:204 - Set up attention hooks for 2 layers
2025-11-21 10:45:23,968 [INFO] [common_simplified.activation_hooks] setup_hooks:53 - Set up hooks for 2 layers to capture residual stream
2025-11-21 10:45:23,968 [INFO] [common_simplified.activation_hooks] setup_hooks:204 - Set up attention hooks for 2 layers
2025-11-21 10:45:26,968 [INFO] [common_simplified.activation_hooks] setup_hooks:53 - Set up hooks for 2 layers to capture residual stream
2025-11-21 10:45:26,968 [INFO] [common_simplified.activation_hooks] setup_hooks:204 - Set up attention hooks for 2 layers
2025-11-21 10:45:43,878 [INFO] [common_simplified.activation_hooks] setup_hooks:53 - Set up hooks for 2 layers to capture residual stream
2025-11-21 10:45:43,878 [INFO] [common_simplified.activation_hooks] setup_hooks:204 - Set up attention hooks for 2 layers
2025-11-21 10:45:48,186 [INFO] [common_simplified.activation_hooks] setup_hooks:53 - Set up hooks for 2 layers to capture residual stream
2025-11-21 10:45:48,186 [INFO] [common_simplified.activation_hooks] setup_hooks:204 - Set up attention hooks for 2 layers
2025-11-21 10:45:49,747 [INFO] [temperature_runner] save_checkpoint:383 - Saved checkpoint 15 with 10 results to data/phase3_5_humaneval/checkpoint_0015.parquet
2025-11-21 10:45:49,892 [INFO] [temperature_runner] _process_all_tasks:605 - Memory after checkpoint: 24.9%
2025-11-21 10:45:49,892 [INFO] [common_simplified.activation_hooks] setup_hooks:53 - Set up hooks for 2 layers to capture residual stream
2025-11-21 10:45:49,893 [INFO] [common_simplified.activation_hooks] setup_hooks:204 - Set up attention hooks for 2 layers
2025-11-21 10:45:52,085 [INFO] [common_simplified.activation_hooks] setup_hooks:53 - Set up hooks for 2 layers to capture residual stream
2025-11-21 10:45:52,085 [INFO] [common_simplified.activation_hooks] setup_hooks:204 - Set up attention hooks for 2 layers
2025-11-21 10:45:54,941 [INFO] [common_simplified.activation_hooks] setup_hooks:53 - Set up hooks for 2 layers to capture residual stream
2025-11-21 10:45:54,941 [INFO] [common_simplified.activation_hooks] setup_hooks:204 - Set up attention hooks for 2 layers
2025-11-21 10:46:08,742 [INFO] [common_simplified.activation_hooks] setup_hooks:53 - Set up hooks for 2 layers to capture residual stream
2025-11-21 10:46:08,742 [INFO] [common_simplified.activation_hooks] setup_hooks:204 - Set up attention hooks for 2 layers
2025-11-21 10:46:49,947 [INFO] [common_simplified.activation_hooks] setup_hooks:53 - Set up hooks for 2 layers to capture residual stream
2025-11-21 10:46:49,947 [INFO] [common_simplified.activation_hooks] setup_hooks:204 - Set up attention hooks for 2 layers
2025-11-21 10:47:31,138 [INFO] [common_simplified.activation_hooks] setup_hooks:53 - Set up hooks for 2 layers to capture residual stream
2025-11-21 10:47:31,139 [INFO] [common_simplified.activation_hooks] setup_hooks:204 - Set up attention hooks for 2 layers
2025-11-21 10:47:38,754 [INFO] [common_simplified.activation_hooks] setup_hooks:53 - Set up hooks for 2 layers to capture residual stream
2025-11-21 10:47:38,754 [INFO] [common_simplified.activation_hooks] setup_hooks:204 - Set up attention hooks for 2 layers
2025-11-21 10:48:09,400 [INFO] [common_simplified.activation_hooks] setup_hooks:53 - Set up hooks for 2 layers to capture residual stream
2025-11-21 10:48:09,401 [INFO] [common_simplified.activation_hooks] setup_hooks:204 - Set up attention hooks for 2 layers
2025-11-21 10:48:11,189 [INFO] [common_simplified.activation_hooks] setup_hooks:53 - Set up hooks for 2 layers to capture residual stream
2025-11-21 10:48:11,189 [INFO] [common_simplified.activation_hooks] setup_hooks:204 - Set up attention hooks for 2 layers
2025-11-21 10:48:52,245 [INFO] [common_simplified.activation_hooks] setup_hooks:53 - Set up hooks for 2 layers to capture residual stream
2025-11-21 10:48:52,245 [INFO] [common_simplified.activation_hooks] setup_hooks:204 - Set up attention hooks for 2 layers
2025-11-21 10:48:54,947 [INFO] [temperature_runner] save_checkpoint:383 - Saved checkpoint 16 with 10 results to data/phase3_5_humaneval/checkpoint_0016.parquet
2025-11-21 10:48:55,092 [INFO] [temperature_runner] _process_all_tasks:605 - Memory after checkpoint: 24.8%
2025-11-21 10:48:55,092 [INFO] [common_simplified.activation_hooks] setup_hooks:53 - Set up hooks for 2 layers to capture residual stream
2025-11-21 10:48:55,093 [INFO] [common_simplified.activation_hooks] setup_hooks:204 - Set up attention hooks for 2 layers
2025-11-21 10:49:36,052 [INFO] [common_simplified.activation_hooks] setup_hooks:53 - Set up hooks for 2 layers to capture residual stream
2025-11-21 10:49:36,052 [INFO] [common_simplified.activation_hooks] setup_hooks:204 - Set up attention hooks for 2 layers
2025-11-21 10:49:37,677 [INFO] [common_simplified.activation_hooks] setup_hooks:53 - Set up hooks for 2 layers to capture residual stream
2025-11-21 10:49:37,677 [INFO] [common_simplified.activation_hooks] setup_hooks:204 - Set up attention hooks for 2 layers
2025-11-21 10:49:44,208 [INFO] [common_simplified.activation_hooks] setup_hooks:53 - Set up hooks for 2 layers to capture residual stream
2025-11-21 10:49:44,208 [INFO] [common_simplified.activation_hooks] setup_hooks:204 - Set up attention hooks for 2 layers
2025-11-21 10:49:53,250 [INFO] [temperature_runner] save_checkpoint:383 - Saved checkpoint 17 with 4 results to data/phase3_5_humaneval/checkpoint_0017.parquet
2025-11-21 10:49:53,250 [INFO] [temperature_runner] _process_all_tasks:621 - Tasks processed: 164/164 (0 excluded)
2025-11-21 10:49:53,251 [INFO] [temperature_runner] _process_all_tasks:629 - Temperature 0.0: 25/164 passed (15.2%)
2025-11-21 10:49:53,256 [INFO] [temperature_runner] _save_temperature_results:719 - Saved 164 results to data/phase3_5_humaneval/dataset_temp_0_0.parquet
2025-11-21 10:49:53,257 [INFO] [temperature_runner] _save_metadata:772 - Saved metadata to data/phase3_5_humaneval/metadata.json
2025-11-21 10:49:53,258 [INFO] [temperature_runner] run:309 - Cleaning up 17 checkpoint files...
2025-11-21 10:49:53,259 [INFO] [temperature_runner] run:317 - Phase 3.5 completed successfully
2025-11-21 10:49:53,259 [INFO] [main] run_phase3_5:601 - 
 Phase 3.5 completed successfully
