2025-11-21 05:59:34,244 [INFO] [main] setup_logging:167 - Phase: 3.5, GPU: CPU
2025-11-21 05:59:34,244 [INFO] [main] main:1716 - Detected device: cuda
2025-11-21 05:59:36,773 [INFO] [common_simplified.model_loader] setup_logging:167 - Phase: 3.5, GPU: CPU
2025-11-21 05:59:36,776 [INFO] [common_simplified.activation_hooks] setup_logging:167 - Phase: 3.5, GPU: CPU
2025-11-21 05:59:36,777 [INFO] [common_simplified.helpers] setup_logging:167 - Phase: 3.5, GPU: CPU
2025-11-21 05:59:36,778 [INFO] [common.retry_utils] setup_logging:167 - Phase: 3.5, GPU: CPU
2025-11-21 05:59:36,778 [INFO] [temperature_runner] setup_logging:167 - Phase: 3.5, GPU: CPU
2025-11-21 05:59:36,778 [INFO] [main] run_phase3_5:574 - Starting Phase 3.5: Temperature Robustness Testing
2025-11-21 05:59:36,779 [INFO] [main] run_phase3_5:575 - Will auto-discover best layers from Phase 2.5 output
2025-11-21 05:59:36,779 [INFO] [main] run_phase3_5:578 - 
============================================================
CONFIGURATION
============================================================

ACTIVATION Settings:
  activation_cleanup_after_batch: True
  activation_clear_cache_between_layers: True
  activation_hook_type: resid_post
  activation_layers: [1, 2, 3, 4, 5, 6, 7, 8, 9, 10, 11, 12, 13, 14, 15, 16, 17, 18, 19, 20, 21, 22, 23, 24, 25]
  activation_max_cache_gb: 10.0
  activation_max_length: 2048
  activation_position: -1

AUTOSAVE Settings:
  autosave_frequency: 100
  autosave_keep_last: 3

CHECKPOINT Settings:
  checkpoint_dir: checkpoints
  checkpoint_frequency: 50

CONTINUE Settings:
  continue_on_error: True

DATASET Settings:
  dataset_dir: data/phase1_0
  dataset_end_idx: 10
  dataset_name: humaneval
  dataset_split: test
  dataset_start_idx: 0

ENABLE Settings:
  enable_timing_stats: True

EVALUATION Settings:
  evaluation_random_seed: 42

GC Settings:
  gc_collect_frequency: 50

LOG Settings:
  log_dir: data/logs

MAX Settings:
  max_gpu_memory_usage_gb: 30.0
  max_memory_usage_gb: 100.0
  max_retries: 3

MEMORY Settings:
  memory_cleanup_frequency: 100

MODEL Settings:
  model_device: None
  model_dtype: None
  model_max_new_tokens: 800
  model_name: google/gemma-2-2b
  model_temperature: 0.0
  model_trust_remote_code: True

ORTHOGONALIZATION Settings:
  orthogonalization_target_weights: [embed, attn_o, mlp_down]

PHASE0 Settings:
  phase0_1_output_dir: data/phase0_1
  phase0_2_output_dir: data/phase0_2_humaneval
  phase0_output_dir: data/phase0

PHASE1 Settings:
  phase1_output_dir: data/phase1_0

PHASE2 Settings:
  phase2_10_output_dir: data/phase2_10
  phase2_15_output_dir: data/phase2_15
  phase2_2_output_dir: data/phase2_2
  phase2_5_output_dir: data/phase2_5
  phase2_output_dir: data/phase2

PHASE3 Settings:
  **phase3_5_output_dir**: data/phase3_5
  phase3_10_output_dir: data/phase3_10
  phase3_10_temperatures: [0.0, 0.2, 0.4, 0.6, 0.8, 1.0, 1.2, 1.4]
  phase3_11_output_dir: data/phase3_11
  phase3_12_output_dir: data/phase3_12
  phase3_6_output_dir: data/phase3_6
  phase3_8_output_dir: data/phase3_8
  phase3_output_dir: data/phase3

PHASE4 Settings:
  phase4_10_min_activation_freq: 0.001
  phase4_10_n_features: 10
  phase4_10_output_dir: data/phase4_10
  phase4_10_separation_threshold: 0.01
  phase4_12_output_dir: data/phase4_12
  phase4_14_output_dir: data/phase4_14
  phase4_14_significance_level: 0.05
  phase4_5_correct_coefficients: [10.0, 20.0, 30.0, 40.0, 50.0, 60.0, 70.0, 80.0, 90.0, 100.0]
  phase4_5_experiment_mode: all
  phase4_5_incorrect_coefficients: [100.0, 200.0, 300.0, 400.0, 500.0, 600.0, 700.0, 800.0, 900.0, 1000.0]
  phase4_5_meaningful_effect_threshold: 5.0
  phase4_5_output_dir: data/phase4_5
  phase4_5_plateau_threshold: 2.0
  phase4_5_search_tolerance: 2.0
  phase4_6_experiment_mode: all
  phase4_6_output_dir: data/phase4_6
  phase4_6_tolerance: 1.0
  phase4_8_correct_coefficient: 29
  phase4_8_experiment_mode: all
  phase4_8_incorrect_coefficient: 287
  phase4_8_output_dir: data/phase4_8

PHASE5 Settings:
  phase5_3_output_dir: data/phase5_3
  phase5_6_output_dir: data/phase5_6
  phase5_9_output_dir: data/phase5_9
  phase5_9_significance_level: 0.05

PHASE6 Settings:
  phase6_3_output_dir: data/phase6_3

PHASE7 Settings:
  phase7_12_output_dir: data/phase7_12
  phase7_3_model_name: google/gemma-2-2b-it
  phase7_3_output_dir: data/phase7_3
  phase7_6_model_name: google/gemma-2-2b-it
  phase7_6_output_dir: data/phase7_6

PHASE8 Settings:
  phase8_1_output_dir: data/phase8_1
  phase8_2_output_dir: data/phase8_2
  phase8_3_output_dir: data/phase8_3
  phase8_3_percentile: 70.0
  phase8_3_use_percentile_threshold: True

PILE Settings:
  pile_filter_enabled: True
  pile_samples: 10000
  pile_threshold: 0.02

PROGRESS Settings:
  progress_log_frequency: 10

RETRY Settings:
  retry_backoff: 1.0

SAE Settings:
  sae_checkpoint_dir: data/phase2/sae_checkpoints
  sae_cleanup_after_layer: True
  sae_hook_component: resid_post
  sae_latent_threshold: 0.02
  sae_repo_id: google/gemma-scope-2b-pt-res
  sae_save_after_each_layer: True
  sae_sparsity: 71
  sae_use_memory_mapping: False
  sae_width: 16k

SHOW Settings:
  show_progress_bar: True

SPLIT Settings:
  split_n_strata: 10
  split_random_seed: 42
  split_ratio_tolerance: 0.02

T Settings:
  t_statistic_min_samples: 10

TEMPERATURE Settings:
  temperature_samples_per_temp: 3
  temperature_variation_temps: [0.0]

TIMEOUT Settings:
  timeout_per_record: 300.0

VERBOSE Settings:
  verbose: False

============================================================
2025-11-21 05:59:36,779 [INFO] [temperature_runner] __init__:105 - Loading model google/gemma-2-2b on device: cuda
2025-11-21 05:59:36,969 [INFO] [common_simplified.model_loader] load_model_and_tokenizer:47 - Loading model google/gemma-2-2b on cuda with dtype torch.bfloat16
2025-11-21 05:59:38,455 [INFO] [common_simplified.model_loader] load_model_and_tokenizer:56 - Loading model to cuda...
2025-11-21 05:59:42,714 [INFO] [common_simplified.model_loader] load_model_and_tokenizer:83 - Model successfully loaded on cuda:0
2025-11-21 05:59:42,714 [INFO] [common_simplified.model_loader] load_model_and_tokenizer:85 - Model loaded successfully: Gemma2ForCausalLM
2025-11-21 05:59:42,715 [INFO] [common_simplified.model_loader] load_model_and_tokenizer:86 - Model size: 2.61B parameters
2025-11-21 05:59:42,715 [WARNING] [temperature_runner] __init__:114 - Model is on cuda:0 but expected cuda
2025-11-21 05:59:42,716 [INFO] [temperature_runner] _discover_best_features:65 - Using features from Phase 2.10: data/phase2_10/top_20_features.json
2025-11-21 05:59:42,734 [INFO] [temperature_runner] _discover_best_features:90 - Discovered best features from Phase 2.10 - Correct: layer 16 (feature 14439), Incorrect: layer 19 (feature 5441)
2025-11-21 05:59:42,734 [INFO] [temperature_runner] __init__:130 - Using different layers - Correct: 16, Incorrect: 19
2025-11-21 05:59:42,734 [INFO] [common_simplified.activation_hooks] __init__:185 - Initialized AttentionExtractor for layers [16, 19] at position -1
2025-11-21 05:59:42,734 [INFO] [temperature_runner] run:255 - Starting Phase 3.5: Temperature Robustness Testing
2025-11-21 05:59:42,734 [INFO] [temperature_runner] run:257 - Extracting activations from layers: [16, 19]
2025-11-21 05:59:42,734 [INFO] [temperature_runner] _load_validation_data:342 - Loading HumanEval data from data/phase0_2_humaneval/humaneval.parquet
2025-11-21 05:59:42,757 [INFO] [temperature_runner] run:263 - Loaded 164 validation problems
2025-11-21 05:59:42,757 [INFO] [temperature_runner] run:281 - Processing validation dataset rows 0-10 (inclusive)
2025-11-21 05:59:42,758 [INFO] [temperature_runner] _setup_output_directories:364 - Using output directory: data/phase3_5_humaneval (dataset: humaneval)
2025-11-21 05:59:42,759 [INFO] [common_simplified.activation_hooks] setup_hooks:53 - Set up hooks for 2 layers to capture residual stream
2025-11-21 05:59:42,760 [INFO] [common_simplified.activation_hooks] setup_hooks:204 - Set up attention hooks for 2 layers
2025-11-21 05:59:43,246 [WARNING] [common_simplified.activation_hooks] hook:230 - Layer 16: Attention weights were None
2025-11-21 05:59:43,273 [WARNING] [common_simplified.activation_hooks] hook:230 - Layer 19: Attention weights were None
2025-11-21 05:59:43,397 [WARNING] [common_simplified.activation_hooks] hook:230 - Layer 16: Attention weights were None
2025-11-21 05:59:43,402 [WARNING] [common_simplified.activation_hooks] hook:230 - Layer 19: Attention weights were None
2025-11-21 05:59:43,444 [WARNING] [common_simplified.activation_hooks] hook:230 - Layer 16: Attention weights were None
2025-11-21 05:59:43,450 [WARNING] [common_simplified.activation_hooks] hook:230 - Layer 19: Attention weights were None
2025-11-21 05:59:43,491 [WARNING] [common_simplified.activation_hooks] hook:230 - Layer 16: Attention weights were None
2025-11-21 05:59:43,498 [WARNING] [common_simplified.activation_hooks] hook:230 - Layer 19: Attention weights were None
2025-11-21 05:59:43,540 [WARNING] [common_simplified.activation_hooks] hook:230 - Layer 16: Attention weights were None
2025-11-21 05:59:43,547 [WARNING] [common_simplified.activation_hooks] hook:230 - Layer 19: Attention weights were None
2025-11-21 05:59:43,589 [WARNING] [common_simplified.activation_hooks] hook:230 - Layer 16: Attention weights were None
2025-11-21 05:59:43,596 [WARNING] [common_simplified.activation_hooks] hook:230 - Layer 19: Attention weights were None
2025-11-21 05:59:43,640 [WARNING] [common_simplified.activation_hooks] hook:230 - Layer 16: Attention weights were None
2025-11-21 05:59:43,645 [WARNING] [common_simplified.activation_hooks] hook:230 - Layer 19: Attention weights were None
2025-11-21 05:59:43,687 [WARNING] [common_simplified.activation_hooks] hook:230 - Layer 16: Attention weights were None
2025-11-21 05:59:43,693 [WARNING] [common_simplified.activation_hooks] hook:230 - Layer 19: Attention weights were None
2025-11-21 05:59:43,735 [WARNING] [common_simplified.activation_hooks] hook:230 - Layer 16: Attention weights were None
2025-11-21 05:59:43,741 [WARNING] [common_simplified.activation_hooks] hook:230 - Layer 19: Attention weights were None
2025-11-21 05:59:43,785 [WARNING] [common_simplified.activation_hooks] hook:230 - Layer 16: Attention weights were None
2025-11-21 05:59:43,790 [WARNING] [common_simplified.activation_hooks] hook:230 - Layer 19: Attention weights were None
2025-11-21 05:59:43,834 [WARNING] [common_simplified.activation_hooks] hook:230 - Layer 16: Attention weights were None
2025-11-21 05:59:43,840 [WARNING] [common_simplified.activation_hooks] hook:230 - Layer 19: Attention weights were None
2025-11-21 05:59:43,882 [WARNING] [common_simplified.activation_hooks] hook:230 - Layer 16: Attention weights were None
2025-11-21 05:59:43,887 [WARNING] [common_simplified.activation_hooks] hook:230 - Layer 19: Attention weights were None
2025-11-21 05:59:43,930 [WARNING] [common_simplified.activation_hooks] hook:230 - Layer 16: Attention weights were None
2025-11-21 05:59:43,937 [WARNING] [common_simplified.activation_hooks] hook:230 - Layer 19: Attention weights were None
2025-11-21 05:59:43,979 [WARNING] [common_simplified.activation_hooks] hook:230 - Layer 16: Attention weights were None
2025-11-21 05:59:43,985 [WARNING] [common_simplified.activation_hooks] hook:230 - Layer 19: Attention weights were None
2025-11-21 05:59:44,026 [WARNING] [common_simplified.activation_hooks] hook:230 - Layer 16: Attention weights were None
2025-11-21 05:59:44,032 [WARNING] [common_simplified.activation_hooks] hook:230 - Layer 19: Attention weights were None
2025-11-21 05:59:44,074 [WARNING] [common_simplified.activation_hooks] hook:230 - Layer 16: Attention weights were None
2025-11-21 05:59:44,079 [WARNING] [common_simplified.activation_hooks] hook:230 - Layer 19: Attention weights were None
2025-11-21 05:59:44,121 [WARNING] [common_simplified.activation_hooks] hook:230 - Layer 16: Attention weights were None
2025-11-21 05:59:44,126 [WARNING] [common_simplified.activation_hooks] hook:230 - Layer 19: Attention weights were None
2025-11-21 05:59:44,168 [WARNING] [common_simplified.activation_hooks] hook:230 - Layer 16: Attention weights were None
2025-11-21 05:59:44,173 [WARNING] [common_simplified.activation_hooks] hook:230 - Layer 19: Attention weights were None
2025-11-21 05:59:44,214 [WARNING] [common_simplified.activation_hooks] hook:230 - Layer 16: Attention weights were None
2025-11-21 05:59:44,220 [WARNING] [common_simplified.activation_hooks] hook:230 - Layer 19: Attention weights were None
2025-11-21 05:59:44,262 [WARNING] [common_simplified.activation_hooks] hook:230 - Layer 16: Attention weights were None
2025-11-21 05:59:44,267 [WARNING] [common_simplified.activation_hooks] hook:230 - Layer 19: Attention weights were None
2025-11-21 05:59:44,309 [WARNING] [common_simplified.activation_hooks] hook:230 - Layer 16: Attention weights were None
2025-11-21 05:59:44,314 [WARNING] [common_simplified.activation_hooks] hook:230 - Layer 19: Attention weights were None
2025-11-21 05:59:44,355 [WARNING] [common_simplified.activation_hooks] hook:230 - Layer 16: Attention weights were None
2025-11-21 05:59:44,360 [WARNING] [common_simplified.activation_hooks] hook:230 - Layer 19: Attention weights were None
2025-11-21 05:59:44,402 [WARNING] [common_simplified.activation_hooks] hook:230 - Layer 16: Attention weights were None
2025-11-21 05:59:44,408 [WARNING] [common_simplified.activation_hooks] hook:230 - Layer 19: Attention weights were None
2025-11-21 05:59:44,449 [WARNING] [common_simplified.activation_hooks] hook:230 - Layer 16: Attention weights were None
2025-11-21 05:59:44,454 [WARNING] [common_simplified.activation_hooks] hook:230 - Layer 19: Attention weights were None
2025-11-21 05:59:44,496 [WARNING] [common_simplified.activation_hooks] hook:230 - Layer 16: Attention weights were None
2025-11-21 05:59:44,502 [WARNING] [common_simplified.activation_hooks] hook:230 - Layer 19: Attention weights were None
2025-11-21 05:59:44,544 [WARNING] [common_simplified.activation_hooks] hook:230 - Layer 16: Attention weights were None
2025-11-21 05:59:44,550 [WARNING] [common_simplified.activation_hooks] hook:230 - Layer 19: Attention weights were None
2025-11-21 05:59:44,591 [WARNING] [common_simplified.activation_hooks] hook:230 - Layer 16: Attention weights were None
2025-11-21 05:59:44,596 [WARNING] [common_simplified.activation_hooks] hook:230 - Layer 19: Attention weights were None
2025-11-21 05:59:44,639 [WARNING] [common_simplified.activation_hooks] hook:230 - Layer 16: Attention weights were None
2025-11-21 05:59:44,644 [WARNING] [common_simplified.activation_hooks] hook:230 - Layer 19: Attention weights were None
2025-11-21 05:59:44,688 [WARNING] [common_simplified.activation_hooks] hook:230 - Layer 16: Attention weights were None
2025-11-21 05:59:44,694 [WARNING] [common_simplified.activation_hooks] hook:230 - Layer 19: Attention weights were None
2025-11-21 05:59:44,739 [WARNING] [common_simplified.activation_hooks] hook:230 - Layer 16: Attention weights were None
2025-11-21 05:59:44,746 [WARNING] [common_simplified.activation_hooks] hook:230 - Layer 19: Attention weights were None
2025-11-21 05:59:44,789 [WARNING] [common_simplified.activation_hooks] hook:230 - Layer 16: Attention weights were None
2025-11-21 05:59:44,795 [WARNING] [common_simplified.activation_hooks] hook:230 - Layer 19: Attention weights were None
2025-11-21 05:59:44,837 [WARNING] [common_simplified.activation_hooks] hook:230 - Layer 16: Attention weights were None
2025-11-21 05:59:44,844 [WARNING] [common_simplified.activation_hooks] hook:230 - Layer 19: Attention weights were None
2025-11-21 05:59:44,886 [WARNING] [common_simplified.activation_hooks] hook:230 - Layer 16: Attention weights were None
2025-11-21 05:59:44,892 [WARNING] [common_simplified.activation_hooks] hook:230 - Layer 19: Attention weights were None
2025-11-21 05:59:44,936 [WARNING] [common_simplified.activation_hooks] hook:230 - Layer 16: Attention weights were None
2025-11-21 05:59:44,941 [WARNING] [common_simplified.activation_hooks] hook:230 - Layer 19: Attention weights were None
2025-11-21 05:59:44,984 [WARNING] [common_simplified.activation_hooks] hook:230 - Layer 16: Attention weights were None
2025-11-21 05:59:44,991 [WARNING] [common_simplified.activation_hooks] hook:230 - Layer 19: Attention weights were None
2025-11-21 05:59:45,035 [WARNING] [common_simplified.activation_hooks] hook:230 - Layer 16: Attention weights were None
2025-11-21 05:59:45,040 [WARNING] [common_simplified.activation_hooks] hook:230 - Layer 19: Attention weights were None
2025-11-21 05:59:45,081 [WARNING] [common_simplified.activation_hooks] hook:230 - Layer 16: Attention weights were None
2025-11-21 05:59:45,087 [WARNING] [common_simplified.activation_hooks] hook:230 - Layer 19: Attention weights were None
2025-11-21 05:59:45,129 [WARNING] [common_simplified.activation_hooks] hook:230 - Layer 16: Attention weights were None
2025-11-21 05:59:45,134 [WARNING] [common_simplified.activation_hooks] hook:230 - Layer 19: Attention weights were None
2025-11-21 05:59:45,176 [WARNING] [common_simplified.activation_hooks] hook:230 - Layer 16: Attention weights were None
2025-11-21 05:59:45,181 [WARNING] [common_simplified.activation_hooks] hook:230 - Layer 19: Attention weights were None
2025-11-21 05:59:45,222 [WARNING] [common_simplified.activation_hooks] hook:230 - Layer 16: Attention weights were None
2025-11-21 05:59:45,228 [WARNING] [common_simplified.activation_hooks] hook:230 - Layer 19: Attention weights were None
2025-11-21 05:59:45,270 [WARNING] [common_simplified.activation_hooks] hook:230 - Layer 16: Attention weights were None
2025-11-21 05:59:45,277 [WARNING] [common_simplified.activation_hooks] hook:230 - Layer 19: Attention weights were None
2025-11-21 05:59:45,318 [WARNING] [common_simplified.activation_hooks] hook:230 - Layer 16: Attention weights were None
2025-11-21 05:59:45,324 [WARNING] [common_simplified.activation_hooks] hook:230 - Layer 19: Attention weights were None
2025-11-21 05:59:45,366 [WARNING] [common_simplified.activation_hooks] hook:230 - Layer 16: Attention weights were None
2025-11-21 05:59:45,372 [WARNING] [common_simplified.activation_hooks] hook:230 - Layer 19: Attention weights were None
2025-11-21 05:59:45,413 [WARNING] [common_simplified.activation_hooks] hook:230 - Layer 16: Attention weights were None
2025-11-21 05:59:45,418 [WARNING] [common_simplified.activation_hooks] hook:230 - Layer 19: Attention weights were None
2025-11-21 05:59:45,459 [WARNING] [common_simplified.activation_hooks] hook:230 - Layer 16: Attention weights were None
2025-11-21 05:59:45,464 [WARNING] [common_simplified.activation_hooks] hook:230 - Layer 19: Attention weights were None
2025-11-21 05:59:45,506 [WARNING] [common_simplified.activation_hooks] hook:230 - Layer 16: Attention weights were None
2025-11-21 05:59:45,511 [WARNING] [common_simplified.activation_hooks] hook:230 - Layer 19: Attention weights were None
2025-11-21 05:59:45,552 [WARNING] [common_simplified.activation_hooks] hook:230 - Layer 16: Attention weights were None
2025-11-21 05:59:45,558 [WARNING] [common_simplified.activation_hooks] hook:230 - Layer 19: Attention weights were None
2025-11-21 05:59:45,601 [WARNING] [common_simplified.activation_hooks] hook:230 - Layer 16: Attention weights were None
2025-11-21 05:59:45,608 [WARNING] [common_simplified.activation_hooks] hook:230 - Layer 19: Attention weights were None
2025-11-21 05:59:45,652 [WARNING] [common_simplified.activation_hooks] hook:230 - Layer 16: Attention weights were None
2025-11-21 05:59:45,658 [WARNING] [common_simplified.activation_hooks] hook:230 - Layer 19: Attention weights were None
2025-11-21 05:59:45,700 [WARNING] [common_simplified.activation_hooks] hook:230 - Layer 16: Attention weights were None
2025-11-21 05:59:45,707 [WARNING] [common_simplified.activation_hooks] hook:230 - Layer 19: Attention weights were None
2025-11-21 05:59:45,748 [WARNING] [common_simplified.activation_hooks] hook:230 - Layer 16: Attention weights were None
2025-11-21 05:59:45,754 [WARNING] [common_simplified.activation_hooks] hook:230 - Layer 19: Attention weights were None
2025-11-21 05:59:45,795 [WARNING] [common_simplified.activation_hooks] hook:230 - Layer 16: Attention weights were None
2025-11-21 05:59:45,800 [WARNING] [common_simplified.activation_hooks] hook:230 - Layer 19: Attention weights were None
2025-11-21 05:59:45,841 [WARNING] [common_simplified.activation_hooks] hook:230 - Layer 16: Attention weights were None
2025-11-21 05:59:45,847 [WARNING] [common_simplified.activation_hooks] hook:230 - Layer 19: Attention weights were None
2025-11-21 05:59:45,888 [WARNING] [common_simplified.activation_hooks] hook:230 - Layer 16: Attention weights were None
2025-11-21 05:59:45,893 [WARNING] [common_simplified.activation_hooks] hook:230 - Layer 19: Attention weights were None
2025-11-21 05:59:45,935 [WARNING] [common_simplified.activation_hooks] hook:230 - Layer 16: Attention weights were None
2025-11-21 05:59:45,940 [WARNING] [common_simplified.activation_hooks] hook:230 - Layer 19: Attention weights were None
2025-11-21 05:59:45,984 [WARNING] [common_simplified.activation_hooks] hook:230 - Layer 16: Attention weights were None
2025-11-21 05:59:45,990 [WARNING] [common_simplified.activation_hooks] hook:230 - Layer 19: Attention weights were None
2025-11-21 05:59:46,033 [WARNING] [common_simplified.activation_hooks] hook:230 - Layer 16: Attention weights were None
2025-11-21 05:59:46,039 [WARNING] [common_simplified.activation_hooks] hook:230 - Layer 19: Attention weights were None
2025-11-21 05:59:46,083 [WARNING] [common_simplified.activation_hooks] hook:230 - Layer 16: Attention weights were None
2025-11-21 05:59:46,088 [WARNING] [common_simplified.activation_hooks] hook:230 - Layer 19: Attention weights were None
2025-11-21 05:59:46,131 [WARNING] [common_simplified.activation_hooks] hook:230 - Layer 16: Attention weights were None
2025-11-21 05:59:46,138 [WARNING] [common_simplified.activation_hooks] hook:230 - Layer 19: Attention weights were None
2025-11-21 05:59:46,179 [WARNING] [common_simplified.activation_hooks] hook:230 - Layer 16: Attention weights were None
2025-11-21 05:59:46,184 [WARNING] [common_simplified.activation_hooks] hook:230 - Layer 19: Attention weights were None
2025-11-21 05:59:46,225 [WARNING] [common_simplified.activation_hooks] hook:230 - Layer 16: Attention weights were None
2025-11-21 05:59:46,230 [WARNING] [common_simplified.activation_hooks] hook:230 - Layer 19: Attention weights were None
2025-11-21 05:59:46,271 [WARNING] [common_simplified.activation_hooks] hook:230 - Layer 16: Attention weights were None
2025-11-21 05:59:46,277 [WARNING] [common_simplified.activation_hooks] hook:230 - Layer 19: Attention weights were None
2025-11-21 05:59:46,318 [WARNING] [common_simplified.activation_hooks] hook:230 - Layer 16: Attention weights were None
2025-11-21 05:59:46,323 [WARNING] [common_simplified.activation_hooks] hook:230 - Layer 19: Attention weights were None
2025-11-21 05:59:46,364 [WARNING] [common_simplified.activation_hooks] hook:230 - Layer 16: Attention weights were None
2025-11-21 05:59:46,370 [WARNING] [common_simplified.activation_hooks] hook:230 - Layer 19: Attention weights were None
2025-11-21 05:59:46,412 [WARNING] [common_simplified.activation_hooks] hook:230 - Layer 16: Attention weights were None
2025-11-21 05:59:46,418 [WARNING] [common_simplified.activation_hooks] hook:230 - Layer 19: Attention weights were None
2025-11-21 05:59:46,460 [WARNING] [common_simplified.activation_hooks] hook:230 - Layer 16: Attention weights were None
2025-11-21 05:59:46,465 [WARNING] [common_simplified.activation_hooks] hook:230 - Layer 19: Attention weights were None
2025-11-21 05:59:46,507 [WARNING] [common_simplified.activation_hooks] hook:230 - Layer 16: Attention weights were None
2025-11-21 05:59:46,513 [WARNING] [common_simplified.activation_hooks] hook:230 - Layer 19: Attention weights were None
2025-11-21 05:59:46,555 [WARNING] [common_simplified.activation_hooks] hook:230 - Layer 16: Attention weights were None
2025-11-21 05:59:46,560 [WARNING] [common_simplified.activation_hooks] hook:230 - Layer 19: Attention weights were None
2025-11-21 05:59:46,602 [WARNING] [common_simplified.activation_hooks] hook:230 - Layer 16: Attention weights were None
2025-11-21 05:59:46,607 [WARNING] [common_simplified.activation_hooks] hook:230 - Layer 19: Attention weights were None
2025-11-21 05:59:46,650 [WARNING] [common_simplified.activation_hooks] hook:230 - Layer 16: Attention weights were None
2025-11-21 05:59:46,655 [WARNING] [common_simplified.activation_hooks] hook:230 - Layer 19: Attention weights were None
2025-11-21 05:59:46,696 [WARNING] [common_simplified.activation_hooks] hook:230 - Layer 16: Attention weights were None
2025-11-21 05:59:46,703 [WARNING] [common_simplified.activation_hooks] hook:230 - Layer 19: Attention weights were None
2025-11-21 05:59:46,745 [WARNING] [common_simplified.activation_hooks] hook:230 - Layer 16: Attention weights were None
2025-11-21 05:59:46,751 [WARNING] [common_simplified.activation_hooks] hook:230 - Layer 19: Attention weights were None
2025-11-21 05:59:46,792 [WARNING] [common_simplified.activation_hooks] hook:230 - Layer 16: Attention weights were None
2025-11-21 05:59:46,798 [WARNING] [common_simplified.activation_hooks] hook:230 - Layer 19: Attention weights were None
2025-11-21 05:59:46,839 [WARNING] [common_simplified.activation_hooks] hook:230 - Layer 16: Attention weights were None
2025-11-21 05:59:46,844 [WARNING] [common_simplified.activation_hooks] hook:230 - Layer 19: Attention weights were None
2025-11-21 05:59:46,885 [WARNING] [common_simplified.activation_hooks] hook:230 - Layer 16: Attention weights were None
2025-11-21 05:59:46,890 [WARNING] [common_simplified.activation_hooks] hook:230 - Layer 19: Attention weights were None
2025-11-21 05:59:46,933 [WARNING] [common_simplified.activation_hooks] hook:230 - Layer 16: Attention weights were None
2025-11-21 05:59:46,938 [WARNING] [common_simplified.activation_hooks] hook:230 - Layer 19: Attention weights were None
2025-11-21 05:59:46,979 [WARNING] [common_simplified.activation_hooks] hook:230 - Layer 16: Attention weights were None
2025-11-21 05:59:46,985 [WARNING] [common_simplified.activation_hooks] hook:230 - Layer 19: Attention weights were None
2025-11-21 05:59:47,025 [WARNING] [common_simplified.activation_hooks] hook:230 - Layer 16: Attention weights were None
2025-11-21 05:59:47,030 [WARNING] [common_simplified.activation_hooks] hook:230 - Layer 19: Attention weights were None
2025-11-21 05:59:47,071 [WARNING] [common_simplified.activation_hooks] hook:230 - Layer 16: Attention weights were None
2025-11-21 05:59:47,076 [WARNING] [common_simplified.activation_hooks] hook:230 - Layer 19: Attention weights were None
2025-11-21 05:59:47,118 [WARNING] [common_simplified.activation_hooks] hook:230 - Layer 16: Attention weights were None
2025-11-21 05:59:47,123 [WARNING] [common_simplified.activation_hooks] hook:230 - Layer 19: Attention weights were None
2025-11-21 05:59:47,163 [WARNING] [common_simplified.activation_hooks] hook:230 - Layer 16: Attention weights were None
2025-11-21 05:59:47,168 [WARNING] [common_simplified.activation_hooks] hook:230 - Layer 19: Attention weights were None
2025-11-21 05:59:47,208 [WARNING] [common_simplified.activation_hooks] hook:230 - Layer 16: Attention weights were None
2025-11-21 05:59:47,213 [WARNING] [common_simplified.activation_hooks] hook:230 - Layer 19: Attention weights were None
2025-11-21 05:59:47,254 [WARNING] [common_simplified.activation_hooks] hook:230 - Layer 16: Attention weights were None
2025-11-21 05:59:47,258 [WARNING] [common_simplified.activation_hooks] hook:230 - Layer 19: Attention weights were None
2025-11-21 05:59:47,299 [WARNING] [common_simplified.activation_hooks] hook:230 - Layer 16: Attention weights were None
2025-11-21 05:59:47,304 [WARNING] [common_simplified.activation_hooks] hook:230 - Layer 19: Attention weights were None
2025-11-21 05:59:47,344 [WARNING] [common_simplified.activation_hooks] hook:230 - Layer 16: Attention weights were None
2025-11-21 05:59:47,350 [WARNING] [common_simplified.activation_hooks] hook:230 - Layer 19: Attention weights were None
2025-11-21 05:59:47,392 [WARNING] [common_simplified.activation_hooks] hook:230 - Layer 16: Attention weights were None
2025-11-21 05:59:47,397 [WARNING] [common_simplified.activation_hooks] hook:230 - Layer 19: Attention weights were None
2025-11-21 05:59:47,437 [WARNING] [common_simplified.activation_hooks] hook:230 - Layer 16: Attention weights were None
2025-11-21 05:59:47,442 [WARNING] [common_simplified.activation_hooks] hook:230 - Layer 19: Attention weights were None
2025-11-21 05:59:47,483 [WARNING] [common_simplified.activation_hooks] hook:230 - Layer 16: Attention weights were None
2025-11-21 05:59:47,488 [WARNING] [common_simplified.activation_hooks] hook:230 - Layer 19: Attention weights were None
2025-11-21 05:59:47,528 [WARNING] [common_simplified.activation_hooks] hook:230 - Layer 16: Attention weights were None
2025-11-21 05:59:47,534 [WARNING] [common_simplified.activation_hooks] hook:230 - Layer 19: Attention weights were None
2025-11-21 05:59:47,574 [WARNING] [common_simplified.activation_hooks] hook:230 - Layer 16: Attention weights were None
2025-11-21 05:59:47,579 [WARNING] [common_simplified.activation_hooks] hook:230 - Layer 19: Attention weights were None
2025-11-21 05:59:47,620 [WARNING] [common_simplified.activation_hooks] hook:230 - Layer 16: Attention weights were None
2025-11-21 05:59:47,625 [WARNING] [common_simplified.activation_hooks] hook:230 - Layer 19: Attention weights were None
2025-11-21 05:59:47,666 [WARNING] [common_simplified.activation_hooks] hook:230 - Layer 16: Attention weights were None
2025-11-21 05:59:47,671 [WARNING] [common_simplified.activation_hooks] hook:230 - Layer 19: Attention weights were None
2025-11-21 05:59:47,713 [WARNING] [common_simplified.activation_hooks] hook:230 - Layer 16: Attention weights were None
2025-11-21 05:59:47,719 [WARNING] [common_simplified.activation_hooks] hook:230 - Layer 19: Attention weights were None
2025-11-21 05:59:47,760 [WARNING] [common_simplified.activation_hooks] hook:230 - Layer 16: Attention weights were None
2025-11-21 05:59:47,765 [WARNING] [common_simplified.activation_hooks] hook:230 - Layer 19: Attention weights were None
2025-11-21 05:59:47,807 [WARNING] [common_simplified.activation_hooks] hook:230 - Layer 16: Attention weights were None
2025-11-21 05:59:47,812 [WARNING] [common_simplified.activation_hooks] hook:230 - Layer 19: Attention weights were None
2025-11-21 05:59:47,855 [WARNING] [common_simplified.activation_hooks] hook:230 - Layer 16: Attention weights were None
2025-11-21 05:59:47,860 [WARNING] [common_simplified.activation_hooks] hook:230 - Layer 19: Attention weights were None
2025-11-21 05:59:47,901 [WARNING] [common_simplified.activation_hooks] hook:230 - Layer 16: Attention weights were None
2025-11-21 05:59:47,907 [WARNING] [common_simplified.activation_hooks] hook:230 - Layer 19: Attention weights were None
2025-11-21 05:59:47,950 [WARNING] [common_simplified.activation_hooks] hook:230 - Layer 16: Attention weights were None
2025-11-21 05:59:47,955 [WARNING] [common_simplified.activation_hooks] hook:230 - Layer 19: Attention weights were None
2025-11-21 05:59:47,996 [WARNING] [common_simplified.activation_hooks] hook:230 - Layer 16: Attention weights were None
2025-11-21 05:59:48,001 [WARNING] [common_simplified.activation_hooks] hook:230 - Layer 19: Attention weights were None
2025-11-21 05:59:48,042 [WARNING] [common_simplified.activation_hooks] hook:230 - Layer 16: Attention weights were None
2025-11-21 05:59:48,047 [WARNING] [common_simplified.activation_hooks] hook:230 - Layer 19: Attention weights were None
2025-11-21 05:59:48,089 [WARNING] [common_simplified.activation_hooks] hook:230 - Layer 16: Attention weights were None
2025-11-21 05:59:48,094 [WARNING] [common_simplified.activation_hooks] hook:230 - Layer 19: Attention weights were None
2025-11-21 05:59:48,134 [WARNING] [common_simplified.activation_hooks] hook:230 - Layer 16: Attention weights were None
2025-11-21 05:59:48,140 [WARNING] [common_simplified.activation_hooks] hook:230 - Layer 19: Attention weights were None
2025-11-21 05:59:48,181 [WARNING] [common_simplified.activation_hooks] hook:230 - Layer 16: Attention weights were None
2025-11-21 05:59:48,186 [WARNING] [common_simplified.activation_hooks] hook:230 - Layer 19: Attention weights were None
2025-11-21 05:59:48,227 [WARNING] [common_simplified.activation_hooks] hook:230 - Layer 16: Attention weights were None
2025-11-21 05:59:48,232 [WARNING] [common_simplified.activation_hooks] hook:230 - Layer 19: Attention weights were None
2025-11-21 05:59:48,273 [WARNING] [common_simplified.activation_hooks] hook:230 - Layer 16: Attention weights were None
2025-11-21 05:59:48,278 [WARNING] [common_simplified.activation_hooks] hook:230 - Layer 19: Attention weights were None
2025-11-21 05:59:48,319 [WARNING] [common_simplified.activation_hooks] hook:230 - Layer 16: Attention weights were None
2025-11-21 05:59:48,324 [WARNING] [common_simplified.activation_hooks] hook:230 - Layer 19: Attention weights were None
2025-11-21 05:59:48,369 [WARNING] [common_simplified.activation_hooks] hook:230 - Layer 16: Attention weights were None
2025-11-21 05:59:48,375 [WARNING] [common_simplified.activation_hooks] hook:230 - Layer 19: Attention weights were None
2025-11-21 05:59:48,416 [WARNING] [common_simplified.activation_hooks] hook:230 - Layer 16: Attention weights were None
2025-11-21 05:59:48,421 [WARNING] [common_simplified.activation_hooks] hook:230 - Layer 19: Attention weights were None
2025-11-21 05:59:48,462 [WARNING] [common_simplified.activation_hooks] hook:230 - Layer 16: Attention weights were None
2025-11-21 05:59:48,467 [WARNING] [common_simplified.activation_hooks] hook:230 - Layer 19: Attention weights were None
2025-11-21 05:59:48,508 [WARNING] [common_simplified.activation_hooks] hook:230 - Layer 16: Attention weights were None
2025-11-21 05:59:48,513 [WARNING] [common_simplified.activation_hooks] hook:230 - Layer 19: Attention weights were None
2025-11-21 05:59:48,554 [WARNING] [common_simplified.activation_hooks] hook:230 - Layer 16: Attention weights were None
2025-11-21 05:59:48,559 [WARNING] [common_simplified.activation_hooks] hook:230 - Layer 19: Attention weights were None
2025-11-21 05:59:48,600 [WARNING] [common_simplified.activation_hooks] hook:230 - Layer 16: Attention weights were None
2025-11-21 05:59:48,606 [WARNING] [common_simplified.activation_hooks] hook:230 - Layer 19: Attention weights were None
2025-11-21 05:59:48,647 [WARNING] [common_simplified.activation_hooks] hook:230 - Layer 16: Attention weights were None
2025-11-21 05:59:48,652 [WARNING] [common_simplified.activation_hooks] hook:230 - Layer 19: Attention weights were None
2025-11-21 05:59:48,693 [WARNING] [common_simplified.activation_hooks] hook:230 - Layer 16: Attention weights were None
2025-11-21 05:59:48,698 [WARNING] [common_simplified.activation_hooks] hook:230 - Layer 19: Attention weights were None
2025-11-21 05:59:48,740 [WARNING] [common_simplified.activation_hooks] hook:230 - Layer 16: Attention weights were None
2025-11-21 05:59:48,745 [WARNING] [common_simplified.activation_hooks] hook:230 - Layer 19: Attention weights were None
2025-11-21 05:59:48,785 [WARNING] [common_simplified.activation_hooks] hook:230 - Layer 16: Attention weights were None
2025-11-21 05:59:48,791 [WARNING] [common_simplified.activation_hooks] hook:230 - Layer 19: Attention weights were None
2025-11-21 05:59:48,833 [WARNING] [common_simplified.activation_hooks] hook:230 - Layer 16: Attention weights were None
2025-11-21 05:59:48,838 [WARNING] [common_simplified.activation_hooks] hook:230 - Layer 19: Attention weights were None
2025-11-21 05:59:48,879 [WARNING] [common_simplified.activation_hooks] hook:230 - Layer 16: Attention weights were None
2025-11-21 05:59:48,884 [WARNING] [common_simplified.activation_hooks] hook:230 - Layer 19: Attention weights were None
2025-11-21 05:59:48,926 [WARNING] [common_simplified.activation_hooks] hook:230 - Layer 16: Attention weights were None
2025-11-21 05:59:48,931 [WARNING] [common_simplified.activation_hooks] hook:230 - Layer 19: Attention weights were None
2025-11-21 05:59:48,972 [WARNING] [common_simplified.activation_hooks] hook:230 - Layer 16: Attention weights were None
2025-11-21 05:59:48,978 [WARNING] [common_simplified.activation_hooks] hook:230 - Layer 19: Attention weights were None
2025-11-21 05:59:49,019 [WARNING] [common_simplified.activation_hooks] hook:230 - Layer 16: Attention weights were None
2025-11-21 05:59:49,024 [WARNING] [common_simplified.activation_hooks] hook:230 - Layer 19: Attention weights were None
2025-11-21 05:59:49,065 [WARNING] [common_simplified.activation_hooks] hook:230 - Layer 16: Attention weights were None
2025-11-21 05:59:49,070 [WARNING] [common_simplified.activation_hooks] hook:230 - Layer 19: Attention weights were None
2025-11-21 05:59:49,113 [WARNING] [common_simplified.activation_hooks] hook:230 - Layer 16: Attention weights were None
2025-11-21 05:59:49,118 [WARNING] [common_simplified.activation_hooks] hook:230 - Layer 19: Attention weights were None
2025-11-21 05:59:49,160 [WARNING] [common_simplified.activation_hooks] hook:230 - Layer 16: Attention weights were None
2025-11-21 05:59:49,165 [WARNING] [common_simplified.activation_hooks] hook:230 - Layer 19: Attention weights were None
2025-11-21 05:59:49,206 [WARNING] [common_simplified.activation_hooks] hook:230 - Layer 16: Attention weights were None
2025-11-21 05:59:49,212 [WARNING] [common_simplified.activation_hooks] hook:230 - Layer 19: Attention weights were None
2025-11-21 05:59:49,252 [WARNING] [common_simplified.activation_hooks] hook:230 - Layer 16: Attention weights were None
2025-11-21 05:59:49,258 [WARNING] [common_simplified.activation_hooks] hook:230 - Layer 19: Attention weights were None
2025-11-21 05:59:49,299 [WARNING] [common_simplified.activation_hooks] hook:230 - Layer 16: Attention weights were None
2025-11-21 05:59:49,304 [WARNING] [common_simplified.activation_hooks] hook:230 - Layer 19: Attention weights were None
2025-11-21 05:59:49,345 [WARNING] [common_simplified.activation_hooks] hook:230 - Layer 16: Attention weights were None
2025-11-21 05:59:49,350 [WARNING] [common_simplified.activation_hooks] hook:230 - Layer 19: Attention weights were None
2025-11-21 05:59:49,391 [WARNING] [common_simplified.activation_hooks] hook:230 - Layer 16: Attention weights were None
2025-11-21 05:59:49,396 [WARNING] [common_simplified.activation_hooks] hook:230 - Layer 19: Attention weights were None
2025-11-21 05:59:49,437 [WARNING] [common_simplified.activation_hooks] hook:230 - Layer 16: Attention weights were None
2025-11-21 05:59:49,442 [WARNING] [common_simplified.activation_hooks] hook:230 - Layer 19: Attention weights were None
2025-11-21 05:59:49,483 [WARNING] [common_simplified.activation_hooks] hook:230 - Layer 16: Attention weights were None
2025-11-21 05:59:49,488 [WARNING] [common_simplified.activation_hooks] hook:230 - Layer 19: Attention weights were None
2025-11-21 05:59:49,529 [WARNING] [common_simplified.activation_hooks] hook:230 - Layer 16: Attention weights were None
2025-11-21 05:59:49,535 [WARNING] [common_simplified.activation_hooks] hook:230 - Layer 19: Attention weights were None
2025-11-21 05:59:49,576 [WARNING] [common_simplified.activation_hooks] hook:230 - Layer 16: Attention weights were None
2025-11-21 05:59:49,581 [WARNING] [common_simplified.activation_hooks] hook:230 - Layer 19: Attention weights were None
2025-11-21 05:59:49,622 [WARNING] [common_simplified.activation_hooks] hook:230 - Layer 16: Attention weights were None
2025-11-21 05:59:49,627 [WARNING] [common_simplified.activation_hooks] hook:230 - Layer 19: Attention weights were None
2025-11-21 05:59:49,669 [WARNING] [common_simplified.activation_hooks] hook:230 - Layer 16: Attention weights were None
2025-11-21 05:59:49,674 [WARNING] [common_simplified.activation_hooks] hook:230 - Layer 19: Attention weights were None
2025-11-21 05:59:49,715 [WARNING] [common_simplified.activation_hooks] hook:230 - Layer 16: Attention weights were None
2025-11-21 05:59:49,720 [WARNING] [common_simplified.activation_hooks] hook:230 - Layer 19: Attention weights were None
2025-11-21 05:59:49,761 [WARNING] [common_simplified.activation_hooks] hook:230 - Layer 16: Attention weights were None
2025-11-21 05:59:49,767 [WARNING] [common_simplified.activation_hooks] hook:230 - Layer 19: Attention weights were None
2025-11-21 05:59:49,808 [WARNING] [common_simplified.activation_hooks] hook:230 - Layer 16: Attention weights were None
2025-11-21 05:59:49,814 [WARNING] [common_simplified.activation_hooks] hook:230 - Layer 19: Attention weights were None
2025-11-21 05:59:49,855 [WARNING] [common_simplified.activation_hooks] hook:230 - Layer 16: Attention weights were None
2025-11-21 05:59:49,860 [WARNING] [common_simplified.activation_hooks] hook:230 - Layer 19: Attention weights were None
2025-11-21 05:59:49,901 [WARNING] [common_simplified.activation_hooks] hook:230 - Layer 16: Attention weights were None
2025-11-21 05:59:49,906 [WARNING] [common_simplified.activation_hooks] hook:230 - Layer 19: Attention weights were None
2025-11-21 05:59:49,947 [WARNING] [common_simplified.activation_hooks] hook:230 - Layer 16: Attention weights were None
2025-11-21 05:59:49,952 [WARNING] [common_simplified.activation_hooks] hook:230 - Layer 19: Attention weights were None
2025-11-21 05:59:49,994 [WARNING] [common_simplified.activation_hooks] hook:230 - Layer 16: Attention weights were None
2025-11-21 05:59:49,998 [WARNING] [common_simplified.activation_hooks] hook:230 - Layer 19: Attention weights were None
2025-11-21 05:59:50,039 [WARNING] [common_simplified.activation_hooks] hook:230 - Layer 16: Attention weights were None
2025-11-21 05:59:50,044 [WARNING] [common_simplified.activation_hooks] hook:230 - Layer 19: Attention weights were None
2025-11-21 05:59:50,085 [WARNING] [common_simplified.activation_hooks] hook:230 - Layer 16: Attention weights were None
2025-11-21 05:59:50,090 [WARNING] [common_simplified.activation_hooks] hook:230 - Layer 19: Attention weights were None
2025-11-21 05:59:50,131 [WARNING] [common_simplified.activation_hooks] hook:230 - Layer 16: Attention weights were None
2025-11-21 05:59:50,136 [WARNING] [common_simplified.activation_hooks] hook:230 - Layer 19: Attention weights were None
2025-11-21 05:59:50,177 [WARNING] [common_simplified.activation_hooks] hook:230 - Layer 16: Attention weights were None
2025-11-21 05:59:50,182 [WARNING] [common_simplified.activation_hooks] hook:230 - Layer 19: Attention weights were None
2025-11-21 05:59:50,222 [WARNING] [common_simplified.activation_hooks] hook:230 - Layer 16: Attention weights were None
2025-11-21 05:59:50,228 [WARNING] [common_simplified.activation_hooks] hook:230 - Layer 19: Attention weights were None
2025-11-21 05:59:50,268 [WARNING] [common_simplified.activation_hooks] hook:230 - Layer 16: Attention weights were None
2025-11-21 05:59:50,273 [WARNING] [common_simplified.activation_hooks] hook:230 - Layer 19: Attention weights were None
2025-11-21 05:59:50,315 [WARNING] [common_simplified.activation_hooks] hook:230 - Layer 16: Attention weights were None
2025-11-21 05:59:50,320 [WARNING] [common_simplified.activation_hooks] hook:230 - Layer 19: Attention weights were None
2025-11-21 05:59:50,360 [WARNING] [common_simplified.activation_hooks] hook:230 - Layer 16: Attention weights were None
2025-11-21 05:59:50,365 [WARNING] [common_simplified.activation_hooks] hook:230 - Layer 19: Attention weights were None
2025-11-21 05:59:50,406 [WARNING] [common_simplified.activation_hooks] hook:230 - Layer 16: Attention weights were None
2025-11-21 05:59:50,411 [WARNING] [common_simplified.activation_hooks] hook:230 - Layer 19: Attention weights were None
2025-11-21 05:59:50,451 [WARNING] [common_simplified.activation_hooks] hook:230 - Layer 16: Attention weights were None
2025-11-21 05:59:50,456 [WARNING] [common_simplified.activation_hooks] hook:230 - Layer 19: Attention weights were None
2025-11-21 05:59:50,496 [WARNING] [common_simplified.activation_hooks] hook:230 - Layer 16: Attention weights were None
2025-11-21 05:59:50,502 [WARNING] [common_simplified.activation_hooks] hook:230 - Layer 19: Attention weights were None
2025-11-21 05:59:50,542 [WARNING] [common_simplified.activation_hooks] hook:230 - Layer 16: Attention weights were None
2025-11-21 05:59:50,547 [WARNING] [common_simplified.activation_hooks] hook:230 - Layer 19: Attention weights were None
2025-11-21 05:59:50,588 [WARNING] [common_simplified.activation_hooks] hook:230 - Layer 16: Attention weights were None
2025-11-21 05:59:50,592 [WARNING] [common_simplified.activation_hooks] hook:230 - Layer 19: Attention weights were None
2025-11-21 05:59:50,632 [WARNING] [common_simplified.activation_hooks] hook:230 - Layer 16: Attention weights were None
2025-11-21 05:59:50,638 [WARNING] [common_simplified.activation_hooks] hook:230 - Layer 19: Attention weights were None
2025-11-21 05:59:50,678 [WARNING] [common_simplified.activation_hooks] hook:230 - Layer 16: Attention weights were None
2025-11-21 05:59:50,683 [WARNING] [common_simplified.activation_hooks] hook:230 - Layer 19: Attention weights were None
2025-11-21 05:59:50,724 [WARNING] [common_simplified.activation_hooks] hook:230 - Layer 16: Attention weights were None
2025-11-21 05:59:50,729 [WARNING] [common_simplified.activation_hooks] hook:230 - Layer 19: Attention weights were None
2025-11-21 05:59:50,771 [WARNING] [common_simplified.activation_hooks] hook:230 - Layer 16: Attention weights were None
2025-11-21 05:59:50,776 [WARNING] [common_simplified.activation_hooks] hook:230 - Layer 19: Attention weights were None
2025-11-21 05:59:50,818 [WARNING] [common_simplified.activation_hooks] hook:230 - Layer 16: Attention weights were None
2025-11-21 05:59:50,823 [WARNING] [common_simplified.activation_hooks] hook:230 - Layer 19: Attention weights were None
2025-11-21 05:59:50,865 [WARNING] [common_simplified.activation_hooks] hook:230 - Layer 16: Attention weights were None
2025-11-21 05:59:50,870 [WARNING] [common_simplified.activation_hooks] hook:230 - Layer 19: Attention weights were None
2025-11-21 05:59:50,911 [WARNING] [common_simplified.activation_hooks] hook:230 - Layer 16: Attention weights were None
2025-11-21 05:59:50,916 [WARNING] [common_simplified.activation_hooks] hook:230 - Layer 19: Attention weights were None
2025-11-21 05:59:50,958 [WARNING] [common_simplified.activation_hooks] hook:230 - Layer 16: Attention weights were None
2025-11-21 05:59:50,963 [WARNING] [common_simplified.activation_hooks] hook:230 - Layer 19: Attention weights were None
2025-11-21 05:59:51,004 [WARNING] [common_simplified.activation_hooks] hook:230 - Layer 16: Attention weights were None
2025-11-21 05:59:51,009 [WARNING] [common_simplified.activation_hooks] hook:230 - Layer 19: Attention weights were None
2025-11-21 05:59:51,050 [WARNING] [common_simplified.activation_hooks] hook:230 - Layer 16: Attention weights were None
2025-11-21 05:59:51,056 [WARNING] [common_simplified.activation_hooks] hook:230 - Layer 19: Attention weights were None
2025-11-21 05:59:51,096 [WARNING] [common_simplified.activation_hooks] hook:230 - Layer 16: Attention weights were None
2025-11-21 05:59:51,101 [WARNING] [common_simplified.activation_hooks] hook:230 - Layer 19: Attention weights were None
2025-11-21 05:59:51,144 [WARNING] [common_simplified.activation_hooks] hook:230 - Layer 16: Attention weights were None
2025-11-21 05:59:51,149 [WARNING] [common_simplified.activation_hooks] hook:230 - Layer 19: Attention weights were None
2025-11-21 05:59:51,190 [WARNING] [common_simplified.activation_hooks] hook:230 - Layer 16: Attention weights were None
2025-11-21 05:59:51,195 [WARNING] [common_simplified.activation_hooks] hook:230 - Layer 19: Attention weights were None
2025-11-21 05:59:51,236 [WARNING] [common_simplified.activation_hooks] hook:230 - Layer 16: Attention weights were None
2025-11-21 05:59:51,241 [WARNING] [common_simplified.activation_hooks] hook:230 - Layer 19: Attention weights were None
2025-11-21 05:59:51,282 [WARNING] [common_simplified.activation_hooks] hook:230 - Layer 16: Attention weights were None
2025-11-21 05:59:51,287 [WARNING] [common_simplified.activation_hooks] hook:230 - Layer 19: Attention weights were None
2025-11-21 05:59:51,329 [WARNING] [common_simplified.activation_hooks] hook:230 - Layer 16: Attention weights were None
2025-11-21 05:59:51,334 [WARNING] [common_simplified.activation_hooks] hook:230 - Layer 19: Attention weights were None
2025-11-21 05:59:51,374 [WARNING] [common_simplified.activation_hooks] hook:230 - Layer 16: Attention weights were None
2025-11-21 05:59:51,380 [WARNING] [common_simplified.activation_hooks] hook:230 - Layer 19: Attention weights were None
2025-11-21 05:59:51,421 [WARNING] [common_simplified.activation_hooks] hook:230 - Layer 16: Attention weights were None
2025-11-21 05:59:51,426 [WARNING] [common_simplified.activation_hooks] hook:230 - Layer 19: Attention weights were None
2025-11-21 05:59:51,467 [WARNING] [common_simplified.activation_hooks] hook:230 - Layer 16: Attention weights were None
2025-11-21 05:59:51,472 [WARNING] [common_simplified.activation_hooks] hook:230 - Layer 19: Attention weights were None
2025-11-21 05:59:51,512 [WARNING] [common_simplified.activation_hooks] hook:230 - Layer 16: Attention weights were None
2025-11-21 05:59:51,518 [WARNING] [common_simplified.activation_hooks] hook:230 - Layer 19: Attention weights were None
2025-11-21 05:59:51,559 [WARNING] [common_simplified.activation_hooks] hook:230 - Layer 16: Attention weights were None
2025-11-21 05:59:51,564 [WARNING] [common_simplified.activation_hooks] hook:230 - Layer 19: Attention weights were None
2025-11-21 05:59:51,605 [WARNING] [common_simplified.activation_hooks] hook:230 - Layer 16: Attention weights were None
2025-11-21 05:59:51,610 [WARNING] [common_simplified.activation_hooks] hook:230 - Layer 19: Attention weights were None
2025-11-21 05:59:51,651 [WARNING] [common_simplified.activation_hooks] hook:230 - Layer 16: Attention weights were None
2025-11-21 05:59:51,656 [WARNING] [common_simplified.activation_hooks] hook:230 - Layer 19: Attention weights were None
2025-11-21 05:59:51,697 [WARNING] [common_simplified.activation_hooks] hook:230 - Layer 16: Attention weights were None
2025-11-21 05:59:51,702 [WARNING] [common_simplified.activation_hooks] hook:230 - Layer 19: Attention weights were None
2025-11-21 05:59:51,798 [ERROR] [main] main:1913 - Phase 3.5 failed: Got unsupported ScalarType BFloat16
