\BOOKMARK [1][-]{section.1}{\376\377\000I\000n\000t\000r\000o\000d\000u\000c\000t\000i\000o\000n}{}% 1
\BOOKMARK [2][-]{subsection.1.1}{\376\377\000M\000e\000t\000h\000o\000d\000o\000l\000o\000g\000y\000\040\000O\000v\000e\000r\000v\000i\000e\000w}{section.1}% 2
\BOOKMARK [2][-]{subsection.1.2}{\376\377\000C\000o\000r\000e\000\040\000P\000a\000t\000t\000e\000r\000n\000:\000\040\000P\000C\000D\000G\000E}{section.1}% 3
\BOOKMARK [2][-]{subsection.1.3}{\376\377\000C\000o\000m\000p\000l\000e\000t\000e\000\040\000P\000h\000a\000s\000e\000\040\000O\000v\000e\000r\000v\000i\000e\000w}{section.1}% 4
\BOOKMARK [1][-]{section.2}{\376\377\000R\000u\000n\000n\000i\000n\000g\000\040\000t\000h\000e\000\040\000C\000o\000d\000e}{}% 5
\BOOKMARK [2][-]{subsection.2.1}{\376\377\000C\000o\000m\000m\000a\000n\000d\000\040\000S\000t\000r\000u\000c\000t\000u\000r\000e}{section.2}% 6
\BOOKMARK [2][-]{subsection.2.2}{\376\377\000P\000h\000a\000s\000e\000\040\000E\000x\000e\000c\000u\000t\000i\000o\000n\000\040\000E\000x\000a\000m\000p\000l\000e\000s}{section.2}% 7
\BOOKMARK [3][-]{subsubsection.2.2.1}{\376\377\000D\000a\000t\000a\000s\000e\000t\000\040\000P\000r\000e\000p\000a\000r\000a\000t\000i\000o\000n}{subsection.2.2}% 8
\BOOKMARK [3][-]{subsubsection.2.2.2}{\376\377\000D\000i\000r\000e\000c\000t\000i\000o\000n\000\040\000S\000e\000l\000e\000c\000t\000i\000o\000n}{subsection.2.2}% 9
\BOOKMARK [3][-]{subsubsection.2.2.3}{\376\377\000M\000e\000c\000h\000a\000n\000i\000s\000t\000i\000c\000\040\000A\000n\000a\000l\000y\000s\000i\000s}{subsection.2.2}% 10
\BOOKMARK [2][-]{subsection.2.3}{\376\377\000K\000e\000y\000\040\000C\000o\000m\000m\000a\000n\000d\000-\000L\000i\000n\000e\000\040\000O\000p\000t\000i\000o\000n\000s}{section.2}% 11
\BOOKMARK [2][-]{subsection.2.4}{\376\377\000C\000h\000e\000c\000k\000p\000o\000i\000n\000t\000\040\000a\000n\000d\000\040\000R\000e\000s\000u\000m\000e}{section.2}% 12
\BOOKMARK [1][-]{section.3}{\376\377\000A\000c\000t\000i\000v\000a\000t\000i\000o\000n\000\040\000C\000a\000p\000t\000u\000r\000e\000:\000\040\000D\000e\000t\000a\000i\000l\000e\000d\000\040\000I\000m\000p\000l\000e\000m\000e\000n\000t\000a\000t\000i\000o\000n}{}% 13
\BOOKMARK [2][-]{subsection.3.1}{\376\377\000C\000o\000m\000p\000l\000e\000t\000e\000\040\000A\000c\000t\000i\000v\000a\000t\000i\000o\000n\000E\000x\000t\000r\000a\000c\000t\000o\000r\000\040\000I\000m\000p\000l\000e\000m\000e\000n\000t\000a\000t\000i\000o\000n}{section.3}% 14
\BOOKMARK [2][-]{subsection.3.2}{\376\377\000K\000e\000y\000\040\000D\000e\000s\000i\000g\000n\000\040\000D\000e\000c\000i\000s\000i\000o\000n\000s}{section.3}% 15
\BOOKMARK [2][-]{subsection.3.3}{\376\377\000U\000s\000a\000g\000e\000\040\000E\000x\000a\000m\000p\000l\000e}{section.3}% 16
\BOOKMARK [1][-]{section.4}{\376\377\000S\000t\000e\000e\000r\000i\000n\000g\000\040\000H\000o\000o\000k\000s\000:\000\040\000D\000e\000t\000a\000i\000l\000e\000d\000\040\000I\000m\000p\000l\000e\000m\000e\000n\000t\000a\000t\000i\000o\000n}{}% 17
\BOOKMARK [2][-]{subsection.4.1}{\376\377\000S\000t\000e\000e\000r\000i\000n\000g\000\040\000M\000e\000c\000h\000a\000n\000i\000s\000m}{section.4}% 18
\BOOKMARK [2][-]{subsection.4.2}{\376\377\000c\000r\000e\000a\000t\000e\000\137\000s\000t\000e\000e\000r\000i\000n\000g\000\137\000h\000o\000o\000k\000\040\000I\000m\000p\000l\000e\000m\000e\000n\000t\000a\000t\000i\000o\000n}{section.4}% 19
\BOOKMARK [2][-]{subsection.4.3}{\376\377\000U\000s\000a\000g\000e\000\040\000i\000n\000\040\000P\000h\000a\000s\000e\000\040\0004\000.\0008}{section.4}% 20
\BOOKMARK [2][-]{subsection.4.4}{\376\377\000M\000e\000a\000s\000u\000r\000i\000n\000g\000\040\000S\000t\000e\000e\000r\000i\000n\000g\000\040\000E\000f\000f\000e\000c\000t\000s}{section.4}% 21
\BOOKMARK [3][-]{subsubsection.4.4.1}{\376\377\000C\000o\000r\000r\000e\000c\000t\000i\000o\000n\000\040\000R\000a\000t\000e}{subsection.4.4}% 22
\BOOKMARK [3][-]{subsubsection.4.4.2}{\376\377\000C\000o\000r\000r\000u\000p\000t\000i\000o\000n\000\040\000R\000a\000t\000e}{subsection.4.4}% 23
\BOOKMARK [1][-]{section.5}{\376\377\000M\000e\000c\000h\000a\000n\000i\000s\000t\000i\000c\000\040\000A\000n\000a\000l\000y\000s\000i\000s}{}% 24
\BOOKMARK [2][-]{subsection.5.1}{\376\377\000S\000t\000a\000t\000i\000s\000t\000i\000c\000a\000l\000\040\000V\000a\000l\000i\000d\000a\000t\000i\000o\000n}{section.5}% 25
\BOOKMARK [3][-]{subsubsection.5.1.1}{\376\377\000A\000U\000R\000O\000C\000\040\000C\000o\000m\000p\000u\000t\000a\000t\000i\000o\000n}{subsection.5.1}% 26
\BOOKMARK [3][-]{subsubsection.5.1.2}{\376\377\000F\0001\000\040\000S\000c\000o\000r\000e\000\040\000w\000i\000t\000h\000\040\000T\000h\000r\000e\000s\000h\000o\000l\000d\000\040\000O\000p\000t\000i\000m\000i\000z\000a\000t\000i\000o\000n}{subsection.5.1}% 27
\BOOKMARK [3][-]{subsubsection.5.1.3}{\376\377\000E\000x\000a\000m\000p\000l\000e\000\040\000O\000u\000t\000p\000u\000t}{subsection.5.1}% 28
\BOOKMARK [2][-]{subsection.5.2}{\376\377\000T\000e\000m\000p\000e\000r\000a\000t\000u\000r\000e\000\040\000V\000a\000r\000i\000a\000t\000i\000o\000n\000\040\000A\000n\000a\000l\000y\000s\000i\000s}{section.5}% 29
\BOOKMARK [3][-]{subsubsection.5.2.1}{\376\377\000M\000e\000t\000h\000o\000d\000o\000l\000o\000g\000y}{subsection.5.2}% 30
\BOOKMARK [3][-]{subsubsection.5.2.2}{\376\377\000A\000n\000a\000l\000y\000s\000i\000s}{subsection.5.2}% 31
\BOOKMARK [2][-]{subsection.5.3}{\376\377\000D\000i\000f\000f\000i\000c\000u\000l\000t\000y\000\040\000V\000a\000r\000i\000a\000t\000i\000o\000n\000\040\000A\000n\000a\000l\000y\000s\000i\000s}{section.5}% 32
\BOOKMARK [3][-]{subsubsection.5.3.1}{\376\377\000C\000o\000m\000p\000l\000e\000x\000i\000t\000y\000\040\000S\000t\000r\000a\000t\000i\000f\000i\000c\000a\000t\000i\000o\000n}{subsection.5.3}% 33
\BOOKMARK [3][-]{subsubsection.5.3.2}{\376\377\000E\000x\000a\000m\000p\000l\000e\000\040\000R\000e\000s\000u\000l\000t\000s}{subsection.5.3}% 34
\BOOKMARK [2][-]{subsection.5.4}{\376\377\000A\000c\000t\000i\000v\000a\000t\000i\000o\000n\000\040\000S\000t\000e\000e\000r\000i\000n\000g\000\040\000w\000i\000t\000h\000\040\000C\000o\000e\000f\000f\000i\000c\000i\000e\000n\000t\000\040\000S\000e\000a\000r\000c\000h}{section.5}% 35
\BOOKMARK [3][-]{subsubsection.5.4.1}{\376\377\000G\000r\000i\000d\000\040\000S\000e\000a\000r\000c\000h\000\040\000f\000o\000r\000\040\000O\000p\000t\000i\000m\000a\000l\000\040\000C\000o\000e\000f\000f\000i\000c\000i\000e\000n\000t}{subsection.5.4}% 36
\BOOKMARK [2][-]{subsection.5.5}{\376\377\000B\000i\000n\000o\000m\000i\000a\000l\000\040\000T\000e\000s\000t\000i\000n\000g}{section.5}% 37
\BOOKMARK [3][-]{subsubsection.5.5.1}{\376\377\000T\000h\000r\000e\000e\000-\000S\000e\000t\000u\000p\000\040\000C\000o\000m\000p\000a\000r\000i\000s\000o\000n}{subsection.5.5}% 38
\BOOKMARK [3][-]{subsubsection.5.5.2}{\376\377\000S\000t\000a\000t\000i\000s\000t\000i\000c\000a\000l\000\040\000T\000e\000s\000t}{subsection.5.5}% 39
\BOOKMARK [3][-]{subsubsection.5.5.3}{\376\377\000E\000x\000a\000m\000p\000l\000e\000\040\000O\000u\000t\000p\000u\000t}{subsection.5.5}% 40
\BOOKMARK [2][-]{subsection.5.6}{\376\377\000A\000t\000t\000e\000n\000t\000i\000o\000n\000\040\000A\000n\000a\000l\000y\000s\000i\000s}{section.5}% 41
\BOOKMARK [3][-]{subsubsection.5.6.1}{\376\377\000E\000x\000t\000r\000a\000c\000t\000i\000o\000n}{subsection.5.6}% 42
\BOOKMARK [3][-]{subsubsection.5.6.2}{\376\377\000A\000g\000g\000r\000e\000g\000a\000t\000i\000o\000n\000\040\000b\000y\000\040\000S\000e\000c\000t\000i\000o\000n}{subsection.5.6}% 43
\BOOKMARK [3][-]{subsubsection.5.6.3}{\376\377\000C\000o\000m\000p\000u\000t\000i\000n\000g\000\040\000C\000h\000a\000n\000g\000e\000s}{subsection.5.6}% 44
\BOOKMARK [3][-]{subsubsection.5.6.4}{\376\377\000E\000x\000a\000m\000p\000l\000e\000\040\000R\000e\000s\000u\000l\000t\000s}{subsection.5.6}% 45
\BOOKMARK [2][-]{subsection.5.7}{\376\377\000W\000e\000i\000g\000h\000t\000\040\000O\000r\000t\000h\000o\000g\000o\000n\000a\000l\000i\000z\000a\000t\000i\000o\000n}{section.5}% 46
\BOOKMARK [3][-]{subsubsection.5.7.1}{\376\377\000O\000r\000t\000h\000o\000g\000o\000n\000a\000l\000i\000z\000a\000t\000i\000o\000n\000\040\000F\000o\000r\000m\000u\000l\000a}{subsection.5.7}% 47
\BOOKMARK [3][-]{subsubsection.5.7.2}{\376\377\000T\000e\000s\000t\000i\000n\000g\000\040\000S\000e\000t\000u\000p}{subsection.5.7}% 48
\BOOKMARK [3][-]{subsubsection.5.7.3}{\376\377\000E\000x\000a\000m\000p\000l\000e\000\040\000R\000e\000s\000u\000l\000t\000s}{subsection.5.7}% 49
\BOOKMARK [2][-]{subsection.5.8}{\376\377\000P\000e\000r\000s\000i\000s\000t\000e\000n\000c\000e\000\040\000T\000e\000s\000t\000i\000n\000g}{section.5}% 50
\BOOKMARK [3][-]{subsubsection.5.8.1}{\376\377\000M\000e\000t\000h\000o\000d\000o\000l\000o\000g\000y}{subsection.5.8}% 51
\BOOKMARK [3][-]{subsubsection.5.8.2}{\376\377\000E\000x\000a\000m\000p\000l\000e\000\040\000R\000e\000s\000u\000l\000t\000s}{subsection.5.8}% 52
\BOOKMARK [1][-]{section.6}{\376\377\000D\000i\000r\000e\000c\000t\000i\000o\000n\000\040\000S\000e\000l\000e\000c\000t\000i\000o\000n}{}% 53
\BOOKMARK [2][-]{subsection.6.1}{\376\377\000T\000-\000S\000t\000a\000t\000i\000s\000t\000i\000c\000\040\000C\000o\000m\000p\000u\000t\000a\000t\000i\000o\000n}{section.6}% 54
\BOOKMARK [2][-]{subsection.6.2}{\376\377\000S\000e\000p\000a\000r\000a\000t\000i\000o\000n\000\040\000S\000c\000o\000r\000e\000\040\000C\000o\000m\000p\000u\000t\000a\000t\000i\000o\000n}{section.6}% 55
\BOOKMARK [2][-]{subsection.6.3}{\376\377\000A\000r\000g\000M\000a\000x\000\040\000S\000e\000l\000e\000c\000t\000i\000o\000n}{section.6}% 56
\BOOKMARK [2][-]{subsection.6.4}{\376\377\000P\000i\000l\000e\000\040\000F\000i\000l\000t\000e\000r\000i\000n\000g}{section.6}% 57
\BOOKMARK [2][-]{subsection.6.5}{\376\377\000E\000x\000a\000m\000p\000l\000e\000\040\000O\000u\000t\000p\000u\000t}{section.6}% 58
\BOOKMARK [1][-]{section.7}{\376\377\000S\000A\000E\000\040\000D\000e\000c\000o\000m\000p\000o\000s\000i\000t\000i\000o\000n\000\040\000D\000e\000t\000a\000i\000l\000s}{}% 59
\BOOKMARK [2][-]{subsection.7.1}{\376\377\000J\000u\000m\000p\000R\000e\000L\000U\000\040\000S\000A\000E\000\040\000I\000m\000p\000l\000e\000m\000e\000n\000t\000a\000t\000i\000o\000n}{section.7}% 60
\BOOKMARK [2][-]{subsection.7.2}{\376\377\000C\000o\000m\000p\000u\000t\000i\000n\000g\000\040\000S\000e\000p\000a\000r\000a\000t\000i\000o\000n\000\040\000S\000c\000o\000r\000e\000s}{section.7}% 61
\BOOKMARK [1][-]{section.8}{\376\377\000C\000o\000n\000c\000l\000u\000s\000i\000o\000n}{}% 62
\BOOKMARK [2][-]{subsection.8.1}{\376\377\000K\000e\000y\000\040\000C\000o\000m\000p\000o\000n\000e\000n\000t\000s}{section.8}% 63
